15:14:08.800 INFO  Loading E:\SteamLibrary\steamapps\common\Half-Life 2\hl2\maps\d1_trainstation_02.bsp
15:14:08.868 INFO  Using 'DStaticPropV5' for sprp version 5
15:14:08.874 WARN  Tried reading lump 'LUMP_DISP_MULTIBLEND', but it is not supported by the bsp's version
15:14:08.879 WARN  Tried reading lump 'LUMP_OVERLAY_FADES', but it is not supported by the bsp's version
15:14:08.880 WARN  Tried reading lump 'LUMP_OVERLAY_SYSTEM_LEVELS', but it is not supported by the bsp's version
15:14:08.880 WARN  Tried reading lump 'LUMP_MAP_FLAGS', but it is not supported by the bsp's version
15:14:08.880 INFO  BSP version: 19
15:14:08.882 INFO  Game: Half-Life 2
15:14:08.910 INFO  Equal amount of areaporal entities and areaportal brushes. Using 'Ordered' method
15:14:08.914 INFO  No occluders to reallocate...
15:14:09.078 INFO  4503 (23.4%) exact brushside->origface matches
15:14:09.079 INFO  4/3 (nondisp/disp) original faces left after exact brushside->origface matching
15:14:09.169 INFO  279 (1.5%) partial brushside->origface matches
15:14:09.170 INFO  Writing brushes and planes
15:14:09.511 INFO  Writing displacements
15:14:09.515 INFO  Writing entities
15:14:09.606 INFO  Writing func_details
15:14:09.794 INFO  Writing info_overlays
15:14:09.797 INFO  Writing prop_statics
15:14:09.808 INFO  Writing env_cubemaps
15:14:09.811 INFO  Writing func_ladders
15:14:09.812 INFO  Finished decompiling E:\SteamLibrary\steamapps\common\Half-Life 2\hl2\maps\d1_trainstation_02.bsp.
