PRT1
274
913
4 0 3 (5120 2048 -711 ) (5120 2048 2715 ) (5120 2859.590332 2715 ) (5120 2859.590332 -711 ) 
4 0 1 (5790.919922 2048 2715 ) (5120 2048 2715 ) (5120 2048 -711 ) (5790.919922 2048 -711 ) 
4 1 6 (5120 1024 -711 ) (5120 1024 2715 ) (5120 2048 2715 ) (5120 2048 -711 ) 
4 1 2 (5120 1024 2715 ) (5120 1024 -711 ) (5790.919922 1024 -711 ) (5790.919922 1024 2715 ) 
4 2 12 (5790.919922 0 2715 ) (5120 0 2715 ) (5120 0 -711 ) (5790.919922 0 -711 ) 
4 2 7 (5120 0 -711 ) (5120 0 2715 ) (5120 1024 2715 ) (5120 1024 -711 ) 
4 3 6 (5120 2048 -711 ) (5120 2048 2715 ) (4096 2048 2715 ) (4096 2048 -711 ) 
4 3 4 (4096 2048 -711 ) (4096 2048 2715 ) (4096 2859.590332 2715 ) (4096 2859.590332 -711 ) 
4 4 8 (4096 2048 -711 ) (4096 2048 2715 ) (3072 2048 2715 ) (3072 2048 -711 ) 
4 4 5 (3072 2048 -711 ) (3072 2048 2715 ) (3072 2859.590332 2715 ) (3072 2859.590332 -711 ) 
4 5 45 (2048 2048 -711 ) (2048 2048 2715 ) (2048 2859.590332 2715 ) (2048 2859.590332 -711 ) 
4 5 9 (3072 2048 -711 ) (3072 2048 2715 ) (2048 2048 2715 ) (2048 2048 -711 ) 
4 6 8 (4096 2048 2715 ) (4096 2048 -711 ) (4096 1024 -711 ) (4096 1024 2715 ) 
4 6 7 (5120 1024 -711 ) (5120 1024 2715 ) (4096 1024 2715 ) (4096 1024 -711 ) 
4 7 21 (5120 0 -711 ) (5120 0 63 ) (4096 0 63 ) (4096 0 -711 ) 
4 7 16 (4170 0 144 ) (4096 0 144 ) (4096 0 143 ) (4170 0 143 ) 
4 7 15 (5120 0 63 ) (5120 0 144 ) (4170 0 144 ) (4170 0 63 ) 
4 7 14 (5120 0 144 ) (5120 0 2715 ) (4096 0 2715 ) (4096 0 144 ) 
4 7 10 (4096 0 -711 ) (4096 0 2715 ) (4096 1024 2715 ) (4096 1024 -711 ) 
4 8 10 (4096 1024 -711 ) (4096 1024 2715 ) (3072 1024 2715 ) (3072 1024 -711 ) 
4 8 9 (3072 2048 2715 ) (3072 2048 -711 ) (3072 1024 -711 ) (3072 1024 2715 ) 
4 9 48 (2048 1024 -711 ) (2048 1024 2715 ) (2048 2048 2715 ) (2048 2048 -711 ) 
4 9 11 (3072 1024 -711 ) (3072 1024 2715 ) (2048 1024 2715 ) (2048 1024 -711 ) 
4 10 28 (4096 0 -711 ) (4096 0 63 ) (3072 0 63 ) (3072 0 -711 ) 
4 10 24 (4096 0 143 ) (4096 0 144 ) (3072 0 144 ) (3072 0 143 ) 
4 10 23 (4096 0 144 ) (4096 0 2715 ) (3072 0 2715 ) (3072 0 144 ) 
4 10 11 (3072 1024 2715 ) (3072 1024 -711 ) (3072 0 -711 ) (3072 0 2715 ) 
4 11 49 (2048 0 -711 ) (2048 0 2715 ) (2048 1024 2715 ) (2048 1024 -711 ) 
4 11 34 (3072 0 -711 ) (3072 0 63 ) (2048 0 63 ) (2048 0 -711 ) 
4 11 30 (3072 0 143 ) (3072 0 144 ) (2048 0 144 ) (2048 0 143 ) 
4 11 29 (3072 0 144 ) (3072 0 2715 ) (2048 0 2715 ) (2048 0 144 ) 
4 12 21 (5120 -1024 -711 ) (5120 -1024 63 ) (5120 0 63 ) (5120 0 -711 ) 
4 12 18 (5120 -1024 63 ) (5120 -1024 144 ) (5120 -576 144 ) (5120 -576 63 ) 
4 12 15 (5120 -576 144 ) (5120 0 144 ) (5120 0 63 ) (5120 -576 63 ) 
4 12 14 (5120 -1024 144 ) (5120 -1024 2715 ) (5120 0 2715 ) (5120 0 144 ) 
4 12 13 (5790.919922 -1024 2715 ) (5120 -1024 2715 ) (5120 -1024 -711 ) (5790.919922 -1024 -711 ) 
4 13 37 (5790.919922 -2048 2715 ) (5120 -2048 2715 ) (5120 -2048 -711 ) (5790.919922 -2048 -711 ) 
4 13 22 (5120 -2048 -711 ) (5120 -2048 2715 ) (5120 -1024 2715 ) (5120 -1024 -711 ) 
4 14 23 (4096 0 2715 ) (4096 0 144 ) (4096 -1024 144 ) (4096 -1024 2715 ) 
4 14 22 (5120 -1024 144 ) (5120 -1024 2715 ) (4096 -1024 2715 ) (4096 -1024 144 ) 
4 14 20 (4096 -1024 144 ) (4096 -584 144 ) (4165 -584 144 ) (4165 -1024 144 ) 
4 14 18 (4165 -576 144 ) (5120 -576 144 ) (5120 -1024 144 ) (4165 -1024 144 ) 
4 14 16 (4096 -8 144 ) (4096 0 144 ) (4170 0 144 ) (4170 -8 144 ) 
4 14 17 (4096 -576 144 ) (4096 -8 144 ) (4170 -8 144 ) (4170 -576 144 ) 
4 14 15 (4170 0 144 ) (5120 0 144 ) (5120 -576 144 ) (4170 -576 144 ) 
4 15 21 (4170 0 63 ) (5120 0 63 ) (5120 -576 63 ) (4170 -576 63 ) 
4 15 18 (4170 -576 63 ) (5120 -576 63 ) (5120 -576 144 ) (4170 -576 144 ) 
4 15 16 (4170 -8 143 ) (4170 -8 144 ) (4170 0 144 ) (4170 0 143 ) 
4 15 17 (4170 -8 63 ) (4170 -576 63 ) (4170 -576 144 ) (4170 -8 144 ) 
4 16 24 (4096 0 144 ) (4096 0 143 ) (4096 -8 143 ) (4096 -8 144 ) 
4 16 17 (4170 -8 143 ) (4170 -8 144 ) (4096 -8 144 ) (4096 -8 143 ) 
4 17 25 (4096 -8 63 ) (4096 -576 63 ) (4096 -576 144 ) (4096 -8 144 ) 
4 17 21 (4096 -576 63 ) (4096 -8 63 ) (4170 -8 63 ) (4170 -576 63 ) 
4 17 19 (4096 -576 63 ) (4165 -576 63 ) (4165 -576 64 ) (4096 -576 64 ) 
4 17 18 (4165 -576 63 ) (4170 -576 63 ) (4170 -576 144 ) (4165 -576 144 ) 
4 18 22 (5120 -1024 63 ) (5120 -1024 144 ) (4165 -1024 144 ) (4165 -1024 63 ) 
4 18 21 (5120 -1024 63 ) (4165 -1024 63 ) (4165 -576 63 ) (5120 -576 63 ) 
4 18 19 (4165 -576 64 ) (4165 -576 63 ) (4165 -584 63 ) (4165 -584 64 ) 
4 18 20 (4165 -584 63 ) (4165 -1024 63 ) (4165 -1024 144 ) (4165 -584 144 ) 
4 19 26 (4096 -576 63 ) (4096 -584 63 ) (4096 -584 64 ) (4096 -576 64 ) 
4 19 21 (4096 -584 63 ) (4096 -576 63 ) (4165 -576 63 ) (4165 -584 63 ) 
4 19 20 (4096 -584 63 ) (4165 -584 63 ) (4165 -584 64 ) (4096 -584 64 ) 
4 20 27 (4096 -584 63 ) (4096 -1024 63 ) (4096 -1024 144 ) (4096 -584 144 ) 
4 20 22 (4165 -1024 144 ) (4096 -1024 144 ) (4096 -1024 63 ) (4165 -1024 63 ) 
4 20 21 (4165 -1024 63 ) (4096 -1024 63 ) (4096 -584 63 ) (4165 -584 63 ) 
4 21 28 (4096 0 63 ) (4096 0 -711 ) (4096 -1024 -711 ) (4096 -1024 63 ) 
4 21 22 (5120 -1024 -711 ) (5120 -1024 63 ) (4096 -1024 63 ) (4096 -1024 -711 ) 
4 22 39 (5120 -2048 -711 ) (5120 -2048 2715 ) (4096 -2048 2715 ) (4096 -2048 -711 ) 
4 22 35 (4096 -2048 -711 ) (4096 -2048 2715 ) (4096 -1024 2715 ) (4096 -1024 -711 ) 
4 23 35 (4096 -1024 144 ) (4096 -1024 2715 ) (3072 -1024 2715 ) (3072 -1024 144 ) 
4 23 29 (3072 0 2715 ) (3072 0 144 ) (3072 -1024 144 ) (3072 -1024 2715 ) 
4 23 27 (4096 -1024 144 ) (3072 -1024 144 ) (3072 -584 144 ) (4096 -584 144 ) 
4 23 24 (3072 -8 144 ) (3072 0 144 ) (4096 0 144 ) (4096 -8 144 ) 
4 23 25 (3072 -576 144 ) (3072 -8 144 ) (4096 -8 144 ) (4096 -576 144 ) 
4 24 30 (3072 0 144 ) (3072 0 143 ) (3072 -8 143 ) (3072 -8 144 ) 
4 24 25 (4096 -8 143 ) (4096 -8 144 ) (3072 -8 144 ) (3072 -8 143 ) 
4 25 31 (3072 -8 63 ) (3072 -576 63 ) (3072 -576 144 ) (3072 -8 144 ) 
4 25 28 (3072 -576 63 ) (3072 -8 63 ) (4096 -8 63 ) (4096 -576 63 ) 
4 25 26 (3072 -576 63 ) (4096 -576 63 ) (4096 -576 64 ) (3072 -576 64 ) 
4 26 32 (3072 -576 63 ) (3072 -584 63 ) (3072 -584 64 ) (3072 -576 64 ) 
4 26 28 (3072 -584 63 ) (3072 -576 63 ) (4096 -576 63 ) (4096 -584 63 ) 
4 26 27 (3072 -584 63 ) (4096 -584 63 ) (4096 -584 64 ) (3072 -584 64 ) 
4 27 35 (4096 -1024 63 ) (4096 -1024 144 ) (3072 -1024 144 ) (3072 -1024 63 ) 
4 27 33 (3072 -584 63 ) (3072 -1024 63 ) (3072 -1024 144 ) (3072 -584 144 ) 
4 27 28 (3072 -1024 63 ) (3072 -584 63 ) (4096 -584 63 ) (4096 -1024 63 ) 
4 28 35 (4096 -1024 -711 ) (4096 -1024 63 ) (3072 -1024 63 ) (3072 -1024 -711 ) 
4 28 34 (3072 0 63 ) (3072 0 -711 ) (3072 -1024 -711 ) (3072 -1024 63 ) 
4 29 79 (2048 -1024 144 ) (2048 -1024 320 ) (2048 -601.326050 320 ) (2048 -601.326050 144 ) 
4 29 76 (2048 -584 320 ) (2048 -576 320 ) (2048 -576 144 ) (2048 -584 144 ) 
4 29 75 (2048 -576 320 ) (2048 -8 320 ) (2048 -8 144 ) (2048 -576 144 ) 
4 29 78 (2048 -601.326050 320 ) (2048 -584 320 ) (2048 -584 144 ) (2048 -601.326050 144 ) 
4 29 73 (2048 -8 320 ) (2048 0 320 ) (2048 0 144 ) (2048 -8 144 ) 
4 29 72 (2048 -1024 320 ) (2048 -1024 2715 ) (2048 0 2715 ) (2048 0 320 ) 
4 29 36 (3072 -1024 144 ) (3072 -1024 2715 ) (2048 -1024 2715 ) (2048 -1024 144 ) 
4 29 33 (3072 -584 144 ) (3072 -1024 144 ) (2048 -1024 144 ) (2048 -584 144 ) 
4 29 30 (3072 0 144 ) (3072 -8 144 ) (2048 -8 144 ) (2048 0 144 ) 
4 29 31 (3072 -8 144 ) (3072 -576 144 ) (2048 -576 144 ) (2048 -8 144 ) 
4 30 73 (2048 -8 144 ) (2048 0 144 ) (2048 0 143 ) (2048 -8 143 ) 
4 30 31 (3072 -8 143 ) (3072 -8 144 ) (2048 -8 144 ) (2048 -8 143 ) 
4 31 75 (2048 -576 144 ) (2048 -8 144 ) (2048 -8 63 ) (2048 -576 63 ) 
4 31 34 (2048 -576 63 ) (2048 -8 63 ) (3072 -8 63 ) (3072 -576 63 ) 
4 31 32 (2048 -576 63 ) (3072 -576 63 ) (3072 -576 64 ) (2048 -576 64 ) 
4 32 77 (2048 -576 64 ) (2048 -576 63 ) (2048 -584 63 ) (2048 -584 64 ) 
4 32 34 (2048 -584 63 ) (2048 -576 63 ) (3072 -576 63 ) (3072 -584 63 ) 
4 32 33 (2048 -584 63 ) (3072 -584 63 ) (3072 -584 64 ) (2048 -584 64 ) 
4 33 79 (2048 -1024 63 ) (2048 -1024 144 ) (2048 -601.326050 144 ) (2048 -601.326050 63 ) 
4 33 78 (2048 -601.326050 144 ) (2048 -584 144 ) (2048 -584 63 ) (2048 -601.326050 63 ) 
4 33 36 (3072 -1024 63 ) (3072 -1024 144 ) (2048 -1024 144 ) (2048 -1024 63 ) 
4 33 34 (3072 -1024 63 ) (2048 -1024 63 ) (2048 -584 63 ) (3072 -584 63 ) 
4 34 79 (2048 -1024 -711 ) (2048 -1024 63 ) (2048 -601.326050 63 ) (2048 -601.326050 -711 ) 
4 34 77 (2048 -584 63 ) (2048 -576 63 ) (2048 -576 -711 ) (2048 -584 -711 ) 
4 34 75 (2048 -576 63 ) (2048 -8 63 ) (2048 -8 -711 ) (2048 -576 -711 ) 
4 34 78 (2048 -601.326050 63 ) (2048 -584 63 ) (2048 -584 -711 ) (2048 -601.326050 -711 ) 
4 34 74 (2048 -8 63 ) (2048 0 63 ) (2048 0 -711 ) (2048 -8 -711 ) 
4 34 36 (3072 -1024 -711 ) (3072 -1024 63 ) (2048 -1024 63 ) (2048 -1024 -711 ) 
4 35 40 (4096 -2048 -711 ) (4096 -2048 2715 ) (3072 -2048 2715 ) (3072 -2048 -711 ) 
4 35 36 (3072 -1024 2715 ) (3072 -1024 -711 ) (3072 -2048 -711 ) (3072 -2048 2715 ) 
4 36 82 (2048 -2048 -711 ) (2048 -2048 2715 ) (2048 -1024 2715 ) (2048 -1024 -711 ) 
4 36 41 (2048 -2048 2715 ) (2048 -2048 -711 ) (3072 -2048 -711 ) (3072 -2048 2715 ) 
4 37 39 (5120 -2048 2715 ) (5120 -2048 -711 ) (5120 -3072 -711 ) (5120 -3072 2715 ) 
4 37 38 (5790.919922 -3072 2715 ) (5120 -3072 2715 ) (5120 -3072 -711 ) (5790.919922 -3072 -711 ) 
4 38 42 (5120 -3133.590332 2715 ) (5120 -3072 2715 ) (5120 -3072 -711 ) (5120 -3133.590332 -711 ) 
4 39 42 (5120 -3072 -711 ) (5120 -3072 2715 ) (4096 -3072 2715 ) (4096 -3072 -711 ) 
4 39 40 (4096 -2048 2715 ) (4096 -2048 -711 ) (4096 -3072 -711 ) (4096 -3072 2715 ) 
4 40 43 (4096 -3072 -711 ) (4096 -3072 2715 ) (3072 -3072 2715 ) (3072 -3072 -711 ) 
4 40 41 (3072 -3072 -711 ) (3072 -3072 2715 ) (3072 -2048 2715 ) (3072 -2048 -711 ) 
4 41 198 (2048 -3072 -711 ) (2048 -3072 2715 ) (2048 -2048 2715 ) (2048 -2048 -711 ) 
4 41 44 (2048 -3072 2715 ) (2048 -3072 -711 ) (3072 -3072 -711 ) (3072 -3072 2715 ) 
4 42 43 (4096 -3072 2715 ) (4096 -3072 -711 ) (4096 -3133.590332 -711 ) (4096 -3133.590332 2715 ) 
4 43 44 (3072 -3072 2715 ) (3072 -3072 -711 ) (3072 -3133.590332 -711 ) (3072 -3133.590332 2715 ) 
4 44 208 (2048 -3133.590332 2715 ) (2048 -3072 2715 ) (2048 -3072 -711 ) (2048 -3133.590332 -711 ) 
4 45 48 (2048 2048 -711 ) (2048 2048 2715 ) (1024 2048 2715 ) (1024 2048 -711 ) 
4 45 46 (1024 2048 -711 ) (1024 2048 2715 ) (1024 2859.590332 2715 ) (1024 2859.590332 -711 ) 
4 46 50 (1024 2048 -711 ) (1024 2048 2715 ) (0 2048 2715 ) (0 2048 -711 ) 
4 46 47 (0 2048 -711 ) (0 2048 2715 ) (0 2859.590332 2715 ) (0 2859.590332 -711 ) 
4 47 66 (-1024 2048 -711 ) (-1024 2048 2715 ) (-1024 2859.590332 2715 ) (-1024 2859.590332 -711 ) 
4 47 51 (0 2048 -711 ) (0 2048 2715 ) (-1024 2048 2715 ) (-1024 2048 -711 ) 
4 48 50 (1024 2048 2715 ) (1024 2048 -711 ) (1024 1024 -711 ) (1024 1024 2715 ) 
4 48 49 (2048 1024 -711 ) (2048 1024 2715 ) (1024 1024 2715 ) (1024 1024 -711 ) 
4 49 73 (2048 0 143 ) (2048 0 320 ) (1024 0 320 ) (1024 0 143 ) 
4 49 74 (2048 0 -711 ) (2048 0 63 ) (1024 0 63 ) (1024 0 -711 ) 
4 49 72 (2048 0 320 ) (2048 0 2715 ) (1024 0 2715 ) (1024 0 320 ) 
4 49 52 (1024 0 -711 ) (1024 0 2715 ) (1024 1024 2715 ) (1024 1024 -711 ) 
4 50 59 (264 1024 2715 ) (0 1024 2715 ) (0 1024 -711 ) (264 1024 -711 ) 
4 50 57 (264 1024 72.416496 ) (264 1024 -711 ) (648 1024 -711 ) (648 1024 72.416496 ) 
4 50 53 (648 1024 2715 ) (264 1024 2715 ) (264 1024 72.416496 ) (648 1024 72.416496 ) 
4 50 52 (1024 1024 -711 ) (1024 1024 2715 ) (648 1024 2715 ) (648 1024 -711 ) 
4 50 51 (0 2048 2715 ) (0 2048 -711 ) (0 1024 -711 ) (0 1024 2715 ) 
4 51 68 (-1024 1024 -711 ) (-1024 1024 2715 ) (-1024 2048 2715 ) (-1024 2048 -711 ) 
4 51 65 (-684 1024 317.976990 ) (-1024 1024 317.976990 ) (-1024 1024 -711 ) (-684 1024 -711 ) 
4 51 64 (-684 1024 61.976501 ) (-684 1024 -711 ) (-300 1024 -711 ) (-300 1024 61.976501 ) 
4 51 62 (-300 1024 317.976990 ) (-684 1024 317.976990 ) (-684 1024 61.976501 ) (-300 1024 61.976501 ) 
4 51 61 (0 1024 -711 ) (0 1024 317.976990 ) (-300 1024 317.976990 ) (-300 1024 -711 ) 
4 51 60 (0 1024 317.976990 ) (0 1024 2715 ) (-1024 1024 2715 ) (-1024 1024 317.976990 ) 
4 52 121 (1024 0 -711 ) (1024 0 63 ) (648 0 63 ) (648 0 -711 ) 
4 52 84 (1024 0 143 ) (1024 0 320 ) (648 0 320 ) (648 0 143 ) 
4 52 83 (1024 0 320 ) (1024 0 2715 ) (648 0 2715 ) (648 0 320 ) 
4 52 58 (648 0 -711 ) (648 0 2715 ) (648 16 2715 ) (648 16 -711 ) 
4 52 57 (648 1024 72.416496 ) (648 1024 -711 ) (648 16 -711 ) (648 16 72.416496 ) 
4 52 56 (648 528 456.416992 ) (648 528 328.421326 ) (648 16 328.417053 ) (648 16 456.416992 ) 
4 52 54 (648 16 2715 ) (648 528 2715 ) (648 528 456.416992 ) (648 16 456.416992 ) 
4 52 53 (648 528 2715 ) (648 1024 2715 ) (648 1024 72.416496 ) (648 528 72.416496 ) 
4 53 59 (264 1024 2715 ) (264 1024 72.416496 ) (264 528 72.416496 ) (264 528 2715 ) 
4 53 57 (264 528 72.416496 ) (264 1024 72.416496 ) (648 1024 72.416496 ) (648 528 72.416496 ) 
3 53 56 (648 528 328.421326 ) (648 528 456.416992 ) (528.004028 528 456.416992 ) 
3 53 55 (264 528 456.416992 ) (264 528 328.413025 ) (392.003967 528 456.416992 ) 
4 53 54 (264 528 2715 ) (264 528 456.416992 ) (648 528 456.416992 ) (648 528 2715 ) 
4 54 59 (264 16 456.416992 ) (264 16 2715 ) (264 528 2715 ) (264 528 456.416992 ) 
4 54 58 (264 16 2715 ) (264 16 456.416992 ) (648 16 456.416992 ) (648 16 2715 ) 
4 54 56 (648 16 456.416992 ) (528 16 456.416992 ) (528.004028 528 456.416992 ) (648 528 456.416992 ) 
4 54 55 (392.003967 16 456.416992 ) (264 16 456.416992 ) (264 528 456.416992 ) (392.003967 528 456.416992 ) 
4 55 59 (264 16 328.412994 ) (264 16 456.416992 ) (264 528 456.416992 ) (264 528 328.413025 ) 
3 55 58 (264 16 456.416992 ) (264 16 328.413025 ) (392.003967 16 456.416992 ) 
3 56 58 (648 16 328.417053 ) (648 16 456.416992 ) (528 16 456.416992 ) 
4 57 59 (264 1024 72.416496 ) (264 1024 -711 ) (264 16 -711 ) (264 16 72.416496 ) 
4 57 58 (264 16 72.416496 ) (264 16 -711 ) (648 16 -711 ) (648 16 72.416496 ) 
4 58 121 (648 0 -711 ) (648 0 63 ) (264 0 63 ) (264 0 -711 ) 
4 58 84 (648 0 143 ) (648 0 320 ) (264 0 320 ) (264 0 143 ) 
4 58 83 (648 0 320 ) (648 0 2715 ) (264 0 2715 ) (264 0 320 ) 
4 58 59 (264 0 -711 ) (264 0 2715 ) (264 16 2715 ) (264 16 -711 ) 
4 59 121 (264 0 -711 ) (264 0 63 ) (0 0 63 ) (0 0 -711 ) 
4 59 84 (264 0 143 ) (264 0 320 ) (0 0 320 ) (0 0 143 ) 
4 59 83 (264 0 320 ) (264 0 2715 ) (0 0 2715 ) (0 0 320 ) 
4 59 61 (0 1024 317.976990 ) (0 1024 -711 ) (0 0 -711 ) (0 0 317.976990 ) 
4 59 60 (0 1024 2715 ) (0 1024 317.976990 ) (0 0 317.976990 ) (0 0 2715 ) 
4 60 133 (-384 0 320 ) (-1024 0 320 ) (-1024 0 317.976990 ) (-384 0 317.976990 ) 
4 60 126 (0 0 317.976990 ) (0 0 320 ) (-384 0 320 ) (-384 0 317.976990 ) 
4 60 122 (0 0 320 ) (0 0 2715 ) (-1024 0 2715 ) (-1024 0 320 ) 
4 60 69 (-1024 0 317.976990 ) (-1024 0 2715 ) (-1024 1024 2715 ) (-1024 1024 317.976990 ) 
4 60 65 (-684 0 317.976990 ) (-1024 0 317.976990 ) (-1024 1024 317.976990 ) (-684 1024 317.976990 ) 
4 60 63 (-300 0 317.976990 ) (-684 0 317.976990 ) (-684 70 317.976990 ) (-300 70 317.976990 ) 
4 60 62 (-684 454 317.976990 ) (-684 1024 317.976990 ) (-300 1024 317.976990 ) (-300 454 317.976990 ) 
4 60 61 (0 1024 317.976990 ) (0 0 317.976990 ) (-300 0 317.976990 ) (-300 1024 317.976990 ) 
4 61 128 (0 0 -711 ) (0 0 63 ) (-300 0 63 ) (-300 0 -711 ) 
4 61 126 (0 0 143 ) (0 0 317.976990 ) (-300 0 317.976990 ) (-300 0 143 ) 
4 61 64 (-300 0 -711 ) (-300 0 61.976501 ) (-300 1024 61.976501 ) (-300 1024 -711 ) 
4 61 63 (-300 0 61.976501 ) (-300 0 317.976990 ) (-300 70 317.976990 ) (-300 70 61.976501 ) 
4 61 62 (-300 454 317.976990 ) (-300 1024 317.976990 ) (-300 1024 61.976501 ) (-300 454 61.976501 ) 
4 62 65 (-684 454 317.976990 ) (-684 1024 317.976990 ) (-684 1024 61.976501 ) (-684 454 61.976501 ) 
4 62 64 (-684 454 61.976501 ) (-684 1024 61.976501 ) (-300 1024 61.976501 ) (-300 454 61.976501 ) 
4 63 138 (-684 0 63 ) (-684 0 61.976501 ) (-384 0 61.976501 ) (-384 0 63 ) 
4 63 133 (-384 0 317.976990 ) (-684 0 317.976990 ) (-684 0 143 ) (-384 0 143 ) 
4 63 128 (-300 0 61.976501 ) (-300 0 63 ) (-384 0 63 ) (-384 0 61.976501 ) 
4 63 126 (-300 0 143 ) (-300 0 317.976990 ) (-384 0 317.976990 ) (-384 0 143 ) 
4 63 65 (-684 0 317.976990 ) (-684 70 317.976990 ) (-684 70 61.976501 ) (-684 0 61.976501 ) 
4 63 64 (-684 0 61.976501 ) (-684 70 61.976501 ) (-300 70 61.976501 ) (-300 0 61.976501 ) 
4 64 138 (-384 0 61.976501 ) (-684 0 61.976501 ) (-684 0 -711 ) (-384 0 -711 ) 
4 64 128 (-300 0 -711 ) (-300 0 61.976501 ) (-384 0 61.976501 ) (-384 0 -711 ) 
4 64 65 (-684 1024 61.976501 ) (-684 1024 -711 ) (-684 0 -711 ) (-684 0 61.976501 ) 
4 65 138 (-684 0 -711 ) (-684 0 63 ) (-1024 0 63 ) (-1024 0 -711 ) 
4 65 133 (-684 0 143 ) (-684 0 317.976990 ) (-1024 0 317.976990 ) (-1024 0 143 ) 
4 65 69 (-1024 0 -711 ) (-1024 0 317.976990 ) (-1024 1024 317.976990 ) (-1024 1024 -711 ) 
4 66 68 (-1024 2048 -711 ) (-1024 2048 2715 ) (-2048 2048 2715 ) (-2048 2048 -711 ) 
4 66 67 (-2048 2048 -711 ) (-2048 2048 2715 ) (-2048 2859.590332 2715 ) (-2048 2859.590332 -711 ) 
4 67 70 (-2048 2048 -711 ) (-2048 2048 2715 ) (-2099.909912 2048 2715 ) (-2099.909912 2048 -711 ) 
4 68 70 (-2048 2048 2715 ) (-2048 2048 -711 ) (-2048 1024 -711 ) (-2048 1024 2715 ) 
4 68 69 (-1024 1024 -711 ) (-1024 1024 2715 ) (-2048 1024 2715 ) (-2048 1024 -711 ) 
4 69 266 (-2048 0 64 ) (-2048 0 -711 ) (-1664 0 -711 ) (-1664 0 64 ) 
4 69 261 (-2048 0 72 ) (-2048 0 64 ) (-1664 0 64 ) (-1664 0 72 ) 
4 69 253 (-1950 0 72 ) (-1942 0 72 ) (-1942 0 192 ) (-1950 0 192 ) 
4 69 256 (-1999 0 72 ) (-1950 0 72 ) (-1950 0 192 ) (-1999 0 192 ) 
4 69 251 (-1942 0 192 ) (-1942 0 200 ) (-1998 0 200 ) (-1998 0 192 ) 
4 69 252 (-1998 0 200 ) (-1999 0 200 ) (-1999 0 192 ) (-1998 0 192 ) 
4 69 260 (-2048 0 200 ) (-2048 0 72 ) (-1999 0 72 ) (-1999 0 200 ) 
4 69 250 (-1942 0 2715 ) (-2048 0 2715 ) (-2048 0 200 ) (-1942 0 200 ) 
4 69 242 (-1942 0 192 ) (-1942 0 72 ) (-1934 0 72 ) (-1934 0 192 ) 
4 69 240 (-1934 0 2715 ) (-1942 0 2715 ) (-1942 0 192 ) (-1934 0 192 ) 
4 69 234 (-1934 0 200 ) (-1934 0 72 ) (-1672 0 72 ) (-1672 0 200 ) 
4 69 233 (-1672 0 2715 ) (-1934 0 2715 ) (-1934 0 200 ) (-1672 0 200 ) 
4 69 231 (-1672 0 192 ) (-1672 0 72 ) (-1664 0 72 ) (-1664 0 192 ) 
4 69 230 (-1672 0 200 ) (-1672 0 192 ) (-1664 0 192 ) (-1664 0 200 ) 
4 69 229 (-1664 0 2715 ) (-1672 0 2715 ) (-1672 0 200 ) (-1664 0 200 ) 
4 69 226 (-1024 0 -711 ) (-1024 0 63 ) (-1200 0 63 ) (-1200 0 -711 ) 
4 69 228 (-1200 0 64 ) (-1664 0 64 ) (-1664 0 -711 ) (-1200 0 -711 ) 
4 69 224 (-1664 0 72 ) (-1664 0 64 ) (-1560 0 64 ) (-1560 0 72 ) 
4 69 221 (-1560 0 192 ) (-1664 0 192 ) (-1664 0 72 ) (-1560 0 72 ) 
4 69 220 (-1544 0 192 ) (-1560 0 192 ) (-1560 0 64 ) (-1544 0 64 ) 
4 69 219 (-1287 0 192 ) (-1544 0 192 ) (-1544 0 64 ) (-1287 0 64 ) 
4 69 214 (-1024 0 143 ) (-1024 0 192 ) (-1200 0 192 ) (-1200 0 143 ) 
4 69 215 (-1200 0 192 ) (-1287 0 192 ) (-1287 0 64 ) (-1200 0 64 ) 
4 69 213 (-1544 0 200 ) (-1664 0 200 ) (-1664 0 192 ) (-1544 0 192 ) 
4 69 212 (-1024 0 192 ) (-1024 0 200 ) (-1544 0 200 ) (-1544 0 192 ) 
4 69 211 (-1024 0 200 ) (-1024 0 2715 ) (-1664 0 2715 ) (-1664 0 200 ) 
4 69 71 (-2048 0 -711 ) (-2048 0 2715 ) (-2048 1024 2715 ) (-2048 1024 -711 ) 
4 70 71 (-2048 1024 -711 ) (-2048 1024 2715 ) (-2099.909912 1024 2715 ) (-2099.909912 1024 -711 ) 
4 71 268 (-2048 0 -711 ) (-2048 0 2715 ) (-2099.909912 0 2715 ) (-2099.909912 0 -711 ) 
4 72 83 (1024 0 2715 ) (1024 0 320 ) (1024 -1024 320 ) (1024 -1024 2715 ) 
4 72 82 (2048 -1024 320 ) (2048 -1024 2715 ) (1024 -1024 2715 ) (1024 -1024 320 ) 
4 72 80 (1024 -1024 320 ) (1024 -985.326050 320 ) (1399.790039 -985.326050 320 ) (1399.790039 -1024 320 ) 
4 72 79 (1399.790039 -601.326050 320 ) (2048 -601.326050 320 ) (2048 -1024 320 ) (1399.790039 -1024 320 ) 
4 72 76 (1024 -584 320 ) (1024 -576 320 ) (2048 -576 320 ) (2048 -584 320 ) 
4 72 75 (1024 -576 320 ) (1024 -8 320 ) (2048 -8 320 ) (2048 -576 320 ) 
4 72 78 (1024 -601.326050 320 ) (1024 -584 320 ) (2048 -584 320 ) (2048 -601.326050 320 ) 
4 72 73 (1024 -8 320 ) (1024 0 320 ) (2048 0 320 ) (2048 -8 320 ) 
4 73 84 (1024 0 320 ) (1024 0 143 ) (1024 -8 143 ) (1024 -8 320 ) 
4 73 75 (2048 -8 143 ) (2048 -8 320 ) (1024 -8 320 ) (1024 -8 143 ) 
4 74 121 (1024 0 63 ) (1024 0 -711 ) (1024 -8 -711 ) (1024 -8 63 ) 
4 74 75 (1024 -8 -711 ) (2048 -8 -711 ) (2048 -8 63 ) (1024 -8 63 ) 
4 75 121 (1024 -8 -711 ) (1024 -576 -711 ) (1024 -576 63 ) (1024 -8 63 ) 
4 75 85 (1024 -576 63 ) (1024 -576 320 ) (1024 -8 320 ) (1024 -8 63 ) 
4 75 76 (2048 -576 144 ) (2048 -576 320 ) (1024 -576 320 ) (1024 -576 144 ) 
4 75 77 (1024 -576 -711 ) (2048 -576 -711 ) (2048 -576 64 ) (1024 -576 64 ) 
4 76 86 (1024 -584 144 ) (1024 -584 320 ) (1024 -576 320 ) (1024 -576 144 ) 
4 76 78 (2048 -584 144 ) (2048 -584 320 ) (1024 -584 320 ) (1024 -584 144 ) 
4 77 121 (1024 -576 -711 ) (1024 -584 -711 ) (1024 -584 63 ) (1024 -576 63 ) 
4 77 93 (1024 -584 63 ) (1024 -584 64 ) (1024 -576 64 ) (1024 -576 63 ) 
4 77 78 (1024 -584 -711 ) (2048 -584 -711 ) (2048 -584 64 ) (1024 -584 64 ) 
4 78 121 (1024 -584 -711 ) (1024 -601.326050 -711 ) (1024 -601.326050 63 ) (1024 -584 63 ) 
4 78 87 (1024 -601.326050 64 ) (1024 -601.326050 320 ) (1024 -584 320 ) (1024 -584 64 ) 
4 78 93 (1024 -601.326050 63 ) (1024 -601.326050 64 ) (1024 -584 64 ) (1024 -584 63 ) 
4 78 81 (1024 -601.326050 64 ) (1024 -601.326050 -711 ) (1399.790039 -601.326050 -711 ) (1399.790039 -601.326050 64 ) 
4 78 79 (2048 -601.326050 -711 ) (2048 -601.326050 320 ) (1399.790039 -601.326050 320 ) (1399.790039 -601.326050 -711 ) 
4 79 82 (2048 -1024 -711 ) (2048 -1024 320 ) (1399.790039 -1024 320 ) (1399.790039 -1024 -711 ) 
4 79 81 (1399.790039 -601.326050 64 ) (1399.790039 -601.326050 -711 ) (1399.790039 -1024 -711 ) (1399.790039 -1024 64 ) 
4 79 80 (1399.790039 -985.326050 64 ) (1399.790039 -1024 64 ) (1399.790039 -1024 320 ) (1399.790039 -985.326050 320 ) 
4 80 88 (1024 -1024 64 ) (1024 -1024 320 ) (1024 -985.326050 320 ) (1024 -985.326050 64 ) 
4 80 82 (1399.790039 -1024 64 ) (1399.790039 -1024 320 ) (1024 -1024 320 ) (1024 -1024 64 ) 
4 80 81 (1399.790039 -985.326050 64 ) (1399.790039 -1024 64 ) (1024 -1024 64 ) (1024 -985.326050 64 ) 
4 81 121 (1024 -1024 -711 ) (1024 -1024 63 ) (1024 -601.326050 63 ) (1024 -601.326050 -711 ) 
4 81 93 (1024 -1024 63 ) (1024 -1024 64 ) (1024 -601.326050 64 ) (1024 -601.326050 63 ) 
4 81 82 (1399.790039 -1024 -711 ) (1399.790039 -1024 64 ) (1024 -1024 64 ) (1024 -1024 -711 ) 
4 82 198 (2048 -2048 -711 ) (2048 -2048 2715 ) (1024 -2048 2715 ) (1024 -2048 -711 ) 
4 82 171 (1024 -2048 -711 ) (1024 -2048 63 ) (1024 -1024 63 ) (1024 -1024 -711 ) 
4 82 155 (1024 -2048 63 ) (1024 -2048 186 ) (1024 -1088 186 ) (1024 -1088 63 ) 
4 82 145 (1024 -1088 186 ) (1024 -1024 186 ) (1024 -1024 63 ) (1024 -1088 63 ) 
4 82 142 (1024 -1088 2715 ) (1024 -1024 2715 ) (1024 -1024 186 ) (1024 -1088 186 ) 
4 82 144 (1024 -2048 186 ) (1024 -2048 2715 ) (1024 -1088 2715 ) (1024 -1088 186 ) 
4 83 142 (1024 -1024 320 ) (1024 -1024 2715 ) (0 -1024 2715 ) (0 -1024 320 ) 
4 83 125 (0 -576 320 ) (0 -1024 320 ) (0 -1024 448 ) (0 -576 448 ) 
4 83 123 (0 -1024 448 ) (0 -1024 2715 ) (0 -576 2715 ) (0 -576 448 ) 
4 83 122 (0 0 2715 ) (0 0 320 ) (0 -576 320 ) (0 -576 2715 ) 
4 83 94 (616 -1024 320 ) (0 -1024 320 ) (0 -576 320 ) (616 -576 320 ) 
4 83 92 (1000 -1024 320 ) (616 -1024 320 ) (616 -984 320 ) (1000 -984 320 ) 
4 83 91 (1015.789978 -1024 320 ) (1000 -1024 320 ) (1000 -600 320 ) (1015.789978 -600 320 ) 
4 83 89 (616 -584 320 ) (616 -576 320 ) (1015.789978 -576 320 ) (1015.789978 -584 320 ) 
4 83 90 (616 -600 320 ) (616 -584 320 ) (1015.789978 -584 320 ) (1015.789978 -600 320 ) 
4 83 88 (1024 -1024 320 ) (1015.789978 -1024 320 ) (1015.789978 -985.326050 320 ) (1024 -985.326050 320 ) 
4 83 86 (1015.789978 -584 320 ) (1015.789978 -576 320 ) (1024 -576 320 ) (1024 -584 320 ) 
4 83 87 (1015.789978 -601.326050 320 ) (1015.789978 -584 320 ) (1024 -584 320 ) (1024 -601.326050 320 ) 
4 83 84 (0 -8 320 ) (0 0 320 ) (1024 0 320 ) (1024 -8 320 ) 
4 83 85 (0 -576 320 ) (0 -8 320 ) (1024 -8 320 ) (1024 -576 320 ) 
4 84 126 (0 0 320 ) (0 0 143 ) (0 -8 143 ) (0 -8 320 ) 
4 84 85 (1024 -8 143 ) (1024 -8 320 ) (0 -8 320 ) (0 -8 143 ) 
4 85 127 (0 -8 63 ) (0 -576 63 ) (0 -576 320 ) (0 -8 320 ) 
4 85 121 (0 -576 63 ) (0 -8 63 ) (1024 -8 63 ) (1024 -576 63 ) 
4 85 112 (0 -576 64 ) (0 -576 63.313400 ) (204 -576 63.313400 ) (204 -576 64 ) 
4 85 111 (204 -576 64 ) (204 -576 63.313400 ) (212 -576 63.313400 ) (212 -576 64 ) 
4 85 110 (224 -576 63.313400 ) (224 -576 64 ) (212 -576 64 ) (212 -576 63.313400 ) 
4 85 113 (0 -576 63 ) (224 -576 63 ) (224 -576 63.313400 ) (0 -576 63.313400 ) 
4 85 108 (224 -576 63 ) (512 -576 63 ) (512 -576 64 ) (224 -576 64 ) 
4 85 106 (520 -576 63 ) (616 -576 63 ) (616 -576 64 ) (520 -576 64 ) 
4 85 101 (204 -576 144 ) (212 -576 144 ) (212 -576 160 ) (204 -576 160 ) 
4 85 100 (212 -576 144 ) (512 -576 144 ) (512 -576 160 ) (212 -576 160 ) 
4 85 102 (0 -576 160 ) (0 -576 144 ) (204 -576 144 ) (204 -576 160 ) 
4 85 98 (212 -576 186 ) (204 -576 186 ) (204 -576 160 ) (212 -576 160 ) 
4 85 97 (512 -576 186 ) (212 -576 186 ) (212 -576 160 ) (512 -576 160 ) 
4 85 99 (204 -576 186 ) (0 -576 186 ) (0 -576 160 ) (204 -576 160 ) 
4 85 96 (616 -576 144 ) (616 -576 186 ) (512 -576 186 ) (512 -576 144 ) 
3 85 95 (0 -576 230.801590 ) (0 -576 192.009232 ) (203.946625 -576 190.010269 ) 
5 85 94 (616 -576 186 ) (616 -576 320 ) (0 -576 320 ) (0 -576 230.801590 ) (223.997009 -576 186 ) 
4 85 89 (1015.789978 -576 320 ) (616 -576 320 ) (616 -576 144 ) (1015.789978 -576 144 ) 
4 85 86 (1024 -576 144 ) (1024 -576 320 ) (1015.789978 -576 320 ) (1015.789978 -576 144 ) 
4 85 93 (616 -576 63 ) (1024 -576 63 ) (1024 -576 64 ) (616 -576 64 ) 
4 86 89 (1015.789978 -576 320 ) (1015.789978 -576 144 ) (1015.789978 -584 144 ) (1015.789978 -584 320 ) 
4 86 87 (1015.789978 -584 320 ) (1015.789978 -584 144 ) (1024 -584 144 ) (1024 -584 320 ) 
4 87 91 (1015.789978 -600 64 ) (1015.789978 -601.326050 64 ) (1015.789978 -601.326050 320 ) (1015.789978 -600 320 ) 
4 87 90 (1015.789978 -584 64 ) (1015.789978 -600 64 ) (1015.789978 -600 320 ) (1015.789978 -584 320 ) 
4 87 93 (1015.789978 -601.326050 64 ) (1015.789978 -584 64 ) (1024 -584 64 ) (1024 -601.326050 64 ) 
4 88 145 (1024 -1024 64 ) (1024 -1024 186 ) (1015.789978 -1024 186 ) (1015.789978 -1024 64 ) 
4 88 142 (1024 -1024 186 ) (1024 -1024 320 ) (1015.789978 -1024 320 ) (1015.789978 -1024 186 ) 
4 88 91 (1015.789978 -985.326050 64 ) (1015.789978 -1024 64 ) (1015.789978 -1024 320 ) (1015.789978 -985.326050 320 ) 
4 88 93 (1024 -1024 64 ) (1015.789978 -1024 64 ) (1015.789978 -985.326050 64 ) (1024 -985.326050 64 ) 
4 89 96 (616 -576 186 ) (616 -576 144 ) (616 -584 144 ) (616 -584 186 ) 
4 89 94 (616 -576 320 ) (616 -576 186 ) (616 -584 186 ) (616 -584 320 ) 
4 89 90 (616 -584 320 ) (616 -584 144 ) (1015.789978 -584 144 ) (1015.789978 -584 320 ) 
4 90 107 (616 -584 64 ) (616 -600 64 ) (616 -600 144 ) (616 -584 144 ) 
4 90 96 (616 -600 144 ) (616 -600 186 ) (616 -584 186 ) (616 -584 144 ) 
4 90 94 (616 -600 186 ) (616 -600 320 ) (616 -584 320 ) (616 -584 186 ) 
4 90 91 (1000 -600 64 ) (1015.789978 -600 64 ) (1015.789978 -600 320 ) (1000 -600 320 ) 
4 90 93 (616 -600 64 ) (616 -584 64 ) (1015.789978 -584 64 ) (1015.789978 -600 64 ) 
4 91 145 (1000 -1024 186 ) (1000 -1024 64 ) (1015.789978 -1024 64 ) (1015.789978 -1024 186 ) 
4 91 142 (1015.789978 -1024 320 ) (1000 -1024 320 ) (1000 -1024 186 ) (1015.789978 -1024 186 ) 
4 91 92 (1000 -984 64 ) (1000 -1024 64 ) (1000 -1024 320 ) (1000 -984 320 ) 
4 91 93 (1015.789978 -1024 64 ) (1000 -1024 64 ) (1000 -600 64 ) (1015.789978 -600 64 ) 
4 92 145 (616 -1024 186 ) (616 -1024 64 ) (1000 -1024 64 ) (1000 -1024 186 ) 
4 92 142 (1000 -1024 320 ) (616 -1024 320 ) (616 -1024 186 ) (1000 -1024 186 ) 
4 92 107 (616 -984 64 ) (616 -1024 64 ) (616 -1024 144 ) (616 -984 144 ) 
4 92 96 (616 -1024 144 ) (616 -1024 186 ) (616 -984 186 ) (616 -984 144 ) 
4 92 94 (616 -1024 186 ) (616 -1024 320 ) (616 -984 320 ) (616 -984 186 ) 
4 92 93 (1000 -1024 64 ) (616 -1024 64 ) (616 -984 64 ) (1000 -984 64 ) 
4 93 145 (1024 -1024 63 ) (1024 -1024 64 ) (616 -1024 64 ) (616 -1024 63 ) 
4 93 121 (616 -576 63 ) (1024 -576 63 ) (1024 -1024 63 ) (616 -1024 63 ) 
4 93 107 (616 -584 63 ) (616 -1024 63 ) (616 -1024 64 ) (616 -584 64 ) 
4 93 106 (616 -576 64 ) (616 -576 63 ) (616 -584 63 ) (616 -584 64 ) 
5 94 142 (616 -1024 320 ) (0 -1024 320 ) (0 -1024 230.802124 ) (224 -1024 186 ) (616 -1024 186 ) 
4 94 103 (512 -584 186 ) (512 -1024 186 ) (224 -1024 186 ) (223.997055 -584 186 ) 
4 94 97 (223.997009 -576 186 ) (512 -576 186 ) (512 -584 186 ) (223.997055 -584 186 ) 
4 94 96 (512 -576 186 ) (616 -576 186 ) (616 -1024 186 ) (512 -1024 186 ) 
4 94 95 (0 -1024 230.801758 ) (0 -576 230.801239 ) (203.945038 -576 190.010284 ) (203.947830 -1024 190.010254 ) 
3 95 143 (0 -1024 230.802124 ) (0 -1024 192.009232 ) (203.949432 -1024 190.010239 ) 
4 96 146 (512 -1024 144 ) (520 -1024 144 ) (520 -1024 186 ) (512 -1024 186 ) 
4 96 145 (520 -1024 144 ) (616 -1024 144 ) (616 -1024 186 ) (520 -1024 186 ) 
4 96 107 (616 -584 144 ) (616 -1024 144 ) (520 -1024 144 ) (520 -584 144 ) 
4 96 103 (512 -584 144 ) (512 -1024 144 ) (512 -1024 186 ) (512 -584 186 ) 
4 96 100 (512 -576 144 ) (512 -584 144 ) (512 -584 160 ) (512 -576 160 ) 
4 96 97 (512 -584 160 ) (512 -584 186 ) (512 -576 186 ) (512 -576 160 ) 
4 97 103 (512 -584 160 ) (512 -584 186 ) (212 -584 186 ) (212 -584 160 ) 
4 97 100 (512 -584 160 ) (212 -584 160 ) (212 -576 160 ) (512 -576 160 ) 
4 97 98 (212 -576 160 ) (212 -584 160 ) (212 -584 186 ) (212 -576 186 ) 
4 98 104 (212 -584 186 ) (204 -584 186 ) (204 -584 160 ) (212 -584 160 ) 
4 98 101 (212 -584 160 ) (204 -584 160 ) (204 -576 160 ) (212 -576 160 ) 
4 98 99 (204 -576 160 ) (204 -584 160 ) (204 -584 186 ) (204 -576 186 ) 
4 99 105 (204 -584 186 ) (0 -584 186 ) (0 -584 160 ) (204 -584 160 ) 
4 99 102 (204 -584 160 ) (0 -584 160 ) (0 -576 160 ) (204 -576 160 ) 
4 100 103 (212 -584 144 ) (512 -584 144 ) (512 -584 160 ) (212 -584 160 ) 
4 100 101 (212 -576 144 ) (212 -584 144 ) (212 -584 160 ) (212 -576 160 ) 
4 101 104 (204 -584 144 ) (212 -584 144 ) (212 -584 160 ) (204 -584 160 ) 
4 101 102 (204 -576 144 ) (204 -584 144 ) (204 -584 160 ) (204 -576 160 ) 
4 102 105 (0 -584 144 ) (204 -584 144 ) (204 -584 160 ) (0 -584 160 ) 
4 103 148 (212 -1024 144 ) (224 -1024 144 ) (224 -1024 186 ) (212 -1024 186 ) 
4 103 147 (224 -1024 144 ) (512 -1024 144 ) (512 -1024 186 ) (224 -1024 186 ) 
4 103 114 (212 -584 144 ) (224 -584 144 ) (224 -1024 144 ) (212 -1024 144 ) 
4 103 109 (224 -584 144 ) (512 -584 144 ) (512 -1024 144 ) (224 -1024 144 ) 
4 103 104 (212 -584 186 ) (212 -584 144 ) (212 -1024 144 ) (212 -1024 186 ) 
4 104 149 (204 -1024 144 ) (212 -1024 144 ) (212 -1024 186 ) (204 -1024 186 ) 
4 104 115 (204 -584 144 ) (212 -584 144 ) (212 -1024 144 ) (204 -1024 144 ) 
4 104 105 (204 -584 186 ) (204 -584 144 ) (204 -1024 144 ) (204 -1024 186 ) 
4 105 150 (0 -1024 186 ) (0 -1024 144 ) (204 -1024 144 ) (204 -1024 186 ) 
4 105 116 (0 -1024 144 ) (0 -584 144 ) (204 -584 144 ) (204 -1024 144 ) 
4 106 121 (520 -576 63 ) (616 -576 63 ) (616 -584 63 ) (520 -584 63 ) 
4 106 107 (520 -584 63 ) (616 -584 63 ) (616 -584 64 ) (520 -584 64 ) 
4 107 145 (520 -1024 63 ) (616 -1024 63 ) (616 -1024 144 ) (520 -1024 144 ) 
4 107 121 (616 -584 63 ) (616 -1024 63 ) (520 -1024 63 ) (520 -584 63 ) 
4 108 121 (224 -576 63 ) (512 -576 63 ) (512 -584 63 ) (224 -584 63 ) 
4 108 110 (224 -576 64 ) (224 -576 63.313400 ) (224 -584 63.313400 ) (224 -584 64 ) 
4 108 113 (224 -576 63.313400 ) (224 -576 63 ) (224 -584 63 ) (224 -584 63.313400 ) 
4 108 109 (224 -584 64 ) (224 -584 63 ) (512 -584 63 ) (512 -584 64 ) 
4 109 147 (224 -1024 63 ) (512 -1024 63 ) (512 -1024 144 ) (224 -1024 144 ) 
4 109 121 (512 -584 63 ) (512 -1024 63 ) (224 -1024 63 ) (224 -584 63 ) 
4 109 117 (224 -584 64 ) (224 -584 63.313400 ) (224 -1024 63.313400 ) (224 -1024 64 ) 
4 109 120 (224 -584 63.313400 ) (224 -584 63 ) (224 -1024 63 ) (224 -1024 63.313400 ) 
4 109 114 (224 -1024 144 ) (224 -584 144 ) (224 -584 65 ) (224 -1024 65 ) 
4 110 117 (224 -584 63.313400 ) (224 -584 64 ) (212 -584 64 ) (212 -584 63.313400 ) 
4 110 111 (212 -576 63.313400 ) (212 -584 63.313400 ) (212 -584 64 ) (212 -576 64 ) 
4 110 113 (224 -584 63.313400 ) (212 -584 63.313400 ) (212 -576 63.313400 ) (224 -576 63.313400 ) 
4 111 118 (204 -584 64 ) (204 -584 63.313400 ) (212 -584 63.313400 ) (212 -584 64 ) 
4 111 112 (204 -576 63.313400 ) (204 -584 63.313400 ) (204 -584 64 ) (204 -576 64 ) 
4 111 113 (212 -584 63.313400 ) (204 -584 63.313400 ) (204 -576 63.313400 ) (212 -576 63.313400 ) 
4 112 129 (0 -584 63.313400 ) (0 -584 64 ) (0 -576 64 ) (0 -576 63.313400 ) 
4 112 119 (0 -584 64 ) (0 -584 63.313400 ) (204 -584 63.313400 ) (204 -584 64 ) 
4 112 113 (204 -584 63.313400 ) (0 -584 63.313400 ) (0 -576 63.313400 ) (204 -576 63.313400 ) 
4 113 129 (0 -576 63 ) (0 -584 63 ) (0 -584 63.313400 ) (0 -576 63.313400 ) 
4 113 121 (0 -584 63 ) (0 -576 63 ) (224 -576 63 ) (224 -584 63 ) 
4 113 120 (0 -584 63 ) (224 -584 63 ) (224 -584 63.313400 ) (0 -584 63.313400 ) 
4 114 148 (212 -1024 65 ) (224 -1024 65 ) (224 -1024 144 ) (212 -1024 144 ) 
4 114 115 (212 -584 144 ) (212 -584 65 ) (212 -1024 65 ) (212 -1024 144 ) 
4 115 149 (204 -1024 65 ) (212 -1024 65 ) (212 -1024 144 ) (204 -1024 144 ) 
4 115 116 (204 -584 144 ) (204 -584 65 ) (204 -1024 65 ) (204 -1024 144 ) 
4 116 150 (0 -1024 144 ) (0 -1024 65 ) (204 -1024 65 ) (204 -1024 144 ) 
4 117 151 (212 -1024 63.313400 ) (224 -1024 63.313400 ) (224 -1024 64 ) (212 -1024 64 ) 
4 117 118 (212 -584 63.313400 ) (212 -1024 63.313400 ) (212 -1024 64 ) (212 -584 64 ) 
4 117 120 (212 -584 63.313400 ) (224 -584 63.313400 ) (224 -1024 63.313400 ) (212 -1024 63.313400 ) 
4 118 152 (204 -1024 63.313400 ) (212 -1024 63.313400 ) (212 -1024 64 ) (204 -1024 64 ) 
4 118 119 (204 -584 63.313400 ) (204 -1024 63.313400 ) (204 -1024 64 ) (204 -584 64 ) 
4 118 120 (204 -584 63.313400 ) (212 -584 63.313400 ) (212 -1024 63.313400 ) (204 -1024 63.313400 ) 
4 119 153 (0 -1024 64 ) (0 -1024 63.313400 ) (204 -1024 63.313400 ) (204 -1024 64 ) 
4 119 129 (0 -1024 63.313400 ) (0 -1024 64 ) (0 -584 64 ) (0 -584 63.313400 ) 
4 119 120 (0 -1024 63.313400 ) (0 -584 63.313400 ) (204 -584 63.313400 ) (204 -1024 63.313400 ) 
4 120 154 (0 -1024 63.313400 ) (0 -1024 63 ) (224 -1024 63 ) (224 -1024 63.313400 ) 
4 120 129 (0 -584 63 ) (0 -1024 63 ) (0 -1024 63.313400 ) (0 -584 63.313400 ) 
4 120 121 (0 -1024 63 ) (0 -584 63 ) (224 -584 63 ) (224 -1024 63 ) 
4 121 171 (1024 -1024 -711 ) (1024 -1024 63 ) (0 -1024 63 ) (0 -1024 -711 ) 
4 121 129 (0 -576 -711 ) (0 -1024 -711 ) (0 -1024 63 ) (0 -576 63 ) 
4 121 128 (0 0 63 ) (0 0 -711 ) (0 -576 -711 ) (0 -576 63 ) 
4 122 211 (-1024 0 2715 ) (-1024 0 320 ) (-1024 -576 320 ) (-1024 -576 2715 ) 
4 122 133 (-1024 0 320 ) (-384 0 320 ) (-384 -8 320 ) (-1024 -8 320 ) 
4 122 134 (-384 -8 320 ) (-384 -576 320 ) (-1024 -576 320 ) (-1024 -8 320 ) 
4 122 126 (-384 0 320 ) (0 0 320 ) (0 -8 320 ) (-384 -8 320 ) 
4 122 127 (0 -8 320 ) (0 -576 320 ) (-384 -576 320 ) (-384 -8 320 ) 
3 122 125 (0 -576 320 ) (0 -576 448 ) (-120 -576 448 ) 
4 122 124 (-1024 -576 320 ) (-384 -576 320 ) (-256 -576 448 ) (-1024 -576 448 ) 
4 122 123 (0 -576 448 ) (0 -576 2715 ) (-1024 -576 2715 ) (-1024 -576 448 ) 
4 123 211 (-1024 -1024 448 ) (-1024 -1024 2715 ) (-1024 -576 2715 ) (-1024 -576 448 ) 
4 123 172 (0 -1024 448 ) (0 -1024 2715 ) (-1024 -1024 2715 ) (-1024 -1024 448 ) 
4 123 125 (0 -1024 448 ) (-120 -1024 448 ) (-120 -576 448 ) (0 -576 448 ) 
4 123 124 (-256 -1024 448 ) (-1024 -1024 448 ) (-1024 -576 448 ) (-256 -576 448 ) 
4 124 211 (-1024 -576 320 ) (-1024 -1024 320 ) (-1024 -1024 448 ) (-1024 -576 448 ) 
4 124 173 (-256 -1024 448 ) (-1024 -1024 448 ) (-1024 -1024 320 ) (-384 -1024 320 ) 
4 124 141 (-819 -1024 320 ) (-1024 -1024 320 ) (-1024 -662 320 ) (-819 -662 320 ) 
4 124 139 (-384 -1024 320 ) (-435 -1024 320 ) (-435 -662 320 ) (-384 -662 320 ) 
4 124 135 (-1024 -584 320 ) (-1024 -576 320 ) (-384 -576 320 ) (-384 -584 320 ) 
4 124 137 (-1024 -662 320 ) (-1024 -584 320 ) (-384 -584 320 ) (-384 -662 320 ) 
3 125 174 (0 -1024 320 ) (0 -1024 448 ) (-120 -1024 448 ) 
4 126 133 (-384 -8 320 ) (-384 0 320 ) (-384 0 143 ) (-384 -8 143 ) 
4 126 127 (-384 -8 320 ) (-384 -8 143 ) (0 -8 143 ) (0 -8 320 ) 
4 127 134 (-384 -576 320 ) (-384 -8 320 ) (-384 -8 63 ) (-384 -576 63 ) 
4 127 130 (-381.953003 -576 63 ) (-373.953003 -576 63 ) (-373.953003 -576 64 ) (-381.953003 -576 64 ) 
4 127 129 (-373.953003 -576 63 ) (0 -576 63 ) (0 -576 64 ) (-373.953003 -576 64 ) 
4 127 132 (-384 -576 64 ) (-384 -576 63 ) (-381.953003 -576 63 ) (-381.953003 -576 64 ) 
4 127 128 (0 -576 63 ) (-384 -576 63 ) (-384 -8 63 ) (0 -8 63 ) 
4 128 138 (-384 0 63 ) (-384 0 -711 ) (-384 -576 -711 ) (-384 -576 63 ) 
4 128 131 (-381.953003 -576 -711 ) (-373.953003 -576 -711 ) (-373.953003 -576 63 ) (-381.953003 -576 63 ) 
4 128 129 (-373.953003 -576 -711 ) (0 -576 -711 ) (0 -576 63 ) (-373.953003 -576 63 ) 
4 128 132 (-384 -576 63 ) (-384 -576 -711 ) (-381.953003 -576 -711 ) (-381.953003 -576 63 ) 
4 129 194 (0 -1024 -711 ) (0 -1024 64 ) (-373.953003 -1024 64 ) (-373.953003 -1024 -711 ) 
4 129 131 (-373.953003 -576 -711 ) (-373.953003 -1024 -711 ) (-373.953003 -1024 63 ) (-373.953003 -576 63 ) 
4 129 130 (-373.953003 -1024 63 ) (-373.953003 -1024 64 ) (-373.953003 -576 64 ) (-373.953003 -576 63 ) 
4 130 195 (-373.953003 -1024 64 ) (-381.953003 -1024 64 ) (-381.953003 -1024 63 ) (-373.953003 -1024 63 ) 
4 130 132 (-381.953003 -1024 63 ) (-381.953003 -1024 64 ) (-381.953003 -576 64 ) (-381.953003 -576 63 ) 
4 130 131 (-381.953003 -1024 63 ) (-381.953003 -576 63 ) (-373.953003 -576 63 ) (-373.953003 -1024 63 ) 
4 131 196 (-381.953003 -1024 63 ) (-381.953003 -1024 -711 ) (-373.953003 -1024 -711 ) (-373.953003 -1024 63 ) 
4 131 132 (-381.953003 -576 -711 ) (-381.953003 -1024 -711 ) (-381.953003 -1024 63 ) (-381.953003 -576 63 ) 
4 132 197 (-381.953003 -1024 64 ) (-384 -1024 64 ) (-384 -1024 -711 ) (-381.953003 -1024 -711 ) 
4 132 139 (-384 -662 -711 ) (-384 -1024 -711 ) (-384 -1024 64 ) (-384 -662 64 ) 
4 132 138 (-384 -576 63 ) (-384 -576 -711 ) (-384 -662 -711 ) (-384 -662 63 ) 
4 132 136 (-384 -576 64 ) (-384 -576 63 ) (-384 -584 63 ) (-384 -584 64 ) 
4 132 137 (-384 -584 63 ) (-384 -662 63 ) (-384 -662 64 ) (-384 -584 64 ) 
4 133 214 (-1024 0 192 ) (-1024 0 143 ) (-1024 -8 143 ) (-1024 -8 192 ) 
4 133 212 (-1024 0 200 ) (-1024 0 192 ) (-1024 -8 192 ) (-1024 -8 200 ) 
4 133 211 (-1024 0 320 ) (-1024 0 200 ) (-1024 -8 200 ) (-1024 -8 320 ) 
4 133 134 (-384 -8 143 ) (-384 -8 320 ) (-1024 -8 320 ) (-1024 -8 143 ) 
4 134 227 (-1024 -8 63 ) (-1024 -576 63 ) (-1024 -576 64 ) (-1024 -8 64 ) 
4 134 216 (-1024 -576 64 ) (-1024 -576 192 ) (-1024 -8 192 ) (-1024 -8 64 ) 
4 134 212 (-1024 -576 192 ) (-1024 -576 200 ) (-1024 -8 200 ) (-1024 -8 192 ) 
4 134 211 (-1024 -576 200 ) (-1024 -576 320 ) (-1024 -8 320 ) (-1024 -8 200 ) 
4 134 138 (-1024 -576 63 ) (-1024 -8 63 ) (-384 -8 63 ) (-384 -576 63 ) 
4 134 135 (-384 -576 144 ) (-384 -576 320 ) (-1024 -576 320 ) (-1024 -576 144 ) 
4 134 136 (-1024 -576 63 ) (-384 -576 63 ) (-384 -576 64 ) (-1024 -576 64 ) 
4 135 217 (-1024 -584 144 ) (-1024 -584 192 ) (-1024 -576 192 ) (-1024 -576 144 ) 
4 135 212 (-1024 -584 192 ) (-1024 -584 200 ) (-1024 -576 200 ) (-1024 -576 192 ) 
4 135 211 (-1024 -584 200 ) (-1024 -584 320 ) (-1024 -576 320 ) (-1024 -576 200 ) 
4 135 137 (-384 -584 144 ) (-384 -584 320 ) (-1024 -584 320 ) (-1024 -584 144 ) 
4 136 227 (-1024 -576 63 ) (-1024 -584 63 ) (-1024 -584 64 ) (-1024 -576 64 ) 
4 136 138 (-1024 -584 63 ) (-1024 -576 63 ) (-384 -576 63 ) (-384 -584 63 ) 
4 136 137 (-1024 -584 63 ) (-384 -584 63 ) (-384 -584 64 ) (-1024 -584 64 ) 
4 137 227 (-1024 -584 63 ) (-1024 -662 63 ) (-1024 -662 64 ) (-1024 -584 64 ) 
4 137 218 (-1024 -662 64 ) (-1024 -662 192 ) (-1024 -584 192 ) (-1024 -584 64 ) 
4 137 212 (-1024 -662 192 ) (-1024 -662 200 ) (-1024 -584 200 ) (-1024 -584 192 ) 
4 137 211 (-1024 -662 200 ) (-1024 -662 320 ) (-1024 -584 320 ) (-1024 -584 200 ) 
4 137 141 (-819 -662 320 ) (-1024 -662 320 ) (-1024 -662 63 ) (-819 -662 63 ) 
4 137 140 (-819 -662 64 ) (-819 -662 63 ) (-435 -662 63 ) (-435 -662 64 ) 
4 137 139 (-384 -662 63 ) (-384 -662 320 ) (-435 -662 320 ) (-435 -662 63 ) 
4 137 138 (-384 -662 63 ) (-1024 -662 63 ) (-1024 -584 63 ) (-384 -584 63 ) 
4 138 226 (-1024 0 63 ) (-1024 0 -711 ) (-1024 -8 -711 ) (-1024 -8 63 ) 
4 138 227 (-1024 -8 -711 ) (-1024 -662 -711 ) (-1024 -662 63 ) (-1024 -8 63 ) 
4 138 141 (-819 -662 63 ) (-1024 -662 63 ) (-1024 -662 -711 ) (-819 -662 -711 ) 
4 138 140 (-435 -662 63 ) (-819 -662 63 ) (-819 -662 -711 ) (-435 -662 -711 ) 
4 138 139 (-384 -662 -711 ) (-384 -662 63 ) (-435 -662 63 ) (-435 -662 -711 ) 
4 139 197 (-384 -1024 -711 ) (-384 -1024 64 ) (-435 -1024 64 ) (-435 -1024 -711 ) 
4 139 191 (-384 -1024 64 ) (-384 -1024 192 ) (-435 -1024 192 ) (-435 -1024 64 ) 
4 139 176 (-384 -1024 192 ) (-384 -1024 320 ) (-435 -1024 320 ) (-435 -1024 192 ) 
4 139 140 (-435 -662 64 ) (-435 -662 -711 ) (-435 -1024 -711 ) (-435 -1024 64 ) 
4 140 197 (-435 -1024 -711 ) (-435 -1024 64 ) (-819 -1024 64 ) (-819 -1024 -711 ) 
4 140 141 (-819 -662 64 ) (-819 -662 -711 ) (-819 -1024 -711 ) (-819 -1024 64 ) 
4 141 227 (-1024 -1024 -711 ) (-1024 -1024 64 ) (-1024 -662 64 ) (-1024 -662 -711 ) 
4 141 225 (-1024 -1024 64 ) (-1024 -1024 192 ) (-1024 -1008 192 ) (-1024 -1008 64 ) 
4 141 218 (-1024 -1008 192 ) (-1024 -662 192 ) (-1024 -662 64 ) (-1024 -1008 64 ) 
4 141 212 (-1024 -1024 192 ) (-1024 -1024 200 ) (-1024 -662 200 ) (-1024 -662 192 ) 
4 141 211 (-1024 -1024 200 ) (-1024 -1024 320 ) (-1024 -662 320 ) (-1024 -662 200 ) 
4 141 197 (-819 -1024 -711 ) (-819 -1024 64 ) (-1024 -1024 64 ) (-1024 -1024 -711 ) 
4 141 193 (-819 -1024 64 ) (-819 -1024 192 ) (-1024 -1024 192 ) (-1024 -1024 64 ) 
4 141 178 (-819 -1024 192 ) (-819 -1024 320 ) (-1024 -1024 320 ) (-1024 -1024 192 ) 
4 142 174 (0 -1024 448 ) (0 -1024 320 ) (0 -1088 320 ) (0 -1088 448 ) 
4 142 172 (0 -1024 2715 ) (0 -1024 448 ) (0 -1088 448 ) (0 -1088 2715 ) 
4 142 147 (224 -1024 186 ) (512 -1024 186 ) (512 -1088 186 ) (224 -1088 186 ) 
4 142 146 (512 -1024 186 ) (520 -1024 186 ) (520 -1088 186 ) (512 -1088 186 ) 
4 142 145 (520 -1024 186 ) (1024 -1024 186 ) (1024 -1088 186 ) (520 -1088 186 ) 
4 142 143 (203.949768 -1088 190.010239 ) (0 -1088 230.802185 ) (0 -1024 230.802109 ) (203.949387 -1024 190.010239 ) 
5 142 144 (224 -1088 186 ) (1024 -1088 186 ) (1024 -1088 2715 ) (0 -1088 2715 ) (0 -1088 230.802246 ) 
3 143 144 (203.949860 -1088 190.010239 ) (0 -1088 230.802246 ) (0 -1088 192.009232 ) 
4 144 200 (520 -2048 2715 ) (512 -2048 2715 ) (512 -2048 186 ) (520 -2048 186 ) 
4 144 199 (1024 -2048 186 ) (1024 -2048 2715 ) (520 -2048 2715 ) (520 -2048 186 ) 
4 144 201 (512 -2048 2715 ) (0 -2048 2715 ) (0 -2048 186 ) (512 -2048 186 ) 
4 144 187 (0 -1840 186 ) (0 -2048 186 ) (0 -2048 192 ) (0 -1840 192 ) 
4 144 180 (0 -1088 186 ) (0 -1840 186 ) (0 -1840 192 ) (0 -1088 192 ) 
4 144 179 (0 -2048 192 ) (0 -2048 320 ) (0 -1088 320 ) (0 -1088 192 ) 
4 144 175 (0 -2048 320 ) (0 -2048 448 ) (0 -1088 448 ) (0 -1088 320 ) 
4 144 172 (0 -2048 448 ) (0 -2048 2715 ) (0 -1088 2715 ) (0 -1088 448 ) 
4 144 156 (522 -2048 186 ) (0 -2048 186 ) (0 -1088 186 ) (522 -1088 186 ) 
4 144 155 (1024 -1088 186 ) (1024 -2048 186 ) (522 -2048 186 ) (522 -1088 186 ) 
4 145 171 (520 -1024 63 ) (1024 -1024 63 ) (1024 -1088 63 ) (520 -1088 63 ) 
4 145 169 (520 -1088 63 ) (522 -1088 63 ) (522 -1088 64 ) (520 -1088 64 ) 
4 145 157 (522 -1088 64 ) (522 -1088 145 ) (520 -1088 145 ) (520 -1088 64 ) 
4 145 156 (522 -1088 145 ) (522 -1088 186 ) (520 -1088 186 ) (520 -1088 145 ) 
4 145 155 (522 -1088 63 ) (1024 -1088 63 ) (1024 -1088 186 ) (522 -1088 186 ) 
4 145 146 (520 -1088 144 ) (520 -1088 186 ) (520 -1024 186 ) (520 -1024 144 ) 
4 146 158 (520 -1088 144 ) (520 -1088 145 ) (512 -1088 145 ) (512 -1088 144 ) 
4 146 156 (520 -1088 145 ) (520 -1088 186 ) (512 -1088 186 ) (512 -1088 145 ) 
4 146 147 (512 -1088 144 ) (512 -1088 186 ) (512 -1024 186 ) (512 -1024 144 ) 
4 147 171 (224 -1024 63 ) (512 -1024 63 ) (512 -1088 63 ) (224 -1088 63 ) 
4 147 170 (224 -1088 63 ) (512 -1088 63 ) (512 -1088 64 ) (224 -1088 64 ) 
4 147 161 (512 -1088 64 ) (512 -1088 145 ) (224 -1088 145 ) (224 -1088 64 ) 
4 147 156 (512 -1088 145 ) (512 -1088 186 ) (224 -1088 186 ) (224 -1088 145 ) 
4 147 151 (224 -1088 63.313400 ) (224 -1088 64 ) (224 -1024 64 ) (224 -1024 63.313400 ) 
4 147 154 (224 -1024 63 ) (224 -1088 63 ) (224 -1088 63.313400 ) (224 -1024 63.313400 ) 
4 147 148 (224 -1088 65 ) (224 -1088 186 ) (224 -1024 186 ) (224 -1024 65 ) 
4 148 161 (224 -1088 65 ) (224 -1088 145 ) (212 -1088 145 ) (212 -1088 65 ) 
4 148 156 (224 -1088 145 ) (224 -1088 186 ) (212 -1088 186 ) (212 -1088 145 ) 
4 148 149 (212 -1024 65 ) (212 -1088 65 ) (212 -1088 186 ) (212 -1024 186 ) 
4 149 161 (204 -1088 145 ) (204 -1088 65 ) (212 -1088 65 ) (212 -1088 145 ) 
4 149 156 (212 -1088 186 ) (204 -1088 186 ) (204 -1088 145 ) (212 -1088 145 ) 
4 149 150 (204 -1024 65 ) (204 -1088 65 ) (204 -1088 186 ) (204 -1024 186 ) 
4 150 167 (0 -1088 145 ) (0 -1088 65 ) (96 -1088 65 ) (96 -1088 145 ) 
4 150 163 (132 -1088 66 ) (132 -1088 145 ) (96 -1088 145 ) (96 -1088 66 ) 
4 150 161 (132 -1088 65 ) (204 -1088 65 ) (204 -1088 145 ) (132 -1088 145 ) 
4 150 156 (204 -1088 186 ) (0 -1088 186 ) (0 -1088 145 ) (204 -1088 145 ) 
4 151 170 (224 -1088 63.313400 ) (224 -1088 64 ) (212 -1088 64 ) (212 -1088 63.313400 ) 
4 151 152 (212 -1024 63.313400 ) (212 -1088 63.313400 ) (212 -1088 64 ) (212 -1024 64 ) 
4 151 154 (212 -1024 63.313400 ) (224 -1024 63.313400 ) (224 -1088 63.313400 ) (212 -1088 63.313400 ) 
4 152 170 (204 -1088 64 ) (204 -1088 63.313400 ) (212 -1088 63.313400 ) (212 -1088 64 ) 
4 152 153 (204 -1024 63.313400 ) (204 -1088 63.313400 ) (204 -1088 64 ) (204 -1024 64 ) 
4 152 154 (204 -1024 63.313400 ) (212 -1024 63.313400 ) (212 -1088 63.313400 ) (204 -1088 63.313400 ) 
4 153 194 (0 -1024 64 ) (0 -1024 63.313400 ) (0 -1088 63.313400 ) (0 -1088 64 ) 
4 153 170 (0 -1088 64 ) (0 -1088 63.313400 ) (204 -1088 63.313400 ) (204 -1088 64 ) 
4 153 154 (0 -1024 63.313400 ) (204 -1024 63.313400 ) (204 -1088 63.313400 ) (0 -1088 63.313400 ) 
4 154 194 (0 -1024 63.313400 ) (0 -1024 63 ) (0 -1088 63 ) (0 -1088 63.313400 ) 
4 154 171 (0 -1088 63 ) (0 -1024 63 ) (224 -1024 63 ) (224 -1088 63 ) 
4 154 170 (0 -1088 63 ) (224 -1088 63 ) (224 -1088 63.313400 ) (0 -1088 63.313400 ) 
4 155 199 (1024 -2048 63 ) (1024 -2048 186 ) (522 -2048 186 ) (522 -2048 63 ) 
4 155 171 (1024 -2048 63 ) (522 -2048 63 ) (522 -1088 63 ) (1024 -1088 63 ) 
4 155 169 (522 -1088 64 ) (522 -1088 63 ) (522 -2048 63 ) (522 -2048 64 ) 
4 155 159 (522 -1483 64 ) (522 -2048 64 ) (522 -2048 145 ) (522 -1483 145 ) 
4 155 157 (522 -1088 145 ) (522 -1088 64 ) (522 -1470.849976 64 ) (522 -1470.849976 145 ) 
4 155 156 (522 -1088 186 ) (522 -1088 145 ) (522 -2048 145 ) (522 -2048 186 ) 
4 156 200 (520 -2048 186 ) (512 -2048 186 ) (512 -2048 145 ) (520 -2048 145 ) 
4 156 199 (522 -2048 186 ) (520 -2048 186 ) (520 -2048 145 ) (522 -2048 145 ) 
4 156 201 (512 -2048 186 ) (0 -2048 186 ) (0 -2048 145 ) (512 -2048 145 ) 
4 156 187 (0 -2048 145 ) (0 -2048 186 ) (0 -1840 186 ) (0 -1840 145 ) 
4 156 180 (0 -1840 186 ) (0 -1088 186 ) (0 -1088 145 ) (0 -1840 145 ) 
4 156 167 (0 -1088 145 ) (96 -1088 145 ) (96 -1470.849976 145 ) (0 -1470.849976 145 ) 
4 156 168 (96 -1483 145 ) (96 -2048 145 ) (0 -2048 145 ) (0 -1483 145 ) 
4 156 164 (132 -1483 145 ) (132 -2048 145 ) (96 -2048 145 ) (96 -1483 145 ) 
4 156 163 (96 -1088 145 ) (132 -1088 145 ) (132 -1470.849976 145 ) (96 -1470.849976 145 ) 
4 156 161 (132 -1088 145 ) (512 -1088 145 ) (512 -1470.849976 145 ) (132 -1470.849976 145 ) 
4 156 162 (512 -1483 145 ) (512 -2048 145 ) (132 -2048 145 ) (132 -1483 145 ) 
4 156 160 (520 -2048 145 ) (512 -2048 145 ) (512 -1483 145 ) (520 -1483 145 ) 
4 156 159 (522 -1483 145 ) (522 -2048 145 ) (520 -2048 145 ) (520 -1483 145 ) 
4 156 158 (512 -1088 145 ) (520 -1088 145 ) (520 -1470.849976 145 ) (512 -1470.849976 145 ) 
4 156 157 (520 -1088 145 ) (522 -1088 145 ) (522 -1470.849976 145 ) (520 -1470.849976 145 ) 
4 157 169 (520 -1088 64 ) (522 -1088 64 ) (522 -1470.849976 64 ) (520 -1470.849976 64 ) 
4 157 158 (520 -1470.849976 144 ) (520 -1470.849976 145 ) (520 -1088 145 ) (520 -1088 144 ) 
4 158 161 (512 -1470.849976 144 ) (512 -1470.849976 145 ) (512 -1088 145 ) (512 -1088 144 ) 
4 159 199 (520 -2048 64 ) (522 -2048 64 ) (522 -2048 145 ) (520 -2048 145 ) 
4 159 169 (522 -1483 64 ) (522 -2048 64 ) (520 -2048 64 ) (520 -1483 64 ) 
4 159 160 (520 -1483 145 ) (520 -1483 144 ) (520 -2048 144 ) (520 -2048 145 ) 
4 160 200 (520 -2048 144 ) (520 -2048 145 ) (512 -2048 145 ) (512 -2048 144 ) 
4 160 162 (512 -2048 144 ) (512 -2048 145 ) (512 -1483 145 ) (512 -1483 144 ) 
4 161 170 (132 -1088 64 ) (512 -1088 64 ) (512 -1470.849976 64 ) (132 -1470.849976 64 ) 
4 161 165 (132 -1088 64 ) (132 -1470.849976 64 ) (132 -1470.849976 65 ) (132 -1088 65 ) 
4 161 163 (132 -1470.849976 66 ) (132 -1470.849976 145 ) (132 -1088 145 ) (132 -1088 66 ) 
4 162 201 (132 -2048 64 ) (512 -2048 64 ) (512 -2048 145 ) (132 -2048 145 ) 
4 162 170 (512 -1483 64 ) (512 -2048 64 ) (132 -2048 64 ) (132 -1483 64 ) 
4 162 166 (132 -1483 64 ) (132 -2048 64 ) (132 -2048 65 ) (132 -1483 65 ) 
4 162 164 (132 -2048 66 ) (132 -2048 145 ) (132 -1483 145 ) (132 -1483 66 ) 
4 163 167 (96 -1470.849976 145 ) (96 -1088 145 ) (96 -1088 66 ) (96 -1470.849976 66 ) 
4 164 201 (132 -2048 66 ) (132 -2048 145 ) (96 -2048 145 ) (96 -2048 66 ) 
4 164 168 (96 -2048 66 ) (96 -2048 145 ) (96 -1483 145 ) (96 -1483 66 ) 
4 165 170 (96 -1088 64 ) (132 -1088 64 ) (132 -1470.849976 64 ) (96 -1470.849976 64 ) 
4 165 167 (96 -1088 64 ) (96 -1470.849976 64 ) (96 -1470.849976 65 ) (96 -1088 65 ) 
4 166 201 (96 -2048 64 ) (132 -2048 64 ) (132 -2048 65 ) (96 -2048 65 ) 
4 166 170 (132 -1483 64 ) (132 -2048 64 ) (96 -2048 64 ) (96 -1483 64 ) 
4 166 168 (96 -1483 64 ) (96 -2048 64 ) (96 -2048 65 ) (96 -1483 65 ) 
4 167 181 (0 -1470.849976 145 ) (0 -1088 145 ) (0 -1088 64 ) (0 -1470.849976 64 ) 
4 167 170 (0 -1470.849976 64 ) (0 -1088 64 ) (96 -1088 64 ) (96 -1470.849976 64 ) 
4 168 201 (0 -2048 145 ) (0 -2048 64 ) (96 -2048 64 ) (96 -2048 145 ) 
4 168 187 (0 -2048 64 ) (0 -2048 145 ) (0 -1840 145 ) (0 -1840 64 ) 
4 168 184 (0 -1840 145 ) (0 -1483 145 ) (0 -1483 64 ) (0 -1840 64 ) 
4 168 170 (0 -2048 64 ) (0 -1483 64 ) (96 -1483 64 ) (96 -2048 64 ) 
4 169 199 (520 -2048 63 ) (522 -2048 63 ) (522 -2048 64 ) (520 -2048 64 ) 
4 169 171 (522 -2048 63 ) (520 -2048 63 ) (520 -1088 63 ) (522 -1088 63 ) 
4 170 201 (0 -2048 64 ) (0 -2048 63 ) (512 -2048 63 ) (512 -2048 64 ) 
4 170 194 (0 -1088 63 ) (0 -2048 63 ) (0 -2048 64 ) (0 -1088 64 ) 
4 170 171 (512 -2048 63 ) (0 -2048 63 ) (0 -1088 63 ) (512 -1088 63 ) 
4 171 202 (1024 -2048 -711 ) (1024 -2048 63 ) (0 -2048 63 ) (0 -2048 -711 ) 
4 171 194 (0 -1024 63 ) (0 -1024 -711 ) (0 -2048 -711 ) (0 -2048 63 ) 
4 172 267 (-1024 -2048 448 ) (-1024 -2048 2715 ) (-1024 -1024 2715 ) (-1024 -1024 448 ) 
4 172 204 (-373.953003 -2048 2715 ) (-381.953003 -2048 2715 ) (-381.953003 -2048 448 ) (-373.953003 -2048 448 ) 
4 172 203 (0 -2048 448 ) (0 -2048 2715 ) (-373.953003 -2048 2715 ) (-373.953003 -2048 448 ) 
4 172 207 (-381.953003 -2048 2715 ) (-1024 -2048 2715 ) (-1024 -2048 448 ) (-381.953003 -2048 448 ) 
4 172 174 (0 -1024 448 ) (0 -1088 448 ) (-120 -1088 448 ) (-120 -1024 448 ) 
4 172 173 (-256 -1088 448 ) (-1024 -1088 448 ) (-1024 -1024 448 ) (-256 -1024 448 ) 
4 172 175 (0 -1088 448 ) (0 -2048 448 ) (-1024 -2048 448 ) (-1024 -1088 448 ) 
4 173 267 (-1024 -1088 448 ) (-1024 -1024 448 ) (-1024 -1024 320 ) (-1024 -1088 320 ) 
4 173 177 (-435 -1046 320 ) (-435 -1088 320 ) (-819 -1088 320 ) (-819 -1046 320 ) 
4 173 178 (-1024 -1088 320 ) (-1024 -1024 320 ) (-819 -1024 320 ) (-819 -1088 320 ) 
4 173 176 (-435 -1024 320 ) (-384 -1024 320 ) (-384 -1088 320 ) (-435 -1088 320 ) 
4 173 175 (-1024 -1088 320 ) (-384 -1088 320 ) (-256 -1088 448 ) (-1024 -1088 448 ) 
3 174 175 (0 -1088 320 ) (0 -1088 448 ) (-120 -1088 448 ) 
4 175 267 (-1024 -2048 320 ) (-1024 -2048 448 ) (-1024 -1088 448 ) (-1024 -1088 320 ) 
4 175 204 (-373.953003 -2048 448 ) (-381.953003 -2048 448 ) (-381.953003 -2048 320 ) (-373.953003 -2048 320 ) 
4 175 203 (0 -2048 320 ) (0 -2048 448 ) (-373.953003 -2048 448 ) (-373.953003 -2048 320 ) 
4 175 207 (-381.953003 -2048 448 ) (-1024 -2048 448 ) (-1024 -2048 320 ) (-381.953003 -2048 320 ) 
4 175 179 (0 -2048 320 ) (-1024 -2048 320 ) (-1024 -1088 320 ) (0 -1088 320 ) 
4 176 191 (-384 -1088 192 ) (-435 -1088 192 ) (-435 -1024 192 ) (-384 -1024 192 ) 
4 176 177 (-435 -1046 192 ) (-435 -1088 192 ) (-435 -1088 320 ) (-435 -1046 320 ) 
4 176 179 (-435 -1088 192 ) (-384 -1088 192 ) (-384 -1088 320 ) (-435 -1088 320 ) 
4 177 192 (-435 -1088 192 ) (-819 -1088 192 ) (-819 -1046 192 ) (-435 -1046 192 ) 
4 177 178 (-819 -1046 192 ) (-819 -1088 192 ) (-819 -1088 320 ) (-819 -1046 320 ) 
4 177 179 (-819 -1088 192 ) (-435 -1088 192 ) (-435 -1088 320 ) (-819 -1088 320 ) 
4 178 267 (-1024 -1088 320 ) (-1024 -1024 320 ) (-1024 -1024 192 ) (-1024 -1088 192 ) 
4 178 193 (-819 -1088 192 ) (-1024 -1088 192 ) (-1024 -1024 192 ) (-819 -1024 192 ) 
4 178 179 (-1024 -1088 192 ) (-819 -1088 192 ) (-819 -1088 320 ) (-1024 -1088 320 ) 
4 179 267 (-1024 -2048 192 ) (-1024 -2048 320 ) (-1024 -1088 320 ) (-1024 -1088 192 ) 
4 179 204 (-373.953003 -2048 320 ) (-381.953003 -2048 320 ) (-381.953003 -2048 192 ) (-373.953003 -2048 192 ) 
4 179 203 (0 -2048 192 ) (0 -2048 320 ) (-373.953003 -2048 320 ) (-373.953003 -2048 192 ) 
4 179 207 (-381.953003 -2048 320 ) (-1024 -2048 320 ) (-1024 -2048 192 ) (-381.953003 -2048 192 ) 
4 179 192 (-435 -2048 192 ) (-819 -2048 192 ) (-819 -1088 192 ) (-435 -1088 192 ) 
4 179 191 (-384 -2048 192 ) (-435 -2048 192 ) (-435 -1088 192 ) (-384 -1088 192 ) 
4 179 193 (-819 -2048 192 ) (-1024 -2048 192 ) (-1024 -1088 192 ) (-819 -1088 192 ) 
4 179 190 (-382 -2048 192 ) (-384 -2048 192 ) (-384 -1088 192 ) (-382 -1088 192 ) 
4 179 188 (-376 -2048 192 ) (-382 -2048 192 ) (-382 -1840 192 ) (-376 -1840 192 ) 
4 179 187 (0 -1840 192 ) (0 -2048 192 ) (-224 -2048 192 ) (-224 -1840 192 ) 
4 179 180 (0 -1088 192 ) (0 -1840 192 ) (-382 -1840 192 ) (-382 -1088 192 ) 
4 180 190 (-382 -1840 145 ) (-382 -1840 192 ) (-382 -1088 192 ) (-382 -1088 145 ) 
4 180 188 (-382 -1840 192 ) (-382 -1840 145 ) (-376 -1840 145 ) (-376 -1840 192 ) 
4 180 187 (-224 -1840 145 ) (0 -1840 145 ) (0 -1840 192 ) (-224 -1840 192 ) 
4 180 185 (-373.953003 -1840 145 ) (-382 -1840 145 ) (-382 -1483 145 ) (-373.953003 -1483 145 ) 
4 180 184 (0 -1840 145 ) (-373.953003 -1840 145 ) (-373.953003 -1483 145 ) (0 -1483 145 ) 
4 180 182 (-382 -1470.849976 145 ) (-382 -1088 145 ) (-373.953003 -1088 145 ) (-373.953003 -1470.849976 145 ) 
4 180 181 (-373.953003 -1088 145 ) (0 -1088 145 ) (0 -1470.849976 145 ) (-373.953003 -1470.849976 145 ) 
4 181 194 (-373.953003 -1088 64 ) (0 -1088 64 ) (0 -1470.849976 64 ) (-373.953003 -1470.849976 64 ) 
4 181 183 (-373.953003 -1470.849976 64 ) (-373.953003 -1470.849976 144 ) (-373.953003 -1088 144 ) (-373.953003 -1088 64 ) 
4 181 182 (-373.953003 -1470.849976 144 ) (-373.953003 -1470.849976 145 ) (-373.953003 -1088 145 ) (-373.953003 -1088 144 ) 
4 182 190 (-382 -1470.849976 144 ) (-382 -1470.849976 145 ) (-382 -1088 145 ) (-382 -1088 144 ) 
4 182 183 (-382 -1088 144 ) (-373.953003 -1088 144 ) (-373.953003 -1470.849976 144 ) (-382 -1470.849976 144 ) 
4 183 195 (-382 -1470.849976 64 ) (-382 -1088 64 ) (-373.953003 -1088 64 ) (-373.953003 -1470.849976 64 ) 
4 183 190 (-382 -1088 64 ) (-382 -1470.849976 64 ) (-382 -1470.849976 144 ) (-382 -1088 144 ) 
4 184 194 (-373.953003 -1483 64 ) (0 -1483 64 ) (0 -1840 64 ) (-373.953003 -1840 64 ) 
4 184 187 (-224 -1840 64 ) (0 -1840 64 ) (0 -1840 145 ) (-224 -1840 145 ) 
4 184 186 (-373.953003 -1483 144 ) (-373.953003 -1483 64 ) (-373.953003 -1840 64 ) (-373.953003 -1840 144 ) 
4 184 185 (-373.953003 -1483 145 ) (-373.953003 -1483 144 ) (-373.953003 -1840 144 ) (-373.953003 -1840 145 ) 
4 185 190 (-382 -1840 144 ) (-382 -1840 145 ) (-382 -1483 145 ) (-382 -1483 144 ) 
4 185 188 (-382 -1840 145 ) (-382 -1840 144 ) (-376 -1840 144 ) (-376 -1840 145 ) 
4 185 186 (-382 -1483 144 ) (-373.953003 -1483 144 ) (-373.953003 -1840 144 ) (-382 -1840 144 ) 
4 186 195 (-382 -1840 64 ) (-382 -1483 64 ) (-373.953003 -1483 64 ) (-373.953003 -1840 64 ) 
4 186 190 (-382 -1483 64 ) (-382 -1840 64 ) (-382 -1840 144 ) (-382 -1483 144 ) 
4 186 189 (-382 -1840 144 ) (-382 -1840 64 ) (-376 -1840 64 ) (-376 -1840 144 ) 
4 187 203 (0 -2048 64 ) (0 -2048 192 ) (-224 -2048 192 ) (-224 -2048 64 ) 
4 187 194 (0 -2048 64 ) (-224 -2048 64 ) (-224 -1840 64 ) (0 -1840 64 ) 
4 188 204 (-376 -2048 192 ) (-382 -2048 192 ) (-382 -2048 144 ) (-376 -2048 144 ) 
4 188 190 (-382 -2048 144 ) (-382 -2048 192 ) (-382 -1840 192 ) (-382 -1840 144 ) 
4 188 189 (-382 -2048 144 ) (-382 -1840 144 ) (-376 -1840 144 ) (-376 -2048 144 ) 
4 189 205 (-382 -2048 144 ) (-382 -2048 64 ) (-376 -2048 64 ) (-376 -2048 144 ) 
4 189 195 (-376 -2048 64 ) (-382 -2048 64 ) (-382 -1840 64 ) (-376 -1840 64 ) 
4 189 190 (-382 -1840 64 ) (-382 -2048 64 ) (-382 -2048 144 ) (-382 -1840 144 ) 
4 190 207 (-382 -2048 192 ) (-384 -2048 192 ) (-384 -2048 64 ) (-382 -2048 64 ) 
4 190 197 (-382 -2048 64 ) (-384 -2048 64 ) (-384 -1088 64 ) (-382 -1088 64 ) 
4 190 191 (-384 -1088 64 ) (-384 -2048 64 ) (-384 -2048 192 ) (-384 -1088 192 ) 
4 191 207 (-384 -2048 192 ) (-435 -2048 192 ) (-435 -2048 64 ) (-384 -2048 64 ) 
4 191 197 (-384 -2048 64 ) (-435 -2048 64 ) (-435 -1024 64 ) (-384 -1024 64 ) 
4 191 192 (-435 -1046 64 ) (-435 -2048 64 ) (-435 -2048 192 ) (-435 -1046 192 ) 
4 192 207 (-435 -2048 192 ) (-819 -2048 192 ) (-819 -2048 64 ) (-435 -2048 64 ) 
4 192 197 (-435 -2048 64 ) (-819 -2048 64 ) (-819 -1046 64 ) (-435 -1046 64 ) 
4 192 193 (-819 -1046 64 ) (-819 -2048 64 ) (-819 -2048 192 ) (-819 -1046 192 ) 
4 193 267 (-1024 -2048 64 ) (-1024 -2048 192 ) (-1024 -1024 192 ) (-1024 -1024 64 ) 
4 193 207 (-819 -2048 192 ) (-1024 -2048 192 ) (-1024 -2048 64 ) (-819 -2048 64 ) 
4 193 197 (-819 -2048 64 ) (-1024 -2048 64 ) (-1024 -1024 64 ) (-819 -1024 64 ) 
4 194 203 (0 -2048 -711 ) (0 -2048 64 ) (-373.953003 -2048 64 ) (-373.953003 -2048 -711 ) 
4 194 196 (-373.953003 -1024 -711 ) (-373.953003 -2048 -711 ) (-373.953003 -2048 63 ) (-373.953003 -1024 63 ) 
4 194 195 (-373.953003 -2048 63 ) (-373.953003 -2048 64 ) (-373.953003 -1024 64 ) (-373.953003 -1024 63 ) 
4 195 205 (-373.953003 -2048 64 ) (-381.953003 -2048 64 ) (-381.953003 -2048 63 ) (-373.953003 -2048 63 ) 
4 195 197 (-381.953003 -2048 63 ) (-381.953003 -2048 64 ) (-381.953003 -1024 64 ) (-381.953003 -1024 63 ) 
4 195 196 (-381.953003 -2048 63 ) (-381.953003 -1024 63 ) (-373.953003 -1024 63 ) (-373.953003 -2048 63 ) 
4 196 206 (-381.953003 -2048 63 ) (-381.953003 -2048 -711 ) (-373.953003 -2048 -711 ) (-373.953003 -2048 63 ) 
4 196 197 (-381.953003 -1024 -711 ) (-381.953003 -2048 -711 ) (-381.953003 -2048 63 ) (-381.953003 -1024 63 ) 
4 197 267 (-1024 -2048 -711 ) (-1024 -2048 64 ) (-1024 -1024 64 ) (-1024 -1024 -711 ) 
4 197 207 (-381.953003 -2048 64 ) (-1024 -2048 64 ) (-1024 -2048 -711 ) (-381.953003 -2048 -711 ) 
4 198 208 (2048 -3072 -711 ) (2048 -3072 2715 ) (1024 -3072 2715 ) (1024 -3072 -711 ) 
4 198 202 (1024 -3072 -711 ) (1024 -3072 63 ) (1024 -2048 63 ) (1024 -2048 -711 ) 
4 198 199 (1024 -3072 63 ) (1024 -3072 2715 ) (1024 -2048 2715 ) (1024 -2048 63 ) 
4 199 209 (1024 -3072 63 ) (1024 -3072 2715 ) (520 -3072 2715 ) (520 -3072 63 ) 
4 199 202 (520 -2048 63 ) (1024 -2048 63 ) (1024 -3072 63 ) (520 -3072 63 ) 
4 199 200 (520 -3072 144 ) (520 -3072 2715 ) (520 -2048 2715 ) (520 -2048 144 ) 
4 200 209 (520 -3072 2715 ) (512 -3072 2715 ) (512 -3072 144 ) (520 -3072 144 ) 
4 200 201 (512 -3072 144 ) (512 -3072 2715 ) (512 -2048 2715 ) (512 -2048 144 ) 
4 201 209 (512 -3072 2715 ) (0 -3072 2715 ) (0 -3072 63 ) (512 -3072 63 ) 
4 201 203 (0 -2048 2715 ) (0 -2048 63 ) (0 -3072 63 ) (0 -3072 2715 ) 
4 201 202 (0 -3072 63 ) (0 -2048 63 ) (512 -2048 63 ) (512 -3072 63 ) 
4 202 209 (1024 -3072 -711 ) (1024 -3072 63 ) (0 -3072 63 ) (0 -3072 -711 ) 
4 202 203 (0 -2048 63 ) (0 -2048 -711 ) (0 -3072 -711 ) (0 -3072 63 ) 
4 203 210 (-373.953003 -3072 -711 ) (0 -3072 -711 ) (0 -3072 2715 ) (-373.953003 -3072 2715 ) 
4 203 205 (-373.953003 -3072 63 ) (-373.953003 -3072 144 ) (-373.953003 -2048 144 ) (-373.953003 -2048 63 ) 
4 203 204 (-373.953003 -3072 144 ) (-373.953003 -3072 2715 ) (-373.953003 -2048 2715 ) (-373.953003 -2048 144 ) 
4 203 206 (-373.953003 -2048 -711 ) (-373.953003 -3072 -711 ) (-373.953003 -3072 63 ) (-373.953003 -2048 63 ) 
4 204 210 (-373.953003 -3072 144 ) (-373.953003 -3072 2715 ) (-381.953003 -3072 2715 ) (-381.953003 -3072 144 ) 
4 204 207 (-381.953003 -3072 144 ) (-381.953003 -3072 2715 ) (-381.953003 -2048 2715 ) (-381.953003 -2048 144 ) 
4 204 205 (-381.953003 -3072 144 ) (-381.953003 -2048 144 ) (-373.953003 -2048 144 ) (-373.953003 -3072 144 ) 
4 205 210 (-373.953003 -3072 63 ) (-373.953003 -3072 144 ) (-381.953003 -3072 144 ) (-381.953003 -3072 63 ) 
4 205 206 (-381.953003 -3072 63 ) (-381.953003 -2048 63 ) (-373.953003 -2048 63 ) (-373.953003 -3072 63 ) 
4 205 207 (-381.953003 -3072 63 ) (-381.953003 -3072 144 ) (-381.953003 -2048 144 ) (-381.953003 -2048 63 ) 
4 206 210 (-381.953003 -3072 -711 ) (-373.953003 -3072 -711 ) (-373.953003 -3072 63 ) (-381.953003 -3072 63 ) 
4 206 207 (-381.953003 -2048 -711 ) (-381.953003 -3072 -711 ) (-381.953003 -3072 63 ) (-381.953003 -2048 63 ) 
4 207 270 (-1024 -3072 -711 ) (-1024 -3072 2715 ) (-1024 -2048 2715 ) (-1024 -2048 -711 ) 
4 207 210 (-1024 -3072 2715 ) (-1024 -3072 -711 ) (-381.953003 -3072 -711 ) (-381.953003 -3072 2715 ) 
4 208 209 (1024 -3072 2715 ) (1024 -3072 -711 ) (1024 -3133.590332 -711 ) (1024 -3133.590332 2715 ) 
4 209 210 (0 -3072 2715 ) (0 -3072 -711 ) (0 -3133.590332 -711 ) (0 -3133.590332 2715 ) 
4 210 272 (-1024 -3133.590332 2715 ) (-1024 -3072 2715 ) (-1024 -3072 -711 ) (-1024 -3133.590332 -711 ) 
4 211 267 (-1024 -1024 200 ) (-1024 -1024 2715 ) (-1664 -1024 2715 ) (-1664 -1024 200 ) 
4 211 237 (-1664 -920 200 ) (-1664 -1024 200 ) (-1664 -1024 2715 ) (-1664 -920 2715 ) 
4 211 229 (-1664 0 2715 ) (-1664 0 200 ) (-1664 -920 200 ) (-1664 -920 2715 ) 
4 211 213 (-1664 -554 200 ) (-1664 0 200 ) (-1544 0 200 ) (-1544 -554 200 ) 
4 211 212 (-1544 0 200 ) (-1024 0 200 ) (-1024 -1024 200 ) (-1544 -1024 200 ) 
4 212 267 (-1024 -1024 192 ) (-1024 -1024 200 ) (-1544 -1024 200 ) (-1544 -1024 192 ) 
4 212 225 (-1024 -1024 192 ) (-1544 -1024 192 ) (-1544 -1008 192 ) (-1024 -1008 192 ) 
4 212 219 (-1544 -1008 192 ) (-1544 0 192 ) (-1287 0 192 ) (-1287 -1008 192 ) 
4 212 217 (-1024 -576 192 ) (-1024 -584 192 ) (-1287 -584 192 ) (-1287 -576 192 ) 
4 212 216 (-1024 -8 192 ) (-1024 -576 192 ) (-1287 -576 192 ) (-1287 -8 192 ) 
4 212 218 (-1024 -584 192 ) (-1024 -1008 192 ) (-1287 -1008 192 ) (-1287 -584 192 ) 
4 212 214 (-1200 0 192 ) (-1024 0 192 ) (-1024 -8 192 ) (-1200 -8 192 ) 
4 212 215 (-1287 0 192 ) (-1200 0 192 ) (-1200 -8 192 ) (-1287 -8 192 ) 
4 212 213 (-1544 0 192 ) (-1544 -554 192 ) (-1544 -554 200 ) (-1544 0 200 ) 
4 213 230 (-1664 0 200 ) (-1664 0 192 ) (-1664 -554 192 ) (-1664 -554 200 ) 
4 213 221 (-1664 -554 192 ) (-1664 0 192 ) (-1560 0 192 ) (-1560 -554 192 ) 
4 213 220 (-1560 0 192 ) (-1544 0 192 ) (-1544 -554 192 ) (-1560 -554 192 ) 
4 214 216 (-1024 -8 143 ) (-1024 -8 192 ) (-1200 -8 192 ) (-1200 -8 143 ) 
4 214 215 (-1200 -8 143 ) (-1200 -8 192 ) (-1200 0 192 ) (-1200 0 143 ) 
4 215 228 (-1287 0 64 ) (-1200 0 64 ) (-1200 -8 64 ) (-1287 -8 64 ) 
4 215 219 (-1287 0 64 ) (-1287 -8 64 ) (-1287 -8 192 ) (-1287 0 192 ) 
4 215 216 (-1287 -8 192 ) (-1287 -8 64 ) (-1200 -8 64 ) (-1200 -8 192 ) 
4 216 227 (-1024 -8 64 ) (-1024 -576 64 ) (-1200 -576 64 ) (-1200 -8 64 ) 
4 216 228 (-1200 -576 64 ) (-1287 -576 64 ) (-1287 -8 64 ) (-1200 -8 64 ) 
4 216 219 (-1287 -8 64 ) (-1287 -576 64 ) (-1287 -576 192 ) (-1287 -8 192 ) 
4 216 217 (-1287 -576 192 ) (-1287 -576 144 ) (-1024 -576 144 ) (-1024 -576 192 ) 
4 217 219 (-1287 -584 144 ) (-1287 -584 192 ) (-1287 -576 192 ) (-1287 -576 144 ) 
4 217 218 (-1287 -584 192 ) (-1287 -584 144 ) (-1024 -584 144 ) (-1024 -584 192 ) 
4 218 227 (-1024 -584 64 ) (-1024 -1008 64 ) (-1200 -1008 64 ) (-1200 -584 64 ) 
4 218 228 (-1200 -1008 64 ) (-1287 -1008 64 ) (-1287 -584 64 ) (-1200 -584 64 ) 
4 218 225 (-1287 -1008 64 ) (-1024 -1008 64 ) (-1024 -1008 192 ) (-1287 -1008 192 ) 
4 218 219 (-1287 -584 64 ) (-1287 -1008 64 ) (-1287 -1008 192 ) (-1287 -584 192 ) 
4 219 228 (-1544 0 64 ) (-1287 0 64 ) (-1287 -1008 64 ) (-1544 -1008 64 ) 
4 219 225 (-1544 -1008 64 ) (-1287 -1008 64 ) (-1287 -1008 192 ) (-1544 -1008 192 ) 
4 219 220 (-1544 0 64 ) (-1544 -554 64 ) (-1544 -554 192 ) (-1544 0 192 ) 
4 220 228 (-1560 0 64 ) (-1544 0 64 ) (-1544 -554 64 ) (-1560 -554 64 ) 
4 220 224 (-1560 0 64 ) (-1560 -554 64 ) (-1560 -554 72 ) (-1560 0 72 ) 
4 220 221 (-1560 -554 72 ) (-1560 -554 192 ) (-1560 0 192 ) (-1560 0 72 ) 
4 221 231 (-1664 0 192 ) (-1664 0 72 ) (-1664 -632 72 ) (-1664 -632 192 ) 
4 221 224 (-1560 0 72 ) (-1560 -554 72 ) (-1664 -554 72 ) (-1664 0 72 ) 
4 222 238 (-1664 -936 72 ) (-1664 -984 72 ) (-1664 -984 192 ) (-1664 -936 192 ) 
4 222 223 (-1560 -760.001953 192 ) (-1560 -760.001953 72 ) (-1664 -864.001953 72 ) (-1664 -864.001953 192 ) 
4 223 232 (-1664 -692 72 ) (-1664 -760 72 ) (-1664 -760 167.970993 ) (-1664 -692 167.970993 ) 
4 224 261 (-1664 0 72 ) (-1664 0 64 ) (-1664 -554 64 ) (-1664 -554 72 ) 
4 224 228 (-1664 -554 64 ) (-1664 0 64 ) (-1560 0 64 ) (-1560 -554 64 ) 
4 225 267 (-1024 -1024 64 ) (-1024 -1024 192 ) (-1544 -1024 192 ) (-1544 -1024 64 ) 
4 225 227 (-1200 -1008 64 ) (-1024 -1008 64 ) (-1024 -1024 64 ) (-1200 -1024 64 ) 
4 225 228 (-1544 -1008 64 ) (-1200 -1008 64 ) (-1200 -1024 64 ) (-1544 -1024 64 ) 
4 226 227 (-1200 -8 63 ) (-1200 -8 -711 ) (-1024 -8 -711 ) (-1024 -8 63 ) 
4 226 228 (-1200 0 -711 ) (-1200 -8 -711 ) (-1200 -8 63 ) (-1200 0 63 ) 
4 227 267 (-1024 -1024 -711 ) (-1024 -1024 64 ) (-1200 -1024 64 ) (-1200 -1024 -711 ) 
4 227 228 (-1200 -8 -711 ) (-1200 -1024 -711 ) (-1200 -1024 64 ) (-1200 -8 64 ) 
4 228 267 (-1200 -1024 64 ) (-1664 -1024 64 ) (-1664 -1024 -711 ) (-1200 -1024 -711 ) 
4 228 266 (-1664 0 64 ) (-1664 0 -711 ) (-1664 -1024 -711 ) (-1664 -1024 64 ) 
4 229 237 (-1664 -920 200 ) (-1664 -920 2715 ) (-1672 -920 2715 ) (-1672 -920 200 ) 
4 229 233 (-1672 -920 200 ) (-1672 -920 2715 ) (-1672 0 2715 ) (-1672 0 200 ) 
4 229 230 (-1672 -554 200 ) (-1672 0 200 ) (-1664 0 200 ) (-1664 -554 200 ) 
4 230 234 (-1672 -554 200 ) (-1672 0 200 ) (-1672 0 192 ) (-1672 -554 192 ) 
4 230 231 (-1672 -554 192 ) (-1672 0 192 ) (-1664 0 192 ) (-1664 -554 192 ) 
4 231 261 (-1672 0 72 ) (-1664 0 72 ) (-1664 -554 72 ) (-1672 -554 72 ) 
4 231 235 (-1672 -554 72 ) (-1672 -648 72 ) (-1672 -648 192 ) (-1672 -554 192 ) 
4 231 234 (-1672 0 72 ) (-1672 -554 72 ) (-1672 -554 192 ) (-1672 0 192 ) 
4 232 236 (-1672 -692 72 ) (-1672 -760 72 ) (-1672 -760 167.970993 ) (-1672 -692 167.970993 ) 
4 233 241 (-1934 -920 200 ) (-1934 -920 2715 ) (-1934 -554 2715 ) (-1934 -554 200 ) 
4 233 240 (-1934 -554 2715 ) (-1934 0 2715 ) (-1934 0 200 ) (-1934 -554 200 ) 
4 233 237 (-1934 -920 2715 ) (-1934 -920 200 ) (-1672 -920 200 ) (-1672 -920 2715 ) 
4 233 234 (-1672 0 200 ) (-1672 -554 200 ) (-1934 -554 200 ) (-1934 0 200 ) 
4 234 261 (-1934 0 72 ) (-1672 0 72 ) (-1672 -554 72 ) (-1934 -554 72 ) 
4 234 242 (-1934 0 72 ) (-1934 -554 72 ) (-1934 -554 192 ) (-1934 0 192 ) 
4 234 240 (-1934 -554 192 ) (-1934 -554 200 ) (-1934 0 200 ) (-1934 0 192 ) 
4 234 235 (-1672 -554 72 ) (-1672 -554 192 ) (-1934 -554 192 ) (-1934 -554 72 ) 
4 235 242 (-1934 -554 72 ) (-1934 -648 72 ) (-1934 -648 192 ) (-1934 -554 192 ) 
4 236 248 (-1934 -823.990295 176.634995 ) (-1934 -768 176.634995 ) (-1934 -768 132 ) (-1934 -802.985413 147.993378 ) 
4 236 247 (-1934 -768 132 ) (-1934 -768 108.285004 ) (-1934 -773.864563 108.285004 ) (-1934 -802.985413 147.993378 ) 
4 236 246 (-1934 -824 108.285004 ) (-1934 -824 176.634995 ) (-1934 -823.990295 176.634995 ) (-1934 -773.864563 108.285004 ) 
4 236 245 (-1934 -752 108.285004 ) (-1934 -752 145.829010 ) (-1934 -696 145.829010 ) (-1934 -696 108.285004 ) 
4 236 244 (-1934 -752 145.829010 ) (-1934 -752 153.529999 ) (-1934 -696 153.529999 ) (-1934 -696 145.829010 ) 
4 236 243 (-1934 -752 153.529999 ) (-1934 -752 176.634995 ) (-1934 -696 176.634995 ) (-1934 -696 153.529999 ) 
4 237 267 (-1664 -1024 200 ) (-1664 -1024 2715 ) (-1934 -1024 2715 ) (-1934 -1024 200 ) 
4 237 241 (-1934 -1024 200 ) (-1934 -1024 2715 ) (-1934 -920 2715 ) (-1934 -920 200 ) 
4 238 249 (-1934 -936 72 ) (-1934 -984 72 ) (-1934 -984 192 ) (-1934 -936 192 ) 
4 238 239 (-1672 -984 192 ) (-1934 -984 192 ) (-1934 -984 72 ) (-1672 -984 72 ) 
4 239 249 (-1934 -984 72 ) (-1934 -1008 72 ) (-1934 -1008 192 ) (-1934 -984 192 ) 
4 240 251 (-1942 0 200 ) (-1942 0 192 ) (-1942 -554 192 ) (-1942 -554 200 ) 
4 240 250 (-1942 0 2715 ) (-1942 0 200 ) (-1942 -554 200 ) (-1942 -554 2715 ) 
4 240 242 (-1942 -554 192 ) (-1942 0 192 ) (-1934 0 192 ) (-1934 -554 192 ) 
4 240 241 (-1934 -554 200 ) (-1934 -554 2715 ) (-1942 -554 2715 ) (-1942 -554 200 ) 
4 241 267 (-1942 -1024 2715 ) (-1942 -1024 200 ) (-1934 -1024 200 ) (-1934 -1024 2715 ) 
4 241 250 (-1942 -1024 200 ) (-1942 -1024 2715 ) (-1942 -554 2715 ) (-1942 -554 200 ) 
4 242 261 (-1942 0 72 ) (-1934 0 72 ) (-1934 -554 72 ) (-1942 -554 72 ) 
4 242 253 (-1942 0 192 ) (-1942 0 72 ) (-1942 -648 72 ) (-1942 -648 192 ) 
4 243 244 (-1934 -752 153.529999 ) (-1942 -752 153.529999 ) (-1942 -696 153.529999 ) (-1934 -696 153.529999 ) 
4 244 245 (-1934 -752 145.829010 ) (-1942 -752 145.829010 ) (-1942 -696 145.829010 ) (-1934 -696 145.829010 ) 
4 246 248 (-1942 -802.988159 147.998657 ) (-1942 -823.989014 176.634995 ) (-1934 -823.989014 176.634995 ) (-1934 -802.983704 147.992599 ) 
4 246 247 (-1934 -773.863647 108.285004 ) (-1942 -773.863647 108.285004 ) (-1942 -802.988159 147.998657 ) (-1934 -802.983704 147.992599 ) 
4 247 248 (-1942 -802.988647 147.997971 ) (-1934 -802.984253 147.991959 ) (-1934 -768 132 ) (-1942 -768 132.003052 ) 
4 249 258 (-1942 -936 72 ) (-1942 -1008 72 ) (-1942 -1008 192 ) (-1942 -936 192 ) 
4 250 268 (-2048 0 2715 ) (-2048 0 200 ) (-2048 -1024 200 ) (-2048 -1024 2715 ) 
4 250 267 (-2048 -1024 2715 ) (-2048 -1024 200 ) (-1942 -1024 200 ) (-1942 -1024 2715 ) 
4 250 259 (-1998 -1024 200 ) (-1999 -1024 200 ) (-1999 -1008 200 ) (-1998 -1008 200 ) 
4 250 251 (-1998 0 200 ) (-1942 0 200 ) (-1942 -554 200 ) (-1998 -554 200 ) 
4 250 252 (-1999 0 200 ) (-1998 0 200 ) (-1998 -936 200 ) (-1999 -936 200 ) 
4 250 260 (-2048 0 200 ) (-1999 0 200 ) (-1999 -1024 200 ) (-2048 -1024 200 ) 
4 251 253 (-1950 0 192 ) (-1942 0 192 ) (-1942 -554 192 ) (-1950 -554 192 ) 
4 251 256 (-1998 -554 192 ) (-1998 0 192 ) (-1950 0 192 ) (-1950 -554 192 ) 
4 251 252 (-1998 0 192 ) (-1998 -554 192 ) (-1998 -554 200 ) (-1998 0 200 ) 
4 252 257 (-1999 -920 192 ) (-1999 -824 192 ) (-1998 -824 192 ) (-1998 -920 192 ) 
4 252 256 (-1999 -824 192 ) (-1999 0 192 ) (-1998 0 192 ) (-1998 -824 192 ) 
4 252 260 (-1999 -936 192 ) (-1999 -936 200 ) (-1999 0 200 ) (-1999 0 192 ) 
4 253 261 (-1950 0 72 ) (-1942 0 72 ) (-1942 -554 72 ) (-1950 -554 72 ) 
4 253 254 (-1950 -696 192 ) (-1950 -696 178 ) (-1942 -696 178 ) (-1942 -696 192 ) 
4 253 255 (-1950 -696 106 ) (-1950 -696 72 ) (-1942 -696 72 ) (-1942 -696 106 ) 
4 253 256 (-1950 0 72 ) (-1950 -696 72 ) (-1950 -696 192 ) (-1950 0 192 ) 
4 254 257 (-1942 -824 178 ) (-1942 -824 192 ) (-1950 -824 192 ) (-1950 -824 178 ) 
4 254 256 (-1950 -824 178 ) (-1950 -824 192 ) (-1950 -696 192 ) (-1950 -696 178 ) 
4 255 257 (-1942 -824 72 ) (-1942 -824 106 ) (-1950 -824 106 ) (-1950 -824 72 ) 
4 255 256 (-1950 -696 72 ) (-1950 -824 72 ) (-1950 -824 106 ) (-1950 -696 106 ) 
4 256 262 (-1998 -824 72 ) (-1999 -824 72 ) (-1999 -554 72 ) (-1998 -554 72 ) 
4 256 261 (-1999 0 72 ) (-1950 0 72 ) (-1950 -554 72 ) (-1999 -554 72 ) 
4 256 257 (-1950 -824 192 ) (-1999 -824 192 ) (-1999 -824 72 ) (-1950 -824 72 ) 
4 256 260 (-1999 0 72 ) (-1999 -824 72 ) (-1999 -824 192 ) (-1999 0 192 ) 
4 257 262 (-1998 -920 72 ) (-1999 -920 72 ) (-1999 -824 72 ) (-1998 -824 72 ) 
4 257 260 (-1999 -824 72 ) (-1999 -920 72 ) (-1999 -920 192 ) (-1999 -824 192 ) 
4 259 267 (-1999 -1024 72 ) (-1998 -1024 72 ) (-1998 -1024 200 ) (-1999 -1024 200 ) 
4 259 265 (-1998 -1024 72 ) (-1999 -1024 72 ) (-1999 -1008 72 ) (-1998 -1008 72 ) 
4 259 260 (-1999 -1008 72 ) (-1999 -1024 72 ) (-1999 -1024 200 ) (-1999 -1008 200 ) 
4 260 268 (-2048 0 200 ) (-2048 0 72 ) (-2048 -1024 72 ) (-2048 -1024 200 ) 
4 260 267 (-2048 -1024 200 ) (-2048 -1024 72 ) (-1999 -1024 72 ) (-1999 -1024 200 ) 
4 260 265 (-1999 -1008 72 ) (-1999 -1024 72 ) (-2048 -1024 72 ) (-2048 -1008 72 ) 
4 260 264 (-1999 -554 72 ) (-1999 -1008 72 ) (-2048 -1008 72 ) (-2048 -554 72 ) 
4 260 261 (-2048 0 72 ) (-1999 0 72 ) (-1999 -554 72 ) (-2048 -554 72 ) 
4 261 268 (-2048 0 72 ) (-2048 0 64 ) (-2048 -554 64 ) (-2048 -554 72 ) 
4 261 266 (-2048 -554 64 ) (-2048 0 64 ) (-1664 0 64 ) (-1664 -554 64 ) 
4 261 262 (-1999 -554 64 ) (-1998 -554 64 ) (-1998 -554 72 ) (-1999 -554 72 ) 
4 261 264 (-2048 -554 64 ) (-1999 -554 64 ) (-1999 -554 72 ) (-2048 -554 72 ) 
4 262 266 (-1999 -554 64 ) (-1998 -554 64 ) (-1998 -920 64 ) (-1999 -920 64 ) 
4 262 264 (-1999 -554 72 ) (-1999 -554 64 ) (-1999 -920 64 ) (-1999 -920 72 ) 
4 263 266 (-1998 -1008 64 ) (-1999 -1008 64 ) (-1999 -936 64 ) (-1998 -936 64 ) 
4 263 265 (-1999 -1008 64 ) (-1998 -1008 64 ) (-1998 -1008 72 ) (-1999 -1008 72 ) 
4 263 264 (-1999 -936 64 ) (-1999 -1008 64 ) (-1999 -1008 72 ) (-1999 -936 72 ) 
4 264 268 (-2048 -554 64 ) (-2048 -1008 64 ) (-2048 -1008 72 ) (-2048 -554 72 ) 
4 264 266 (-2048 -1008 64 ) (-2048 -554 64 ) (-1999 -554 64 ) (-1999 -1008 64 ) 
4 264 265 (-2048 -1008 64 ) (-1999 -1008 64 ) (-1999 -1008 72 ) (-2048 -1008 72 ) 
4 265 268 (-2048 -1008 64 ) (-2048 -1024 64 ) (-2048 -1024 72 ) (-2048 -1008 72 ) 
4 265 267 (-1998 -1024 72 ) (-2048 -1024 72 ) (-2048 -1024 64 ) (-1998 -1024 64 ) 
4 265 266 (-2048 -1024 64 ) (-2048 -1008 64 ) (-1998 -1008 64 ) (-1998 -1024 64 ) 
4 266 268 (-2048 0 64 ) (-2048 0 -711 ) (-2048 -1024 -711 ) (-2048 -1024 64 ) 
4 266 267 (-1664 -1024 -711 ) (-1664 -1024 64 ) (-2048 -1024 64 ) (-2048 -1024 -711 ) 
4 267 270 (-1024 -2048 -711 ) (-1024 -2048 2715 ) (-2048 -2048 2715 ) (-2048 -2048 -711 ) 
4 267 269 (-2048 -2048 -711 ) (-2048 -2048 2715 ) (-2048 -1024 2715 ) (-2048 -1024 -711 ) 
4 268 269 (-2048 -1024 -711 ) (-2048 -1024 2715 ) (-2099.909912 -1024 2715 ) (-2099.909912 -1024 -711 ) 
4 269 271 (-2048 -2048 -711 ) (-2048 -2048 2715 ) (-2099.909912 -2048 2715 ) (-2099.909912 -2048 -711 ) 
4 270 272 (-1024 -3072 -711 ) (-1024 -3072 2715 ) (-2048 -3072 2715 ) (-2048 -3072 -711 ) 
4 270 271 (-2048 -3072 -711 ) (-2048 -3072 2715 ) (-2048 -2048 2715 ) (-2048 -2048 -711 ) 
4 271 273 (-2048 -3072 -711 ) (-2048 -3072 2715 ) (-2099.909912 -3072 2715 ) (-2099.909912 -3072 -711 ) 
4 272 273 (-2048 -3072 2715 ) (-2048 -3072 -711 ) (-2048 -3133.590332 -711 ) (-2048 -3133.590332 2715 ) 
