


materialPath: C:\Program Files (x86)\Steam\steamapps\sourcemods\desertparablerus1\materials
Loading c:\program files (x86)\steam\steamapps\sourcemods\desertparablerus1\maps\limb.vmf
Map revision 1
Could not locate 'GameData' key in c:\program files (x86)\steam\steamapps\sourcemods\desertparablerus1\gameinfo.txt
fixing up env_cubemap materials on brush sides...
0...1...2...3...4...5...6...7...8...9...100...1...2...3...4...5...6...7...8...9...10Processing areas...done (0)
Building Faces...done (0)
FixTjuncs...
PruneNodes...
WriteBSP...
done (0)
writing c:\program files (x86)\steam\steamapps\sourcemods\desertparablerus1\maps\limb.prt...Building visibility clusters...
done (0)
Finding displacement neighbors...
Finding lightmap sample positions...
Displacement Alpha : 0...1...2...3...4...5...6...7...8...9...10
Building Physics collision data...
done (0) (2366 bytes)
Placing detail props : 0...1...2...3...4...5...6...7...8...9...10
Compacting texture/material tables...
Reduced 4 texinfos to 4
Reduced 2 texdatas to 2 (35 bytes to 35)
Writing c:\program files (x86)\steam\steamapps\sourcemods\desertparablerus1\maps\limb.bsp
0 seconds elapsed



8 threads
reading c:\program files (x86)\steam\steamapps\sourcemods\desertparablerus1\maps\limb.bsp
reading c:\program files (x86)\steam\steamapps\sourcemods\desertparablerus1\maps\limb.prt
   1 portalclusters
   0 numportals
0...1...2...3...4...5...6...7...8...9...100...1...2...3...4...5...6...7...8...9...10Optimized: 0 visible clusters (0.00%)
Total clusters visible: 1
Average clusters visible: 1
Building PAS...
Average clusters audible: 1
visdatasize:14  compressed from 16
writing c:\program files (x86)\steam\steamapps\sourcemods\desertparablerus1\maps\limb.bsp
0 seconds elapsed



[Reading texlights from 'lights.rad']
[48 texlights parsed from 'lights.rad']

Loading c:\program files (x86)\steam\steamapps\sourcemods\desertparablerus1\maps\limb.bsp
16 faces
21333 square feet [3072000.00 square inches]
0 Displacements
0 Square Feet [0.00 Square Inches]
16 patches before subdivision
2032 patches after subdivision
2 direct lights
0...1...2...3...4...5...6...7...8...9...100...1...2...3...4...5...6...7...8...9...10transfers 207752, max 236
transfer lists:   1.6 megs
0...1...2...3...4...5...6...7...8...9...10	Bounce #1 added RGB(0, 0, 0)
Build Patch/Sample Hash Table(s).....Done<0.0009 sec>
0...1...2...3...4...5...6...7...8...9...10FinalLightFace Done
0 of 0 (0% of) surface lights went in leaf ambient cubes.
0...1...2...3...4...5...6...7...8...9...10Writing leaf ambient...done
Ready to Finish

Object names       Objects/Maxobjs  Memory / Maxmem  Fullness 
------------       ---------------  ---------------  -------- 
models                   1/4096           48/196608   ( 0.0%) 
brushes                  6/32768          72/393216   ( 0.0%) 
brushsides              36/65536         288/524288   ( 0.1%) 
planes                  32/65536         640/1310720  ( 0.0%) 
vertexes                39/65536         468/786432   ( 0.1%) 
nodes                   10/65536         320/2097152  ( 0.0%) 
texinfos                 4/12288         288/884736   ( 0.0%) 
texdata                  2/2048           64/65536    ( 0.1%) 
dispinfos                0/0               0/0        ( 0.0%) 
disp_verts               0/0               0/0        ( 0.0%) 
disp_tris                0/0               0/0        ( 0.0%) 
disp_lmsamples           0/0               0/0        ( 0.0%) 
faces                   16/65536         896/3670016  ( 0.0%) 
hdr faces               16/65536         896/3670016  ( 0.0%) 
origfaces                6/65536         336/3670016  ( 0.0%) 
leaves                  12/65536         384/2097152  ( 0.0%) 
leaffaces               16/65536          32/131072   ( 0.0%) 
leafbrushes              6/65536          12/131072   ( 0.0%) 
areas                    2/1024           16/8192     ( 0.2%) 
surfedges               96/512000        384/2048000  ( 0.0%) 
edges                   61/256000        244/1024000  ( 0.0%) 
LDR worldlights          0/16384           0/1441792  ( 0.0%) 
HDR worldlights          2/16384         176/1441792  ( 0.0%) 
leafwaterdata            0/32768           0/393216   ( 0.0%) 
waterstrips              2/131072         20/1310720  ( 0.0%) 
waterverts               0/131072          0/1572864  ( 0.0%) 
waterindices            24/131072         48/262144   ( 0.0%) 
cubemapsamples           0/1024            0/16384    ( 0.0%) 
overlays                 0/1024            0/360448   ( 0.0%) 
LDR lightdata         [variable]           0/0        ( 0.0%) 
HDR lightdata         [variable]       51648/0        ( 0.0%) 
visdata               [variable]          14/16777216 ( 0.0%) 
entdata               [variable]         976/393216   ( 0.2%) 
LDR ambient table       12/65536          48/262144   ( 0.0%) 
HDR ambient table       12/65536          48/262144   ( 0.0%) 
LDR leaf ambient        12/65536         336/1835008  ( 0.0%) 
HDR leaf ambient         1/65536          28/1835008  ( 0.0%) 
occluders                0/0               0/0        ( 0.0%) 
occluder polygons        0/0               0/0        ( 0.0%) 
occluder vert ind        0/0               0/0        ( 0.0%) 
detail props          [variable]           1/12       ( 8.3%) 
static props          [variable]           1/12       ( 8.3%) 
pakfile               [variable]       86726/0        ( 0.0%) 
physics               [variable]        2366/4194304  ( 0.1%) 
physics terrain       [variable]           2/1048576  ( 0.0%) 

Level flags = 2

Total triangle count: 40
Writing c:\program files (x86)\steam\steamapps\sourcemods\desertparablerus1\maps\limb.bsp
1 second elapsed
