PRT1
75
194
4 0 7 (4096 1048 990.118042 ) (4096 1054 990.118042 ) (4096 1054 -94.117699 ) (4096 1048 -94.117699 ) 
4 0 2 (4544 1048 74.584900 ) (4544 1048 990.118042 ) (4096 1048 990.118042 ) (4096 1048 74.584900 ) 
4 0 3 (4096 1048 -94.117699 ) (4544 1048 -94.117699 ) (4544 1048 -64 ) (4096 1048 -64 ) 
4 0 1 (4544 1048 -94.117699 ) (4566.250000 1048 -94.117699 ) (4566.250000 1048 990.118042 ) (4544 1048 990.118042 ) 
4 1 4 (4544 1024 -94.117699 ) (4566.250000 1024 -94.117699 ) (4566.250000 1024 990.118042 ) (4544 1024 990.118042 ) 
4 1 2 (4544 1048 990.118042 ) (4544 1048 74.584900 ) (4544 1024 74.584900 ) (4544 1024 990.118042 ) 
4 1 3 (4544 1048 -64 ) (4544 1048 -94.117699 ) (4544 1024 -94.117699 ) (4544 1024 -64 ) 
4 2 8 (4096 1024 74.584900 ) (4096 1024 990.118042 ) (4096 1048 990.118042 ) (4096 1048 74.584900 ) 
4 2 5 (4096 1024 990.118042 ) (4096 1024 74.584900 ) (4544 1024 74.584900 ) (4544 1024 990.118042 ) 
4 3 9 (4096 1024 -94.117699 ) (4096 1024 -64 ) (4096 1048 -64 ) (4096 1048 -94.117699 ) 
4 3 6 (4096 1024 -64 ) (4096 1024 -94.117699 ) (4544 1024 -94.117699 ) (4544 1024 -64 ) 
4 4 17 (4566.250000 0 990.118042 ) (4544 0 990.118042 ) (4544 0 -94.117699 ) (4566.250000 0 -94.117699 ) 
4 4 5 (4544 0 74.584900 ) (4544 0 990.118042 ) (4544 1024 990.118042 ) (4544 1024 74.584900 ) 
4 4 6 (4544 1024 -94.117699 ) (4544 0 -94.117699 ) (4544 0 -64 ) (4544 1024 -64 ) 
4 5 18 (4544 0 990.118042 ) (4096 0 990.118042 ) (4096 0 74.584900 ) (4544 0 74.584900 ) 
4 5 13 (4096 0 74.584900 ) (4096 0 990.118042 ) (4096 1024 990.118042 ) (4096 1024 74.584900 ) 
4 6 19 (4096 0 -64 ) (4096 0 -94.117699 ) (4544 0 -94.117699 ) (4544 0 -64 ) 
4 6 14 (4096 0 -94.117699 ) (4096 0 -64 ) (4096 1024 -64 ) (4096 1024 -94.117699 ) 
4 7 10 (3072 1054 -94.117699 ) (3072 1048 -94.117699 ) (3072 1048 990.118042 ) (3072 1054 990.118042 ) 
4 7 8 (4096 1048 74.584900 ) (4096 1048 990.118042 ) (3072 1048 990.118042 ) (3072 1048 74.584900 ) 
4 7 9 (3072 1048 -94.117699 ) (4096 1048 -94.117699 ) (4096 1048 -64 ) (3072 1048 -64 ) 
4 8 13 (4096 1024 74.584900 ) (4096 1024 990.118042 ) (3072 1024 990.118042 ) (3072 1024 74.584900 ) 
4 8 11 (3072 1024 74.584900 ) (3072 1024 990.118042 ) (3072 1048 990.118042 ) (3072 1048 74.584900 ) 
4 9 14 (4096 1024 -94.117699 ) (4096 1024 -64 ) (3072 1024 -64 ) (3072 1024 -94.117699 ) 
4 9 12 (3072 1048 -94.117699 ) (3072 1024 -94.117699 ) (3072 1024 -64 ) (3072 1048 -64 ) 
4 10 30 (2048 1048 990.118042 ) (2048 1054 990.118042 ) (2048 1054 -94.117699 ) (2048 1048 -94.117699 ) 
4 10 11 (3072 1048 74.584900 ) (3072 1048 990.118042 ) (2048 1048 990.118042 ) (2048 1048 74.584900 ) 
4 10 12 (2048 1048 -94.117699 ) (3072 1048 -94.117699 ) (3072 1048 -64 ) (2048 1048 -64 ) 
4 11 31 (2048 1024 74.584900 ) (2048 1024 990.118042 ) (2048 1048 990.118042 ) (2048 1048 74.584900 ) 
4 11 15 (2048 1024 990.118042 ) (2048 1024 74.584900 ) (3072 1024 74.584900 ) (3072 1024 990.118042 ) 
4 12 32 (2048 1024 -94.117699 ) (2048 1024 -64 ) (2048 1048 -64 ) (2048 1048 -94.117699 ) 
4 12 16 (2048 1024 -64 ) (2048 1024 -94.117699 ) (3072 1024 -94.117699 ) (3072 1024 -64 ) 
4 13 22 (4096 0 74.584900 ) (4096 0 990.118042 ) (3072 0 990.118042 ) (3072 0 74.584900 ) 
4 13 15 (3072 1024 990.118042 ) (3072 1024 74.584900 ) (3072 0 74.584900 ) (3072 0 990.118042 ) 
4 14 24 (4096 0 -94.117699 ) (4096 0 -64 ) (3072 0 -64 ) (3072 0 -94.117699 ) 
4 14 16 (3072 1024 -64 ) (3072 1024 -94.117699 ) (3072 0 -94.117699 ) (3072 0 -64 ) 
4 15 35 (2048 0 74.584900 ) (2048 0 990.118042 ) (2048 1024 990.118042 ) (2048 1024 74.584900 ) 
4 15 25 (3072 0 74.584900 ) (3072 0 990.118042 ) (2048 0 990.118042 ) (2048 0 74.584900 ) 
4 16 37 (2048 0 -94.117699 ) (2048 0 -64 ) (2048 1024 -64 ) (2048 1024 -94.117699 ) 
4 16 27 (3072 0 -94.117699 ) (3072 0 -64 ) (2048 0 -64 ) (2048 0 -94.117699 ) 
4 17 21 (4566.250000 -1024 990.118042 ) (4544 -1024 990.118042 ) (4544 -1024 -94.117699 ) (4566.250000 -1024 -94.117699 ) 
4 17 18 (4544 -1000 74.584900 ) (4544 -1000 990.118042 ) (4544 0 990.118042 ) (4544 0 74.584900 ) 
4 17 19 (4544 0 -94.117699 ) (4544 -1000 -94.117699 ) (4544 -1000 -64 ) (4544 0 -64 ) 
4 17 20 (4544 -1000 -94.117699 ) (4544 -1024 -94.117699 ) (4544 -1024 990.118042 ) (4544 -1000 990.118042 ) 
4 18 22 (4096 0 990.118042 ) (4096 0 74.584900 ) (4096 -1000 74.584900 ) (4096 -1000 990.118042 ) 
4 18 20 (4544 -1000 74.584900 ) (4544 -1000 990.118042 ) (4096 -1000 990.118042 ) (4096 -1000 74.584900 ) 
4 19 24 (4096 0 -64 ) (4096 0 -94.117699 ) (4096 -1000 -94.117699 ) (4096 -1000 -64 ) 
4 19 20 (4096 -1000 -94.117699 ) (4544 -1000 -94.117699 ) (4544 -1000 -64 ) (4096 -1000 -64 ) 
4 20 24 (4096 -1000 -94.117699 ) (4096 -1024 -94.117699 ) (4096 -1024 -64 ) (4096 -1000 -64 ) 
4 20 23 (4096 -1024 -64 ) (4096 -1024 990.118042 ) (4096 -1000 990.118042 ) (4096 -1000 -64 ) 
4 20 21 (4544 -1024 990.118042 ) (4096 -1024 990.118042 ) (4096 -1024 -94.117699 ) (4544 -1024 -94.117699 ) 
4 21 28 (4096 -1054 990.118042 ) (4096 -1024 990.118042 ) (4096 -1024 -94.117699 ) (4096 -1054 -94.117699 ) 
4 22 25 (3072 0 990.118042 ) (3072 0 74.584900 ) (3072 -1000 74.584900 ) (3072 -1000 990.118042 ) 
4 22 23 (4096 -1000 74.584900 ) (4096 -1000 990.118042 ) (3072 -1000 990.118042 ) (3072 -1000 74.584900 ) 
4 23 28 (4096 -1024 -64 ) (4096 -1024 990.118042 ) (3072 -1024 990.118042 ) (3072 -1024 -64 ) 
4 23 26 (3072 -1000 -64 ) (3072 -1024 -64 ) (3072 -1024 990.118042 ) (3072 -1000 990.118042 ) 
4 23 24 (3072 -1024 -64 ) (3072 -1000 -64 ) (4096 -1000 -64 ) (4096 -1024 -64 ) 
4 24 28 (4096 -1024 -94.117699 ) (4096 -1024 -64 ) (3072 -1024 -64 ) (3072 -1024 -94.117699 ) 
4 24 27 (3072 0 -64 ) (3072 0 -94.117699 ) (3072 -1024 -94.117699 ) (3072 -1024 -64 ) 
4 25 46 (2048 -1000 990.118042 ) (2048 0 990.118042 ) (2048 0 74.584900 ) (2048 -1000 74.584900 ) 
4 25 26 (3072 -1000 74.584900 ) (3072 -1000 990.118042 ) (2048 -1000 990.118042 ) (2048 -1000 74.584900 ) 
4 26 47 (2048 -1024 -64 ) (2048 -1024 990.118042 ) (2048 -1000 990.118042 ) (2048 -1000 -64 ) 
4 26 29 (3072 -1024 -64 ) (3072 -1024 990.118042 ) (2048 -1024 990.118042 ) (2048 -1024 -64 ) 
4 26 27 (3072 -1024 -64 ) (2048 -1024 -64 ) (2048 -1000 -64 ) (3072 -1000 -64 ) 
4 27 49 (2048 -1024 -94.117699 ) (2048 -1024 -64 ) (2048 0 -64 ) (2048 0 -94.117699 ) 
4 27 29 (3072 -1024 -94.117699 ) (3072 -1024 -64 ) (2048 -1024 -64 ) (2048 -1024 -94.117699 ) 
4 28 29 (3072 -1054 990.118042 ) (3072 -1024 990.118042 ) (3072 -1024 -94.117699 ) (3072 -1054 -94.117699 ) 
4 29 60 (2048 -1054 990.118042 ) (2048 -1024 990.118042 ) (2048 -1024 -94.117699 ) (2048 -1054 -94.117699 ) 
4 30 31 (2024 1048 990.118042 ) (2024 1048 74.584900 ) (2048 1048 74.584900 ) (2048 1048 990.118042 ) 
4 30 32 (2024 1048 -64 ) (2024 1048 -94.117699 ) (2048 1048 -94.117699 ) (2048 1048 -64 ) 
4 30 33 (2024 1054 990.118042 ) (2024 1054 -94.117699 ) (2024 1048 -94.117699 ) (2024 1048 990.118042 ) 
4 31 35 (2048 1024 74.584900 ) (2048 1024 990.118042 ) (2024 1024 990.118042 ) (2024 1024 74.584900 ) 
4 31 33 (2024 1024 74.584900 ) (2024 1024 990.118042 ) (2024 1048 990.118042 ) (2024 1048 74.584900 ) 
4 32 37 (2048 1024 -94.117699 ) (2048 1024 -64 ) (2024 1024 -64 ) (2024 1024 -94.117699 ) 
4 32 33 (2024 1048 -94.117699 ) (2024 1024 -94.117699 ) (2024 1024 -64 ) (2024 1048 -64 ) 
4 33 37 (1024 1024 -64 ) (1024 1024 -94.117699 ) (2024 1024 -94.117699 ) (2024 1024 -64 ) 
4 33 36 (2024 1024 990.118042 ) (1024 1024 990.118042 ) (1024 1024 -64 ) (2024 1024 -64 ) 
4 33 34 (1024 1054 -94.117699 ) (1024 1024 -94.117699 ) (1024 1024 990.118042 ) (1024 1054 990.118042 ) 
4 34 40 (0 1024 80 ) (0 1024 990.118042 ) (0 1032 990.118042 ) (0 1032 80 ) 
4 34 42 (0 1024 -94.117699 ) (0 1024 80 ) (0 1032 80 ) (0 1032 -94.117699 ) 
4 34 39 (0 1032 990.118042 ) (0 1054 990.118042 ) (0 1054 -94.117699 ) (0 1032 -94.117699 ) 
4 34 38 (0 1024 990.118042 ) (0 1024 -94.117699 ) (1024 1024 -94.117699 ) (1024 1024 990.118042 ) 
4 35 46 (2048 0 74.584900 ) (2048 0 990.118042 ) (2024 0 990.118042 ) (2024 0 74.584900 ) 
4 35 36 (2024 0 74.584900 ) (2024 0 990.118042 ) (2024 1024 990.118042 ) (2024 1024 74.584900 ) 
4 36 48 (2024 0 990.118042 ) (1024 0 990.118042 ) (1024 0 -64 ) (2024 0 -64 ) 
4 36 38 (1024 1024 990.118042 ) (1024 1024 -64 ) (1024 0 -64 ) (1024 0 990.118042 ) 
4 36 37 (2024 0 -64 ) (1024 0 -64 ) (1024 1024 -64 ) (2024 1024 -64 ) 
4 37 49 (2048 0 -94.117699 ) (2048 0 -64 ) (1024 0 -64 ) (1024 0 -94.117699 ) 
4 37 38 (1024 1024 -64 ) (1024 1024 -94.117699 ) (1024 0 -94.117699 ) (1024 0 -64 ) 
4 38 56 (173.298157 0 123.232330 ) (176.018845 0 45.166245 ) (417.327484 0 -94.117699 ) (549.751282 0 -94.117699 ) 
7 38 55 (1024 0 -94.117699 ) (1024 0 747.222107 ) (201.542725 0 310.346252 ) (182.093170 0 283.692871 ) (168.755844 0 253.567307 ) (173.298157 0 123.232330 ) (549.751282 0 -94.117699 ) 
3 38 54 (176.018845 0 45.166245 ) (180.873047 0 -94.117699 ) (417.327484 0 -94.117699 ) 
3 38 53 (168.755844 0 253.567307 ) (14.827228 0 -94.117699 ) (180.873047 0 -94.117699 ) 
4 38 52 (182.093170 0 283.692871 ) (0 0 34.154907 ) (0 0 -94.117699 ) (14.827228 0 -94.117699 ) 
3 38 51 (201.542725 0 310.346252 ) (0 0 203.290039 ) (0 0 34.154907 ) 
4 38 50 (1024 0 747.222107 ) (1024 0 990.118042 ) (0 0 990.118042 ) (0 0 203.290039 ) 
4 38 43 (0 0 80 ) (0 0 990.118042 ) (0 1024 990.118042 ) (0 1024 80 ) 
4 38 45 (0 0 -94.117699 ) (0 0 80 ) (0 1024 80 ) (0 1024 -94.117699 ) 
3 39 41 (-998.250000 1032 436.610596 ) (-998.250000 1032 435.083374 ) (-608.002197 1032 264 ) 
5 39 40 (-998.250000 1032 990.118042 ) (-998.250000 1032 436.610596 ) (-192 1032 80 ) (0 1032 80 ) (0 1032 990.118042 ) 
4 39 42 (-998.250000 1032 80 ) (-998.250000 1032 -94.117699 ) (0 1032 -94.117699 ) (0 1032 80 ) 
5 40 43 (0 1024 80 ) (0 1024 990.118042 ) (-998.250000 1024 990.118042 ) (-998.250000 1024 436.610596 ) (-192 1024 80 ) 
4 40 41 (-998.250000 1024 436.611328 ) (-998.250000 1032 436.611328 ) (-607.797485 1032 263.911194 ) (-607.797424 1024 263.911194 ) 
4 40 42 (-192 1032 80 ) (0 1032 80 ) (0 1024 80 ) (-192 1024 80 ) 
3 41 44 (-998.250000 1024 436.610596 ) (-998.250000 1024 435.083374 ) (-608.002197 1024 264 ) 
4 42 45 (0 1024 -94.117699 ) (0 1024 80 ) (-998.250000 1024 80 ) (-998.250000 1024 -94.117699 ) 
5 43 62 (0 0 80 ) (0 0 990.118042 ) (-998.250000 0 990.118042 ) (-998.250000 0 436.610596 ) (-192 0 80 ) 
4 43 44 (-998.250000 0 436.611938 ) (-998.250000 1024 436.611969 ) (-607.713989 1024 263.874634 ) (-607.719482 0 263.877014 ) 
4 43 45 (-192 1024 80 ) (0 1024 80 ) (0 0 80 ) (-192 0 80 ) 
3 44 63 (-998.250000 0 436.610596 ) (-998.250000 0 435.083374 ) (-608.002197 0 264 ) 
4 45 69 (0 0 56 ) (0 0 80 ) (-801.494995 0 80 ) (-801.494934 0 56 ) 
4 45 68 (-801.494995 0 80 ) (-936.517151 0 80 ) (-936.517151 0 56 ) (-801.494934 0 56 ) 
4 45 67 (-936.517151 0 80 ) (-998.250000 0 80 ) (-998.250000 0 56 ) (-936.517151 0 56 ) 
4 45 73 (0 0 -94.117699 ) (0 0 56 ) (-998.250000 0 56 ) (-998.250000 0 -94.117699 ) 
4 46 47 (2024 -1000 990.118042 ) (2024 -1000 74.584900 ) (2048 -1000 74.584900 ) (2048 -1000 990.118042 ) 
4 46 48 (2024 -1000 74.584900 ) (2024 -1000 990.118042 ) (2024 0 990.118042 ) (2024 0 74.584900 ) 
4 47 60 (2048 -1024 -64 ) (2048 -1024 990.118042 ) (2024 -1024 990.118042 ) (2024 -1024 -64 ) 
4 47 49 (2048 -1000 -64 ) (2048 -1024 -64 ) (2024 -1024 -64 ) (2024 -1000 -64 ) 
4 47 48 (2024 -1000 -64 ) (2024 -1024 -64 ) (2024 -1024 990.118042 ) (2024 -1000 990.118042 ) 
4 48 60 (2024 -1024 990.118042 ) (1024 -1024 990.118042 ) (1024 -1024 -64 ) (2024 -1024 -64 ) 
3 48 55 (1024 0 747.222168 ) (1024 0 -64 ) (1024 -362.008850 -64 ) 
5 48 50 (1024 0 990.118042 ) (1024 0 747.222168 ) (1024 -362.008850 -64 ) (1024 -1024 -64 ) (1024 -1024 990.118042 ) 
4 48 49 (1024 -1024 -64 ) (1024 0 -64 ) (2024 0 -64 ) (2024 -1024 -64 ) 
4 49 60 (2048 -1024 -94.117699 ) (2048 -1024 -64 ) (1024 -1024 -64 ) (1024 -1024 -94.117699 ) 
4 49 55 (1024 0 -64 ) (1024 0 -94.117699 ) (1024 -375.448883 -94.117699 ) (1024 -362.008850 -64 ) 
4 49 50 (1024 -375.448883 -94.117699 ) (1024 -1024 -94.117699 ) (1024 -1024 -64 ) (1024 -362.008850 -64 ) 
4 50 69 (0 -55.018314 80 ) (0 -65.728340 56 ) (0 -484 56 ) (0 -484 80 ) 
4 50 65 (0 -484 56 ) (0 -1024 56 ) (0 -1024 80 ) (0 -484 80 ) 
4 50 73 (0 -65.728340 56 ) (0 -132.718536 -94.117699 ) (0 -1024 -94.117699 ) (0 -1024 56 ) 
5 50 62 (0 0 990.118042 ) (0 0 203.290039 ) (0 -55.018314 80 ) (0 -1016 80 ) (0 -1016 990.118042 ) 
4 50 64 (0 -1016 80 ) (0 -1024 80 ) (0 -1024 990.118042 ) (0 -1016 990.118042 ) 
4 50 61 (1024 -1024 -94.117699 ) (1024 -1024 990.118042 ) (0 -1024 990.118042 ) (0 -1024 -94.117699 ) 
4 50 59 (101.770927 -66.393837 108.563980 ) (96.256439 -63.997162 111.005447 ) (127.165535 -47.433792 164.540512 ) (132.678726 -49.830299 162.098724 ) 
4 50 58 (115.085632 -72.180588 102.669060 ) (101.770927 -66.393837 108.563980 ) (132.678726 -49.830299 162.098724 ) (145.992264 -55.617504 156.202164 ) 
4 50 57 (711.176880 -301.295258 -94.117699 ) (559.563416 -265.356598 -94.117699 ) (115.085632 -72.180588 102.669060 ) (145.992264 -55.617504 156.202164 ) 
5 50 55 (1024 -375.447266 -94.117699 ) (711.176880 -301.295258 -94.117699 ) (119.356529 -44.039330 168 ) (201.538010 0 310.339783 ) (1024 0 747.217957 ) 
4 50 54 (559.563416 -265.356598 -94.117699 ) (0 -132.716919 -94.117699 ) (0 -108 -38.729801 ) (88.447021 -60.603081 114.462967 ) 
3 50 51 (0 -108 -38.729801 ) (0 0 203.286163 ) (201.538010 0 310.339783 ) 
4 51 69 (0 0 80 ) (0 0 56 ) (0 -65.728340 56 ) (0 -55.018314 80 ) 
4 51 73 (0 0 56 ) (0 0 34.154907 ) (0 -108.002335 -38.731392 ) (0 -65.728340 56 ) 
3 51 62 (0 0 203.290039 ) (0 0 80 ) (0 -55.018314 80 ) 
4 51 55 (201.540863 0 310.340881 ) (119.358208 -44.039825 167.998291 ) (115.215019 -35.840313 167.854019 ) (182.089966 0 283.685638 ) 
4 51 54 (88.448692 -60.603539 114.462158 ) (0 -108.001190 -38.733398 ) (0 -97.587540 -31.705662 ) (84.305695 -52.405560 114.317123 ) 
3 51 52 (0 -97.587540 -31.705662 ) (0 0 34.152107 ) (182.089966 0 283.685638 ) 
4 52 73 (0 0 34.154907 ) (0 0 -94.117699 ) (0 -34.079174 -94.117699 ) (0 -97.589218 -31.704014 ) 
4 52 55 (182.095551 0 283.697754 ) (115.214310 -35.843529 167.855423 ) (117.159828 -27.649765 164.197540 ) (168.755859 0 253.566925 ) 
4 52 54 (84.304932 -52.408726 114.318527 ) (0 -97.590096 -31.702667 ) (0 -90.434464 -38.734749 ) (86.250717 -44.213627 110.659935 ) 
4 52 53 (0 -90.434464 -38.734749 ) (0 -34.078461 -94.117699 ) (14.826912 0 -94.117699 ) (168.755859 0 253.566925 ) 
3 53 73 (0 -34.079174 -94.117699 ) (0 -91.409927 -94.117699 ) (0 -90.434471 -38.735252 ) 
4 53 56 (93.145531 -40.817848 105.629608 ) (176.019058 0 45.166145 ) (173.298462 0 123.232147 ) (124.055054 -24.253836 159.166016 ) 
3 53 55 (168.756134 0 253.572083 ) (117.158066 -27.650806 164.198883 ) (173.298462 0 123.232147 ) 
5 53 54 (86.249008 -44.214607 110.661224 ) (0 -90.434448 -38.730957 ) (0 -91.409943 -94.117699 ) (180.873077 0 -94.117699 ) (176.019058 0 45.166145 ) 
5 54 73 (0 -91.409927 -94.117699 ) (0 -132.718536 -94.117699 ) (0 -108.002335 -38.731392 ) (0 -97.589218 -31.704014 ) (0 -90.434471 -38.735252 ) 
3 54 59 (96.253517 -63.998653 111.004333 ) (101.769295 -66.395882 108.562294 ) (103.144417 -60.605312 105.977020 ) 
3 54 58 (101.769295 -66.395882 108.562294 ) (115.085281 -72.183189 102.666817 ) (105.090828 -52.409107 102.317726 ) 
4 54 57 (115.085281 -72.183189 102.666817 ) (559.557983 -265.356934 -94.117699 ) (544.422241 -237.119354 -94.117699 ) (100.948395 -44.213287 102.173042 ) 
4 54 56 (176.012329 0 45.167015 ) (93.140724 -40.817028 105.628883 ) (544.422241 -237.119354 -94.117699 ) (417.322906 0 -94.117699 ) 
3 55 59 (132.676743 -49.835743 162.099579 ) (127.158768 -47.437157 164.543472 ) (134.052597 -44.042381 159.513229 ) 
3 55 58 (145.995056 -55.625031 156.200928 ) (132.676743 -49.835743 162.099579 ) (136 -35.845383 155.853806 ) 
4 55 57 (711.179688 -301.302734 -94.117699 ) (145.995056 -55.625031 156.200928 ) (131.857147 -27.648867 155.709961 ) (696.080078 -273.119965 -94.117699 ) 
4 55 56 (124.052917 -24.253551 159.165527 ) (173.295807 0 123.232056 ) (549.749084 0 -94.117699 ) (696.080078 -273.119965 -94.117699 ) 
4 56 57 (100.949821 -44.211620 102.176071 ) (544.430420 -237.120636 -94.117699 ) (696.085938 -273.123047 -94.117699 ) (131.859070 -27.649551 155.712097 ) 
4 57 58 (105.091675 -52.410351 102.320869 ) (115.084724 -72.181671 102.669922 ) (145.994141 -55.617188 156.205933 ) (136.001358 -35.845654 155.858749 ) 
4 58 59 (103.149704 -60.602650 105.976433 ) (101.773788 -66.396545 108.563194 ) (132.679459 -49.834534 162.093445 ) (134.055206 -44.041172 159.507339 ) 
4 60 61 (1024 -1054 990.118042 ) (1024 -1024 990.118042 ) (1024 -1024 -94.117699 ) (1024 -1054 -94.117699 ) 
4 61 74 (0 -1054 990.118042 ) (0 -1024 990.118042 ) (0 -1024 -94.117699 ) (0 -1054 -94.117699 ) 
4 62 69 (-192 0 80 ) (0 0 80 ) (0 -484 80 ) (-192 -404.468689 80 ) 
4 62 65 (0 -484 80 ) (0 -1016 80 ) (-192 -1016 80 ) (-192 -404.468689 80 ) 
4 62 63 (-608.002197 -1016 264 ) (-998.250000 -1016 436.610596 ) (-998.250000 0 436.610626 ) (-607.994690 0 263.997681 ) 
5 62 64 (-998.250000 -1016 990.118042 ) (-998.250000 -1016 436.610596 ) (-192 -1016 80 ) (0 -1016 80 ) (0 -1016 990.118042 ) 
3 63 64 (-998.250000 -1016 436.610596 ) (-998.250000 -1016 435.083374 ) (-608.002197 -1016 264 ) 
4 64 74 (0 -1024 80 ) (0 -1024 990.118042 ) (-998.250000 -1024 990.118042 ) (-998.250000 -1024 80 ) 
4 64 65 (-998.250000 -1024 80 ) (-998.250000 -1016 80 ) (0 -1016 80 ) (0 -1024 80 ) 
4 65 74 (0 -1024 56 ) (0 -1024 80 ) (-998.250000 -1024 80 ) (-998.250000 -1024 56 ) 
4 65 70 (-950 -90.486115 56 ) (-956.001282 -88 56 ) (-956.001221 -88 80 ) (-950 -90.486053 80 ) 
4 65 69 (0 -484.001953 56 ) (-950 -90.486115 56 ) (-950 -90.486053 80 ) (0 -484.001160 80 ) 
4 65 66 (-964.484375 -84.486633 56 ) (-998.250000 -70.500000 56 ) (-998.250000 -70.500000 80 ) (-964.484375 -84.486595 80 ) 
4 65 73 (0 -1024 56 ) (-998.250000 -1024 56 ) (-998.250000 -70.498962 56 ) (0 -484 56 ) 
4 66 67 (-968 -76 56 ) (-998.250000 -2.977554 56 ) (-998.250000 -2.976563 80 ) (-968 -76 80 ) 
3 66 73 (-998.250000 -70.498962 56 ) (-998.250000 -2.975922 56 ) (-964.484863 -84.485352 56 ) 
4 67 68 (-964.484985 -67.514717 56 ) (-936.517151 0 56 ) (-936.515625 0 80 ) (-964.484802 -67.514633 80 ) 
4 67 73 (-998.250000 -2.975922 56 ) (-998.250000 0 56 ) (-936.517151 0 56 ) (-968 -76 56 ) 
4 68 71 (-956 -64 56 ) (-935.513916 -55.514484 56 ) (-935.513916 -55.514545 80 ) (-956 -64 80 ) 
4 68 69 (-935.513916 -55.514484 56 ) (-801.494141 0 56 ) (-801.493408 0 80 ) (-935.513916 -55.514545 80 ) 
3 68 73 (-936.517151 0 56 ) (-801.494934 0 56 ) (-964.484985 -67.514709 56 ) 
4 69 72 (-941.513672 -70 56 ) (-944 -76.001457 56 ) (-944 -76.001465 80 ) (-941.513672 -70 80 ) 
4 69 71 (-935.512695 -55.513672 80 ) (-935.512695 -55.513672 56 ) (-941.513672 -70 56 ) (-941.513672 -70 80 ) 
4 69 70 (-947.513428 -84.484657 56 ) (-950 -90.485687 56 ) (-950 -90.485687 80 ) (-947.513428 -84.484657 80 ) 
5 69 73 (-801.494934 0 56 ) (0 0 56 ) (0 -484 56 ) (-950 -90.485168 56 ) (-935.513733 -55.514069 56 ) 
3 70 73 (-950 -90.485168 56 ) (-956 -88 56 ) (-947.515076 -84.485321 56 ) 
4 71 72 (-947.515747 -67.513031 56 ) (-941.512939 -70 56 ) (-941.512939 -70 80 ) (-947.515747 -67.513031 80 ) 
3 71 73 (-956 -64 56 ) (-935.513733 -55.514069 56 ) (-941.514648 -70 56 ) 
3 72 73 (-947.515015 -67.514702 56 ) (-941.514648 -70 56 ) (-944 -76 56 ) 
4 73 74 (0 -1024 -94.117699 ) (0 -1024 56 ) (-998.250000 -1024 56 ) (-998.250000 -1024 -94.117699 ) 
