PRT1
93
139
4 0 22 (1264 896 320 ) (1264 832 320 ) (1200 832 320 ) (1200 896 320 ) 
4 1 22 (1264 768 320 ) (1264 704 320 ) (1200 704 320 ) (1200 768 320 ) 
4 2 22 (1264 640 320 ) (1264 576 320 ) (1200 576 320 ) (1200 640 320 ) 
4 3 22 (1264 512 320 ) (1264 448 320 ) (1200 448 320 ) (1200 512 320 ) 
4 4 22 (1264 384 320 ) (1264 320 320 ) (1200 320 320 ) (1200 384 320 ) 
4 5 24 (1072 896 320 ) (1136 896 320 ) (1136 832 320 ) (1072 832 320 ) 
4 6 24 (1072 768 320 ) (1136 768 320 ) (1136 704 320 ) (1072 704 320 ) 
4 7 24 (1072 640 320 ) (1136 640 320 ) (1136 576 320 ) (1072 576 320 ) 
4 8 12 (1294 280 568 ) (1426 280 568 ) (1426 104 568 ) (1294 104 568 ) 
4 8 10 (1426 280 568 ) (1552 280 568 ) (1552 104 568 ) (1426 104 568 ) 
4 8 9 (1294 104 576 ) (1294 104 760 ) (1294 280 760 ) (1294 280 576 ) 
4 10 12 (1426 104 480 ) (1426 104 568 ) (1426 280 568 ) (1426 280 480 ) 
4 11 26 (1426 280 320 ) (1552 280 320 ) (1552 104 320 ) (1426 104 320 ) 
4 11 12 (1426 104 320 ) (1426 104 472 ) (1426 280 472 ) (1426 280 320 ) 
4 12 28 (1294 280 320 ) (1426 280 320 ) (1426 104 320 ) (1294 104 320 ) 
4 12 13 (1294 104 384 ) (1294 104 568 ) (1294 280 568 ) (1294 280 384 ) 
4 12 14 (1294 104 320 ) (1294 104 376 ) (1294 280 376 ) (1294 280 320 ) 
4 14 29 (1168 280 320 ) (1294 280 320 ) (1294 104 320 ) (1168 104 320 ) 
4 15 22 (1296 896 304 ) (1296 896 192 ) (1296 832 192 ) (1296 832 304 ) 
4 16 22 (1296 652 304 ) (1296 652 192 ) (1296 588 192 ) (1296 588 304 ) 
4 17 22 (1296 496 304 ) (1296 496 192 ) (1296 436 192 ) (1296 436 304 ) 
4 18 19 (1298 320 299.744995 ) (1298 320 300 ) (1298 416 300 ) (1298 416 299.744995 ) 
4 19 20 (1297 320 299.744995 ) (1297 320 300 ) (1297 416 300 ) (1297 416 299.744995 ) 
4 20 22 (1296 416 300 ) (1296 416 228 ) (1296 320 228 ) (1296 320 300 ) 
4 21 22 (1200 928 192 ) (1264 928 192 ) (1264 928 304 ) (1200 928 304 ) 
4 22 25 (1168 400 304 ) (1168 400 192 ) (1168 344 192 ) (1168 344 304 ) 
4 22 24 (1168 544 320 ) (1168 928 320 ) (1168 928 192 ) (1168 544 192 ) 
4 22 23 (1200 288 192 ) (1264 288 192 ) (1264 288 304 ) (1200 288 304 ) 
4 23 29 (1264 280 192 ) (1264 280 304 ) (1200 280 304 ) (1200 280 192 ) 
4 24 39 (1024 544 320 ) (1024 928 320 ) (1024 928 192 ) (1024 544 192 ) 
4 26 28 (1426 280 320 ) (1426 280 288 ) (1426 104 288 ) (1426 104 320 ) 
4 27 28 (1426 280 280 ) (1426 280 96 ) (1426 104 96 ) (1426 104 280 ) 
4 28 31 (1294 280 96 ) (1426 280 96 ) (1426 104 96 ) (1294 104 96 ) 
4 28 29 (1294 280 320 ) (1294 280 192 ) (1294 104 192 ) (1294 104 320 ) 
4 28 30 (1294 280 184 ) (1294 280 96 ) (1294 104 96 ) (1294 104 184 ) 
4 30 33 (1168 224 96 ) (1168 160 96 ) (1168 160 112 ) (1168 224 112 ) 
4 30 31 (1168 104 96 ) (1168 280 96 ) (1294 280 96 ) (1294 104 96 ) 
4 31 33 (1168 224 88 ) (1168 160 88 ) (1168 160 96 ) (1168 224 96 ) 
4 31 32 (1168 104 88 ) (1168 280 88 ) (1426 280 88 ) (1426 104 88 ) 
4 32 33 (1168 224 0 ) (1168 160 0 ) (1168 160 88 ) (1168 224 88 ) 
4 33 35 (1160 160 0 ) (1160 160 112 ) (1160 224 112 ) (1160 224 0 ) 
4 34 35 (1128 160 128 ) (1064 160 128 ) (1064 224 128 ) (1128 224 128 ) 
4 35 69 (1024 128 128 ) (1024 256 128 ) (1024 256 0 ) (1024 128 0 ) 
4 36 39 (944 896 320 ) (1008 896 320 ) (1008 832 320 ) (944 832 320 ) 
4 37 39 (944 768 320 ) (1008 768 320 ) (1008 704 320 ) (944 704 320 ) 
4 38 39 (944 640 320 ) (1008 640 320 ) (1008 576 320 ) (944 576 320 ) 
4 40 52 (256 128 136 ) (256 256 136 ) (352 256 136 ) (352 128 136 ) 
4 40 53 (352 0 136 ) (256 0 136 ) (256 128 136 ) (352 128 136 ) 
4 40 51 (384 0 136 ) (352 0 136 ) (352 160 136 ) (384 160 136 ) 
4 40 50 (352 160 136 ) (352 224 136 ) (384 224 136 ) (384 160 136 ) 
4 40 44 (352 224 136 ) (352 256 136 ) (384 256 136 ) (384 224 136 ) 
4 40 41 (256 128 136 ) (256 0 136 ) (256 0 192 ) (256 128 192 ) 
4 41 76 (0 0 136 ) (0 0 192 ) (0 128 192 ) (0 128 136 ) 
4 41 53 (256 0 136 ) (0 0 136 ) (0 128 136 ) (256 128 136 ) 
4 42 58 (552 360 128 ) (616 360 128 ) (616 296 128 ) (552 296 128 ) 
4 43 58 (424 360 128 ) (488 360 128 ) (488 296 128 ) (424 296 128 ) 
4 44 52 (352 256 136 ) (352 256 129 ) (352 224 129 ) (352 224 136 ) 
4 44 50 (352 224 136 ) (352 224 129 ) (384 224 129 ) (384 224 136 ) 
4 45 69 (1000 160 128 ) (936 160 128 ) (936 224 128 ) (1000 224 128 ) 
4 46 69 (872 160 128 ) (808 160 128 ) (808 224 128 ) (872 224 128 ) 
4 47 69 (744 160 128 ) (680 160 128 ) (680 224 128 ) (744 224 128 ) 
4 48 69 (616 160 128 ) (552 160 128 ) (552 224 128 ) (616 224 128 ) 
4 49 69 (488 160 128 ) (424 160 128 ) (424 224 128 ) (488 224 128 ) 
4 50 52 (352 160 129 ) (352 160 136 ) (352 224 136 ) (352 224 129 ) 
4 50 51 (352 160 136 ) (352 160 129 ) (384 160 129 ) (384 160 136 ) 
4 51 52 (352 128 136 ) (352 160 136 ) (352 160 129 ) (352 128 129 ) 
4 51 53 (352 0 129 ) (352 0 136 ) (352 128 136 ) (352 128 129 ) 
4 52 54 (352 224 129 ) (352 160 129 ) (288 160 129 ) (288 224 129 ) 
4 52 53 (256 128 129 ) (352 128 129 ) (352 128 136 ) (256 128 136 ) 
4 53 76 (0 0 129 ) (0 0 136 ) (0 128 136 ) (0 128 129 ) 
4 53 57 (32 96 129 ) (96 96 129 ) (96 32 129 ) (32 32 129 ) 
4 53 56 (160 96 129 ) (224 96 129 ) (224 32 129 ) (160 32 129 ) 
4 53 55 (352 96 129 ) (352 32 129 ) (288 32 129 ) (288 96 129 ) 
4 54 71 (352 224 128 ) (352 160 128 ) (288 160 128 ) (288 224 128 ) 
4 55 75 (352 96 128 ) (352 32 128 ) (288 32 128 ) (288 96 128 ) 
4 56 75 (160 96 128 ) (224 96 128 ) (224 32 128 ) (160 32 128 ) 
4 57 75 (32 96 128 ) (96 96 128 ) (96 32 128 ) (32 32 128 ) 
4 58 68 (424 264 116 ) (424 264 51.334206 ) (488 264 51.334206 ) (488 264 116 ) 
4 58 65 (536 264 108 ) (536 264 51.334206 ) (632 264 51.334206 ) (632 264 108 ) 
4 58 62 (392 344.664063 51.334206 ) (392 346.040070 51.334206 ) (409.092987 362.267761 51.334206 ) (409.776489 361.545715 51.334206 ) 
4 58 61 (419.243103 371.904053 51.334206 ) (440.410645 392 51.334206 ) (441.845062 392 51.334206 ) (419.925171 371.183533 51.334206 ) 
3 58 60 (392 346.040070 51.334206 ) (392 392 51.334206 ) (440.410645 392 51.334206 ) 
5 58 59 (392 264 51.334206 ) (392 344.664063 51.334206 ) (441.845062 392 51.334206 ) (648 392 51.334206 ) (648 264 51.334206 ) 
4 59 68 (488 264 51.334206 ) (424 264 51.334206 ) (424 264 42.334206 ) (488 264 42.334206 ) 
4 59 65 (632 264 51.334206 ) (536 264 51.334206 ) (536 264 42.334206 ) (632 264 42.334206 ) 
4 59 62 (409.776520 361.545715 42.334206 ) (392 344.664063 42.334206 ) (392 344.660156 51.334206 ) (409.778412 361.543640 51.334206 ) 
4 59 61 (441.845093 392 42.334206 ) (419.928070 371.186249 42.334206 ) (419.927124 371.181458 51.334206 ) (441.849182 392 51.334206 ) 
5 59 63 (392 264 42.334206 ) (392 344.667847 42.334206 ) (441.841064 392 42.334206 ) (648 392 42.334206 ) (648 264 42.334206 ) 
4 60 62 (392 346.046875 42.334206 ) (409.089630 362.271362 42.334206 ) (409.091797 362.269012 51.334206 ) (392 346.042480 51.334206 ) 
4 60 61 (419.242615 371.910370 42.334206 ) (440.403473 392 42.334206 ) (440.408173 392 51.334206 ) (419.241913 371.905273 51.334206 ) 
3 60 63 (392 346.048126 42.334206 ) (392 392 42.334206 ) (440.402161 392 42.334206 ) 
4 61 63 (419.241974 371.911011 42.334206 ) (440.402161 392 42.334206 ) (441.841064 392 42.334206 ) (419.926178 371.188263 42.334206 ) 
4 62 63 (392 344.667847 42.334206 ) (392 346.048126 42.334206 ) (409.088989 362.272034 42.334206 ) (409.774628 361.547729 42.334206 ) 
4 63 68 (424 264 0 ) (488 264 0 ) (488 264 42.334206 ) (424 264 42.334206 ) 
4 63 65 (632 264 36 ) (632 264 42.334206 ) (536 264 42.334206 ) (536 264 36 ) 
4 64 69 (872 256 0 ) (936 256 0 ) (936 256 116 ) (872 256 116 ) 
4 65 66 (536 261 36 ) (632 261 36 ) (632 261 108 ) (536 261 108 ) 
4 66 67 (536 260 36 ) (632 260 36 ) (632 260 108 ) (536 260 108 ) 
4 67 69 (632 256 36 ) (632 256 108 ) (536 256 108 ) (536 256 36 ) 
4 68 69 (424 256 0 ) (488 256 0 ) (488 256 116 ) (424 256 116 ) 
4 69 73 (512 128 0 ) (640 128 0 ) (640 128 123 ) (512 128 123 ) 
4 69 70 (392 224 0 ) (392 160 0 ) (392 160 116 ) (392 224 116 ) 
4 70 71 (384 224 0 ) (384 160 0 ) (384 160 116 ) (384 224 116 ) 
4 71 75 (256 128 0 ) (384 128 0 ) (384 128 128 ) (256 128 128 ) 
4 72 79 (0 136 116 ) (0 136 0 ) (0 128 0 ) (0 128 116 ) 
4 72 75 (0 128 0 ) (32 128 0 ) (32 128 116 ) (0 128 116 ) 
4 73 74 (512 127 123 ) (512 127 0 ) (640 127 0 ) (640 127 123 ) 
4 75 86 (288 0 116 ) (288 0 0 ) (352 0 0 ) (352 0 116 ) 
4 75 80 (0 0 0 ) (0 0 128 ) (0 128 128 ) (0 128 0 ) 
4 76 87 (0 0 129 ) (0 0 384 ) (-128 0 384 ) (-128 0 129 ) 
4 76 77 (-1 128 129 ) (0 128 129 ) (0 96 129 ) (-1 96 129 ) 
4 76 78 (-128 1 129 ) (-128 128 129 ) (-1 128 129 ) (-1 1 129 ) 
4 77 80 (0 128 128 ) (0 96 128 ) (-1 96 128 ) (-1 128 128 ) 
4 77 78 (-1 128 129 ) (-1 128 128 ) (-1 96 128 ) (-1 96 129 ) 
4 78 81 (-32 1 128 ) (-128 1 128 ) (-128 128 128 ) (-32 128 128 ) 
4 78 80 (-1 1 128 ) (-32 1 128 ) (-32 128 128 ) (-1 128 128 ) 
4 79 80 (-32 128 116 ) (-32 128 0 ) (0 128 0 ) (0 128 116 ) 
4 80 90 (0 0 0 ) (0 0 1 ) (-32 0 1 ) (-32 0 0 ) 
4 80 89 (0 0 1 ) (0 0 128 ) (-32 0 128 ) (-32 0 1 ) 
4 80 83 (-32 42.690323 0 ) (-32 0 0 ) (-32 0 1 ) (-32 42.690331 1 ) 
4 80 82 (-32 128 0 ) (-32 42.690323 0 ) (-32 42.690331 1 ) (-32 128 1 ) 
4 80 81 (-32 0 1 ) (-32 0 128 ) (-32 128 128 ) (-32 128 1 ) 
4 81 89 (-32 0 128 ) (-128 0 128 ) (-128 0 1 ) (-32 0 1 ) 
4 81 85 (-128 96 116 ) (-128 96 1 ) (-128 32 1 ) (-128 32 116 ) 
4 81 84 (-128 0 1 ) (-128 16.967216 1 ) (-113.406998 20.877398 1 ) (-107.812599 0 1 ) 
4 81 83 (-84.429092 28.641998 1 ) (-32 42.690323 1 ) (-32 0 1 ) (-76.754562 0 1 ) 
4 81 82 (-128 16.967216 1 ) (-128 128 1 ) (-32 128 1 ) (-32 42.690323 1 ) 
4 82 85 (-128 96 0 ) (-128 32 0 ) (-128 32 1 ) (-128 96 1 ) 
4 82 84 (-113.406822 20.876730 1 ) (-128 16.966501 1 ) (-128 16.966501 0 ) (-113.406822 20.876730 0 ) 
4 82 83 (-32 42.689613 0 ) (-32 42.689613 1 ) (-84.428925 28.641331 1 ) (-84.428917 28.641333 0 ) 
4 83 90 (-75.411537 0 0 ) (-32 0 0 ) (-32 0 1 ) (-75.411537 0 1 ) 
4 84 91 (-128 0 1 ) (-128 0 0 ) (-107.812599 0 0 ) (-107.812599 0 1 ) 
4 87 88 (-32 -32 129 ) (-32 -96 129 ) (-96 -96 129 ) (-96 -32 129 ) 
4 88 89 (-32 -32 128 ) (-32 -96 128 ) (-96 -96 128 ) (-96 -32 128 ) 
4 89 92 (-96 -128 116 ) (-96 -128 1 ) (-32 -128 1 ) (-32 -128 116 ) 
4 89 91 (-128 -14.091209 1 ) (-128 0 1 ) (-107.812599 0 1 ) (-105.641998 -8.100327 1 ) 
5 89 90 (0 -128 1 ) (-128 -128 1 ) (-128 -14.091209 1 ) (-75.411537 0 1 ) (0 0 1 ) 
4 90 92 (-96 -128 0 ) (-32 -128 0 ) (-32 -128 1 ) (-96 -128 1 ) 
4 90 91 (-105.642380 -8.098912 0 ) (-128 -14.089844 0 ) (-128 -14.089844 1 ) (-105.642342 -8.099053 1 ) 
