PRT1
224
369
4 0 32 (2696 1024 320.044006 ) (2200 1024 320.044006 ) (2200 1024 192 ) (2696 1024 192 ) 
4 1 36 (2184 1024 320.044006 ) (2048 1024 320.044006 ) (2048 1024 192 ) (2184 1024 192 ) 
4 1 8 (2048 1024 192 ) (2048 1024 320.044006 ) (2048 1080 320.044006 ) (2048 1080 192 ) 
4 2 4 (1168 1096 192 ) (1280 1096 192 ) (1280 1096 320.044006 ) (1168 1096 320.044006 ) 
4 3 6 (1328 1088 192 ) (1392 1088 192 ) (1392 1088 308 ) (1328 1088 308 ) 
4 4 7 (1168 1088 192 ) (1280 1088 192 ) (1280 1088 320.044006 ) (1168 1088 320.044006 ) 
4 5 12 (1712 1080 308 ) (1712 1080 192 ) (1776 1080 192 ) (1776 1080 308 ) 
4 6 16 (1328 1080 308 ) (1328 1080 192 ) (1392 1080 192 ) (1392 1080 308 ) 
4 7 19 (1176 1080 300.038025 ) (1176 1080 228.014008 ) (1272 1080 228.014008 ) (1272 1080 300.038025 ) 
4 8 37 (2048 1024 192 ) (2048 1024 320.044006 ) (1816 1024 320.044006 ) (1816 1024 192 ) 
4 8 9 (1816 1048 192 ) (1816 1024 192 ) (1816 1024 304.257996 ) (1816 1048 304.257996 ) 
4 9 38 (1808 1024 304.257996 ) (1808 1024 192 ) (1816 1024 192 ) (1816 1024 304.257996 ) 
4 9 12 (1808 1048 192 ) (1808 1024 192 ) (1808 1024 304.257996 ) (1808 1048 304.257996 ) 
4 10 39 (1776 1024 328 ) (1712 1024 328 ) (1712 1024 320 ) (1776 1024 320 ) 
4 10 12 (1776 1048 320 ) (1776 1024 320 ) (1712 1024 320 ) (1712 1048 320 ) 
4 11 40 (1648 1024 328 ) (1584 1024 328 ) (1584 1024 320 ) (1648 1024 320 ) 
4 11 12 (1584 1024 320 ) (1584 1048 320 ) (1648 1048 320 ) (1648 1024 320 ) 
4 12 41 (1584 1024 320 ) (1584 1024 192 ) (1808 1024 192 ) (1808 1024 320 ) 
4 12 14 (1584 1080 320 ) (1584 1080 192 ) (1584 1024 192 ) (1584 1024 320 ) 
4 13 42 (1456 1024 328 ) (1456 1024 320 ) (1520 1024 320 ) (1520 1024 328 ) 
4 13 14 (1456 1024 320 ) (1456 1048 320 ) (1520 1048 320 ) (1520 1024 320 ) 
4 14 43 (1456 1024 320 ) (1456 1024 192 ) (1584 1024 192 ) (1584 1024 320 ) 
4 14 15 (1456 1080 320 ) (1456 1080 192 ) (1456 1024 192 ) (1456 1024 320 ) 
4 15 44 (1392 1024 192 ) (1456 1024 192 ) (1456 1024 320 ) (1392 1024 320 ) 
4 15 16 (1392 1080 192 ) (1392 1048 192 ) (1392 1048 320 ) (1392 1080 320 ) 
4 15 17 (1392 1048 192 ) (1392 1024 192 ) (1392 1024 320 ) (1392 1048 320 ) 
4 16 18 (1328 1080 192 ) (1328 1048 192 ) (1328 1048 320.044006 ) (1328 1080 320.044006 ) 
4 16 17 (1328 1048 320.044006 ) (1328 1048 192 ) (1392 1048 192 ) (1392 1048 320.044006 ) 
4 17 45 (1328 1024 192 ) (1392 1024 192 ) (1392 1024 328.046997 ) (1328 1024 328.046997 ) 
4 17 18 (1328 1048 192 ) (1328 1024 192 ) (1328 1024 320.044006 ) (1328 1048 320.044006 ) 
4 18 47 (1296 1024 320.044006 ) (1296 1024 192 ) (1328 1024 192 ) (1328 1024 320.044006 ) 
4 18 25 (1296 1032 192 ) (1296 1024 192 ) (1296 1024 304 ) (1296 1032 304 ) 
4 19 20 (1176 1067 228.014008 ) (1272 1067 228.014008 ) (1272 1067 300.038025 ) (1176 1067 300.038025 ) 
4 20 21 (1176 1066 228.014008 ) (1272 1066 228.014008 ) (1272 1066 300.038025 ) (1176 1066 300.038025 ) 
4 21 24 (1272 1064 228.014008 ) (1272 1064 300.038025 ) (1176 1064 300.038025 ) (1176 1064 228.014008 ) 
4 22 75 (1200 1024 320 ) (1264 1024 320 ) (1264 1024 328.046997 ) (1200 1024 328.046997 ) 
4 22 26 (1264 1032 320 ) (1264 1024 320 ) (1200 1024 320 ) (1200 1032 320 ) 
4 23 83 (1072 1024 328 ) (1072 1024 320 ) (1136 1024 320 ) (1136 1024 328 ) 
4 23 26 (1136 1032 320 ) (1136 1024 320 ) (1072 1024 320 ) (1072 1032 320 ) 
4 24 27 (1040 1036 308 ) (1040 1036 212 ) (1040 1032 212 ) (1040 1032 308 ) 
4 24 26 (1040 1032 320 ) (1040 1032 192 ) (1288 1032 192 ) (1288 1032 320 ) 
4 25 89 (1288 1024 192 ) (1296 1024 192 ) (1296 1024 304 ) (1288 1024 304 ) 
4 25 26 (1288 1032 304 ) (1288 1032 192 ) (1288 1024 192 ) (1288 1024 304 ) 
4 26 90 (1040 1024 192 ) (1288 1024 192 ) (1288 1024 320 ) (1040 1024 320 ) 
4 26 27 (1040 1032 308 ) (1040 1032 212 ) (1040 1024 212 ) (1040 1024 308 ) 
4 27 92 (1040 1024 212 ) (1040 1024 308 ) (1039 1024 308 ) (1039 1024 212 ) 
4 27 28 (1039 1036 212 ) (1039 1024 212 ) (1039 1024 308 ) (1039 1036 308 ) 
4 28 93 (1039 1024 308 ) (1038 1024 308 ) (1038 1024 212 ) (1039 1024 212 ) 
4 28 29 (1038 1036 212 ) (1038 1024 212 ) (1038 1024 308 ) (1038 1036 308 ) 
4 29 94 (1038 1024 308 ) (1032 1024 308 ) (1032 1024 212 ) (1038 1024 212 ) 
4 29 30 (1032 1036 308 ) (1032 1036 212 ) (1032 1024 212 ) (1032 1024 308 ) 
4 30 154 (1024 1024 192 ) (1024 1024 312 ) (1024 1056 312 ) (1024 1056 192 ) 
4 30 95 (1024 1024 312 ) (1024 1024 192 ) (1032 1024 192 ) (1032 1024 312 ) 
4 30 31 (1032 1024 192 ) (1024 1024 192 ) (1024 1056 192 ) (1032 1056 192 ) 
4 31 154 (1024 1024 183.967010 ) (1024 1024 192 ) (1024 1056 192 ) (1024 1056 183.967010 ) 
4 31 105 (1032 1024 183.967010 ) (1032 1024 192 ) (1024 1024 192 ) (1024 1024 183.967010 ) 
4 32 34 (2200 978 192 ) (2200 786 192 ) (2200 786 308 ) (2200 978 308 ) 
4 32 33 (2200 851 320.044006 ) (2200 978 320.044006 ) (2200 978 308 ) (2200 851 308 ) 
4 33 35 (2192 851 320.044006 ) (2192 978 320.044006 ) (2192 978 308 ) (2192 851 308 ) 
4 33 34 (2192 851 308 ) (2192 978 308 ) (2200 978 308 ) (2200 851 308 ) 
4 34 35 (2192 978 192 ) (2192 786 192 ) (2192 786 308 ) (2192 978 308 ) 
4 35 36 (2184 978 192 ) (2184 784 192 ) (2184 784 320.044006 ) (2184 978 320.044006 ) 
4 36 66 (2048 816 192 ) (2048 784 192 ) (2048 784 320.044006 ) (2048 816 320.044006 ) 
4 36 59 (2048 824 192 ) (2048 816 192 ) (2048 816 320.044006 ) (2048 824 320.044006 ) 
4 36 48 (2048 952 192 ) (2048 824 192 ) (2048 824 320.044006 ) (2048 952 320.044006 ) 
4 36 37 (2048 1024 320.044006 ) (2048 1024 192 ) (2048 952 192 ) (2048 952 320.044006 ) 
4 37 48 (1816 952 192 ) (2048 952 192 ) (2048 952 320.044006 ) (1816 952 320.044006 ) 
4 37 38 (1816 1024 192 ) (1816 984 192 ) (1816 984 304.257996 ) (1816 1024 304.257996 ) 
4 38 41 (1808 1024 192 ) (1808 984 192 ) (1808 984 304.257996 ) (1808 1024 304.257996 ) 
4 39 41 (1712 1024 320 ) (1776 1024 320 ) (1776 984 320 ) (1712 984 320 ) 
4 40 41 (1584 984 320 ) (1584 1024 320 ) (1648 1024 320 ) (1648 984 320 ) 
4 41 50 (1584 952 192 ) (1680 952 192 ) (1680 952 320 ) (1584 952 320 ) 
4 41 43 (1584 1024 192 ) (1584 952 192 ) (1584 952 320 ) (1584 1024 320 ) 
4 42 43 (1456 984 320 ) (1456 1024 320 ) (1520 1024 320 ) (1520 984 320 ) 
4 43 54 (1520 952 224 ) (1520 952 232 ) (1456 952 232 ) (1456 952 224 ) 
4 43 52 (1520 952 232 ) (1520 952 320 ) (1456 952 320 ) (1456 952 232 ) 
4 43 57 (1456 952 192 ) (1520 952 192 ) (1520 952 224 ) (1456 952 224 ) 
4 43 50 (1520 952 192 ) (1584 952 192 ) (1584 952 320 ) (1520 952 320 ) 
4 43 44 (1456 1024 320 ) (1456 1024 192 ) (1456 952 192 ) (1456 952 320 ) 
4 44 54 (1456 952 224 ) (1456 952 232 ) (1424 952 232 ) (1424 952 224 ) 
4 44 52 (1456 952 232 ) (1456 952 320 ) (1424 952 320 ) (1424 952 232 ) 
4 44 57 (1424 952 192 ) (1456 952 192 ) (1456 952 224 ) (1424 952 224 ) 
4 44 46 (1392 984 192 ) (1392 952 192 ) (1392 952 320 ) (1392 984 320 ) 
4 44 45 (1392 1024 192 ) (1392 984 192 ) (1392 984 320 ) (1392 1024 320 ) 
4 45 47 (1328 1024 192 ) (1328 984 192 ) (1328 984 320.044006 ) (1328 1024 320.044006 ) 
4 45 46 (1328 984 320.044006 ) (1328 984 192 ) (1392 984 192 ) (1392 984 320.044006 ) 
4 46 47 (1328 984 192 ) (1328 952 192 ) (1328 952 320.044006 ) (1328 984 320.044006 ) 
4 47 89 (1296 1024 304 ) (1296 1024 192 ) (1296 968 192 ) (1296 968 304 ) 
4 48 59 (1816 824 192 ) (2048 824 192 ) (2048 824 320.044006 ) (1816 824 320.044006 ) 
4 49 50 (1648 920 320 ) (1648 856 320 ) (1584 856 320 ) (1584 920 320 ) 
4 50 63 (1524 824 212 ) (1524 824 308 ) (1520 824 308 ) (1520 824 212 ) 
4 50 60 (1652 824 212 ) (1652 824 308 ) (1580 824 308 ) (1580 824 212 ) 
4 50 56 (1520 824 224 ) (1520 824 232 ) (1520 828.552917 232 ) (1520 828.552917 224 ) 
4 50 54 (1520 828.552917 232 ) (1520 952 232 ) (1520 952 224 ) (1520 828.552917 224 ) 
4 50 52 (1520 824 232 ) (1520 824 320 ) (1520 952 320 ) (1520 952 232 ) 
4 50 57 (1520 824 192 ) (1520 824 224 ) (1520 952 224 ) (1520 952 192 ) 
4 51 52 (1520 920 320 ) (1520 856 320 ) (1456 856 320 ) (1456 920 320 ) 
4 52 63 (1520 824 232 ) (1520 824 308 ) (1452 824 308 ) (1452 824 232 ) 
5 52 56 (1469.579956 854.804016 232 ) (1520 828.552917 232 ) (1520 824 232 ) (1459.448120 824 232 ) (1454.800049 826.419983 232 ) 
4 52 55 (1424 842.455994 232 ) (1424 878.535156 232 ) (1441.199951 869.580017 232 ) (1426.420044 841.195984 232 ) 
4 52 54 (1424 878.535156 232 ) (1424 952 232 ) (1520 952 232 ) (1520 828.552917 232 ) 
3 52 53 (1424 824 232 ) (1424 842.455994 232 ) (1459.448120 824 232 ) 
4 53 63 (1459.448120 824 232 ) (1452 824 232 ) (1452 824 224 ) (1459.448120 824 224 ) 
4 53 56 (1459.446167 824 224 ) (1454.799683 826.419250 224 ) (1454.800415 826.420837 232 ) (1459.450073 824 232 ) 
4 53 55 (1426.419678 841.195313 224 ) (1424 842.455078 224 ) (1424 842.457031 232 ) (1426.420410 841.196838 232 ) 
3 53 57 (1424 824 224 ) (1424 842.455994 224 ) (1459.448120 824 224 ) 
4 54 56 (1469.579102 854.802490 224 ) (1520 828.550964 224 ) (1520 828.550781 232 ) (1469.579102 854.802429 232 ) 
4 54 55 (1424 878.533203 224 ) (1441.199097 869.578491 224 ) (1441.199097 869.578491 232 ) (1424 878.533203 232 ) 
4 54 57 (1424 878.535156 224 ) (1424 952 224 ) (1520 952 224 ) (1520 828.552917 224 ) 
4 55 57 (1424 842.455994 224 ) (1424 878.535156 224 ) (1441.199951 869.580017 224 ) (1426.420044 841.195984 224 ) 
4 56 63 (1520 824 224 ) (1520 824 232 ) (1459.448120 824 232 ) (1459.448120 824 224 ) 
5 56 57 (1469.579956 854.804016 224 ) (1520 828.552917 224 ) (1520 824 224 ) (1459.448120 824 224 ) (1454.800049 826.419983 224 ) 
4 57 63 (1520 824 212 ) (1520 824 224 ) (1452 824 224 ) (1452 824 212 ) 
4 58 99 (1296 896 192 ) (1296 832 192 ) (1296 832 304 ) (1296 896 304 ) 
4 59 66 (1816 816 192 ) (2048 816 192 ) (2048 816 320.044006 ) (1816 816 320.044006 ) 
4 60 61 (1580 823 212 ) (1652 823 212 ) (1652 823 308 ) (1580 823 308 ) 
4 61 62 (1580 822 212 ) (1652 822 212 ) (1652 822 308 ) (1580 822 308 ) 
4 62 67 (1652 816 212 ) (1652 816 308 ) (1580 816 308 ) (1580 816 212 ) 
4 63 64 (1452 823 212 ) (1524 823 212 ) (1524 823 308 ) (1452 823 308 ) 
4 64 65 (1452 822 212 ) (1524 822 212 ) (1524 822 308 ) (1452 822 308 ) 
4 65 67 (1524 816 212 ) (1524 816 308 ) (1452 816 308 ) (1452 816 212 ) 
4 68 98 (1296 652 192 ) (1296 588 192 ) (1296 588 304 ) (1296 652 304 ) 
4 69 100 (1296 496 192 ) (1296 436 192 ) (1296 436 304 ) (1296 496 304 ) 
4 70 103 (1296 320 299.744995 ) (1296 320 300 ) (1296 344 300 ) (1296 344 299.744995 ) 
4 70 101 (1296 344 300 ) (1296 400 300 ) (1296 400 299.744995 ) (1296 344 299.744995 ) 
4 70 100 (1296 400 300 ) (1296 416 300 ) (1296 416 299.744995 ) (1296 400 299.744995 ) 
4 70 71 (1304 320 299.744995 ) (1298 320 299.744995 ) (1298 416 299.744995 ) (1304 416 299.744995 ) 
4 70 72 (1297 320 299.744995 ) (1296 320 299.744995 ) (1296 416 299.744995 ) (1297 416 299.744995 ) 
4 72 103 (1296 320 228 ) (1296 320 299.744995 ) (1296 344 299.744995 ) (1296 344 228 ) 
4 72 101 (1296 344 299.744995 ) (1296 400 299.744995 ) (1296 400 228 ) (1296 344 228 ) 
4 72 100 (1296 400 299.744995 ) (1296 416 299.744995 ) (1296 416 228 ) (1296 400 228 ) 
4 74 76 (1264 288 321 ) (1264 288 384 ) (1264 928 384 ) (1264 928 321 ) 
4 75 90 (1200 968 320 ) (1200 1024 320 ) (1264 1024 320 ) (1264 968 320 ) 
4 76 82 (1200 288 321 ) (1200 288 384 ) (1200 928 384 ) (1200 928 321 ) 
4 76 80 (1200 448 321 ) (1200 512 321 ) (1264 512 321 ) (1264 448 321 ) 
4 76 81 (1200 320 321 ) (1200 384 321 ) (1264 384 321 ) (1264 320 321 ) 
4 76 78 (1200 704 321 ) (1200 768 321 ) (1264 768 321 ) (1264 704 321 ) 
4 76 79 (1200 576 321 ) (1200 640 321 ) (1264 640 321 ) (1264 576 321 ) 
4 76 77 (1200 832 321 ) (1200 896 321 ) (1264 896 321 ) (1264 832 321 ) 
4 77 99 (1200 832 320 ) (1200 896 320 ) (1264 896 320 ) (1264 832 320 ) 
4 78 99 (1200 704 320 ) (1200 768 320 ) (1264 768 320 ) (1264 704 320 ) 
5 79 99 (1200 576 320 ) (1200 640 320 ) (1264 640 320 ) (1264 634 320 ) (1202.133301 576 320 ) 
3 79 98 (1264 634 320 ) (1264 576 320 ) (1202.133301 576 320 ) 
4 80 100 (1200 448 320 ) (1200 512 320 ) (1264 512 320 ) (1264 448 320 ) 
4 81 103 (1200 320 320 ) (1200 344 320 ) (1264 344 320 ) (1264 320 320 ) 
4 81 101 (1200 344 320 ) (1200 384 320 ) (1264 384 320 ) (1264 344 320 ) 
4 82 86 (1168 544 384 ) (1168 832 384 ) (1168 832 321 ) (1168 544 321 ) 
4 82 84 (1168 832 384 ) (1168 928 384 ) (1168 928 321 ) (1168 832 321 ) 
4 83 90 (1072 1024 320 ) (1136 1024 320 ) (1136 968 320 ) (1072 968 320 ) 
4 84 155 (1024 928 384 ) (1024 928 321 ) (1024 832 321 ) (1024 832 384 ) 
4 84 86 (1168 832 321 ) (1168 832 384 ) (1024 832 384 ) (1024 832 321 ) 
4 84 85 (1136 832 321 ) (1072 832 321 ) (1072 896 321 ) (1136 896 321 ) 
4 85 99 (1072 896 320 ) (1136 896 320 ) (1136 832 320 ) (1072 832 320 ) 
4 86 155 (1024 544 384 ) (1024 832 384 ) (1024 832 321 ) (1024 544 321 ) 
4 86 88 (1136 576 321 ) (1072 576 321 ) (1072 640 321 ) (1136 640 321 ) 
4 86 87 (1136 704 321 ) (1072 704 321 ) (1072 768 321 ) (1136 768 321 ) 
4 87 99 (1072 768 320 ) (1136 768 320 ) (1136 704 320 ) (1072 704 320 ) 
4 88 99 (1072 640 320 ) (1136 640 320 ) (1136 576 320 ) (1072 576 320 ) 
4 89 90 (1288 1024 192 ) (1288 968 192 ) (1288 968 304 ) (1288 1024 304 ) 
4 90 92 (1040 968 212 ) (1040 968 308 ) (1040 1024 308 ) (1040 1024 212 ) 
4 90 91 (1040 968 320 ) (1040 968 192 ) (1288 968 192 ) (1288 968 320 ) 
4 91 96 (1200 936 192 ) (1264 936 192 ) (1264 936 304 ) (1200 936 304 ) 
4 91 92 (1040 964 212 ) (1040 964 308 ) (1040 968 308 ) (1040 968 212 ) 
4 92 93 (1039 1024 212 ) (1039 964 212 ) (1039 964 308 ) (1039 1024 308 ) 
4 93 94 (1038 1024 212 ) (1038 964 212 ) (1038 964 308 ) (1038 1024 308 ) 
4 94 95 (1032 964 212 ) (1032 964 308 ) (1032 1024 308 ) (1032 1024 212 ) 
4 95 159 (1024 1024 312 ) (1024 1024 192 ) (1024 944 192 ) (1024 944 312 ) 
4 95 105 (1024 1024 192 ) (1032 1024 192 ) (1032 944 192 ) (1024 944 192 ) 
4 96 97 (1200 928 192 ) (1264 928 192 ) (1264 928 304 ) (1200 928 304 ) 
4 97 160 (1024 896 320 ) (1024 928 320 ) (1024 928 192 ) (1024 896 192 ) 
4 97 99 (1024 896 192 ) (1264 896 192 ) (1264 896 320 ) (1024 896 320 ) 
4 98 100 (1168 544 192 ) (1296 544 192 ) (1296 544 320 ) (1168 544 320 ) 
4 98 99 (1296 664.004150 192 ) (1167.995239 544 192 ) (1167.995239 544 320 ) (1296 664.004150 320 ) 
4 99 160 (1024 544 320 ) (1024 896 320 ) (1024 896 192 ) (1024 544 192 ) 
4 100 101 (1168 400 192 ) (1296 400 192 ) (1296 400 320 ) (1168 400 320 ) 
4 101 103 (1168 344 192 ) (1296 344 192 ) (1296 344 320 ) (1168 344 320 ) 
4 101 102 (1168 400 304 ) (1168 400 192 ) (1168 344 192 ) (1168 344 304 ) 
4 103 104 (1200 288 192 ) (1264 288 192 ) (1264 288 304 ) (1200 288 304 ) 
4 104 114 (1200 280 304 ) (1200 280 192 ) (1264 280 192 ) (1264 280 304 ) 
4 105 170 (1024 944 192 ) (1024 1024 192 ) (1024 1024 183.967010 ) (1024 944 183.967010 ) 
4 106 112 (1426 280 568 ) (1426 280 480 ) (1426 104 480 ) (1426 104 568 ) 
4 106 110 (1426 280 760 ) (1426 280 568 ) (1426 104 568 ) (1426 104 760 ) 
4 107 112 (1426 280 472 ) (1426 280 288 ) (1426 104 288 ) (1426 104 472 ) 
4 108 116 (1426 280 184 ) (1426 280 96 ) (1426 104 96 ) (1426 104 184 ) 
4 108 115 (1426 280 192 ) (1426 280 184 ) (1426 104 184 ) (1426 104 192 ) 
4 108 112 (1426 280 280 ) (1426 280 192 ) (1426 104 192 ) (1426 104 280 ) 
4 109 116 (1426 280 88 ) (1426 280 0 ) (1426 104 0 ) (1426 104 88 ) 
4 110 112 (1294 280 568 ) (1426 280 568 ) (1426 104 568 ) (1294 104 568 ) 
4 110 111 (1294 104 576 ) (1294 104 760 ) (1294 280 760 ) (1294 280 576 ) 
4 111 120 (1203 104 576 ) (1259 104 576 ) (1259 104 693.643982 ) (1203 104 693.643982 ) 
4 112 115 (1294 280 192 ) (1426 280 192 ) (1426 104 192 ) (1294 104 192 ) 
4 112 113 (1294 104 384 ) (1294 104 568 ) (1294 280 568 ) (1294 280 384 ) 
4 112 114 (1294 280 192 ) (1294 104 192 ) (1294 104 376 ) (1294 280 376 ) 
4 115 116 (1294 280 184 ) (1426 280 184 ) (1426 104 184 ) (1294 104 184 ) 
4 116 117 (1168 224 0 ) (1168 160 0 ) (1168 160 112 ) (1168 224 112 ) 
4 117 119 (1160 160 0 ) (1160 160 112 ) (1160 224 112 ) (1160 224 0 ) 
4 118 119 (1128 160 128 ) (1064 160 128 ) (1064 224 128 ) (1128 224 128 ) 
4 119 200 (1024 128 128 ) (1024 256 128 ) (1024 256 0 ) (1024 128 0 ) 
4 120 131 (1259 96 693.643982 ) (1203 96 693.643982 ) (1203 96 576 ) (1259 96 576 ) 
4 121 134 (1664 0 693.643982 ) (1664 0 704.110046 ) (1646 0 704.110046 ) (1646 0 693.643982 ) 
4 121 128 (1664 88 693.643982 ) (1664 0 693.643982 ) (1646 0 693.643982 ) (1646 88 693.643982 ) 
4 121 122 (1646 88 693.643982 ) (1646 64 693.643982 ) (1646 64 704.110046 ) (1646 88 704.110046 ) 
4 121 123 (1646 64 693.643982 ) (1646 0 693.643982 ) (1646 0 704.110046 ) (1646 64 704.110046 ) 
4 122 128 (1646 88 693.643982 ) (1646 64 693.643982 ) (1582 64 693.643982 ) (1582 88 693.643982 ) 
4 122 124 (1582 88 693.643982 ) (1582 64 693.643982 ) (1582 64 704.110046 ) (1582 88 704.110046 ) 
4 122 123 (1582 64 704.110046 ) (1582 64 693.643982 ) (1646 64 693.643982 ) (1646 64 704.110046 ) 
4 123 134 (1582 0 704.110046 ) (1582 0 693.643982 ) (1646 0 693.643982 ) (1646 0 704.110046 ) 
4 123 128 (1646 64 693.643982 ) (1646 0 693.643982 ) (1582 0 693.643982 ) (1582 64 693.643982 ) 
4 123 124 (1582 64 693.643982 ) (1582 0 693.643982 ) (1582 0 704.110046 ) (1582 64 704.110046 ) 
4 124 134 (1518 0 704.110046 ) (1518 0 693.643982 ) (1582 0 693.643982 ) (1582 0 704.110046 ) 
4 124 128 (1582 88 693.643982 ) (1582 0 693.643982 ) (1518 0 693.643982 ) (1518 88 693.643982 ) 
4 124 125 (1518 88 693.643982 ) (1518 64 693.643982 ) (1518 64 704.110046 ) (1518 88 704.110046 ) 
4 124 126 (1518 64 693.643982 ) (1518 0 693.643982 ) (1518 0 704.110046 ) (1518 64 704.110046 ) 
4 125 128 (1518 88 693.643982 ) (1518 64 693.643982 ) (1454 64 693.643982 ) (1454 88 693.643982 ) 
4 125 127 (1454 88 693.643982 ) (1454 64 693.643982 ) (1454 64 704.110046 ) (1454 88 704.110046 ) 
4 125 126 (1454 64 704.110046 ) (1454 64 693.643982 ) (1518 64 693.643982 ) (1518 64 704.110046 ) 
4 126 134 (1454 0 704.110046 ) (1454 0 693.643982 ) (1518 0 693.643982 ) (1518 0 704.110046 ) 
4 126 128 (1518 64 693.643982 ) (1518 0 693.643982 ) (1454 0 693.643982 ) (1454 64 693.643982 ) 
4 126 127 (1454 64 693.643982 ) (1454 0 693.643982 ) (1454 0 704.110046 ) (1454 64 704.110046 ) 
4 127 134 (1424 0 693.643982 ) (1454 0 693.643982 ) (1454 0 704.110046 ) (1424 0 704.110046 ) 
4 127 128 (1424 88 693.643982 ) (1454 88 693.643982 ) (1454 0 693.643982 ) (1424 0 693.643982 ) 
4 128 135 (1664 0 576.899048 ) (1664 0 693.643982 ) (1424 0 693.643982 ) (1424 0 576.899048 ) 
4 129 131 (1384 64 704 ) (1384 0 704 ) (1320 0 704 ) (1320 64 704 ) 
4 130 131 (1256 64 704 ) (1256 0 704 ) (1192 0 704 ) (1192 64 704 ) 
4 131 142 (1192 0 704 ) (1160 0 704 ) (1160 0 576 ) (1192 0 576 ) 
4 131 141 (1256 0 704 ) (1192 0 704 ) (1192 0 576 ) (1256 0 576 ) 
4 131 139 (1416 0 576 ) (1416 0 704 ) (1256 0 704 ) (1256 0 576 ) 
4 132 134 (1582 -128 704.110046 ) (1582 -64 704.110046 ) (1646 -64 704.110046 ) (1646 -128 704.110046 ) 
4 133 134 (1454 -128 704.110046 ) (1454 -64 704.110046 ) (1518 -64 704.110046 ) (1518 -128 704.110046 ) 
4 134 143 (1664 -160 693.643982 ) (1664 -160 694.543091 ) (1613 -160 694.543091 ) (1613 -160 693.643982 ) 
4 134 135 (1424 0 693.643982 ) (1664 0 693.643982 ) (1664 -160 693.643982 ) (1424 -160 693.643982 ) 
4 135 143 (1664 -160 576.899048 ) (1664 -160 693.643982 ) (1613 -160 693.643982 ) (1613 -160 576.899048 ) 
4 135 136 (1424 -76.800003 693.643982 ) (1424 -19.200001 693.643982 ) (1424 -19.200001 576.899048 ) (1424 -76.800003 576.899048 ) 
4 136 137 (1423 -76.800003 693.643982 ) (1423 -19.200001 693.643982 ) (1423 -19.200001 576.899048 ) (1423 -76.800003 576.899048 ) 
4 137 139 (1416 -19.200001 576 ) (1416 -76.800003 576 ) (1416 -76.800003 693.643982 ) (1416 -19.200001 693.643982 ) 
4 138 139 (1384 -64 704 ) (1384 -128 704 ) (1320 -128 704 ) (1320 -64 704 ) 
4 139 147 (1256 -160 692 ) (1256 -160 596 ) (1260 -160 596 ) (1260 -160 692 ) 
4 139 144 (1316 -160 692 ) (1316 -160 596 ) (1388 -160 596 ) (1388 -160 692 ) 
4 139 141 (1256 -160 576 ) (1256 -160 704 ) (1256 0 704 ) (1256 0 576 ) 
4 140 141 (1192 -128 704 ) (1192 -64 704 ) (1256 -64 704 ) (1256 -128 704 ) 
4 141 147 (1256 -160 596 ) (1256 -160 692 ) (1192 -160 692 ) (1192 -160 596 ) 
4 141 142 (1192 -160 576 ) (1192 -160 704 ) (1192 0 704 ) (1192 0 576 ) 
4 142 147 (1192 -160 596 ) (1192 -160 692 ) (1188 -160 692 ) (1188 -160 596 ) 
4 143 152 (1664 -168 576.899048 ) (1664 -168 694.543091 ) (1613 -168 694.543091 ) (1613 -168 576.899048 ) 
4 144 145 (1316 -161 596 ) (1388 -161 596 ) (1388 -161 692 ) (1316 -161 692 ) 
4 145 146 (1316 -162 596 ) (1388 -162 596 ) (1388 -162 692 ) (1316 -162 692 ) 
4 146 153 (1388 -168 596 ) (1388 -168 692 ) (1316 -168 692 ) (1316 -168 596 ) 
4 147 148 (1188 -161 596 ) (1260 -161 596 ) (1260 -161 692 ) (1188 -161 692 ) 
4 148 149 (1188 -162 596 ) (1260 -162 596 ) (1260 -162 692 ) (1188 -162 692 ) 
4 149 153 (1260 -168 596 ) (1260 -168 692 ) (1188 -168 692 ) (1188 -168 596 ) 
4 150 152 (1664 -168 336 ) (1664 -176 336 ) (1664 -176 568 ) (1664 -168 568 ) 
4 150 151 (1664 -176 568 ) (1664 -176 336 ) (1677 -176 336 ) (1677 -176 568 ) 
4 151 152 (1664 -176 336 ) (1664 -278 336 ) (1664 -278 704 ) (1664 -176 704 ) 
4 154 170 (1024 1024 183.967010 ) (1024 1024 192 ) (984 1024 192 ) (984 1024 183.967010 ) 
4 154 159 (1024 1024 192 ) (1024 1024 312 ) (984 1024 312 ) (984 1024 192 ) 
4 155 158 (944 640 321 ) (1008 640 321 ) (1008 576 321 ) (944 576 321 ) 
4 155 157 (944 768 321 ) (1008 768 321 ) (1008 704 321 ) (944 704 321 ) 
4 155 156 (944 896 321 ) (1008 896 321 ) (1008 832 321 ) (944 832 321 ) 
4 156 160 (944 896 320 ) (1008 896 320 ) (1008 832 320 ) (944 832 320 ) 
4 157 160 (944 768 320 ) (1008 768 320 ) (1008 704 320 ) (944 704 320 ) 
4 158 160 (944 640 320 ) (1008 640 320 ) (1008 576 320 ) (944 576 320 ) 
4 159 170 (984 1024 192 ) (1024 1024 192 ) (1024 944 192 ) (984 944 192 ) 
4 160 165 (912 560 228 ) (912 560 300 ) (912 656 300 ) (912 656 228 ) 
4 160 161 (912 664 228 ) (912 664 300 ) (912 760 300 ) (912 760 228 ) 
4 161 163 (910 760 228 ) (910 664 228 ) (910 664 299.744995 ) (910 760 299.744995 ) 
4 161 162 (910 664 299.744995 ) (910 664 300 ) (910 760 300 ) (910 760 299.744995 ) 
4 162 164 (909 664 299.744995 ) (909 664 300 ) (909 760 300 ) (909 760 299.744995 ) 
4 162 163 (909 664 299.744995 ) (909 760 299.744995 ) (910 760 299.744995 ) (910 664 299.744995 ) 
4 163 164 (909 760 228 ) (909 664 228 ) (909 664 299.744995 ) (909 760 299.744995 ) 
4 164 169 (896 664 228 ) (896 664 300 ) (896 760 300 ) (896 760 228 ) 
4 165 167 (910 656 228 ) (910 560 228 ) (910 560 299.744995 ) (910 656 299.744995 ) 
4 165 166 (910 560 299.744995 ) (910 560 300 ) (910 656 300 ) (910 656 299.744995 ) 
4 166 168 (909 560 299.744995 ) (909 560 300 ) (909 656 300 ) (909 656 299.744995 ) 
4 166 167 (909 560 299.744995 ) (909 656 299.744995 ) (910 656 299.744995 ) (910 560 299.744995 ) 
4 167 168 (909 656 228 ) (909 560 228 ) (909 560 299.744995 ) (909 656 299.744995 ) 
4 168 169 (896 560 228 ) (896 560 300 ) (896 656 300 ) (896 656 228 ) 
4 171 183 (256 256 136 ) (352 256 136 ) (352 128 136 ) (256 128 136 ) 
4 171 182 (384 160 136 ) (384 128 136 ) (352 128 136 ) (352 160 136 ) 
4 171 181 (384 224 136 ) (384 160 136 ) (352 160 136 ) (352 224 136 ) 
4 171 175 (352 256 136 ) (384 256 136 ) (384 224 136 ) (352 224 136 ) 
4 171 172 (256 128 136 ) (384 128 136 ) (384 128 192 ) (256 128 192 ) 
4 172 207 (0 0 136 ) (0 0 192 ) (0 128 192 ) (0 128 136 ) 
4 172 184 (256 0 136 ) (0 0 136 ) (0 128 136 ) (256 128 136 ) 
4 172 183 (352 0 136 ) (256 0 136 ) (256 128 136 ) (352 128 136 ) 
4 172 182 (384 0 136 ) (352 0 136 ) (352 128 136 ) (384 128 136 ) 
4 173 189 (552 360 128 ) (616 360 128 ) (616 296 128 ) (552 296 128 ) 
4 174 189 (424 360 128 ) (488 360 128 ) (488 296 128 ) (424 296 128 ) 
4 175 183 (352 256 136 ) (352 256 129 ) (352 224 129 ) (352 224 136 ) 
4 175 181 (352 224 136 ) (352 224 129 ) (384 224 129 ) (384 224 136 ) 
4 176 200 (936 224 128 ) (1000 224 128 ) (1000 160 128 ) (936 160 128 ) 
4 177 200 (808 224 128 ) (872 224 128 ) (872 160 128 ) (808 160 128 ) 
4 178 200 (680 224 128 ) (744 224 128 ) (744 160 128 ) (680 160 128 ) 
4 179 200 (552 224 128 ) (616 224 128 ) (616 160 128 ) (552 160 128 ) 
4 180 200 (424 224 128 ) (488 224 128 ) (488 160 128 ) (424 160 128 ) 
4 181 183 (352 160 129 ) (352 160 136 ) (352 224 136 ) (352 224 129 ) 
4 181 182 (352 160 136 ) (352 160 129 ) (384 160 129 ) (384 160 136 ) 
4 182 183 (352 0 129 ) (352 0 136 ) (352 160 136 ) (352 160 129 ) 
4 183 186 (352 96 129 ) (352 32 129 ) (288 32 129 ) (288 96 129 ) 
4 183 185 (352 224 129 ) (352 160 129 ) (288 160 129 ) (288 224 129 ) 
4 183 184 (256 128 129 ) (256 0 129 ) (256 0 136 ) (256 128 136 ) 
4 184 207 (0 0 129 ) (0 0 136 ) (0 128 136 ) (0 128 129 ) 
4 184 188 (32 96 129 ) (96 96 129 ) (96 32 129 ) (32 32 129 ) 
4 184 187 (160 96 129 ) (224 96 129 ) (224 32 129 ) (160 32 129 ) 
4 185 202 (288 160 128 ) (288 224 128 ) (352 224 128 ) (352 160 128 ) 
4 186 206 (288 32 128 ) (288 96 128 ) (352 96 128 ) (352 32 128 ) 
4 187 206 (160 96 128 ) (224 96 128 ) (224 32 128 ) (160 32 128 ) 
4 188 206 (32 96 128 ) (96 96 128 ) (96 32 128 ) (32 32 128 ) 
4 189 199 (424 264 116 ) (424 264 51.334206 ) (488 264 51.334206 ) (488 264 116 ) 
4 189 196 (536 264 108 ) (536 264 51.334206 ) (632 264 51.334206 ) (632 264 108 ) 
4 189 193 (392 344.664063 51.334206 ) (392 346.040070 51.334206 ) (409.092987 362.267761 51.334206 ) (409.776489 361.545715 51.334206 ) 
4 189 192 (419.243103 371.904053 51.334206 ) (440.410645 392 51.334206 ) (441.845062 392 51.334206 ) (419.925171 371.183533 51.334206 ) 
3 189 191 (392 346.040070 51.334206 ) (392 392 51.334206 ) (440.410645 392 51.334206 ) 
5 189 190 (392 264 51.334206 ) (392 344.664063 51.334206 ) (441.845062 392 51.334206 ) (648 392 51.334206 ) (648 264 51.334206 ) 
4 190 199 (488 264 51.334206 ) (424 264 51.334206 ) (424 264 42.334206 ) (488 264 42.334206 ) 
4 190 196 (632 264 51.334206 ) (536 264 51.334206 ) (536 264 42.334206 ) (632 264 42.334206 ) 
4 190 193 (409.776520 361.545715 42.334206 ) (392 344.664063 42.334206 ) (392 344.660156 51.334206 ) (409.778412 361.543640 51.334206 ) 
4 190 192 (441.845093 392 42.334206 ) (419.928070 371.186249 42.334206 ) (419.927124 371.181458 51.334206 ) (441.849182 392 51.334206 ) 
5 190 194 (392 264 42.334206 ) (392 344.667847 42.334206 ) (441.841064 392 42.334206 ) (648 392 42.334206 ) (648 264 42.334206 ) 
4 191 193 (392 346.046875 42.334206 ) (409.089630 362.271362 42.334206 ) (409.091797 362.269012 51.334206 ) (392 346.042480 51.334206 ) 
4 191 192 (419.242615 371.910370 42.334206 ) (440.403473 392 42.334206 ) (440.408173 392 51.334206 ) (419.241913 371.905273 51.334206 ) 
3 191 194 (392 346.048126 42.334206 ) (392 392 42.334206 ) (440.402161 392 42.334206 ) 
4 192 194 (419.241974 371.911011 42.334206 ) (440.402161 392 42.334206 ) (441.841064 392 42.334206 ) (419.926178 371.188263 42.334206 ) 
4 193 194 (392 344.667847 42.334206 ) (392 346.048126 42.334206 ) (409.088989 362.272034 42.334206 ) (409.774628 361.547729 42.334206 ) 
4 194 199 (424 264 0 ) (488 264 0 ) (488 264 42.334206 ) (424 264 42.334206 ) 
4 194 196 (632 264 36 ) (632 264 42.334206 ) (536 264 42.334206 ) (536 264 36 ) 
4 195 200 (872 256 0 ) (936 256 0 ) (936 256 116 ) (872 256 116 ) 
4 196 197 (536 261 36 ) (632 261 36 ) (632 261 108 ) (536 261 108 ) 
4 197 198 (536 260 36 ) (632 260 36 ) (632 260 108 ) (536 260 108 ) 
4 198 200 (632 256 36 ) (632 256 108 ) (536 256 108 ) (536 256 36 ) 
4 199 200 (424 256 0 ) (488 256 0 ) (488 256 116 ) (424 256 116 ) 
4 200 204 (512 128 0 ) (640 128 0 ) (640 128 123 ) (512 128 123 ) 
4 200 201 (392 224 0 ) (392 160 0 ) (392 160 116 ) (392 224 116 ) 
4 201 202 (384 224 0 ) (384 160 0 ) (384 160 116 ) (384 224 116 ) 
4 202 206 (256 128 0 ) (384 128 0 ) (384 128 128 ) (256 128 128 ) 
4 203 210 (0 136 116 ) (0 136 0 ) (0 128 0 ) (0 128 116 ) 
4 203 206 (0 128 0 ) (32 128 0 ) (32 128 116 ) (0 128 116 ) 
4 204 205 (512 127 123 ) (512 127 0 ) (640 127 0 ) (640 127 123 ) 
4 206 217 (288 0 116 ) (288 0 0 ) (352 0 0 ) (352 0 116 ) 
4 206 211 (0 0 0 ) (0 0 128 ) (0 128 128 ) (0 128 0 ) 
4 207 218 (0 0 129 ) (0 0 384 ) (-128 0 384 ) (-128 0 129 ) 
4 207 208 (-1 128 129 ) (0 128 129 ) (0 96 129 ) (-1 96 129 ) 
4 207 209 (-128 128 129 ) (-1 128 129 ) (-1 1 129 ) (-128 1 129 ) 
4 208 211 (0 128 128 ) (0 96 128 ) (-1 96 128 ) (-1 128 128 ) 
4 208 209 (-1 128 129 ) (-1 128 128 ) (-1 96 128 ) (-1 96 129 ) 
4 209 212 (-32 1 128 ) (-128 1 128 ) (-128 128 128 ) (-32 128 128 ) 
4 209 211 (-1 1 128 ) (-32 1 128 ) (-32 128 128 ) (-1 128 128 ) 
4 210 211 (-32 128 116 ) (-32 128 0 ) (0 128 0 ) (0 128 116 ) 
4 211 221 (0 0 0 ) (0 0 1 ) (-32 0 1 ) (-32 0 0 ) 
4 211 220 (0 0 1 ) (0 0 128 ) (-32 0 128 ) (-32 0 1 ) 
4 211 214 (-32 42.690323 0 ) (-32 0 0 ) (-32 0 1 ) (-32 42.690331 1 ) 
4 211 213 (-32 128 0 ) (-32 42.690323 0 ) (-32 42.690331 1 ) (-32 128 1 ) 
4 211 212 (-32 0 1 ) (-32 0 128 ) (-32 128 128 ) (-32 128 1 ) 
4 212 220 (-32 0 128 ) (-128 0 128 ) (-128 0 1 ) (-32 0 1 ) 
4 212 216 (-128 96 116 ) (-128 96 1 ) (-128 32 1 ) (-128 32 116 ) 
4 212 215 (-128 0 1 ) (-128 16.967216 1 ) (-113.406998 20.877398 1 ) (-107.812599 0 1 ) 
4 212 214 (-84.429092 28.641998 1 ) (-32 42.690323 1 ) (-32 0 1 ) (-76.754562 0 1 ) 
4 212 213 (-128 16.967216 1 ) (-128 128 1 ) (-32 128 1 ) (-32 42.690323 1 ) 
4 213 216 (-128 96 0 ) (-128 32 0 ) (-128 32 1 ) (-128 96 1 ) 
4 213 215 (-113.406822 20.876730 1 ) (-128 16.966501 1 ) (-128 16.966501 0 ) (-113.406822 20.876730 0 ) 
4 213 214 (-32 42.689613 0 ) (-32 42.689613 1 ) (-84.428925 28.641331 1 ) (-84.428917 28.641333 0 ) 
4 214 221 (-75.411537 0 0 ) (-32 0 0 ) (-32 0 1 ) (-75.411537 0 1 ) 
4 215 222 (-128 0 1 ) (-128 0 0 ) (-107.812599 0 0 ) (-107.812599 0 1 ) 
4 218 219 (-32 -32 129 ) (-32 -96 129 ) (-96 -96 129 ) (-96 -32 129 ) 
4 219 220 (-32 -32 128 ) (-32 -96 128 ) (-96 -96 128 ) (-96 -32 128 ) 
4 220 223 (-96 -128 116 ) (-96 -128 1 ) (-32 -128 1 ) (-32 -128 116 ) 
4 220 222 (-128 -14.091209 1 ) (-128 0 1 ) (-107.812599 0 1 ) (-105.641998 -8.100327 1 ) 
5 220 221 (0 -128 1 ) (-128 -128 1 ) (-128 -14.091209 1 ) (-75.411537 0 1 ) (0 0 1 ) 
4 221 223 (-96 -128 0 ) (-32 -128 0 ) (-32 -128 1 ) (-96 -128 1 ) 
4 221 222 (-105.642380 -8.098912 0 ) (-128 -14.089844 0 ) (-128 -14.089844 1 ) (-105.642342 -8.099053 1 ) 
