PRT1
224
614
4 0 5 (56 0 -64 ) (208 0 -64 ) (208 0 64 ) (56 0 64 ) 
4 0 1 (56 208 64 ) (56 208 -64 ) (56 40 -64 ) (56 40 64 ) 
4 1 39 (0 128 -28 ) (0 128 -64 ) (0 40 -64 ) (0 40 -28 ) 
4 1 36 (0 128 44 ) (0 128 -28 ) (0 40 -28 ) (0 40 44 ) 
4 1 34 (0 40 64 ) (0 128 64 ) (0 128 44 ) (0 40 44 ) 
4 1 32 (0 128 64 ) (0 208 64 ) (0 208 -64 ) (0 128 -64 ) 
4 2 40 (0 0 -64 ) (0 0 -28 ) (0 24 -28 ) (0 24 -64 ) 
4 2 38 (0 0 -28 ) (0 0 44 ) (0 24 44 ) (0 24 -28 ) 
4 2 35 (0 0 44 ) (0 0 64 ) (0 24 64 ) (0 24 44 ) 
4 2 6 (0 0 64 ) (0 0 -64 ) (40 0 -64 ) (40 0 64 ) 
4 3 70 (0 -8 64 ) (0 -72 64 ) (0 -72 72 ) (0 -8 72 ) 
4 3 7 (0 -72 64 ) (0 -16 64 ) (8 -16 64 ) (8 -72 64 ) 
4 3 6 (0 -16 64 ) (0 -8 64 ) (8 -8 64 ) (8 -16 64 ) 
4 4 87 (0 -136 64 ) (0 -200 64 ) (0 -200 72 ) (0 -136 72 ) 
4 4 12 (0 -200 64 ) (0 -136 64 ) (8 -136 64 ) (8 -200 64 ) 
4 5 8 (56 -112 -28 ) (56 -112 44 ) (56 -16 44 ) (56 -16 -28 ) 
4 6 73 (0 0 64 ) (0 0 -64 ) (0 -16 -64 ) (0 -16 64 ) 
4 6 11 (0 -16 -64 ) (40 -16 -64 ) (40 -16 -28 ) (0 -16 -28 ) 
4 6 10 (40 -16 -28 ) (40 -16 44 ) (0 -16 44 ) (0 -16 -28 ) 
4 6 7 (40 -16 44 ) (40 -16 64 ) (0 -16 64 ) (0 -16 44 ) 
4 7 74 (0 -112 44 ) (0 -112 64 ) (0 -104 64 ) (0 -104 44 ) 
4 7 73 (0 -104 64 ) (0 -16 64 ) (0 -16 44 ) (0 -104 44 ) 
4 7 12 (40 -112 64 ) (0 -112 64 ) (0 -112 44 ) (40 -112 44 ) 
4 7 10 (40 -112 44 ) (0 -112 44 ) (0 -16 44 ) (40 -16 44 ) 
4 8 9 (43 -16 -28 ) (43 -112 -28 ) (43 -112 44 ) (43 -16 44 ) 
4 9 10 (42 -16 -28 ) (42 -112 -28 ) (42 -112 44 ) (42 -16 44 ) 
4 10 74 (0 -112 -28 ) (0 -112 44 ) (0 -104 44 ) (0 -104 -28 ) 
4 10 73 (0 -104 44 ) (0 -16 44 ) (0 -16 -28 ) (0 -104 -28 ) 
4 10 12 (40 -112 44 ) (0 -112 44 ) (0 -112 -28 ) (40 -112 -28 ) 
4 10 11 (40 -112 -28 ) (0 -112 -28 ) (0 -16 -28 ) (40 -16 -28 ) 
4 11 74 (0 -104 -64 ) (0 -112 -64 ) (0 -112 -28 ) (0 -104 -28 ) 
4 11 73 (0 -16 -64 ) (0 -104 -64 ) (0 -104 -28 ) (0 -16 -28 ) 
4 11 12 (0 -112 -64 ) (40 -112 -64 ) (40 -112 -28 ) (0 -112 -28 ) 
4 12 88 (0 -128 -64 ) (0 -232 -64 ) (0 -232 64 ) (0 -128 64 ) 
4 12 74 (0 -112 -64 ) (0 -128 -64 ) (0 -128 64 ) (0 -112 64 ) 
4 12 13 (0 -232 -64 ) (8 -232 -64 ) (8 -232 52 ) (0 -232 52 ) 
4 13 89 (0 -232 52 ) (0 -232 -64 ) (0 -240 -64 ) (0 -240 52 ) 
4 13 14 (0 -240 52 ) (0 -240 -64 ) (8 -240 -64 ) (8 -240 52 ) 
4 14 92 (0 -240 224 ) (0 -240 -64 ) (0 -590 -64 ) (0 -590 224 ) 
4 14 18 (40 -590 -2 ) (40 -590 160 ) (0 -590 160 ) (0 -590 -2 ) 
4 14 17 (40 -590 -64 ) (42 -590 -64 ) (42 -590 160 ) (40 -590 160 ) 
4 15 90 (0 -598 480 ) (0 -596 480 ) (0 -596 240 ) (0 -598 240 ) 
4 15 19 (964 -598 240 ) (964 -598 480 ) (0 -598 480 ) (0 -598 240 ) 
4 15 16 (964 -596 240 ) (964 -598 240 ) (222 -598 240 ) (222 -596 240 ) 
4 16 20 (964 -596 -64 ) (964 -598 -64 ) (222 -598 -64 ) (222 -596 -64 ) 
4 16 19 (222 -598 -64 ) (964 -598 -64 ) (964 -598 240 ) (222 -598 240 ) 
4 17 20 (42 -596 -64 ) (42 -598 -64 ) (40 -598 -64 ) (40 -596 -64 ) 
4 17 19 (40 -598 -64 ) (42 -598 -64 ) (42 -598 160 ) (40 -598 160 ) 
4 17 18 (40 -598 -2 ) (40 -598 160 ) (40 -590 160 ) (40 -590 -2 ) 
4 18 93 (0 -590 160 ) (0 -590 -2 ) (0 -598 -2 ) (0 -598 160 ) 
4 18 19 (40 -598 -2 ) (40 -598 160 ) (0 -598 160 ) (0 -598 -2 ) 
4 19 167 (0 -1024 0 ) (0 -1024 -64 ) (28 -1024 -64 ) (28 -1024 0 ) 
4 19 165 (0 -1024 4 ) (0 -1024 0 ) (28 -1024 0 ) (28 -1024 4 ) 
4 19 158 (0 -1024 36 ) (0 -1024 4 ) (28 -1024 4 ) (28 -1024 36 ) 
4 19 151 (0 -1024 64 ) (0 -1024 36 ) (28 -1024 36 ) (28 -1024 64 ) 
4 19 142 (28 -1024 -64 ) (36 -1024 -64 ) (36 -1024 64 ) (28 -1024 64 ) 
4 19 141 (36 -1024 -64 ) (964 -1024 -64 ) (964 -1024 64 ) (36 -1024 64 ) 
3 19 139 (0 -1024 418 ) (0 -1024 64 ) (236 -1024 64 ) 
5 19 137 (964 -1024 480 ) (0 -1024 480 ) (0 -1024 418 ) (236 -1024 64 ) (964 -1024 64 ) 
4 19 94 (0 -1024 -64 ) (0 -1024 224 ) (0 -598 224 ) (0 -598 -64 ) 
4 19 91 (0 -1024 224 ) (0 -1024 240 ) (0 -598 240 ) (0 -598 224 ) 
4 19 90 (0 -1024 240 ) (0 -1024 480 ) (0 -598 480 ) (0 -598 240 ) 
4 19 20 (964 -1024 -64 ) (0 -1024 -64 ) (0 -598 -64 ) (964 -598 -64 ) 
4 20 167 (28 -1024 -64 ) (0 -1024 -64 ) (0 -1024 -320 ) (28 -1024 -320 ) 
4 20 142 (36 -1024 -64 ) (28 -1024 -64 ) (28 -1024 -320 ) (36 -1024 -320 ) 
4 20 141 (964 -1024 -320 ) (964 -1024 -64 ) (36 -1024 -64 ) (36 -1024 -320 ) 
4 20 96 (0 -1024 -320 ) (0 -1024 -64 ) (0 -596 -64 ) (0 -596 -320 ) 
4 21 99 (-1024 672 128 ) (-1024 800 128 ) (-1024 800 104 ) (-1024 672 104 ) 
4 21 98 (-1024 800 128 ) (-1024 808 128 ) (-1024 808 104 ) (-1024 800 104 ) 
4 21 22 (-1024 672 104 ) (-1024 808 104 ) (-952 808 104 ) (-952 672 104 ) 
4 22 99 (-1024 672 104 ) (-1024 800 104 ) (-1024 800 96 ) (-1024 672 96 ) 
4 22 98 (-1024 800 104 ) (-1024 808 104 ) (-1024 808 96 ) (-1024 800 96 ) 
4 22 29 (-1024 672 96 ) (-1024 808 96 ) (-952 808 96 ) (-952 672 96 ) 
4 23 27 (-400 288 96 ) (-336 288 96 ) (-336 224 96 ) (-400 224 96 ) 
4 24 27 (-528 288 96 ) (-464 288 96 ) (-464 224 96 ) (-528 224 96 ) 
4 25 27 (-656 288 96 ) (-592 288 96 ) (-592 224 96 ) (-656 224 96 ) 
4 26 28 (-336 32 96 ) (-336 96 96 ) (-272 96 96 ) (-272 32 96 ) 
4 27 46 (-464 128 64 ) (-688 128 64 ) (-688 320 64 ) (-464 320 64 ) 
4 27 33 (-304 128 64 ) (-464 128 64 ) (-464 320 64 ) (-304 320 64 ) 
4 27 28 (-432 128 64 ) (-304 128 64 ) (-304 128 96 ) (-432 128 96 ) 
4 28 72 (-432 0 72 ) (-432 0 64 ) (-240 0 64 ) (-240 0 72 ) 
4 28 69 (-240 0 96 ) (-432 0 96 ) (-432 0 72 ) (-240 0 72 ) 
4 28 43 (-240 0 64 ) (-432 0 64 ) (-432 128 64 ) (-240 128 64 ) 
4 29 100 (-1024 808 70 ) (-1024 808 68 ) (-1024 672 68 ) (-1024 672 70 ) 
4 29 99 (-1024 672 96 ) (-1024 800 96 ) (-1024 800 70 ) (-1024 672 70 ) 
4 29 98 (-1024 800 96 ) (-1024 808 96 ) (-1024 808 70 ) (-1024 800 70 ) 
4 29 31 (-1024 712 68 ) (-1024 808 68 ) (-1016 808 68 ) (-1016 712 68 ) 
4 29 30 (-1016 712 68 ) (-1016 776 68 ) (-984 776 68 ) (-984 712 68 ) 
3 30 55 (-984 715.156616 64 ) (-984 712 64 ) (-991.259460 712 64 ) 
5 30 51 (-984 776 64 ) (-984 715.156616 64 ) (-991.259460 712 64 ) (-1016 712 64 ) (-1016 776 64 ) 
4 30 31 (-1016 776 64 ) (-1016 712 64 ) (-1016 712 68 ) (-1016 776 68 ) 
4 31 102 (-1024 712 68 ) (-1024 808 68 ) (-1024 808 64 ) (-1024 712 64 ) 
4 31 51 (-1024 712 64 ) (-1024 808 64 ) (-1016 808 64 ) (-1016 712 64 ) 
4 32 41 (-160 128 -64 ) (-96 128 -64 ) (-96 128 64 ) (-160 128 64 ) 
4 32 39 (-96 128 -64 ) (0 128 -64 ) (0 128 -28 ) (-96 128 -28 ) 
4 32 36 (0 128 -28 ) (0 128 44 ) (-96 128 44 ) (-96 128 -28 ) 
4 32 34 (0 128 44 ) (0 128 64 ) (-96 128 64 ) (-96 128 44 ) 
4 33 46 (-464 320 -64 ) (-464 128 -64 ) (-464 128 64 ) (-464 320 64 ) 
4 33 43 (-432 128 -64 ) (-304 128 -64 ) (-304 128 64 ) (-432 128 64 ) 
4 34 41 (-96 128 64 ) (-96 128 44 ) (-96 40 44 ) (-96 40 64 ) 
4 34 36 (-96 40 44 ) (-96 128 44 ) (0 128 44 ) (0 40 44 ) 
4 35 73 (0 0 44 ) (0 0 64 ) (-96 0 64 ) (-96 0 44 ) 
4 35 42 (-96 24 44 ) (-96 0 44 ) (-96 0 64 ) (-96 24 64 ) 
4 35 38 (0 0 44 ) (-96 0 44 ) (-96 24 44 ) (0 24 44 ) 
4 36 41 (-96 128 44 ) (-96 128 -28 ) (-96 40 -28 ) (-96 40 44 ) 
4 36 39 (-96 40 -28 ) (-96 128 -28 ) (0 128 -28 ) (0 40 -28 ) 
4 36 37 (-96 27 -28 ) (0 27 -28 ) (0 27 44 ) (-96 27 44 ) 
4 37 38 (-96 26 -28 ) (0 26 -28 ) (0 26 44 ) (-96 26 44 ) 
4 38 73 (0 0 -28 ) (0 0 44 ) (-96 0 44 ) (-96 0 -28 ) 
4 38 42 (-96 24 -28 ) (-96 0 -28 ) (-96 0 44 ) (-96 24 44 ) 
4 38 40 (-96 0 -28 ) (-96 24 -28 ) (0 24 -28 ) (0 0 -28 ) 
4 39 41 (-96 128 -28 ) (-96 128 -64 ) (-96 40 -64 ) (-96 40 -28 ) 
4 40 73 (0 0 -64 ) (0 0 -28 ) (-96 0 -28 ) (-96 0 -64 ) 
4 40 42 (-96 24 -64 ) (-96 0 -64 ) (-96 0 -28 ) (-96 24 -28 ) 
4 42 73 (-96 0 64 ) (-216 0 64 ) (-216 0 -64 ) (-96 0 -64 ) 
4 43 82 (-432 0 48 ) (-432 0 -64 ) (-240 0 -64 ) (-240 0 48 ) 
4 43 78 (-432 0 56 ) (-432 0 48 ) (-240 0 48 ) (-240 0 56 ) 
4 43 76 (-240 0 64 ) (-432 0 64 ) (-432 0 56 ) (-240 0 56 ) 
4 43 44 (-432 96 -64 ) (-432 0 -64 ) (-432 0 48 ) (-432 96 48 ) 
4 44 83 (-448 0 48 ) (-448 0 -64 ) (-432 0 -64 ) (-432 0 48 ) 
4 44 67 (-432 0 -64 ) (-448 0 -64 ) (-448 64 -64 ) (-432 64 -64 ) 
4 44 66 (-448 64 -64 ) (-448 96 -64 ) (-432 96 -64 ) (-432 64 -64 ) 
4 44 45 (-448 96 -64 ) (-448 0 -64 ) (-448 0 48 ) (-448 96 48 ) 
4 45 83 (-464 0 48 ) (-464 0 -64 ) (-448 0 -64 ) (-448 0 48 ) 
4 45 67 (-448 0 -64 ) (-464 0 -64 ) (-464 64 -64 ) (-448 64 -64 ) 
4 45 66 (-464 64 -64 ) (-464 96 -64 ) (-448 96 -64 ) (-448 64 -64 ) 
4 45 65 (-464 96 -64 ) (-464 112 -64 ) (-448 112 -64 ) (-448 96 -64 ) 
4 45 50 (-464 112 -64 ) (-464 0 -64 ) (-464 0 48 ) (-464 112 48 ) 
4 46 57 (-688 256 -64 ) (-688 192 -64 ) (-688 192 52 ) (-688 256 52 ) 
4 46 47 (-656 128 -64 ) (-464 128 -64 ) (-464 128 48 ) (-656 128 48 ) 
4 47 64 (-656 128 -64 ) (-464 128 -64 ) (-464 112 -64 ) (-656 112 -64 ) 
4 47 50 (-656 112 -64 ) (-464 112 -64 ) (-464 112 48 ) (-656 112 48 ) 
4 48 50 (-464 96 48 ) (-464 32 48 ) (-528 32 48 ) (-528 96 48 ) 
4 49 50 (-592 96 48 ) (-592 32 48 ) (-656 32 48 ) (-656 96 48 ) 
4 50 83 (-688 0 48 ) (-688 0 -64 ) (-464 0 -64 ) (-464 0 48 ) 
4 50 67 (-464 0 -64 ) (-688 0 -64 ) (-688 64 -64 ) (-464 64 -64 ) 
4 50 66 (-688 64 -64 ) (-688 96 -64 ) (-464 96 -64 ) (-464 64 -64 ) 
4 50 65 (-688 96 -64 ) (-688 112 -64 ) (-464 112 -64 ) (-464 96 -64 ) 
4 50 61 (-688 64 -64 ) (-688 0 -64 ) (-688 0 48 ) (-688 64 48 ) 
4 50 60 (-688 96 -64 ) (-688 64 -64 ) (-688 64 48 ) (-688 96 48 ) 
4 51 107 (-1024 697.763611 64 ) (-1024 808 64 ) (-1024 808 -60 ) (-1024 697.763611 -60 ) 
4 51 55 (-952 729.070313 -60 ) (-952 729.070313 64 ) (-1024 697.762695 64 ) (-1024 697.762695 -60 ) 
5 51 53 (-1024 808 -60 ) (-952 808 -60 ) (-952 731.298157 -60 ) (-1019.620056 718.766052 -60 ) (-1024 742.384277 -60 ) 
4 51 52 (-952 731.298157 -60 ) (-952 729.072144 -60 ) (-1024 697.764587 -60 ) (-1024 717.954285 -60 ) 
4 52 112 (-1024 717.954224 -64 ) (-1024 697.763611 -64 ) (-1024 697.763611 -60 ) (-1024 717.954224 -60 ) 
4 52 56 (-1012.649658 702.698120 -64 ) (-952 729.070313 -64 ) (-952 729.070313 -62 ) (-1012.649658 702.698120 -62 ) 
4 52 55 (-952 729.070313 -62 ) (-952 729.070313 -60 ) (-1024 697.762695 -60 ) (-1024 697.762695 -62 ) 
4 52 53 (-1019.619995 718.765747 -60 ) (-952 731.297852 -60 ) (-952 731.297852 -64 ) (-1019.619995 718.765686 -64 ) 
4 53 114 (-1024 783.046265 -64 ) (-1024 742.384216 -64 ) (-1024 742.384216 -60 ) (-1024 783.046265 -60 ) 
4 53 113 (-1024 808 -60 ) (-1024 808 -64 ) (-1024 783.046265 -64 ) (-1024 783.046265 -60 ) 
4 54 130 (-1024 558.186157 -62 ) (-1024 558.186157 -64 ) (-1024 552 -64 ) (-1024 552 -62 ) 
4 54 129 (-1024 552 64 ) (-1024 558.186157 64 ) (-1024 558.186157 -62 ) (-1024 552 -62 ) 
4 54 56 (-952 589.493164 -62 ) (-952 589.493164 -64 ) (-961.609802 585.314514 -64 ) (-961.609802 585.314575 -62 ) 
4 54 55 (-952 589.493164 64 ) (-952 589.493164 -62 ) (-1024 558.185547 -62 ) (-1024 558.185547 64 ) 
4 55 129 (-1024 558.186157 64 ) (-1024 608 64 ) (-1024 608 -62 ) (-1024 558.186157 -62 ) 
4 55 115 (-1024 608 64 ) (-1024 697.763611 64 ) (-1024 697.763611 -62 ) (-1024 608 -62 ) 
4 55 56 (-952 589.494141 -62 ) (-961.610168 585.315369 -62 ) (-1012.648987 702.696472 -62 ) (-952 729.068359 -62 ) 
4 57 59 (-704 256 -64 ) (-704 192 -64 ) (-704 192 52 ) (-704 256 52 ) 
4 58 134 (-1024 288 64 ) (-1024 416 64 ) (-1024 416 -64 ) (-1024 288 -64 ) 
4 58 130 (-1024 544 -62 ) (-1024 544 -64 ) (-1024 416 -64 ) (-1024 416 -62 ) 
4 58 129 (-1024 416 64 ) (-1024 544 64 ) (-1024 544 -62 ) (-1024 416 -62 ) 
4 58 59 (-1024 288 -64 ) (-960 288 -64 ) (-960 288 64 ) (-1024 288 64 ) 
4 59 134 (-1024 160 64 ) (-1024 288 64 ) (-1024 288 -64 ) (-1024 160 -64 ) 
4 60 66 (-752 96 -64 ) (-688 96 -64 ) (-688 64 -64 ) (-752 64 -64 ) 
4 60 61 (-752 64 -64 ) (-688 64 -64 ) (-688 64 48 ) (-752 64 48 ) 
4 61 83 (-752 0 -64 ) (-688 0 -64 ) (-688 0 48 ) (-752 0 48 ) 
4 61 67 (-688 0 -64 ) (-752 0 -64 ) (-752 64 -64 ) (-688 64 -64 ) 
4 61 62 (-752 64 43 ) (-752 64 -64 ) (-752 0 -64 ) (-752 0 43 ) 
4 62 85 (-753 0 -64 ) (-752 0 -64 ) (-752 0 43 ) (-753 0 43 ) 
4 62 67 (-752 0 -64 ) (-753 0 -64 ) (-753 64 -64 ) (-752 64 -64 ) 
4 62 63 (-753 64 43 ) (-753 64 -64 ) (-753 0 -64 ) (-753 0 43 ) 
4 63 86 (-756 0 -64 ) (-753 0 -64 ) (-753 0 48 ) (-756 0 48 ) 
4 63 67 (-753 0 -64 ) (-756 0 -64 ) (-756 64 -64 ) (-753 64 -64 ) 
4 64 65 (-656 112 -80 ) (-464 112 -80 ) (-464 112 -64 ) (-656 112 -64 ) 
4 65 66 (-688 96 -80 ) (-448 96 -80 ) (-448 96 -64 ) (-688 96 -64 ) 
4 66 67 (-752 64 -80 ) (-432 64 -80 ) (-432 64 -64 ) (-752 64 -64 ) 
4 67 85 (-752 0 -64 ) (-753 0 -64 ) (-753 0 -80 ) (-752 0 -80 ) 
4 67 86 (-753 0 -64 ) (-756 0 -64 ) (-756 0 -80 ) (-753 0 -80 ) 
4 67 83 (-432 0 -64 ) (-752 0 -64 ) (-752 0 -80 ) (-432 0 -80 ) 
4 68 69 (-336 -96 96 ) (-336 -32 96 ) (-272 -32 96 ) (-272 -96 96 ) 
4 69 72 (-240 -128 72 ) (-432 -128 72 ) (-432 0 72 ) (-240 0 72 ) 
4 70 73 (-56 -72 64 ) (-56 -8 64 ) (0 -8 64 ) (0 -72 64 ) 
4 71 73 (-184 -72 64 ) (-184 -8 64 ) (-120 -8 64 ) (-120 -72 64 ) 
4 72 77 (-240 -128 64 ) (-432 -128 64 ) (-432 -96 64 ) (-240 -96 64 ) 
4 72 76 (-432 -96 64 ) (-432 0 64 ) (-240 0 64 ) (-240 -96 64 ) 
4 73 75 (-216 -16 -64 ) (-216 -80 -64 ) (-216 -80 52 ) (-216 -16 52 ) 
4 73 74 (-88 -104 -64 ) (0 -104 -64 ) (0 -104 64 ) (-88 -104 64 ) 
4 74 88 (0 -128 -64 ) (0 -128 64 ) (-88 -128 64 ) (-88 -128 -64 ) 
4 75 82 (-240 -16 48 ) (-240 -16 -64 ) (-240 -80 -64 ) (-240 -80 48 ) 
4 75 78 (-240 -16 52 ) (-240 -16 48 ) (-240 -80 48 ) (-240 -80 52 ) 
4 76 78 (-240 0 56 ) (-240 -96 56 ) (-432 -96 56 ) (-432 0 56 ) 
4 76 77 (-432 -96 56 ) (-240 -96 56 ) (-240 -96 64 ) (-432 -96 64 ) 
4 77 79 (-240 -96 56 ) (-240 -128 56 ) (-432 -128 56 ) (-432 -96 56 ) 
4 78 82 (-432 0 48 ) (-240 0 48 ) (-240 -96 48 ) (-432 -96 48 ) 
4 78 79 (-432 -96 48 ) (-240 -96 48 ) (-240 -96 56 ) (-432 -96 56 ) 
4 79 82 (-240 -96 48 ) (-240 -128 48 ) (-432 -128 48 ) (-432 -96 48 ) 
4 80 83 (-464 -32 48 ) (-464 -96 48 ) (-528 -96 48 ) (-528 -32 48 ) 
4 81 83 (-592 -32 48 ) (-592 -96 48 ) (-656 -96 48 ) (-656 -32 48 ) 
4 82 83 (-432 -96 48 ) (-432 0 48 ) (-432 0 -64 ) (-432 -96 -64 ) 
4 83 85 (-752 0 -80 ) (-752 -64 -80 ) (-752 -64 43 ) (-752 0 43 ) 
4 83 84 (-688 -96 -80 ) (-448 -96 -80 ) (-448 -96 48 ) (-688 -96 48 ) 
4 85 86 (-753 0 -80 ) (-753 -64 -80 ) (-753 -64 43 ) (-753 0 43 ) 
4 87 88 (-56 -200 64 ) (-56 -136 64 ) (0 -136 64 ) (0 -200 64 ) 
4 88 89 (0 -232 -64 ) (0 -232 52 ) (-56 -232 52 ) (-56 -232 -64 ) 
4 89 92 (0 -240 -64 ) (0 -240 52 ) (-56 -240 52 ) (-56 -240 -64 ) 
4 90 178 (0 -1024 240 ) (0 -1024 480 ) (-228 -1024 480 ) (-228 -1024 240 ) 
4 90 97 (-228 -596 240 ) (-228 -1024 240 ) (-228 -1024 480 ) (-228 -596 480 ) 
4 90 91 (0 -1024 240 ) (-228 -1024 240 ) (-228 -598 240 ) (0 -598 240 ) 
4 91 178 (0 -1024 224 ) (0 -1024 240 ) (-228 -1024 240 ) (-228 -1024 224 ) 
4 91 97 (-228 -598 224 ) (-228 -1024 224 ) (-228 -1024 240 ) (-228 -598 240 ) 
4 91 95 (-86 -1024 224 ) (-228 -1024 224 ) (-228 -598 224 ) (-86 -598 224 ) 
4 91 94 (0 -1024 224 ) (-86 -1024 224 ) (-86 -598 224 ) (0 -598 224 ) 
4 92 93 (0 -590 -2 ) (0 -590 160 ) (-86 -590 160 ) (-86 -590 -2 ) 
4 93 94 (-86 -598 160 ) (-86 -598 -2 ) (0 -598 -2 ) (0 -598 160 ) 
4 94 201 (-68 -1024 64 ) (-76 -1024 64 ) (-76 -1024 -64 ) (-68 -1024 -64 ) 
4 94 204 (-76 -1024 64 ) (-86 -1024 64 ) (-86 -1024 -64 ) (-76 -1024 -64 ) 
4 94 200 (0 -1024 -64 ) (0 -1024 0 ) (-68 -1024 0 ) (-68 -1024 -64 ) 
4 94 198 (0 -1024 0 ) (0 -1024 4 ) (-68 -1024 4 ) (-68 -1024 0 ) 
4 94 191 (0 -1024 4 ) (0 -1024 36 ) (-68 -1024 36 ) (-68 -1024 4 ) 
4 94 184 (0 -1024 36 ) (0 -1024 64 ) (-68 -1024 64 ) (-68 -1024 36 ) 
4 94 178 (0 -1024 64 ) (0 -1024 224 ) (-86 -1024 224 ) (-86 -1024 64 ) 
4 94 96 (0 -598 -64 ) (0 -1024 -64 ) (-86 -1024 -64 ) (-86 -598 -64 ) 
4 94 95 (-86 -598 -64 ) (-86 -1024 -64 ) (-86 -1024 224 ) (-86 -598 224 ) 
4 95 204 (-228 -1024 64 ) (-228 -1024 -64 ) (-86 -1024 -64 ) (-86 -1024 64 ) 
4 95 178 (-86 -1024 224 ) (-228 -1024 224 ) (-228 -1024 64 ) (-86 -1024 64 ) 
4 95 97 (-228 -598 -64 ) (-228 -1024 -64 ) (-228 -1024 224 ) (-228 -598 224 ) 
4 95 96 (-228 -1024 -64 ) (-228 -598 -64 ) (-86 -598 -64 ) (-86 -1024 -64 ) 
4 96 201 (-68 -1024 -64 ) (-76 -1024 -64 ) (-76 -1024 -320 ) (-68 -1024 -320 ) 
4 96 204 (-76 -1024 -64 ) (-228 -1024 -64 ) (-228 -1024 -320 ) (-76 -1024 -320 ) 
4 96 200 (0 -1024 -320 ) (0 -1024 -64 ) (-68 -1024 -64 ) (-68 -1024 -320 ) 
4 96 97 (-228 -1024 -320 ) (-228 -1024 -64 ) (-228 -596 -64 ) (-228 -596 -320 ) 
4 97 204 (-228 -1024 -320 ) (-228 -1024 64 ) (-1024 -1024 64 ) (-1024 -1024 -320 ) 
4 97 178 (-228 -1024 64 ) (-228 -1024 480 ) (-1024 -1024 480 ) (-1024 -1024 64 ) 
4 97 136 (-1024 -1024 -320 ) (-1024 -1024 480 ) (-1024 -596 480 ) (-1024 -596 -320 ) 
4 98 100 (-1336 808 70 ) (-1024 808 70 ) (-1024 800 70 ) (-1336 800 70 ) 
4 98 99 (-1344 800 70 ) (-1024 800 70 ) (-1024 800 128 ) (-1344 800 128 ) 
4 99 101 (-1600 672 70 ) (-1600 800 70 ) (-1344 800 70 ) (-1344 672 70 ) 
4 99 100 (-1336 800 70 ) (-1024 800 70 ) (-1024 672 70 ) (-1336 672 70 ) 
4 100 105 (-1208 744 68 ) (-1208 808 68 ) (-1176 808 68 ) (-1176 744 68 ) 
4 100 104 (-1176 712 68 ) (-1176 808 68 ) (-1112 808 68 ) (-1112 712 68 ) 
4 100 103 (-1112 744 68 ) (-1112 808 68 ) (-1048 808 68 ) (-1048 744 68 ) 
4 100 102 (-1024 808 68 ) (-1024 712 68 ) (-1048 712 68 ) (-1048 808 68 ) 
4 101 106 (-1440 704 68 ) (-1440 768 68 ) (-1376 768 68 ) (-1376 704 68 ) 
4 102 107 (-1048 712 64 ) (-1048 808 64 ) (-1024 808 64 ) (-1024 712 64 ) 
4 102 103 (-1048 808 64 ) (-1048 744 64 ) (-1048 744 68 ) (-1048 808 68 ) 
4 103 107 (-1112 744 64 ) (-1112 808 64 ) (-1048 808 64 ) (-1048 744 64 ) 
4 103 104 (-1112 808 64 ) (-1112 744 64 ) (-1112 744 68 ) (-1112 808 68 ) 
4 104 107 (-1176 712 64 ) (-1176 808 64 ) (-1112 808 64 ) (-1112 712 64 ) 
4 104 105 (-1176 808 64 ) (-1176 744 64 ) (-1176 744 68 ) (-1176 808 68 ) 
4 105 107 (-1208 744 64 ) (-1208 808 64 ) (-1176 808 64 ) (-1176 744 64 ) 
4 106 117 (-1440 704 64 ) (-1440 768 64 ) (-1376 768 64 ) (-1376 704 64 ) 
4 107 131 (-1230.435425 608 -60 ) (-1230.435425 608 64 ) (-1336 608 64 ) (-1336 608 -60 ) 
4 107 118 (-1336 672 0 ) (-1336 800 0 ) (-1336 800 -60 ) (-1336 672 -60 ) 
4 107 117 (-1336 608 0 ) (-1336 608 64 ) (-1336 800 64 ) (-1336 800 0 ) 
4 107 115 (-1230.432495 608 64 ) (-1230.432495 608 -60 ) (-1024 697.762390 -60 ) (-1024 697.762451 64 ) 
3 107 114 (-1024 783.046265 -60 ) (-1024 742.384277 -60 ) (-1031.290039 781.694946 -60 ) 
4 107 113 (-1101.244873 808 -60 ) (-1024 808 -60 ) (-1024 783.046265 -60 ) (-1094.209961 770.031982 -60 ) 
4 107 112 (-1024 717.954285 -60 ) (-1024 697.764587 -60 ) (-1076.583252 674.899963 -60 ) (-1082.550049 707.103027 -60 ) 
5 107 111 (-1082.202637 705.227783 -60 ) (-1076.583252 674.899963 -60 ) (-1127.644043 652.697388 -60 ) (-1146.030029 658.671082 -60 ) (-1126.250000 719.539001 -60 ) 
4 107 110 (-1206.900024 678.447998 -60 ) (-1336 720.393250 -60 ) (-1336 787.687866 -60 ) (-1187.119995 739.315979 -60 ) 
4 107 109 (-1336 808 -60 ) (-1101.244873 808 -60 ) (-1082.202637 705.227783 -60 ) (-1336 787.687866 -60 ) 
4 107 108 (-1127.644043 652.697388 -60 ) (-1230.437622 608 -60 ) (-1336 608 -60 ) (-1336 720.393250 -60 ) 
4 108 131 (-1336 608 -64 ) (-1230.435425 608 -64 ) (-1230.435425 608 -60 ) (-1336 608 -60 ) 
4 108 118 (-1336 720.393250 -64 ) (-1336 672 -64 ) (-1336 672 -60 ) (-1336 720.393250 -60 ) 
4 108 116 (-1230.432495 608 -62 ) (-1230.432495 608 -64 ) (-1130.029541 651.657837 -64 ) (-1130.029541 651.657898 -62 ) 
4 108 115 (-1230.432495 608 -60 ) (-1230.432495 608 -62 ) (-1127.641113 652.696411 -62 ) (-1127.641113 652.696411 -60 ) 
4 108 111 (-1146.030273 658.670166 -60 ) (-1127.644043 652.696411 -60 ) (-1127.644043 652.696411 -64 ) (-1146.030273 658.670166 -64 ) 
4 108 110 (-1336 720.392334 -64 ) (-1336 720.392334 -60 ) (-1206.900146 678.447144 -60 ) (-1206.900146 678.447144 -64 ) 
4 109 118 (-1336 800 -64 ) (-1336 787.687866 -64 ) (-1336 787.687866 -60 ) (-1336 800 -60 ) 
4 109 113 (-1101.244141 808 -64 ) (-1101.244141 808 -60 ) (-1094.209106 770.032104 -60 ) (-1094.209106 770.032104 -64 ) 
4 109 112 (-1082.549194 707.103210 -60 ) (-1082.201660 705.227539 -60 ) (-1082.201660 705.227539 -64 ) (-1082.549194 707.103210 -64 ) 
4 109 111 (-1082.201172 705.227539 -64 ) (-1082.201172 705.227539 -60 ) (-1126.249878 719.539185 -60 ) (-1126.249878 719.539185 -64 ) 
4 109 110 (-1187.119873 739.316162 -60 ) (-1336 787.688049 -60 ) (-1336 787.688049 -64 ) (-1187.119873 739.316162 -64 ) 
4 110 118 (-1336 787.687866 -64 ) (-1336 720.393250 -64 ) (-1336 720.393250 -60 ) (-1336 787.687866 -60 ) 
4 111 115 (-1076.582886 674.897949 -62 ) (-1076.582886 674.897949 -60 ) (-1127.641113 652.696411 -60 ) (-1127.641113 652.696411 -62 ) 
4 111 112 (-1082.201660 705.227539 -60 ) (-1076.582275 674.899353 -60 ) (-1076.582275 674.899353 -64 ) (-1082.201660 705.227539 -64 ) 
4 112 115 (-1024 697.762390 -62 ) (-1024 697.762390 -60 ) (-1076.582886 674.897949 -60 ) (-1076.582886 674.897949 -62 ) 
4 113 114 (-1031.290039 781.694580 -64 ) (-1024 783.045898 -64 ) (-1024 783.045898 -60 ) (-1031.290039 781.694580 -60 ) 
4 115 131 (-1216 608 64 ) (-1230.435425 608 64 ) (-1230.435425 608 -62 ) (-1216 608 -62 ) 
4 115 129 (-1024 608 -62 ) (-1024 608 64 ) (-1111.046509 608 64 ) (-1111.046509 608 -62 ) 
4 115 128 (-1111.046509 608 64 ) (-1216 608 64 ) (-1216 608 -62 ) (-1111.046509 608 -62 ) 
3 115 116 (-1111.046509 608 -62 ) (-1230.435303 608 -62 ) (-1130.030029 651.658936 -62 ) 
4 116 131 (-1230.435425 608 -64 ) (-1216 608 -64 ) (-1216 608 -62 ) (-1230.435425 608 -62 ) 
4 116 128 (-1216 608 -64 ) (-1111.046509 608 -64 ) (-1111.046509 608 -62 ) (-1216 608 -62 ) 
4 117 133 (-1344 608 64 ) (-1472 608 64 ) (-1472 608 0 ) (-1344 608 0 ) 
4 117 126 (-1472 672 64 ) (-1472 800 64 ) (-1472 800 0 ) (-1472 672 0 ) 
4 117 121 (-1472 608 0 ) (-1472 800 0 ) (-1344 800 0 ) (-1344 608 0 ) 
4 117 120 (-1344 800 0 ) (-1343 800 0 ) (-1343 736 0 ) (-1344 736 0 ) 
4 117 119 (-1343 800 0 ) (-1337 800 0 ) (-1337 608 0 ) (-1343 608 0 ) 
4 117 118 (-1337 800 0 ) (-1336 800 0 ) (-1336 672 0 ) (-1337 672 0 ) 
4 118 119 (-1337 672 0 ) (-1337 800 0 ) (-1337 800 -64 ) (-1337 672 -64 ) 
4 119 120 (-1343 736 0 ) (-1343 800 0 ) (-1343 800 -64 ) (-1343 736 -64 ) 
4 120 125 (-1344 787.743469 -64 ) (-1344 736 -64 ) (-1344 736 -60 ) (-1344 787.743469 -60 ) 
4 120 123 (-1344 800 -60 ) (-1344 800 -64 ) (-1344 787.743469 -64 ) (-1344 787.743469 -60 ) 
4 120 121 (-1344 736 0 ) (-1344 800 0 ) (-1344 800 -60 ) (-1344 736 -60 ) 
4 121 133 (-1344 608 -60 ) (-1344 608 0 ) (-1472 608 0 ) (-1472 608 -60 ) 
4 121 126 (-1472 672 0 ) (-1472 800 0 ) (-1472 800 -60 ) (-1472 672 -60 ) 
4 121 125 (-1369.920166 778.565063 -60 ) (-1344 787.743469 -60 ) (-1344 719.850769 -60 ) (-1348.560181 718.235962 -60 ) 
4 121 124 (-1472 674.525452 -60 ) (-1472 742.418396 -60 ) (-1430.250000 757.202148 -60 ) (-1408.890015 696.872986 -60 ) 
4 121 123 (-1472 742.418396 -60 ) (-1472 800 -60 ) (-1344 800 -60 ) (-1344 787.743469 -60 ) 
4 121 122 (-1472 608 -60 ) (-1472 674.525452 -60 ) (-1344 719.850769 -60 ) (-1344 608 -60 ) 
4 122 133 (-1472 608 -64 ) (-1344 608 -64 ) (-1344 608 -60 ) (-1472 608 -60 ) 
4 122 126 (-1472 674.525452 -64 ) (-1472 672 -64 ) (-1472 672 -60 ) (-1472 674.525452 -60 ) 
4 122 125 (-1348.559814 718.234924 -60 ) (-1344 719.849609 -60 ) (-1344 719.849609 -64 ) (-1348.559814 718.234924 -64 ) 
4 122 124 (-1472 674.523438 -64 ) (-1472 674.523438 -60 ) (-1408.889526 696.871521 -60 ) (-1408.889526 696.871521 -64 ) 
4 123 126 (-1472 800 -64 ) (-1472 742.418396 -64 ) (-1472 742.418396 -60 ) (-1472 800 -60 ) 
4 123 125 (-1344 787.746094 -64 ) (-1344 787.746094 -60 ) (-1369.921021 778.567383 -60 ) (-1369.921021 778.567383 -64 ) 
4 123 124 (-1430.250854 757.204468 -60 ) (-1472 742.421021 -60 ) (-1472 742.421021 -64 ) (-1430.250854 757.204468 -64 ) 
4 124 126 (-1472 742.418396 -64 ) (-1472 674.525452 -64 ) (-1472 674.525452 -60 ) (-1472 742.418396 -60 ) 
4 126 127 (-1600 768 -64 ) (-1600 704 -64 ) (-1600 704 52 ) (-1600 768 52 ) 
4 128 134 (-1088 416 -64 ) (-1027.562500 416 -64 ) (-1027.562500 416 64 ) (-1088 416 64 ) 
4 128 132 (-1216 544 -64 ) (-1216 416 -64 ) (-1216 416 64 ) (-1216 544 64 ) 
4 128 131 (-1216 608 64 ) (-1216 608 -64 ) (-1216 545 -64 ) (-1216 545 64 ) 
4 128 130 (-1027.562744 416 -62 ) (-1027.562744 416 -64 ) (-1078.990112 534.275024 -64 ) (-1078.990112 534.275024 -62 ) 
4 128 129 (-1027.562744 416 64 ) (-1027.562744 416 -62 ) (-1111.046509 608 -62 ) (-1111.046509 608 64 ) 
4 129 134 (-1024 416 -62 ) (-1024 416 64 ) (-1027.562500 416 64 ) (-1027.562500 416 -62 ) 
4 129 130 (-1024 416 -62 ) (-1027.562500 416 -62 ) (-1078.990479 534.274780 -62 ) (-1024 558.186218 -62 ) 
4 130 134 (-1027.562500 416 -64 ) (-1024 416 -64 ) (-1024 416 -62 ) (-1027.562500 416 -62 ) 
4 132 135 (-1216 544 -64 ) (-1216 416 -64 ) (-1344 416 -64 ) (-1344 544 -64 ) 
4 132 133 (-1344 544 -64 ) (-1344 416 -64 ) (-1344 416 64 ) (-1344 544 64 ) 
4 136 211 (-1024 -1024 -320 ) (-1024 -1024 480 ) (-1084 -1024 480 ) (-1084 -1024 -320 ) 
4 137 178 (0 -1024 480 ) (0 -1024 418 ) (0 -1556 418 ) (0 -1556 480 ) 
4 137 141 (236 -1556 64 ) (236 -1024 64 ) (964 -1024 64 ) (964 -1556 64 ) 
4 137 139 (235.998627 -1024 64 ) (235.998596 -1556 64 ) (0 -1556 417.998779 ) (0 -1024 417.998810 ) 
5 137 138 (244 -1556 64 ) (964 -1556 64 ) (964 -1556 480 ) (0 -1556 480 ) (0 -1556 426.303009 ) 
4 138 181 (0 -2048 426.303009 ) (0 -2048 478 ) (0 -1556 478 ) (0 -1556 426.303009 ) 
4 138 180 (0 -2048 478 ) (0 -2048 480 ) (0 -1556 480 ) (0 -1556 478 ) 
5 138 168 (964 -2048 480 ) (0 -2048 480 ) (0 -2048 426.303009 ) (244 -2048 64 ) (964 -2048 64 ) 
4 138 145 (964 -2048 64 ) (244 -2048 64 ) (244 -1556 64 ) (964 -1556 64 ) 
4 139 182 (0 -1556 64 ) (0 -1620 64 ) (0 -1620 418 ) (0 -1556 418 ) 
4 139 178 (0 -1024 418 ) (0 -1024 64 ) (0 -1556 64 ) (0 -1556 418 ) 
4 139 154 (0 -1548 64 ) (0 -1532 64 ) (28 -1532 64 ) (28 -1548 64 ) 
4 139 153 (0 -1532 64 ) (0 -1528 64 ) (28 -1528 64 ) (28 -1532 64 ) 
4 139 156 (0 -1556 64 ) (0 -1548 64 ) (28 -1548 64 ) (28 -1556 64 ) 
4 139 152 (0 -1528 64 ) (0 -1512 64 ) (28 -1512 64 ) (28 -1528 64 ) 
4 139 151 (0 -1512 64 ) (0 -1024 64 ) (28 -1024 64 ) (28 -1512 64 ) 
4 139 144 (36 -1428 64 ) (36 -1556 64 ) (28 -1556 64 ) (28 -1428 64 ) 
4 139 142 (28 -1024 64 ) (36 -1024 64 ) (36 -1428 64 ) (28 -1428 64 ) 
4 139 141 (36 -1024 64 ) (236 -1024 64 ) (236 -1556 64 ) (36 -1556 64 ) 
4 140 183 (0 -1628 64 ) (0 -2048 64 ) (0 -2048 418 ) (0 -1628 418 ) 
3 140 169 (0 -2048 418 ) (0 -2048 64 ) (236 -2048 64 ) 
4 141 147 (188 -1556 -320 ) (204 -1556 -320 ) (204 -1556 56 ) (188 -1556 56 ) 
4 141 146 (204 -1556 -320 ) (964 -1556 -320 ) (964 -1556 56 ) (204 -1556 56 ) 
4 141 150 (36 -1556 -320 ) (188 -1556 -320 ) (188 -1556 56 ) (36 -1556 56 ) 
4 141 145 (964 -1556 56 ) (964 -1556 64 ) (236 -1556 64 ) (236 -1556 56 ) 
3 141 144 (36 -1556 64 ) (36 -1428 64 ) (36 -1428 -12 ) 
4 141 143 (36 -1428 -320 ) (36 -1556 -320 ) (36 -1556 56 ) (36 -1428 -20 ) 
4 141 142 (36 -1024 -320 ) (36 -1428 -320 ) (36 -1428 64 ) (36 -1024 64 ) 
4 142 167 (28 -1024 0 ) (28 -1024 -320 ) (28 -1428 -320 ) (28 -1428 0 ) 
4 142 165 (28 -1024 4 ) (28 -1024 0 ) (28 -1428 0 ) (28 -1428 4 ) 
4 142 158 (28 -1024 36 ) (28 -1024 4 ) (28 -1428 4 ) (28 -1428 36 ) 
4 142 151 (28 -1428 64 ) (28 -1024 64 ) (28 -1024 36 ) (28 -1428 36 ) 
4 142 144 (28 -1428 64 ) (28 -1428 -12 ) (36 -1428 -12 ) (36 -1428 64 ) 
4 142 143 (28 -1428 -20 ) (28 -1428 -320 ) (36 -1428 -320 ) (36 -1428 -20 ) 
5 143 167 (28 -1428 -20 ) (28 -1428 -320 ) (28 -1556 -320 ) (28 -1556 0 ) (28 -1461.684326 0 ) 
5 143 166 (28 -1556 0 ) (28 -1556 4 ) (28 -1468.421143 4 ) (28 -1468 3.749946 ) (28 -1468 0 ) 
5 143 163 (28 -1502.105347 24 ) (28 -1492 18 ) (28 -1492 4 ) (28 -1508 4 ) (28 -1508 24 ) 
4 143 161 (28 -1492 18 ) (28 -1488 15.624964 ) (28 -1488 4 ) (28 -1492 4 ) 
5 143 164 (28 -1556 4 ) (28 -1556 36 ) (28 -1522.315796 36 ) (28 -1508 27.499983 ) (28 -1508 4 ) 
5 143 160 (28 -1481.894775 12 ) (28 -1472 6.124949 ) (28 -1472 4 ) (28 -1488 4 ) (28 -1488 12 ) 
3 143 158 (28 -1472 6.124949 ) (28 -1468.421143 4 ) (28 -1472 4 ) 
5 143 155 (28 -1542.526367 48 ) (28 -1532 41.750000 ) (28 -1532 36 ) (28 -1548 36 ) (28 -1548 48 ) 
4 143 153 (28 -1532 41.750000 ) (28 -1528 39.375000 ) (28 -1528 36 ) (28 -1532 36 ) 
4 143 156 (28 -1556 36 ) (28 -1556 56 ) (28 -1548 51.250000 ) (28 -1548 36 ) 
4 143 150 (28 -1556 56 ) (28 -1556 -320 ) (36 -1556 -320 ) (36 -1556 56 ) 
3 144 167 (28 -1428 0 ) (28 -1428 -12 ) (28 -1448.210449 0 ) 
5 144 165 (28 -1428 4 ) (28 -1428 0 ) (28 -1448.210449 0 ) (28 -1452 2.250054 ) (28 -1452 4 ) 
5 144 162 (28 -1495.368286 28 ) (28 -1508 35.500038 ) (28 -1508 36 ) (28 -1492 36 ) (28 -1492 28 ) 
4 144 161 (28 -1488 23.625048 ) (28 -1492 26 ) (28 -1492 36 ) (28 -1488 36 ) 
3 144 164 (28 -1508 35.500038 ) (28 -1508.842041 36 ) (28 -1508 36 ) 
5 144 159 (28 -1475.157837 16 ) (28 -1488 23.625048 ) (28 -1488 36 ) (28 -1472 36 ) (28 -1472 16 ) 
5 144 158 (28 -1428 36 ) (28 -1428 4 ) (28 -1454.947266 4 ) (28 -1472 14.125053 ) (28 -1472 36 ) 
5 144 154 (28 -1548 64 ) (28 -1532 64 ) (28 -1532 52 ) (28 -1535.789429 52 ) (28 -1548 59.250008 ) 
4 144 153 (28 -1532 64 ) (28 -1528 64 ) (28 -1528 47.375023 ) (28 -1532 49.750019 ) 
3 144 156 (28 -1556 64 ) (28 -1548 64 ) (28 -1548 59.250008 ) 
5 144 152 (28 -1528 64 ) (28 -1512 64 ) (28 -1512 40 ) (28 -1515.578857 40 ) (28 -1528 47.375023 ) 
5 144 151 (28 -1512 64 ) (28 -1428 64 ) (28 -1428 36 ) (28 -1508.842041 36 ) (28 -1512 37.875034 ) 
4 145 171 (964 -2048 56 ) (964 -2048 64 ) (236 -2048 64 ) (236 -2048 56 ) 
4 145 146 (236 -1556 56 ) (964 -1556 56 ) (964 -2048 56 ) (236 -2048 56 ) 
4 146 173 (964 -2048 -320 ) (964 -2048 56 ) (204 -2048 56 ) (204 -2048 -320 ) 
4 146 148 (204 -1588 -320 ) (204 -1604 -320 ) (204 -1604 0 ) (204 -1588 0 ) 
4 146 147 (204 -1556 -320 ) (204 -1588 -320 ) (204 -1588 56 ) (204 -1556 56 ) 
4 146 149 (204 -1604 -320 ) (204 -2048 -320 ) (204 -2048 56 ) (204 -1604 56 ) 
4 147 148 (188 -1588 0 ) (188 -1588 -320 ) (204 -1588 -320 ) (204 -1588 0 ) 
4 147 150 (188 -1556 -320 ) (188 -1588 -320 ) (188 -1588 56 ) (188 -1556 56 ) 
4 148 150 (188 -1588 -320 ) (188 -1604 -320 ) (188 -1604 0 ) (188 -1588 0 ) 
4 148 149 (188 -1604 0 ) (188 -1604 -320 ) (204 -1604 -320 ) (204 -1604 0 ) 
4 149 174 (204 -2048 56 ) (188 -2048 56 ) (188 -2048 -320 ) (204 -2048 -320 ) 
4 149 150 (188 -1604 -320 ) (188 -2048 -320 ) (188 -2048 56 ) (188 -1604 56 ) 
4 150 177 (188 -2048 56 ) (28 -2048 56 ) (28 -2048 -320 ) (188 -2048 -320 ) 
4 150 167 (28 -1556 0 ) (28 -1556 -320 ) (28 -2048 -320 ) (28 -2048 0 ) 
4 150 166 (28 -1556 4 ) (28 -1556 0 ) (28 -2048 0 ) (28 -2048 4 ) 
4 150 164 (28 -1556 36 ) (28 -1556 4 ) (28 -2048 4 ) (28 -2048 36 ) 
4 150 157 (28 -1556 56 ) (28 -1556 36 ) (28 -2048 36 ) (28 -2048 56 ) 
4 151 184 (0 -1024 64 ) (0 -1024 36 ) (0 -1512 36 ) (0 -1512 64 ) 
4 151 162 (28 -1492 36 ) (28 -1508 36 ) (0 -1508 36 ) (0 -1492 36 ) 
4 151 161 (28 -1488 36 ) (28 -1492 36 ) (0 -1492 36 ) (0 -1488 36 ) 
4 151 164 (28 -1508 36 ) (28 -1512 36 ) (0 -1512 36 ) (0 -1508 36 ) 
4 151 159 (28 -1472 36 ) (28 -1488 36 ) (0 -1488 36 ) (0 -1472 36 ) 
4 151 158 (0 -1024 36 ) (28 -1024 36 ) (28 -1472 36 ) (0 -1472 36 ) 
4 151 152 (28 -1512 40 ) (28 -1512 64 ) (0 -1512 64 ) (0 -1512 40 ) 
4 152 185 (0 -1528 40 ) (0 -1528 64 ) (0 -1512 64 ) (0 -1512 40 ) 
4 152 153 (28 -1528 40 ) (28 -1528 64 ) (0 -1528 64 ) (0 -1528 40 ) 
4 153 186 (0 -1528 36 ) (0 -1532 36 ) (0 -1532 64 ) (0 -1528 64 ) 
4 153 164 (28 -1528 36 ) (28 -1532 36 ) (0 -1532 36 ) (0 -1528 36 ) 
4 153 154 (28 -1532 52 ) (28 -1532 64 ) (0 -1532 64 ) (0 -1532 52 ) 
4 153 155 (0 -1532 36 ) (28 -1532 36 ) (28 -1532 48 ) (0 -1532 48 ) 
4 154 187 (0 -1548 52 ) (0 -1548 64 ) (0 -1532 64 ) (0 -1532 52 ) 
4 154 156 (28 -1548 52 ) (28 -1548 64 ) (0 -1548 64 ) (0 -1548 52 ) 
4 155 188 (0 -1532 36 ) (0 -1548 36 ) (0 -1548 48 ) (0 -1532 48 ) 
4 155 164 (28 -1532 36 ) (28 -1548 36 ) (0 -1548 36 ) (0 -1532 36 ) 
4 155 156 (0 -1548 36 ) (28 -1548 36 ) (28 -1548 48 ) (0 -1548 48 ) 
4 156 189 (0 -1548 36 ) (0 -1556 36 ) (0 -1556 64 ) (0 -1548 64 ) 
4 156 164 (28 -1548 36 ) (28 -1556 36 ) (0 -1556 36 ) (0 -1548 36 ) 
4 156 157 (0 -1556 36 ) (28 -1556 36 ) (28 -1556 56 ) (0 -1556 56 ) 
4 157 190 (0 -1556 36 ) (0 -2048 36 ) (0 -2048 56 ) (0 -1556 56 ) 
4 157 177 (28 -2048 36 ) (28 -2048 56 ) (0 -2048 56 ) (0 -2048 36 ) 
4 157 164 (28 -1556 36 ) (28 -2048 36 ) (0 -2048 36 ) (0 -1556 36 ) 
4 158 191 (0 -1024 36 ) (0 -1024 4 ) (0 -1472 4 ) (0 -1472 36 ) 
4 158 165 (0 -1452 4 ) (0 -1024 4 ) (28 -1024 4 ) (28 -1452 4 ) 
4 158 166 (0 -1472 4 ) (0 -1468 4 ) (28 -1468 4 ) (28 -1472 4 ) 
4 158 159 (28 -1472 16 ) (28 -1472 36 ) (0 -1472 36 ) (0 -1472 16 ) 
4 158 160 (0 -1472 4 ) (28 -1472 4 ) (28 -1472 12 ) (0 -1472 12 ) 
4 159 192 (0 -1488 16 ) (0 -1488 36 ) (0 -1472 36 ) (0 -1472 16 ) 
4 159 161 (28 -1488 16 ) (28 -1488 36 ) (0 -1488 36 ) (0 -1488 16 ) 
4 160 193 (0 -1472 4 ) (0 -1488 4 ) (0 -1488 12 ) (0 -1472 12 ) 
4 160 166 (0 -1488 4 ) (0 -1472 4 ) (28 -1472 4 ) (28 -1488 4 ) 
4 160 161 (0 -1488 4 ) (28 -1488 4 ) (28 -1488 12 ) (0 -1488 12 ) 
4 161 194 (0 -1488 4 ) (0 -1492 4 ) (0 -1492 36 ) (0 -1488 36 ) 
4 161 166 (0 -1492 4 ) (0 -1488 4 ) (28 -1488 4 ) (28 -1492 4 ) 
4 161 162 (28 -1492 28 ) (28 -1492 36 ) (0 -1492 36 ) (0 -1492 28 ) 
4 161 163 (0 -1492 4 ) (28 -1492 4 ) (28 -1492 24 ) (0 -1492 24 ) 
4 162 195 (0 -1508 28 ) (0 -1508 36 ) (0 -1492 36 ) (0 -1492 28 ) 
4 162 164 (28 -1508 28 ) (28 -1508 36 ) (0 -1508 36 ) (0 -1508 28 ) 
4 163 196 (0 -1492 4 ) (0 -1508 4 ) (0 -1508 24 ) (0 -1492 24 ) 
4 163 166 (0 -1508 4 ) (0 -1492 4 ) (28 -1492 4 ) (28 -1508 4 ) 
4 163 164 (0 -1508 4 ) (28 -1508 4 ) (28 -1508 24 ) (0 -1508 24 ) 
4 164 197 (0 -1508 4 ) (0 -2048 4 ) (0 -2048 36 ) (0 -1508 36 ) 
4 164 177 (28 -2048 4 ) (28 -2048 36 ) (0 -2048 36 ) (0 -2048 4 ) 
4 164 166 (0 -2048 4 ) (0 -1508 4 ) (28 -1508 4 ) (28 -2048 4 ) 
4 165 198 (0 -1024 4 ) (0 -1024 0 ) (0 -1452 0 ) (0 -1452 4 ) 
4 165 167 (0 -1024 0 ) (28 -1024 0 ) (28 -1452 0 ) (0 -1452 0 ) 
4 166 199 (0 -1468 0 ) (0 -2048 0 ) (0 -2048 4 ) (0 -1468 4 ) 
4 166 177 (28 -2048 0 ) (28 -2048 4 ) (0 -2048 4 ) (0 -2048 0 ) 
4 166 167 (28 -1468 0 ) (28 -2048 0 ) (0 -2048 0 ) (0 -1468 0 ) 
4 167 200 (0 -1024 0 ) (0 -1024 -320 ) (0 -2048 -320 ) (0 -2048 0 ) 
4 167 177 (28 -2048 -320 ) (28 -2048 0 ) (0 -2048 0 ) (0 -2048 -320 ) 
4 168 213 (0 -2132 480 ) (0 -2048 480 ) (0 -2048 426.303009 ) (0 -2132 426.303009 ) 
4 168 171 (964 -2048 64 ) (964 -2132 64 ) (244 -2132 64 ) (244 -2048 64 ) 
5 168 170 (244 -2132 64 ) (964 -2132 64 ) (964 -2132 480 ) (0 -2132 480 ) (0 -2132 426.303009 ) 
4 169 214 (0 -2048 418 ) (0 -2048 64 ) (0 -2132 64 ) (0 -2132 418 ) 
3 169 170 (0 -2132 64 ) (236 -2132 64 ) (0 -2132 418 ) 
4 170 215 (0 -2644 64 ) (0 -2644 480 ) (0 -2132 480 ) (0 -2132 64 ) 
4 170 172 (236 -2644 64 ) (0 -2644 64 ) (0 -2132 64 ) (236 -2132 64 ) 
4 170 171 (964 -2132 64 ) (964 -2644 64 ) (236 -2644 64 ) (236 -2132 64 ) 
4 171 173 (236 -2048 56 ) (964 -2048 56 ) (964 -2644 56 ) (236 -2644 56 ) 
4 171 172 (236 -2132 56 ) (236 -2644 56 ) (236 -2644 64 ) (236 -2132 64 ) 
4 172 216 (0 -2644 56 ) (0 -2644 64 ) (0 -2132 64 ) (0 -2132 56 ) 
4 172 176 (204 -2644 56 ) (188 -2644 56 ) (188 -2132 56 ) (204 -2132 56 ) 
4 172 173 (236 -2132 56 ) (236 -2644 56 ) (204 -2644 56 ) (204 -2132 56 ) 
4 172 177 (188 -2644 56 ) (0 -2644 56 ) (0 -2132 56 ) (188 -2132 56 ) 
4 173 175 (204 -2084 -320 ) (204 -2100 -320 ) (204 -2100 0 ) (204 -2084 0 ) 
4 173 174 (204 -2048 -320 ) (204 -2084 -320 ) (204 -2084 56 ) (204 -2048 56 ) 
4 173 176 (204 -2100 -320 ) (204 -2644 -320 ) (204 -2644 56 ) (204 -2100 56 ) 
4 174 175 (188 -2084 0 ) (188 -2084 -320 ) (204 -2084 -320 ) (204 -2084 0 ) 
4 174 177 (188 -2048 -320 ) (188 -2084 -320 ) (188 -2084 56 ) (188 -2048 56 ) 
4 175 177 (188 -2084 -320 ) (188 -2100 -320 ) (188 -2100 0 ) (188 -2084 0 ) 
4 175 176 (188 -2100 0 ) (188 -2100 -320 ) (204 -2100 -320 ) (204 -2100 0 ) 
4 176 177 (188 -2100 -320 ) (188 -2644 -320 ) (188 -2644 56 ) (188 -2100 56 ) 
4 177 218 (0 -2644 -320 ) (0 -2644 56 ) (0 -2048 56 ) (0 -2048 -320 ) 
4 178 211 (-1024 -1024 480 ) (-1024 -1024 64 ) (-1024 -1556 64 ) (-1024 -1556 480 ) 
4 178 203 (-68 -1428 64 ) (-68 -1556 64 ) (-76 -1556 64 ) (-76 -1428 64 ) 
4 178 201 (-76 -1024 64 ) (-68 -1024 64 ) (-68 -1428 64 ) (-76 -1428 64 ) 
4 178 204 (-1024 -1556 64 ) (-1024 -1024 64 ) (-76 -1024 64 ) (-76 -1556 64 ) 
4 178 187 (0 -1532 64 ) (0 -1548 64 ) (-68 -1548 64 ) (-68 -1532 64 ) 
4 178 186 (0 -1528 64 ) (0 -1532 64 ) (-68 -1532 64 ) (-68 -1528 64 ) 
4 178 189 (0 -1548 64 ) (0 -1556 64 ) (-68 -1556 64 ) (-68 -1548 64 ) 
4 178 185 (0 -1512 64 ) (0 -1528 64 ) (-68 -1528 64 ) (-68 -1512 64 ) 
4 178 184 (-68 -1024 64 ) (0 -1024 64 ) (0 -1512 64 ) (-68 -1512 64 ) 
4 178 182 (-276 -1556 64 ) (0 -1556 64 ) (0 -1556 418 ) (-20 -1556 448 ) 
3 178 181 (0 -1556 426.303009 ) (0 -1556 478 ) (-17.319807 -1556 452.020294 ) 
5 178 180 (-17.319794 -1556 452.020294 ) (0 -1556 478 ) (0 -1556 480 ) (-3.836714 -1556 480 ) (-20 -1556 456 ) 
4 178 179 (-1024 -1556 64 ) (-284 -1556 64 ) (-3.836714 -1556 480 ) (-1024 -1556 480 ) 
4 179 212 (-3.836714 -2048 480 ) (-1024 -2048 480 ) (-1024 -2048 64 ) (-284 -2048 64 ) 
4 179 211 (-1024 -1556 64 ) (-1024 -2048 64 ) (-1024 -2048 480 ) (-1024 -1556 480 ) 
4 179 205 (-284 -2048 64 ) (-1024 -2048 64 ) (-1024 -1556 64 ) (-284 -1556 64 ) 
4 179 180 (-20.001587 -1556 456.002319 ) (-3.839844 -1556 480 ) (-3.839830 -2048 480 ) (-20.001574 -2048 456.002319 ) 
5 180 213 (0 -2048 478 ) (0 -2048 480 ) (-3.836714 -2048 480 ) (-20 -2048 456 ) (-17.319794 -2048 452.020294 ) 
4 180 181 (-17.320526 -1556 452.021423 ) (0 -1556 478.001984 ) (0 -2048 478.002014 ) (-17.320555 -2048 452.021423 ) 
3 181 213 (0 -2048 426.303009 ) (0 -2048 478 ) (-17.319807 -2048 452.020294 ) 
4 183 214 (0 -2048 64 ) (0 -2048 418 ) (-20 -2048 448 ) (-276 -2048 64 ) 
5 184 203 (-68 -1512 64 ) (-68 -1428 64 ) (-68 -1428 36 ) (-68 -1508.842041 36 ) (-68 -1512 37.875019 ) 
4 184 201 (-68 -1428 64 ) (-68 -1024 64 ) (-68 -1024 36 ) (-68 -1428 36 ) 
4 184 195 (-68 -1508 36 ) (-68 -1492 36 ) (0 -1492 36 ) (0 -1508 36 ) 
4 184 194 (-68 -1492 36 ) (-68 -1488 36 ) (0 -1488 36 ) (0 -1492 36 ) 
4 184 197 (-68 -1512 36 ) (-68 -1508 36 ) (0 -1508 36 ) (0 -1512 36 ) 
4 184 192 (-68 -1488 36 ) (-68 -1472 36 ) (0 -1472 36 ) (0 -1488 36 ) 
4 184 191 (-68 -1472 36 ) (-68 -1024 36 ) (0 -1024 36 ) (0 -1472 36 ) 
4 184 185 (-68 -1512 64 ) (-68 -1512 40 ) (0 -1512 40 ) (0 -1512 64 ) 
5 185 203 (-68 -1528 64 ) (-68 -1512 64 ) (-68 -1512 40 ) (-68 -1515.578857 40 ) (-68 -1528 47.375065 ) 
4 185 186 (-68 -1528 64 ) (-68 -1528 40 ) (0 -1528 40 ) (0 -1528 64 ) 
4 186 203 (-68 -1532 64 ) (-68 -1528 64 ) (-68 -1528 47.375046 ) (-68 -1532 49.750069 ) 
4 186 202 (-68 -1528 39.374962 ) (-68 -1528 36 ) (-68 -1532 36 ) (-68 -1532 41.749989 ) 
4 186 197 (-68 -1532 36 ) (-68 -1528 36 ) (0 -1528 36 ) (0 -1532 36 ) 
4 186 187 (-68 -1532 64 ) (-68 -1532 52 ) (0 -1532 52 ) (0 -1532 64 ) 
4 186 188 (-68 -1532 48 ) (-68 -1532 36 ) (0 -1532 36 ) (0 -1532 48 ) 
5 187 203 (-68 -1548 64 ) (-68 -1532 64 ) (-68 -1532 52 ) (-68 -1535.789429 52 ) (-68 -1548 59.250084 ) 
4 187 189 (-68 -1548 64 ) (-68 -1548 52 ) (0 -1548 52 ) (0 -1548 64 ) 
5 188 202 (-68 -1532 41.749996 ) (-68 -1532 36 ) (-68 -1548 36 ) (-68 -1548 48 ) (-68 -1542.526245 48 ) 
4 188 197 (-68 -1548 36 ) (-68 -1532 36 ) (0 -1532 36 ) (0 -1548 36 ) 
4 188 189 (-68 -1548 48 ) (-68 -1548 36 ) (0 -1548 36 ) (0 -1548 48 ) 
3 189 203 (-68 -1556 64 ) (-68 -1548 64 ) (-68 -1548 59.250092 ) 
4 189 202 (-68 -1548 51.250011 ) (-68 -1548 36 ) (-68 -1556 36 ) (-68 -1556 56 ) 
4 189 197 (-68 -1556 36 ) (-68 -1548 36 ) (0 -1548 36 ) (0 -1556 36 ) 
4 189 190 (-68 -1556 56 ) (-68 -1556 36 ) (0 -1556 36 ) (0 -1556 56 ) 
4 190 218 (0 -2048 36 ) (0 -2048 56 ) (-68 -2048 56 ) (-68 -2048 36 ) 
4 190 206 (-68 -1556 56 ) (-68 -1556 36 ) (-68 -2048 36 ) (-68 -2048 56 ) 
4 190 197 (0 -2048 36 ) (-68 -2048 36 ) (-68 -1556 36 ) (0 -1556 36 ) 
5 191 203 (-68 -1428 4 ) (-68 -1454.947266 4 ) (-68 -1472 14.125091 ) (-68 -1472 36 ) (-68 -1428 36 ) 
3 191 202 (-68 -1468.421021 4 ) (-68 -1472 4 ) (-68 -1472 6.125019 ) 
4 191 201 (-68 -1024 36 ) (-68 -1024 4 ) (-68 -1428 4 ) (-68 -1428 36 ) 
4 191 198 (-68 -1452 4 ) (-68 -1024 4 ) (0 -1024 4 ) (0 -1452 4 ) 
4 191 199 (-68 -1472 4 ) (-68 -1468 4 ) (0 -1468 4 ) (0 -1472 4 ) 
4 191 192 (0 -1472 16 ) (0 -1472 36 ) (-68 -1472 36 ) (-68 -1472 16 ) 
4 191 193 (-68 -1472 4 ) (0 -1472 4 ) (0 -1472 12 ) (-68 -1472 12 ) 
5 192 203 (-68 -1488 23.625010 ) (-68 -1488 36 ) (-68 -1472 36 ) (-68 -1472 16 ) (-68 -1475.157837 16 ) 
4 192 194 (0 -1488 16 ) (0 -1488 36 ) (-68 -1488 36 ) (-68 -1488 16 ) 
5 193 202 (-68 -1472 4 ) (-68 -1488 4 ) (-68 -1488 12 ) (-68 -1481.894775 12 ) (-68 -1472 6.125019 ) 
4 193 199 (-68 -1488 4 ) (-68 -1472 4 ) (0 -1472 4 ) (0 -1488 4 ) 
4 193 194 (-68 -1488 4 ) (0 -1488 4 ) (0 -1488 12 ) (-68 -1488 12 ) 
4 194 203 (-68 -1492 26 ) (-68 -1492 36 ) (-68 -1488 36 ) (-68 -1488 23.625032 ) 
4 194 202 (-68 -1488 4 ) (-68 -1492 4 ) (-68 -1492 18 ) (-68 -1488 15.624962 ) 
4 194 199 (-68 -1492 4 ) (-68 -1488 4 ) (0 -1488 4 ) (0 -1492 4 ) 
4 194 195 (0 -1492 28 ) (0 -1492 36 ) (-68 -1492 36 ) (-68 -1492 28 ) 
4 194 196 (-68 -1492 4 ) (0 -1492 4 ) (0 -1492 24 ) (-68 -1492 24 ) 
5 195 203 (-68 -1508 35.500069 ) (-68 -1508 36 ) (-68 -1492 36 ) (-68 -1492 28 ) (-68 -1495.368286 28 ) 
4 195 197 (0 -1508 28 ) (0 -1508 36 ) (-68 -1508 36 ) (-68 -1508 28 ) 
5 196 202 (-68 -1492 4 ) (-68 -1508 4 ) (-68 -1508 24 ) (-68 -1502.105347 24 ) (-68 -1492 18 ) 
4 196 199 (-68 -1508 4 ) (-68 -1492 4 ) (0 -1492 4 ) (0 -1508 4 ) 
4 196 197 (-68 -1508 4 ) (0 -1508 4 ) (0 -1508 24 ) (-68 -1508 24 ) 
4 197 218 (0 -2048 4 ) (0 -2048 36 ) (-68 -2048 36 ) (-68 -2048 4 ) 
4 197 206 (-68 -1556 4 ) (-68 -2048 4 ) (-68 -2048 36 ) (-68 -1556 36 ) 
3 197 203 (-68 -1508.842041 36 ) (-68 -1508 36 ) (-68 -1508 35.500065 ) 
5 197 202 (-68 -1508 4 ) (-68 -1556 4 ) (-68 -1556 36 ) (-68 -1522.315796 36 ) (-68 -1508 27.499996 ) 
4 197 199 (-68 -2048 4 ) (-68 -1508 4 ) (0 -1508 4 ) (0 -2048 4 ) 
5 198 203 (-68 -1428 0 ) (-68 -1448.210449 0 ) (-68 -1452 2.250040 ) (-68 -1452 4 ) (-68 -1428 4 ) 
4 198 201 (-68 -1024 4 ) (-68 -1024 0 ) (-68 -1428 0 ) (-68 -1428 4 ) 
4 198 200 (-68 -1452 0 ) (-68 -1024 0 ) (0 -1024 0 ) (0 -1452 0 ) 
4 199 218 (0 -2048 0 ) (0 -2048 4 ) (-68 -2048 4 ) (-68 -2048 0 ) 
4 199 206 (-68 -1556 0 ) (-68 -2048 0 ) (-68 -2048 4 ) (-68 -1556 4 ) 
5 199 202 (-68 -1468 0 ) (-68 -1556 0 ) (-68 -1556 4 ) (-68 -1468.421021 4 ) (-68 -1468 3.749995 ) 
4 199 200 (0 -2048 0 ) (-68 -2048 0 ) (-68 -1468 0 ) (0 -1468 0 ) 
4 200 218 (0 -2048 -320 ) (0 -2048 0 ) (-68 -2048 0 ) (-68 -2048 -320 ) 
4 200 210 (-68 -1556 -320 ) (-68 -2048 -320 ) (-68 -2048 0 ) (-68 -1556 0 ) 
3 200 203 (-68 -1448.210449 0 ) (-68 -1428 0 ) (-68 -1428 -12 ) 
5 200 202 (-68 -1428 -320 ) (-68 -1556 -320 ) (-68 -1556 0 ) (-68 -1461.684326 0 ) (-68 -1428 -20 ) 
4 200 201 (-68 -1024 0 ) (-68 -1024 -320 ) (-68 -1428 -320 ) (-68 -1428 0 ) 
4 201 203 (-76 -1428 64 ) (-76 -1428 -12 ) (-68 -1428 -12 ) (-68 -1428 64 ) 
4 201 202 (-76 -1428 -20 ) (-76 -1428 -320 ) (-68 -1428 -320 ) (-68 -1428 -20 ) 
4 201 204 (-76 -1024 -320 ) (-76 -1428 -320 ) (-76 -1428 64 ) (-76 -1024 64 ) 
4 202 210 (-68 -1556 -320 ) (-68 -1556 0 ) (-76 -1556 0 ) (-76 -1556 -320 ) 
4 202 206 (-68 -1556 0 ) (-68 -1556 56 ) (-76 -1556 56 ) (-76 -1556 0 ) 
4 202 204 (-76 -1428 -320 ) (-76 -1556 -320 ) (-76 -1556 56 ) (-76 -1428 -20 ) 
3 203 204 (-76 -1556 64 ) (-76 -1428 64 ) (-76 -1428 -12 ) 
4 204 211 (-1024 -1024 64 ) (-1024 -1024 -320 ) (-1024 -1556 -320 ) (-1024 -1556 64 ) 
4 204 210 (-1024 -1556 0 ) (-1024 -1556 -320 ) (-76 -1556 -320 ) (-76 -1556 0 ) 
4 204 207 (-244 -1556 0 ) (-228 -1556 0 ) (-228 -1556 56 ) (-244 -1556 56 ) 
4 204 206 (-228 -1556 0 ) (-76 -1556 0 ) (-76 -1556 56 ) (-228 -1556 56 ) 
4 204 209 (-1024 -1556 56 ) (-1024 -1556 0 ) (-244 -1556 0 ) (-244 -1556 56 ) 
4 204 205 (-276 -1556 64 ) (-1024 -1556 64 ) (-1024 -1556 56 ) (-276 -1556 56 ) 
4 205 217 (-276 -2048 64 ) (-1024 -2048 64 ) (-1024 -2048 56 ) (-276 -2048 56 ) 
4 205 211 (-1024 -2048 56 ) (-1024 -2048 64 ) (-1024 -1556 64 ) (-1024 -1556 56 ) 
4 205 209 (-1024 -2048 56 ) (-1024 -1556 56 ) (-276 -1556 56 ) (-276 -2048 56 ) 
4 206 218 (-68 -2048 0 ) (-68 -2048 56 ) (-228 -2048 56 ) (-228 -2048 0 ) 
4 206 210 (-228 -1556 0 ) (-68 -1556 0 ) (-68 -2048 0 ) (-228 -2048 0 ) 
4 206 207 (-228 -1556 0 ) (-228 -1588 0 ) (-228 -1588 56 ) (-228 -1556 56 ) 
4 206 208 (-228 -1604 0 ) (-228 -2048 0 ) (-228 -2048 56 ) (-228 -1604 56 ) 
4 207 210 (-244 -1556 0 ) (-228 -1556 0 ) (-228 -1588 0 ) (-244 -1588 0 ) 
4 207 209 (-244 -1556 0 ) (-244 -1588 0 ) (-244 -1588 56 ) (-244 -1556 56 ) 
4 208 219 (-228 -2048 56 ) (-244 -2048 56 ) (-244 -2048 0 ) (-228 -2048 0 ) 
4 208 210 (-228 -1604 0 ) (-228 -2048 0 ) (-244 -2048 0 ) (-244 -1604 0 ) 
4 208 209 (-244 -1604 0 ) (-244 -2048 0 ) (-244 -2048 56 ) (-244 -1604 56 ) 
4 209 222 (-244 -2048 56 ) (-1024 -2048 56 ) (-1024 -2048 0 ) (-244 -2048 0 ) 
4 209 211 (-1024 -2048 0 ) (-1024 -2048 56 ) (-1024 -1556 56 ) (-1024 -1556 0 ) 
4 209 210 (-1024 -1556 0 ) (-244 -1556 0 ) (-244 -2048 0 ) (-1024 -2048 0 ) 
4 210 219 (-228 -2048 0 ) (-244 -2048 0 ) (-244 -2048 -320 ) (-228 -2048 -320 ) 
4 210 218 (-68 -2048 -320 ) (-68 -2048 0 ) (-228 -2048 0 ) (-228 -2048 -320 ) 
4 210 222 (-244 -2048 0 ) (-1024 -2048 0 ) (-1024 -2048 -320 ) (-244 -2048 -320 ) 
4 210 211 (-1024 -2048 -320 ) (-1024 -2048 0 ) (-1024 -1556 0 ) (-1024 -1556 -320 ) 
4 211 223 (-1024 -2048 -320 ) (-1024 -2048 480 ) (-1084 -2048 480 ) (-1084 -2048 -320 ) 
4 212 223 (-1024 -2048 480 ) (-1024 -2048 64 ) (-1024 -2132 64 ) (-1024 -2132 480 ) 
4 212 217 (-1024 -2132 64 ) (-1024 -2048 64 ) (-284 -2048 64 ) (-284 -2132 64 ) 
4 212 213 (-3.839844 -2132 480 ) (-20.001564 -2132 456.002289 ) (-20.001556 -2048 456.002319 ) (-3.839844 -2048 480 ) 
4 212 215 (-1024 -2132 64 ) (-284 -2132 64 ) (-3.836714 -2132 480 ) (-1024 -2132 480 ) 
4 213 215 (0 -2132 426.303009 ) (0 -2132 480 ) (-3.836714 -2132 480 ) (-20 -2132 456 ) 
4 214 215 (-276 -2132 64 ) (0 -2132 64 ) (0 -2132 418 ) (-20 -2132 448 ) 
4 215 223 (-1024 -2132 64 ) (-1024 -2644 64 ) (-1024 -2644 480 ) (-1024 -2132 480 ) 
4 215 216 (0 -2644 64 ) (-276 -2644 64 ) (-276 -2132 64 ) (0 -2132 64 ) 
4 215 217 (-276 -2644 64 ) (-1024 -2644 64 ) (-1024 -2132 64 ) (-276 -2132 64 ) 
4 216 221 (-228 -2644 56 ) (-244 -2644 56 ) (-244 -2132 56 ) (-228 -2132 56 ) 
4 216 218 (0 -2644 56 ) (-228 -2644 56 ) (-228 -2132 56 ) (0 -2132 56 ) 
4 216 222 (-244 -2644 56 ) (-276 -2644 56 ) (-276 -2132 56 ) (-244 -2132 56 ) 
4 216 217 (-276 -2132 56 ) (-276 -2644 56 ) (-276 -2644 64 ) (-276 -2132 64 ) 
4 217 223 (-1024 -2048 64 ) (-1024 -2048 56 ) (-1024 -2644 56 ) (-1024 -2644 64 ) 
4 217 222 (-276 -2644 56 ) (-1024 -2644 56 ) (-1024 -2048 56 ) (-276 -2048 56 ) 
4 218 220 (-228 -2084 -320 ) (-228 -2100 -320 ) (-228 -2100 0 ) (-228 -2084 0 ) 
4 218 219 (-228 -2048 -320 ) (-228 -2084 -320 ) (-228 -2084 56 ) (-228 -2048 56 ) 
4 218 221 (-228 -2100 -320 ) (-228 -2644 -320 ) (-228 -2644 56 ) (-228 -2100 56 ) 
4 219 220 (-244 -2084 0 ) (-244 -2084 -320 ) (-228 -2084 -320 ) (-228 -2084 0 ) 
4 219 222 (-244 -2048 -320 ) (-244 -2084 -320 ) (-244 -2084 56 ) (-244 -2048 56 ) 
4 220 222 (-244 -2084 -320 ) (-244 -2100 -320 ) (-244 -2100 0 ) (-244 -2084 0 ) 
4 220 221 (-244 -2100 0 ) (-244 -2100 -320 ) (-228 -2100 -320 ) (-228 -2100 0 ) 
4 221 222 (-244 -2100 -320 ) (-244 -2644 -320 ) (-244 -2644 56 ) (-244 -2100 56 ) 
4 222 223 (-1024 -2048 56 ) (-1024 -2048 -320 ) (-1024 -2644 -320 ) (-1024 -2644 56 ) 
