


materialPath: C:\Program Files (x86)\Steam\steamapps\sourcemods\desertparablerus1\materials
Loading c:\program files (x86)\steam\steamapps\sourcemods\desertparablerus1\maps\reddoor.vmf
Map revision 5
Can't find surfaceprop upholstery for material PLASTER/CEILING_INSULATION02, using default
Could not locate 'GameData' key in c:\program files (x86)\steam\steamapps\sourcemods\desertparablerus1\gameinfo.txt
fixing up env_cubemap materials on brush sides...
0...1...2...3...4...5...6...7...8...9...100...1...2...3...4...5...6...7...8...9...10Processing areas...done (0)
Building Faces...done (0)
FixTjuncs...
PruneNodes...
WriteBSP...
done (0)
writing c:\program files (x86)\steam\steamapps\sourcemods\desertparablerus1\maps\reddoor.prt...Building visibility clusters...
done (0)
Finding displacement neighbors...
Finding lightmap sample positions...
Displacement Alpha : 0...1...2...3...4...5...6...7...8...9...10
Building Physics collision data...
done (0) (7517 bytes)
Error! To use model "models/unconid/pc_models/monitors/lcd_lg_4x3.mdl"
      with prop_static, it must be compiled with $staticprop!
Error loading studio model "models/unconid/pc_models/monitors/lcd_lg_4x3.mdl"!
Placing detail props : 0...1...2...3...4...5...6...7...8...9...10
Compacting texture/material tables...
Reduced 60 texinfos to 35
Reduced 10 texdatas to 10 (237 bytes to 237)
Writing c:\program files (x86)\steam\steamapps\sourcemods\desertparablerus1\maps\reddoor.bsp
0 seconds elapsed



8 threads
reading c:\program files (x86)\steam\steamapps\sourcemods\desertparablerus1\maps\reddoor.bsp
reading c:\program files (x86)\steam\steamapps\sourcemods\desertparablerus1\maps\reddoor.prt
  21 portalclusters
  60 numportals
0...1...2...3...4...5...6...7...8...9...10Optimized: 0 visible clusters (0.00%)
Total clusters visible: 435
Average clusters visible: 20
Building PAS...
Average clusters audible: 21
visdatasize:298  compressed from 336
writing c:\program files (x86)\steam\steamapps\sourcemods\desertparablerus1\maps\reddoor.bsp
0 seconds elapsed



[Reading texlights from 'lights.rad']
[48 texlights parsed from 'lights.rad']

Loading c:\program files (x86)\steam\steamapps\sourcemods\desertparablerus1\maps\reddoor.bsp
50 faces
4722 square feet [680085.88 square inches]
0 Displacements
0 Square Feet [0.00 Square Inches]
50 patches before subdivision
754 patches after subdivision
3 direct lights
0...1...2...3...4...5...6...7...8...9...100...1...2...3...4...5...6...7...8...9...10transfers 17937, max 122
transfer lists:   0.1 megs
0...1...2...3...4...5...6...7...8...9...10	Bounce #1 added RGB(597, 236, 0)
0...1...2...3...4...5...6...7...8...9...10	Bounce #2 added RGB(187, 70, 0)
Build Patch/Sample Hash Table(s).....Done<0.0002 sec>
0...1...2...3...4...5...6...7...8...9...10FinalLightFace Done
0 of 0 (0% of) surface lights went in leaf ambient cubes.
0...1...2...3...4...5...6...7...8...9...10Writing leaf ambient...done
Computing static prop lighting : 00...1...2...3...4...5...6...7...8...9...10
Ready to Finish

Object names       Objects/Maxobjs  Memory / Maxmem  Fullness 
------------       ---------------  ---------------  -------- 
models                   2/4096           96/196608   ( 0.0%) 
brushes                 19/32768         228/393216   ( 0.1%) 
brushsides             142/65536        1136/524288   ( 0.2%) 
planes                 156/65536        3120/1310720  ( 0.2%) 
vertexes                97/65536        1164/786432   ( 0.1%) 
nodes                   49/65536        1568/2097152  ( 0.1%) 
texinfos                35/12288        2520/884736   ( 0.3%) 
texdata                 10/2048          320/65536    ( 0.5%) 
dispinfos                0/0               0/0        ( 0.0%) 
disp_verts               0/0               0/0        ( 0.0%) 
disp_tris                0/0               0/0        ( 0.0%) 
disp_lmsamples           0/0               0/0        ( 0.0%) 
faces                   50/65536        2800/3670016  ( 0.1%) 
hdr faces               50/65536        2800/3670016  ( 0.1%) 
origfaces               47/65536        2632/3670016  ( 0.1%) 
leaves                  52/65536        1664/2097152  ( 0.1%) 
leaffaces               83/65536         166/131072   ( 0.1%) 
leafbrushes             21/65536          42/131072   ( 0.0%) 
areas                    2/1024           16/8192     ( 0.2%) 
surfedges              412/512000       1648/2048000  ( 0.1%) 
edges                  239/256000        956/1024000  ( 0.1%) 
LDR worldlights          0/16384           0/1441792  ( 0.0%) 
HDR worldlights          3/16384         264/1441792  ( 0.0%) 
leafwaterdata            0/32768           0/393216   ( 0.0%) 
waterstrips              1/131072         10/1310720  ( 0.0%) 
waterverts               0/131072          0/1572864  ( 0.0%) 
waterindices            12/131072         24/262144   ( 0.0%) 
cubemapsamples           0/1024            0/16384    ( 0.0%) 
overlays                 0/1024            0/360448   ( 0.0%) 
LDR lightdata         [variable]           0/0        ( 0.0%) 
HDR lightdata         [variable]       18888/0        ( 0.0%) 
visdata               [variable]         298/16777216 ( 0.0%) 
entdata               [variable]        2635/393216   ( 0.7%) 
LDR ambient table       52/65536         208/262144   ( 0.1%) 
HDR ambient table       52/65536         208/262144   ( 0.1%) 
LDR leaf ambient        52/65536        1456/1835008  ( 0.1%) 
HDR leaf ambient       218/65536        6104/1835008  ( 0.3%) 
occluders                0/0               0/0        ( 0.0%) 
occluder polygons        0/0               0/0        ( 0.0%) 
occluder vert ind        0/0               0/0        ( 0.0%) 
detail props          [variable]           1/12       ( 8.3%) 
static props          [variable]           1/2846     ( 0.0%) 
pakfile               [variable]      129524/0        ( 0.0%) 
physics               [variable]        7517/4194304  ( 0.2%) 
physics terrain       [variable]           2/1048576  ( 0.0%) 

Level flags = 2

Total triangle count: 120
Writing c:\program files (x86)\steam\steamapps\sourcemods\desertparablerus1\maps\reddoor.bsp
0 seconds elapsed



materialPath: C:\Program Files (x86)\Steam\steamapps\sourcemods\desertparablerus1\materials
Loading c:\program files (x86)\steam\steamapps\sourcemods\desertparablerus1\maps\reddoor.vmf
Map revision 6
Can't find surfaceprop upholstery for material PLASTER/CEILING_INSULATION02, using default
Could not locate 'GameData' key in c:\program files (x86)\steam\steamapps\sourcemods\desertparablerus1\gameinfo.txt
fixing up env_cubemap materials on brush sides...
0...1...2...3...4...5...6...7...8...9...100...1...2...3...4...5...6...7...8...9...10Processing areas...done (0)
Building Faces...done (0)
FixTjuncs...
PruneNodes...
WriteBSP...
done (0)
writing c:\program files (x86)\steam\steamapps\sourcemods\desertparablerus1\maps\reddoor.prt...Building visibility clusters...
done (0)
Finding displacement neighbors...
Finding lightmap sample positions...
Displacement Alpha : 0...1...2...3...4...5...6...7...8...9...10
Building Physics collision data...
done (0) (7517 bytes)
Error! To use model "models/unconid/pc_models/monitors/lcd_lg_4x3.mdl"
      with prop_static, it must be compiled with $staticprop!
Error loading studio model "models/unconid/pc_models/monitors/lcd_lg_4x3.mdl"!
Placing detail props : 0...1...2...3...4...5...6...7...8...9...10
Compacting texture/material tables...
Reduced 60 texinfos to 35
Reduced 10 texdatas to 10 (237 bytes to 237)
Writing c:\program files (x86)\steam\steamapps\sourcemods\desertparablerus1\maps\reddoor.bsp
0 seconds elapsed



8 threads
reading c:\program files (x86)\steam\steamapps\sourcemods\desertparablerus1\maps\reddoor.bsp
reading c:\program files (x86)\steam\steamapps\sourcemods\desertparablerus1\maps\reddoor.prt
  21 portalclusters
  60 numportals
0...1...2...3...4...5...6...7...8...9...10Optimized: 0 visible clusters (0.00%)
Total clusters visible: 435
Average clusters visible: 20
Building PAS...
Average clusters audible: 21
visdatasize:298  compressed from 336
writing c:\program files (x86)\steam\steamapps\sourcemods\desertparablerus1\maps\reddoor.bsp
0 seconds elapsed



[Reading texlights from 'lights.rad']
[48 texlights parsed from 'lights.rad']

Loading c:\program files (x86)\steam\steamapps\sourcemods\desertparablerus1\maps\reddoor.bsp
50 faces
4722 square feet [680085.88 square inches]
0 Displacements
0 Square Feet [0.00 Square Inches]
50 patches before subdivision
754 patches after subdivision
5 direct lights
0...1...2...3...4...5...6...7...8...9...100...1...2...3...4...5...6...7...8...9...10transfers 17937, max 122
transfer lists:   0.1 megs
0...1...2...3...4...5...6...7...8...9...10	Bounce #1 added RGB(597, 236, 0)
0...1...2...3...4...5...6...7...8...9...10	Bounce #2 added RGB(187, 70, 0)
Build Patch/Sample Hash Table(s).....Done<0.0002 sec>
0...1...2...3...4...5...6...7...8...9...10FinalLightFace Done
0 of 0 (0% of) surface lights went in leaf ambient cubes.
0...1...2...3...4...5...6...7...8...9...10Writing leaf ambient...done
Computing static prop lighting : 00...1...2...3...4...5...6...7...8...9...10
Ready to Finish

Object names       Objects/Maxobjs  Memory / Maxmem  Fullness 
------------       ---------------  ---------------  -------- 
models                   2/4096           96/196608   ( 0.0%) 
brushes                 19/32768         228/393216   ( 0.1%) 
brushsides             142/65536        1136/524288   ( 0.2%) 
planes                 156/65536        3120/1310720  ( 0.2%) 
vertexes                97/65536        1164/786432   ( 0.1%) 
nodes                   49/65536        1568/2097152  ( 0.1%) 
texinfos                35/12288        2520/884736   ( 0.3%) 
texdata                 10/2048          320/65536    ( 0.5%) 
dispinfos                0/0               0/0        ( 0.0%) 
disp_verts               0/0               0/0        ( 0.0%) 
disp_tris                0/0               0/0        ( 0.0%) 
disp_lmsamples           0/0               0/0        ( 0.0%) 
faces                   50/65536        2800/3670016  ( 0.1%) 
hdr faces               50/65536        2800/3670016  ( 0.1%) 
origfaces               47/65536        2632/3670016  ( 0.1%) 
leaves                  52/65536        1664/2097152  ( 0.1%) 
leaffaces               83/65536         166/131072   ( 0.1%) 
leafbrushes             21/65536          42/131072   ( 0.0%) 
areas                    2/1024           16/8192     ( 0.2%) 
surfedges              412/512000       1648/2048000  ( 0.1%) 
edges                  239/256000        956/1024000  ( 0.1%) 
LDR worldlights          0/16384           0/1441792  ( 0.0%) 
HDR worldlights          5/16384         440/1441792  ( 0.0%) 
leafwaterdata            0/32768           0/393216   ( 0.0%) 
waterstrips              1/131072         10/1310720  ( 0.0%) 
waterverts               0/131072          0/1572864  ( 0.0%) 
waterindices            12/131072         24/262144   ( 0.0%) 
cubemapsamples           0/1024            0/16384    ( 0.0%) 
overlays                 0/1024            0/360448   ( 0.0%) 
LDR lightdata         [variable]           0/0        ( 0.0%) 
HDR lightdata         [variable]       18888/0        ( 0.0%) 
visdata               [variable]         298/16777216 ( 0.0%) 
entdata               [variable]        2912/393216   ( 0.7%) 
LDR ambient table       52/65536         208/262144   ( 0.1%) 
HDR ambient table       52/65536         208/262144   ( 0.1%) 
LDR leaf ambient        52/65536        1456/1835008  ( 0.1%) 
HDR leaf ambient       218/65536        6104/1835008  ( 0.3%) 
occluders                0/0               0/0        ( 0.0%) 
occluder polygons        0/0               0/0        ( 0.0%) 
occluder vert ind        0/0               0/0        ( 0.0%) 
detail props          [variable]           1/12       ( 8.3%) 
static props          [variable]           1/2846     ( 0.0%) 
pakfile               [variable]      129524/0        ( 0.0%) 
physics               [variable]        7517/4194304  ( 0.2%) 
physics terrain       [variable]           2/1048576  ( 0.0%) 

Level flags = 2

Total triangle count: 120
Writing c:\program files (x86)\steam\steamapps\sourcemods\desertparablerus1\maps\reddoor.bsp
0 seconds elapsed



materialPath: C:\Program Files (x86)\Steam\steamapps\sourcemods\desertparablerus1\materials
Loading c:\program files (x86)\steam\steamapps\sourcemods\desertparablerus1\maps\reddoor.vmf
Map revision 7
Can't find surfaceprop upholstery for material PLASTER/CEILING_INSULATION02, using default
Could not locate 'GameData' key in c:\program files (x86)\steam\steamapps\sourcemods\desertparablerus1\gameinfo.txt
fixing up env_cubemap materials on brush sides...
0...1...2...3...4...5...6...7...8...9...100...1...2...3...4...5...6...7...8...9...10Processing areas...done (0)
Building Faces...done (0)
FixTjuncs...
PruneNodes...
WriteBSP...
done (0)
writing c:\program files (x86)\steam\steamapps\sourcemods\desertparablerus1\maps\reddoor.prt...Building visibility clusters...
done (0)
Finding displacement neighbors...
Finding lightmap sample positions...
Displacement Alpha : 0...1...2...3...4...5...6...7...8...9...10
Building Physics collision data...
done (0) (7517 bytes)
Error! To use model "models/unconid/pc_models/monitors/lcd_lg_4x3.mdl"
      with prop_static, it must be compiled with $staticprop!
Error loading studio model "models/unconid/pc_models/monitors/lcd_lg_4x3.mdl"!
Placing detail props : 0...1...2...3...4...5...6...7...8...9...10
Compacting texture/material tables...
Reduced 60 texinfos to 35
Reduced 10 texdatas to 10 (237 bytes to 237)
Writing c:\program files (x86)\steam\steamapps\sourcemods\desertparablerus1\maps\reddoor.bsp
0 seconds elapsed



8 threads
reading c:\program files (x86)\steam\steamapps\sourcemods\desertparablerus1\maps\reddoor.bsp
reading c:\program files (x86)\steam\steamapps\sourcemods\desertparablerus1\maps\reddoor.prt
  21 portalclusters
  60 numportals
0...1...2...3...4...5...6...7...8...9...10Optimized: 0 visible clusters (0.00%)
Total clusters visible: 435
Average clusters visible: 20
Building PAS...
Average clusters audible: 21
visdatasize:298  compressed from 336
writing c:\program files (x86)\steam\steamapps\sourcemods\desertparablerus1\maps\reddoor.bsp
0 seconds elapsed



[Reading texlights from 'lights.rad']
[48 texlights parsed from 'lights.rad']

Loading c:\program files (x86)\steam\steamapps\sourcemods\desertparablerus1\maps\reddoor.bsp
50 faces
4722 square feet [680085.88 square inches]
0 Displacements
0 Square Feet [0.00 Square Inches]
50 patches before subdivision
754 patches after subdivision
5 direct lights
0...1...2...3...4...5...6...7...8...9...100...1...2...3...4...5...6...7...8...9...10transfers 17937, max 122
transfer lists:   0.1 megs
0...1...2...3...4...5...6...7...8...9...10	Bounce #1 added RGB(586, 58, 417)
0...1...2...3...4...5...6...7...8...9...10	Bounce #2 added RGB(182, 18, 133)
Build Patch/Sample Hash Table(s).....Done<0.0002 sec>
0...1...2...3...4...5...6...7...8...9...10FinalLightFace Done
0 of 0 (0% of) surface lights went in leaf ambient cubes.
0...1...2...3...4...5...6...7...8...9...10Writing leaf ambient...done
Computing static prop lighting : 00...1...2...3...4...5...6...7...8...9...10
Ready to Finish

Object names       Objects/Maxobjs  Memory / Maxmem  Fullness 
------------       ---------------  ---------------  -------- 
models                   2/4096           96/196608   ( 0.0%) 
brushes                 19/32768         228/393216   ( 0.1%) 
brushsides             142/65536        1136/524288   ( 0.2%) 
planes                 156/65536        3120/1310720  ( 0.2%) 
vertexes                97/65536        1164/786432   ( 0.1%) 
nodes                   49/65536        1568/2097152  ( 0.1%) 
texinfos                35/12288        2520/884736   ( 0.3%) 
texdata                 10/2048          320/65536    ( 0.5%) 
dispinfos                0/0               0/0        ( 0.0%) 
disp_verts               0/0               0/0        ( 0.0%) 
disp_tris                0/0               0/0        ( 0.0%) 
disp_lmsamples           0/0               0/0        ( 0.0%) 
faces                   50/65536        2800/3670016  ( 0.1%) 
hdr faces               50/65536        2800/3670016  ( 0.1%) 
origfaces               47/65536        2632/3670016  ( 0.1%) 
leaves                  52/65536        1664/2097152  ( 0.1%) 
leaffaces               83/65536         166/131072   ( 0.1%) 
leafbrushes             21/65536          42/131072   ( 0.0%) 
areas                    2/1024           16/8192     ( 0.2%) 
surfedges              412/512000       1648/2048000  ( 0.1%) 
edges                  239/256000        956/1024000  ( 0.1%) 
LDR worldlights          0/16384           0/1441792  ( 0.0%) 
HDR worldlights          5/16384         440/1441792  ( 0.0%) 
leafwaterdata            0/32768           0/393216   ( 0.0%) 
waterstrips              1/131072         10/1310720  ( 0.0%) 
waterverts               0/131072          0/1572864  ( 0.0%) 
waterindices            12/131072         24/262144   ( 0.0%) 
cubemapsamples           0/1024            0/16384    ( 0.0%) 
overlays                 0/1024            0/360448   ( 0.0%) 
LDR lightdata         [variable]           0/0        ( 0.0%) 
HDR lightdata         [variable]       18888/0        ( 0.0%) 
visdata               [variable]         298/16777216 ( 0.0%) 
entdata               [variable]        2327/393216   ( 0.6%) 
LDR ambient table       52/65536         208/262144   ( 0.1%) 
HDR ambient table       52/65536         208/262144   ( 0.1%) 
LDR leaf ambient        52/65536        1456/1835008  ( 0.1%) 
HDR leaf ambient       221/65536        6188/1835008  ( 0.3%) 
occluders                0/0               0/0        ( 0.0%) 
occluder polygons        0/0               0/0        ( 0.0%) 
occluder vert ind        0/0               0/0        ( 0.0%) 
detail props          [variable]           1/12       ( 8.3%) 
static props          [variable]           1/2846     ( 0.0%) 
pakfile               [variable]      129524/0        ( 0.0%) 
physics               [variable]        7517/4194304  ( 0.2%) 
physics terrain       [variable]           2/1048576  ( 0.0%) 

Level flags = 2

Total triangle count: 120
Writing c:\program files (x86)\steam\steamapps\sourcemods\desertparablerus1\maps\reddoor.bsp
0 seconds elapsed



materialPath: C:\Program Files (x86)\Steam\steamapps\sourcemods\desertparablerus1\materials
Loading c:\program files (x86)\steam\steamapps\sourcemods\desertparablerus1\maps\reddoor.vmf
Map revision 8
Can't find surfaceprop upholstery for material PLASTER/CEILING_INSULATION02, using default
Could not locate 'GameData' key in c:\program files (x86)\steam\steamapps\sourcemods\desertparablerus1\gameinfo.txt
fixing up env_cubemap materials on brush sides...
0...1...2...3...4...5...6...7...8...9...100...1...2...3...4...5...6...7...8...9...10Processing areas...done (0)
Building Faces...done (0)
FixTjuncs...
PruneNodes...
WriteBSP...
done (0)
writing c:\program files (x86)\steam\steamapps\sourcemods\desertparablerus1\maps\reddoor.prt...Building visibility clusters...
done (0)
Finding displacement neighbors...
Finding lightmap sample positions...
Displacement Alpha : 0...1...2...3...4...5...6...7...8...9...10
Building Physics collision data...
done (0) (7517 bytes)
Placing detail props : 0...1...2...3...4...5...6...7...8...9...10
Compacting texture/material tables...
Reduced 60 texinfos to 35
Reduced 10 texdatas to 10 (237 bytes to 237)
Writing c:\program files (x86)\steam\steamapps\sourcemods\desertparablerus1\maps\reddoor.bsp
0 seconds elapsed



8 threads
reading c:\program files (x86)\steam\steamapps\sourcemods\desertparablerus1\maps\reddoor.bsp
reading c:\program files (x86)\steam\steamapps\sourcemods\desertparablerus1\maps\reddoor.prt
  21 portalclusters
  60 numportals
0...1...2...3...4...5...6...7...8...9...10Optimized: 0 visible clusters (0.00%)
Total clusters visible: 435
Average clusters visible: 20
Building PAS...
Average clusters audible: 21
visdatasize:298  compressed from 336
writing c:\program files (x86)\steam\steamapps\sourcemods\desertparablerus1\maps\reddoor.bsp
0 seconds elapsed



[Reading texlights from 'lights.rad']
[48 texlights parsed from 'lights.rad']

Loading c:\program files (x86)\steam\steamapps\sourcemods\desertparablerus1\maps\reddoor.bsp
50 faces
4722 square feet [680085.88 square inches]
0 Displacements
0 Square Feet [0.00 Square Inches]
50 patches before subdivision
754 patches after subdivision
5 direct lights
0...1...2...3...4...5...6...7...8...9...100...1...2...3...4...5...6...7...8...9...10transfers 17937, max 122
transfer lists:   0.1 megs
0...1...2...3...4...5...6...7...8...9...10	Bounce #1 added RGB(586, 58, 417)
0...1...2...3...4...5...6...7...8...9...10	Bounce #2 added RGB(182, 18, 133)
Build Patch/Sample Hash Table(s).....Done<0.0003 sec>
0...1...2...3...4...5...6...7...8...9...10FinalLightFace Done
0 of 0 (0% of) surface lights went in leaf ambient cubes.
0...1...2...3...4...5...6...7...8...9...10Writing leaf ambient...done
Computing static prop lighting : 00...1...2...3...4...5...6...7...8...9...10
Ready to Finish

Object names       Objects/Maxobjs  Memory / Maxmem  Fullness 
------------       ---------------  ---------------  -------- 
models                   2/4096           96/196608   ( 0.0%) 
brushes                 19/32768         228/393216   ( 0.1%) 
brushsides             142/65536        1136/524288   ( 0.2%) 
planes                 156/65536        3120/1310720  ( 0.2%) 
vertexes                97/65536        1164/786432   ( 0.1%) 
nodes                   49/65536        1568/2097152  ( 0.1%) 
texinfos                35/12288        2520/884736   ( 0.3%) 
texdata                 10/2048          320/65536    ( 0.5%) 
dispinfos                0/0               0/0        ( 0.0%) 
disp_verts               0/0               0/0        ( 0.0%) 
disp_tris                0/0               0/0        ( 0.0%) 
disp_lmsamples           0/0               0/0        ( 0.0%) 
faces                   50/65536        2800/3670016  ( 0.1%) 
hdr faces               50/65536        2800/3670016  ( 0.1%) 
origfaces               47/65536        2632/3670016  ( 0.1%) 
leaves                  52/65536        1664/2097152  ( 0.1%) 
leaffaces               83/65536         166/131072   ( 0.1%) 
leafbrushes             21/65536          42/131072   ( 0.0%) 
areas                    2/1024           16/8192     ( 0.2%) 
surfedges              412/512000       1648/2048000  ( 0.1%) 
edges                  239/256000        956/1024000  ( 0.1%) 
LDR worldlights          0/16384           0/1441792  ( 0.0%) 
HDR worldlights          5/16384         440/1441792  ( 0.0%) 
leafwaterdata            0/32768           0/393216   ( 0.0%) 
waterstrips              1/131072         10/1310720  ( 0.0%) 
waterverts               0/131072          0/1572864  ( 0.0%) 
waterindices            12/131072         24/262144   ( 0.0%) 
cubemapsamples           0/1024            0/16384    ( 0.0%) 
overlays                 0/1024            0/360448   ( 0.0%) 
LDR lightdata         [variable]           0/0        ( 0.0%) 
HDR lightdata         [variable]       18888/0        ( 0.0%) 
visdata               [variable]         298/16777216 ( 0.0%) 
entdata               [variable]        2963/393216   ( 0.8%) 
LDR ambient table       52/65536         208/262144   ( 0.1%) 
HDR ambient table       52/65536         208/262144   ( 0.1%) 
LDR leaf ambient        52/65536        1456/1835008  ( 0.1%) 
HDR leaf ambient       221/65536        6188/1835008  ( 0.3%) 
occluders                0/0               0/0        ( 0.0%) 
occluder polygons        0/0               0/0        ( 0.0%) 
occluder vert ind        0/0               0/0        ( 0.0%) 
detail props          [variable]           1/12       ( 8.3%) 
static props          [variable]           1/2846     ( 0.0%) 
pakfile               [variable]      129524/0        ( 0.0%) 
physics               [variable]        7517/4194304  ( 0.2%) 
physics terrain       [variable]           2/1048576  ( 0.0%) 

Level flags = 2

Total triangle count: 120
Writing c:\program files (x86)\steam\steamapps\sourcemods\desertparablerus1\maps\reddoor.bsp
0 seconds elapsed



materialPath: C:\Program Files (x86)\Steam\steamapps\sourcemods\desertparablerus1\materials
Loading c:\program files (x86)\steam\steamapps\sourcemods\desertparablerus1\maps\reddoor.vmf
Map revision 9
Can't find surfaceprop upholstery for material PLASTER/CEILING_INSULATION02, using default
Could not locate 'GameData' key in c:\program files (x86)\steam\steamapps\sourcemods\desertparablerus1\gameinfo.txt
fixing up env_cubemap materials on brush sides...
0...1...2...3...4...5...6...7...8...9...100...1...2...3...4...5...6...7...8...9...10Processing areas...done (0)
Building Faces...done (0)
FixTjuncs...
PruneNodes...
WriteBSP...
done (0)
writing c:\program files (x86)\steam\steamapps\sourcemods\desertparablerus1\maps\reddoor.prt...Building visibility clusters...
done (0)
Finding displacement neighbors...
Finding lightmap sample positions...
Displacement Alpha : 0...1...2...3...4...5...6...7...8...9...10
Building Physics collision data...
done (0) (7517 bytes)
Placing detail props : 0...1...2...3...4...5...6...7...8...9...10
Compacting texture/material tables...
Reduced 60 texinfos to 35
Reduced 10 texdatas to 10 (237 bytes to 237)
Writing c:\program files (x86)\steam\steamapps\sourcemods\desertparablerus1\maps\reddoor.bsp
0 seconds elapsed



8 threads
reading c:\program files (x86)\steam\steamapps\sourcemods\desertparablerus1\maps\reddoor.bsp
reading c:\program files (x86)\steam\steamapps\sourcemods\desertparablerus1\maps\reddoor.prt
  21 portalclusters
  60 numportals
0...1...2...3...4...5...6...7...8...9...10Optimized: 0 visible clusters (0.00%)
Total clusters visible: 435
Average clusters visible: 20
Building PAS...
Average clusters audible: 21
visdatasize:298  compressed from 336
writing c:\program files (x86)\steam\steamapps\sourcemods\desertparablerus1\maps\reddoor.bsp
0 seconds elapsed



[Reading texlights from 'lights.rad']
[48 texlights parsed from 'lights.rad']

Loading c:\program files (x86)\steam\steamapps\sourcemods\desertparablerus1\maps\reddoor.bsp
50 faces
4722 square feet [680085.88 square inches]
0 Displacements
0 Square Feet [0.00 Square Inches]
50 patches before subdivision
754 patches after subdivision
5 direct lights
0...1...2...3...4...5...6...7...8...9...100...1...2...3...4...5...6...7...8...9...10transfers 17937, max 122
transfer lists:   0.1 megs
0...1...2...3...4...5...6...7...8...9...10	Bounce #1 added RGB(586, 58, 417)
0...1...2...3...4...5...6...7...8...9...10	Bounce #2 added RGB(182, 18, 133)
Build Patch/Sample Hash Table(s).....Done<0.0002 sec>
0...1...2...3...4...5...6...7...8...9...10FinalLightFace Done
0 of 0 (0% of) surface lights went in leaf ambient cubes.
0...1...2...3...4...5...6...7...8...9...10Writing leaf ambient...done
Computing static prop lighting : 00...1...2...3...4...5...6...7...8...9...10
Ready to Finish

Object names       Objects/Maxobjs  Memory / Maxmem  Fullness 
------------       ---------------  ---------------  -------- 
models                   2/4096           96/196608   ( 0.0%) 
brushes                 19/32768         228/393216   ( 0.1%) 
brushsides             142/65536        1136/524288   ( 0.2%) 
planes                 156/65536        3120/1310720  ( 0.2%) 
vertexes                97/65536        1164/786432   ( 0.1%) 
nodes                   49/65536        1568/2097152  ( 0.1%) 
texinfos                35/12288        2520/884736   ( 0.3%) 
texdata                 10/2048          320/65536    ( 0.5%) 
dispinfos                0/0               0/0        ( 0.0%) 
disp_verts               0/0               0/0        ( 0.0%) 
disp_tris                0/0               0/0        ( 0.0%) 
disp_lmsamples           0/0               0/0        ( 0.0%) 
faces                   50/65536        2800/3670016  ( 0.1%) 
hdr faces               50/65536        2800/3670016  ( 0.1%) 
origfaces               47/65536        2632/3670016  ( 0.1%) 
leaves                  52/65536        1664/2097152  ( 0.1%) 
leaffaces               83/65536         166/131072   ( 0.1%) 
leafbrushes             21/65536          42/131072   ( 0.0%) 
areas                    2/1024           16/8192     ( 0.2%) 
surfedges              412/512000       1648/2048000  ( 0.1%) 
edges                  239/256000        956/1024000  ( 0.1%) 
LDR worldlights          0/16384           0/1441792  ( 0.0%) 
HDR worldlights          5/16384         440/1441792  ( 0.0%) 
leafwaterdata            0/32768           0/393216   ( 0.0%) 
waterstrips              1/131072         10/1310720  ( 0.0%) 
waterverts               0/131072          0/1572864  ( 0.0%) 
waterindices            12/131072         24/262144   ( 0.0%) 
cubemapsamples           0/1024            0/16384    ( 0.0%) 
overlays                 0/1024            0/360448   ( 0.0%) 
LDR lightdata         [variable]           0/0        ( 0.0%) 
HDR lightdata         [variable]       18888/0        ( 0.0%) 
visdata               [variable]         298/16777216 ( 0.0%) 
entdata               [variable]        3395/393216   ( 0.9%) 
LDR ambient table       52/65536         208/262144   ( 0.1%) 
HDR ambient table       52/65536         208/262144   ( 0.1%) 
LDR leaf ambient        52/65536        1456/1835008  ( 0.1%) 
HDR leaf ambient       221/65536        6188/1835008  ( 0.3%) 
occluders                0/0               0/0        ( 0.0%) 
occluder polygons        0/0               0/0        ( 0.0%) 
occluder vert ind        0/0               0/0        ( 0.0%) 
detail props          [variable]           1/12       ( 8.3%) 
static props          [variable]           1/2846     ( 0.0%) 
pakfile               [variable]      129524/0        ( 0.0%) 
physics               [variable]        7517/4194304  ( 0.2%) 
physics terrain       [variable]           2/1048576  ( 0.0%) 

Level flags = 2

Total triangle count: 120
Writing c:\program files (x86)\steam\steamapps\sourcemods\desertparablerus1\maps\reddoor.bsp
0 seconds elapsed



materialPath: C:\Program Files (x86)\Steam\steamapps\sourcemods\desertparablerus1\materials
Loading c:\program files (x86)\steam\steamapps\sourcemods\desertparablerus1\maps\reddoor.vmf
Map revision 9
Can't find surfaceprop upholstery for material PLASTER/CEILING_INSULATION02, using default
Could not locate 'GameData' key in c:\program files (x86)\steam\steamapps\sourcemods\desertparablerus1\gameinfo.txt
fixing up env_cubemap materials on brush sides...
0...1...2...3...4...5...6...7...8...9...100...1...2...3...4...5...6...7...8...9...10Processing areas...done (0)
Building Faces...done (0)
FixTjuncs...
PruneNodes...
WriteBSP...
done (0)
writing c:\program files (x86)\steam\steamapps\sourcemods\desertparablerus1\maps\reddoor.prt...Building visibility clusters...
done (0)
Finding displacement neighbors...
Finding lightmap sample positions...
Displacement Alpha : 0...1...2...3...4...5...6...7...8...9...10
Building Physics collision data...
done (0) (7517 bytes)
Placing detail props : 0...1...2...3...4...5...6...7...8...9...10
Compacting texture/material tables...
Reduced 60 texinfos to 35
Reduced 10 texdatas to 10 (237 bytes to 237)
Writing c:\program files (x86)\steam\steamapps\sourcemods\desertparablerus1\maps\reddoor.bsp
0 seconds elapsed



8 threads
reading c:\program files (x86)\steam\steamapps\sourcemods\desertparablerus1\maps\reddoor.bsp
reading c:\program files (x86)\steam\steamapps\sourcemods\desertparablerus1\maps\reddoor.prt
  21 portalclusters
  60 numportals
0...1...2...3...4...5...6...7...8...9...10Optimized: 0 visible clusters (0.00%)
Total clusters visible: 435
Average clusters visible: 20
Building PAS...
Average clusters audible: 21
visdatasize:298  compressed from 336
writing c:\program files (x86)\steam\steamapps\sourcemods\desertparablerus1\maps\reddoor.bsp
0 seconds elapsed



[Reading texlights from 'lights.rad']
[48 texlights parsed from 'lights.rad']

Loading c:\program files (x86)\steam\steamapps\sourcemods\desertparablerus1\maps\reddoor.bsp
50 faces
4722 square feet [680085.88 square inches]
0 Displacements
0 Square Feet [0.00 Square Inches]
50 patches before subdivision
754 patches after subdivision
5 direct lights
0...1...2...3...4...5...6...7...8...9...100...1...2...3...4...5...6...7...8...9...10transfers 17937, max 122
transfer lists:   0.1 megs
0...1...2...3...4...5...6...7...8...9...10	Bounce #1 added RGB(586, 58, 417)
0...1...2...3...4...5...6...7...8...9...10	Bounce #2 added RGB(182, 18, 133)
Build Patch/Sample Hash Table(s).....Done<0.0002 sec>
0...1...2...3...4...5...6...7...8...9...10FinalLightFace Done
0 of 0 (0% of) surface lights went in leaf ambient cubes.
0...1...2...3...4...5...6...7...8...9...10Writing leaf ambient...done
Computing static prop lighting : 00...1...2...3...4...5...6...7...8...9...10
Ready to Finish

Object names       Objects/Maxobjs  Memory / Maxmem  Fullness 
------------       ---------------  ---------------  -------- 
models                   2/4096           96/196608   ( 0.0%) 
brushes                 19/32768         228/393216   ( 0.1%) 
brushsides             142/65536        1136/524288   ( 0.2%) 
planes                 156/65536        3120/1310720  ( 0.2%) 
vertexes                97/65536        1164/786432   ( 0.1%) 
nodes                   49/65536        1568/2097152  ( 0.1%) 
texinfos                35/12288        2520/884736   ( 0.3%) 
texdata                 10/2048          320/65536    ( 0.5%) 
dispinfos                0/0               0/0        ( 0.0%) 
disp_verts               0/0               0/0        ( 0.0%) 
disp_tris                0/0               0/0        ( 0.0%) 
disp_lmsamples           0/0               0/0        ( 0.0%) 
faces                   50/65536        2800/3670016  ( 0.1%) 
hdr faces               50/65536        2800/3670016  ( 0.1%) 
origfaces               47/65536        2632/3670016  ( 0.1%) 
leaves                  52/65536        1664/2097152  ( 0.1%) 
leaffaces               83/65536         166/131072   ( 0.1%) 
leafbrushes             21/65536          42/131072   ( 0.0%) 
areas                    2/1024           16/8192     ( 0.2%) 
surfedges              412/512000       1648/2048000  ( 0.1%) 
edges                  239/256000        956/1024000  ( 0.1%) 
LDR worldlights          0/16384           0/1441792  ( 0.0%) 
HDR worldlights          5/16384         440/1441792  ( 0.0%) 
leafwaterdata            0/32768           0/393216   ( 0.0%) 
waterstrips              1/131072         10/1310720  ( 0.0%) 
waterverts               0/131072          0/1572864  ( 0.0%) 
waterindices            12/131072         24/262144   ( 0.0%) 
cubemapsamples           0/1024            0/16384    ( 0.0%) 
overlays                 0/1024            0/360448   ( 0.0%) 
LDR lightdata         [variable]           0/0        ( 0.0%) 
HDR lightdata         [variable]       18888/0        ( 0.0%) 
visdata               [variable]         298/16777216 ( 0.0%) 
entdata               [variable]        3395/393216   ( 0.9%) 
LDR ambient table       52/65536         208/262144   ( 0.1%) 
HDR ambient table       52/65536         208/262144   ( 0.1%) 
LDR leaf ambient        52/65536        1456/1835008  ( 0.1%) 
HDR leaf ambient       221/65536        6188/1835008  ( 0.3%) 
occluders                0/0               0/0        ( 0.0%) 
occluder polygons        0/0               0/0        ( 0.0%) 
occluder vert ind        0/0               0/0        ( 0.0%) 
detail props          [variable]           1/12       ( 8.3%) 
static props          [variable]           1/2846     ( 0.0%) 
pakfile               [variable]      129524/0        ( 0.0%) 
physics               [variable]        7517/4194304  ( 0.2%) 
physics terrain       [variable]           2/1048576  ( 0.0%) 

Level flags = 2

Total triangle count: 120
Writing c:\program files (x86)\steam\steamapps\sourcemods\desertparablerus1\maps\reddoor.bsp
0 seconds elapsed
