PRT1
21
60
3 0 3 (-97.333298 64 144 ) (-164.250015 64 144 ) (-146 128 144 ) 
4 0 2 (-192 256 144 ) (-109.500000 256 144 ) (-126.956535 194.782593 144 ) (-128 192 144 ) 
3 0 1 (-164.250015 64 144 ) (-176 64 144 ) (-126.956535 194.782593 144 ) 
3 1 11 (-126.956528 194.782593 128 ) (-164.250000 64 128 ) (-176 64 128 ) 
4 1 3 (-145.998581 127.998116 144 ) (-164.248047 64 144 ) (-164.248047 64 128 ) (-145.998581 127.998123 128 ) 
4 1 2 (-126.958984 194.777344 144 ) (-126.958984 194.777344 128 ) (-128 192 128 ) (-128 192 144 ) 
4 2 11 (-192 256 128 ) (-109.500000 256 128 ) (-126.956528 194.782593 128 ) (-128 192 128 ) 
4 3 11 (-102 64 128 ) (-164.250000 64 128 ) (-146 128 128 ) (-102 70.137024 128 ) 
3 3 4 (-97.333305 64 128 ) (-102 64 128 ) (-102 70.137024 128 ) 
4 4 16 (-102 65.146263 58 ) (-102 64 58 ) (-102 64 70.502098 ) (-102 64.842278 66.701530 ) 
4 4 14 (-102 65.079697 60.981758 ) (-102 65.035072 61.182907 ) (-102 64.842278 66.701530 ) (-102 66.060631 61.203972 ) 
3 4 12 (-102 65.741196 58 ) (-102 65.146263 58 ) (-102 65.035072 61.182907 ) 
5 4 11 (-102 256 128 ) (-102 256 58 ) (-102 66.770691 58 ) (-102 64 70.502098 ) (-102 64 128 ) 
4 4 8 (-52 110 58 ) (-78.557358 64 58 ) (-80.866806 64 58 ) (-53.732109 111 58 ) 
4 4 7 (-16 176.355774 58 ) (-16 172.355591 58 ) (-42 127.320999 58 ) (-43.732105 128.320999 58 ) 
3 4 6 (-16 172.355591 58 ) (-16 64 58 ) (-78.557358 64 58 ) 
5 4 5 (-102 64 58 ) (-102 256 58 ) (-16 256 58 ) (-16 176.355774 58 ) (-80.866806 64 58 ) 
4 5 16 (-102 65.740166 41 ) (-102 64.738892 41 ) (-102 64.144897 58 ) (-102 65.146271 58 ) 
4 5 12 (-102 69.512619 41 ) (-102 65.740166 41 ) (-102 65.146271 58 ) (-102 65.741188 58 ) 
4 5 11 (-102 256 58 ) (-102 256 41 ) (-102 70.538193 41 ) (-102 66.770691 58 ) 
4 5 10 (-102 64.738892 41 ) (-102 64 41 ) (-102 64 58 ) (-102 64.144897 58 ) 
4 5 8 (-82.021133 64 41 ) (-54.597904 111.499893 41 ) (-53.731968 111 58 ) (-80.866615 64 58 ) 
4 5 7 (-44.597916 128.820908 41 ) (-16 178.355469 41 ) (-16 176.355469 58 ) (-43.731964 128.320923 58 ) 
5 5 9 (-102 64 41 ) (-102 256 41 ) (-16 256 41 ) (-16 178.355774 41 ) (-82.021461 64 41 ) 
4 6 8 (-52.867638 110.500946 41 ) (-79.714211 64 41 ) (-78.557144 64 58 ) (-52 110 58 ) 
4 6 7 (-16 174.359375 41 ) (-42.867638 127.821945 41 ) (-42 127.320953 58 ) (-16 172.355469 58 ) 
3 6 9 (-16 174.355591 41 ) (-16 64 41 ) (-79.712021 64 41 ) 
4 7 9 (-16 178.355774 41 ) (-16 174.355591 41 ) (-42.865990 127.821014 41 ) (-44.598103 128.821014 41 ) 
4 8 9 (-52.865997 110.500000 41 ) (-79.712021 64 41 ) (-82.021461 64 41 ) (-54.598106 111.500000 41 ) 
4 9 16 (-102 67.172508 0 ) (-102 66.171463 0 ) (-102 64.738892 41 ) (-102 65.740166 41 ) 
4 9 13 (-102 79.624527 0 ) (-102 78.608437 0 ) (-102 78.290329 1.433899 ) (-102 79.260223 1.643845 ) 
4 9 12 (-102 78.608437 0 ) (-102 67.172508 0 ) (-102 65.740166 41 ) (-102 69.512619 41 ) 
4 9 11 (-102 256 41 ) (-102 256 0 ) (-102 79.624527 0 ) (-102 70.538185 41 ) 
4 9 10 (-102 66.171463 0 ) (-102 64 0 ) (-102 64 41 ) (-102 64.738892 41 ) 
4 10 17 (-120 66.171631 0 ) (-242 66.171432 0 ) (-242 66.129967 1.186799 ) (-120 66.130165 1.186806 ) 
4 10 16 (-102 64 62.152344 ) (-102 66.171661 0 ) (-120 66.171631 0 ) (-120 64 62.151527 ) 
3 10 19 (-242 66.171463 0 ) (-242 64 0 ) (-242 64 62.146816 ) 
4 11 18 (-120 64 70.503983 ) (-242 64 70.501991 ) (-242 64.842285 66.701378 ) (-120 64.842201 66.703758 ) 
4 11 16 (-102 64.842186 66.704109 ) (-102 64 70.504272 ) (-120 64 70.503983 ) (-120 64.842201 66.703758 ) 
4 11 14 (-102 66.061089 61.204075 ) (-102 64.842186 66.704109 ) (-224 64.842270 66.701729 ) (-224 66.060463 61.204910 ) 
4 11 13 (-102 79.625000 0 ) (-102 79.260674 1.643943 ) (-224 79.260468 1.642891 ) (-224 79.624557 0 ) 
4 11 15 (-224 64.842270 66.701729 ) (-242 64.842285 66.701378 ) (-242 79.624496 0 ) (-224 79.624557 0 ) 
5 11 19 (-242 256 128 ) (-242 256 0 ) (-242 79.624008 0 ) (-242 64 70.499763 ) (-242 64 128 ) 
4 12 17 (-224 67.129868 1.216797 ) (-224 67.172379 0 ) (-120 67.172379 0 ) (-120 67.129868 1.216796 ) 
4 12 16 (-102 67.172379 0 ) (-102 65.034920 61.183578 ) (-120 65.034935 61.183052 ) (-120 67.172379 0 ) 
4 12 14 (-224 65.079613 60.982716 ) (-224 65.034180 61.187500 ) (-102 65.034058 61.191036 ) (-102 65.080444 60.981930 ) 
4 12 13 (-224 78.608566 0 ) (-224 78.290665 1.432965 ) (-102 78.291077 1.434059 ) (-102 78.609222 0 ) 
3 12 15 (-224 67.173737 0 ) (-224 65.036652 61.172783 ) (-224 78.607765 0 ) 
4 13 15 (-224 79.259109 1.642601 ) (-224 79.623138 0 ) (-224 78.607765 0 ) (-224 78.289902 1.432799 ) 
4 14 18 (-120 64.842247 66.698814 ) (-224 64.842316 66.696770 ) (-224 65 62.186790 ) (-120 65 62.186790 ) 
4 14 16 (-102 65.034920 61.183578 ) (-102 64.842232 66.699165 ) (-120 64.842247 66.698814 ) (-120 65.034935 61.183052 ) 
4 14 15 (-224 65.036652 61.172783 ) (-224 64.843994 66.687500 ) (-224 66.059105 61.204601 ) (-224 65.078857 60.982544 ) 
4 15 18 (-224 64.842316 66.696770 ) (-242 64.842331 66.696419 ) (-242 65 62.186787 ) (-224 65 62.186787 ) 
4 15 17 (-242 67.129868 1.216797 ) (-242 67.172379 0 ) (-224 67.172379 0 ) (-224 67.129868 1.216796 ) 
3 15 19 (-242 79.624008 0 ) (-242 67.172508 0 ) (-242 64.842377 66.698746 ) 
4 16 18 (-120 64 70.498642 ) (-120 64.843994 66.691406 ) (-120 65.001358 62.186852 ) (-120 64 62.146801 ) 
4 16 17 (-120 67.131363 1.216843 ) (-120 67.173874 0 ) (-120 66.171249 0 ) (-120 66.129784 1.186794 ) 
4 17 19 (-242 67.172508 0 ) (-242 66.171463 0 ) (-242 66.129997 1.186800 ) (-242 67.129997 1.216805 ) 
4 18 19 (-242 64 62.146816 ) (-242 64 70.499763 ) (-242 64.842377 66.698746 ) (-242 65 62.186802 ) 
4 19 20 (-304 192 0 ) (-304 128 0 ) (-304 128 128 ) (-304 192 128 ) 
