PRT1
235
806
4 0 3 (3985 1024 1116 ) (3072 1024 1116 ) (3072 1024 -224 ) (3985 1024 -224 ) 
4 0 2 (4096 1024 -224 ) (4096 1024 1116 ) (3985 1024 1116 ) (3985 1024 -224 ) 
4 0 1 (3072 1024 -224 ) (3072 1024 1116 ) (3072 1856 1116 ) (3072 1856 -224 ) 
4 1 40 (2048 1024 -224 ) (2048 1024 1116 ) (2048 1856 1116 ) (2048 1856 -224 ) 
4 1 21 (2048 1024 62 ) (2048 1024 -224 ) (2486 1024 -224 ) (2486 1024 62 ) 
4 1 9 (2486 1024 -224 ) (3072 1024 -224 ) (3072 1024 62 ) (2486 1024 62 ) 
4 1 8 (2048 1024 1116 ) (2048 1024 62 ) (3072 1024 62 ) (3072 1024 1116 ) 
4 2 29 (4096 0 -224 ) (4096 0 -48 ) (3985 0 -48 ) (3985 0 -224 ) 
4 2 26 (4096 0 -48 ) (4096 0 192 ) (3985 0 192 ) (3985 0 -48 ) 
4 2 22 (4096 0 192 ) (4096 0 1116 ) (3985 0 1116 ) (3985 0 192 ) 
4 2 7 (3985 0 -224 ) (3985 0 1116 ) (3985 7 1116 ) (3985 7 -224 ) 
4 2 6 (3985 981 -211 ) (3985 981 -224 ) (3985 7 -224 ) (3985 7 -211 ) 
4 2 4 (3985 7 1116 ) (3985 981 1116 ) (3985 981 -52 ) (3985 7 -52 ) 
4 2 5 (3985 981 -52 ) (3985 981 -211 ) (3985 7 -211 ) (3985 7 -52 ) 
4 2 3 (3985 981 1116 ) (3985 1024 1116 ) (3985 1024 -224 ) (3985 981 -224 ) 
4 3 9 (3072 1024 62 ) (3072 1024 -224 ) (3072 981 -224 ) (3072 981 62 ) 
4 3 8 (3072 1024 1116 ) (3072 1024 62 ) (3072 981 62 ) (3072 981 1116 ) 
4 3 6 (3985 981 -224 ) (3985 981 -211 ) (3072 981 -211 ) (3072 981 -224 ) 
4 3 4 (3985 981 -52 ) (3985 981 1116 ) (3072 981 1116 ) (3072 981 -52 ) 
4 3 5 (3985 981 -211 ) (3985 981 -52 ) (3072 981 -52 ) (3072 981 -211 ) 
4 4 10 (3072 7 -52 ) (3072 7 62 ) (3072 981 62 ) (3072 981 -52 ) 
4 4 8 (3072 7 62 ) (3072 7 1116 ) (3072 981 1116 ) (3072 981 62 ) 
4 4 7 (3072 7 1116 ) (3072 7 -52 ) (3985 7 -52 ) (3985 7 1116 ) 
4 4 5 (3985 7 -52 ) (3072 7 -52 ) (3072 981 -52 ) (3985 981 -52 ) 
4 5 15 (3072 7 -211 ) (3072 7 -52 ) (3072 981 -52 ) (3072 981 -211 ) 
4 5 7 (3072 7 -52 ) (3072 7 -211 ) (3985 7 -211 ) (3985 7 -52 ) 
4 5 6 (3985 7 -211 ) (3072 7 -211 ) (3072 981 -211 ) (3985 981 -211 ) 
4 6 16 (3072 7 -224 ) (3072 7 -211 ) (3072 981 -211 ) (3072 981 -224 ) 
4 6 7 (3072 7 -211 ) (3072 7 -224 ) (3985 7 -224 ) (3985 7 -211 ) 
4 7 29 (3985 0 -224 ) (3985 0 -48 ) (3072 0 -48 ) (3072 0 -224 ) 
4 7 27 (3424 0 192 ) (3168 0 192 ) (3168 0 -48 ) (3424 0 -48 ) 
4 7 26 (3985 0 -48 ) (3985 0 192 ) (3424 0 192 ) (3424 0 -48 ) 
4 7 28 (3168 0 192 ) (3072 0 192 ) (3072 0 -48 ) (3168 0 -48 ) 
4 7 22 (3985 0 192 ) (3985 0 1116 ) (3072 0 1116 ) (3072 0 192 ) 
4 7 17 (3072 0 -224 ) (3072 0 62 ) (3072 7 62 ) (3072 7 -224 ) 
4 7 8 (3072 0 62 ) (3072 0 1116 ) (3072 7 1116 ) (3072 7 62 ) 
4 8 42 (2048 0 62 ) (2048 0 1116 ) (2048 1024 1116 ) (2048 1024 62 ) 
4 8 34 (3072 0 62 ) (3072 0 1116 ) (2048 0 1116 ) (2048 0 62 ) 
4 8 21 (2048 0 62 ) (2048 1024 62 ) (2486 1024 62 ) (2486 0 62 ) 
4 8 18 (2926 0 62 ) (2567 0 62 ) (2567 7 62 ) (2926 7 62 ) 
4 8 17 (3072 7 62 ) (3072 0 62 ) (2926 0 62 ) (2926 7 62 ) 
4 8 20 (2567 0 62 ) (2486 0 62 ) (2486 7 62 ) (2567 7 62 ) 
4 8 12 (2926 7 62 ) (2567 7 62 ) (2567 48 62 ) (2926 48 62 ) 
4 8 11 (2567 48 62 ) (2567 981 62 ) (2926 981 62 ) (2926 48 62 ) 
4 8 10 (3072 981 62 ) (3072 7 62 ) (2926 7 62 ) (2926 981 62 ) 
4 8 14 (2567 7 62 ) (2486 7 62 ) (2486 981 62 ) (2567 981 62 ) 
4 8 9 (2486 1024 62 ) (3072 1024 62 ) (3072 981 62 ) (2486 981 62 ) 
4 9 21 (2486 981 62 ) (2486 1024 62 ) (2486 1024 -224 ) (2486 981 -224 ) 
4 9 16 (2486 981 -211 ) (2486 981 -224 ) (3072 981 -224 ) (3072 981 -211 ) 
4 9 11 (2567 981 -52 ) (2926 981 -52 ) (2926 981 62 ) (2567 981 62 ) 
4 9 10 (2926 981 -52 ) (3072 981 -52 ) (3072 981 62 ) (2926 981 62 ) 
4 9 14 (2486 981 62 ) (2486 981 -52 ) (2567 981 -52 ) (2567 981 62 ) 
4 9 15 (2486 981 -52 ) (2486 981 -211 ) (3072 981 -211 ) (3072 981 -52 ) 
4 10 17 (2926 7 -52 ) (3072 7 -52 ) (3072 7 62 ) (2926 7 62 ) 
4 10 13 (2926 48 -52 ) (2926 7 -52 ) (2926 7 0 ) (2926 48 0 ) 
4 10 12 (2926 7 0 ) (2926 7 62 ) (2926 48 62 ) (2926 48 0 ) 
4 10 11 (2926 981 62 ) (2926 981 -52 ) (2926 48 -52 ) (2926 48 62 ) 
4 10 15 (3072 7 -52 ) (2926 7 -52 ) (2926 981 -52 ) (3072 981 -52 ) 
4 11 13 (2567 48 0 ) (2567 48 -52 ) (2926 48 -52 ) (2926 48 0 ) 
4 11 12 (2567 48 62 ) (2567 48 0 ) (2926 48 0 ) (2926 48 62 ) 
4 11 15 (2567 48 -52 ) (2567 981 -52 ) (2926 981 -52 ) (2926 48 -52 ) 
4 11 14 (2567 981 62 ) (2567 981 -52 ) (2567 48 -52 ) (2567 48 62 ) 
4 12 18 (2926 7 0 ) (2926 7 62 ) (2567 7 62 ) (2567 7 0 ) 
4 12 14 (2567 7 0 ) (2567 7 62 ) (2567 48 62 ) (2567 48 0 ) 
4 12 13 (2567 7 0 ) (2567 48 0 ) (2926 48 0 ) (2926 7 0 ) 
4 13 19 (2567 7 -52 ) (2926 7 -52 ) (2926 7 0 ) (2567 7 0 ) 
4 13 14 (2567 48 -52 ) (2567 7 -52 ) (2567 7 0 ) (2567 48 0 ) 
4 13 15 (2926 7 -52 ) (2567 7 -52 ) (2567 48 -52 ) (2926 48 -52 ) 
4 14 21 (2486 7 62 ) (2486 981 62 ) (2486 981 -52 ) (2486 7 -52 ) 
4 14 20 (2486 7 62 ) (2486 7 -52 ) (2567 7 -52 ) (2567 7 62 ) 
4 14 15 (2567 7 -52 ) (2486 7 -52 ) (2486 981 -52 ) (2567 981 -52 ) 
4 15 21 (2486 981 -52 ) (2486 981 -211 ) (2486 7 -211 ) (2486 7 -52 ) 
4 15 19 (2567 7 -211 ) (2926 7 -211 ) (2926 7 -52 ) (2567 7 -52 ) 
4 15 17 (2926 7 -211 ) (3072 7 -211 ) (3072 7 -52 ) (2926 7 -52 ) 
4 15 20 (2486 7 -52 ) (2486 7 -211 ) (2567 7 -211 ) (2567 7 -52 ) 
4 15 16 (3072 7 -211 ) (2486 7 -211 ) (2486 981 -211 ) (3072 981 -211 ) 
4 16 21 (2486 981 -211 ) (2486 981 -224 ) (2486 7 -224 ) (2486 7 -211 ) 
4 16 19 (2567 7 -224 ) (2926 7 -224 ) (2926 7 -211 ) (2567 7 -211 ) 
4 16 17 (2926 7 -224 ) (3072 7 -224 ) (3072 7 -211 ) (2926 7 -211 ) 
4 16 20 (2486 7 -211 ) (2486 7 -224 ) (2567 7 -224 ) (2567 7 -211 ) 
4 17 35 (3072 0 -224 ) (3072 0 62 ) (2926 0 62 ) (2926 0 -224 ) 
4 17 19 (2926 7 0 ) (2926 7 -224 ) (2926 0 -224 ) (2926 0 0 ) 
4 17 18 (2926 7 62 ) (2926 7 0 ) (2926 0 0 ) (2926 0 62 ) 
4 18 36 (2926 0 62 ) (2567 0 62 ) (2567 0 0 ) (2926 0 0 ) 
4 18 20 (2567 7 62 ) (2567 7 0 ) (2567 0 0 ) (2567 0 62 ) 
4 18 19 (2567 0 0 ) (2567 7 0 ) (2926 7 0 ) (2926 0 0 ) 
4 19 37 (2567 0 0 ) (2567 0 -224 ) (2926 0 -224 ) (2926 0 0 ) 
4 19 20 (2567 7 0 ) (2567 7 -224 ) (2567 0 -224 ) (2567 0 0 ) 
4 20 39 (2567 0 62 ) (2486 0 62 ) (2486 0 -224 ) (2567 0 -224 ) 
4 20 21 (2486 0 -224 ) (2486 0 62 ) (2486 7 62 ) (2486 7 -224 ) 
4 21 46 (2048 0 -224 ) (2048 0 0 ) (2048 1024 0 ) (2048 1024 -224 ) 
4 21 42 (2048 0 0 ) (2048 0 62 ) (2048 1024 62 ) (2048 1024 0 ) 
4 21 39 (2486 0 -224 ) (2486 0 62 ) (2048 0 62 ) (2048 0 -224 ) 
4 22 34 (3072 -696 1116 ) (3072 0 1116 ) (3072 0 192 ) (3072 -696 192 ) 
4 22 27 (3168 0 192 ) (3424 0 192 ) (3424 -696 192 ) (3168 -696 192 ) 
4 22 26 (3424 0 192 ) (4096 0 192 ) (4096 -696 192 ) (3424 -696 192 ) 
4 22 28 (3072 -696 192 ) (3072 0 192 ) (3168 0 192 ) (3168 -696 192 ) 
4 22 24 (3424 -696 192 ) (4096 -696 192 ) (4096 -696 656 ) (3296 -696 256 ) 
5 22 23 (3072 -696 192 ) (3168 -696 192 ) (4096 -696 656 ) (4096 -696 1116 ) (3072 -696 1116 ) 
4 23 34 (3072 -888 1116 ) (3072 -696 1116 ) (3072 -696 192 ) (3072 -888 192 ) 
4 23 32 (3072 -888 192 ) (3072 -768 192 ) (3168 -768 192 ) (3168 -888 192 ) 
4 23 28 (3072 -768 192 ) (3072 -696 192 ) (3168 -696 192 ) (3168 -768 192 ) 
4 23 24 (4096 -888 656 ) (3296 -888 256 ) (3296.001953 -696 255.998993 ) (4096 -696 655.998047 ) 
5 23 25 (3072 -888 192 ) (3168 -888 192 ) (4096 -888 656 ) (4096 -888 1116 ) (3072 -888 1116 ) 
4 24 31 (3720 -888 192 ) (3424 -888 192 ) (3424 -872 192 ) (3720 -872 192 ) 
4 24 30 (4096 -768 192 ) (4096 -888 192 ) (3720 -888 192 ) (3720 -768 192 ) 
4 24 26 (3424 -696 192 ) (4096 -696 192 ) (4096 -768 192 ) (3424 -768 192 ) 
4 24 25 (3424 -888 192 ) (4096 -888 192 ) (4096 -888 656 ) (3296 -888 256 ) 
4 25 34 (3072 -1024 192 ) (3072 -1024 1116 ) (3072 -888 1116 ) (3072 -888 192 ) 
4 25 31 (3720 -1024 192 ) (3168 -1024 192 ) (3168 -888 192 ) (3720 -888 192 ) 
4 25 30 (4096 -1024 192 ) (3720 -1024 192 ) (3720 -888 192 ) (4096 -888 192 ) 
4 25 32 (3168 -1024 192 ) (3072 -1024 192 ) (3072 -888 192 ) (3168 -888 192 ) 
4 26 30 (4096 -768 -48 ) (4096 -768 192 ) (3720 -768 192 ) (3720 -768 -48 ) 
4 26 29 (4096 -768 -48 ) (3424 -768 -48 ) (3424 0 -48 ) (4096 0 -48 ) 
4 26 27 (3424 0 -48 ) (3424 -696 -48 ) (3424 -696 192 ) (3424 0 192 ) 
4 27 29 (3168 -696 -48 ) (3168 0 -48 ) (3424 0 -48 ) (3424 -696 -48 ) 
4 27 28 (3168 0 -48 ) (3168 -696 -48 ) (3168 -696 192 ) (3168 0 192 ) 
4 28 35 (3072 -768 -48 ) (3072 -768 62 ) (3072 0 62 ) (3072 0 -48 ) 
4 28 34 (3072 -768 62 ) (3072 -768 192 ) (3072 0 192 ) (3072 0 62 ) 
4 28 32 (3168 -768 192 ) (3072 -768 192 ) (3072 -768 -48 ) (3168 -768 -48 ) 
4 28 29 (3168 -768 -48 ) (3072 -768 -48 ) (3072 0 -48 ) (3168 0 -48 ) 
4 29 35 (3072 -768 -224 ) (3072 -768 -48 ) (3072 0 -48 ) (3072 0 -224 ) 
4 29 33 (4096 -768 -224 ) (4096 -768 -58 ) (3072 -768 -58 ) (3072 -768 -224 ) 
4 29 30 (4096 -768 -58 ) (4096 -768 -48 ) (3720 -768 -48 ) (3720 -768 -58 ) 
4 29 32 (3168 -768 -48 ) (3072 -768 -48 ) (3072 -768 -58 ) (3168 -768 -58 ) 
4 30 33 (4096 -1024 -58 ) (3720 -1024 -58 ) (3720 -768 -58 ) (4096 -768 -58 ) 
4 30 31 (3720 -872 -58 ) (3720 -1024 -58 ) (3720 -1024 192 ) (3720 -872 192 ) 
4 31 33 (3720 -1024 -58 ) (3168 -1024 -58 ) (3168 -872 -58 ) (3720 -872 -58 ) 
4 31 32 (3168 -872 -58 ) (3168 -1024 -58 ) (3168 -1024 192 ) (3168 -872 192 ) 
4 32 35 (3072 -1024 -58 ) (3072 -1024 62 ) (3072 -768 62 ) (3072 -768 -58 ) 
4 32 34 (3072 -1024 62 ) (3072 -1024 192 ) (3072 -768 192 ) (3072 -768 62 ) 
4 32 33 (3168 -1024 -58 ) (3072 -1024 -58 ) (3072 -768 -58 ) (3168 -768 -58 ) 
4 33 35 (3072 -1024 -224 ) (3072 -1024 -58 ) (3072 -768 -58 ) (3072 -768 -224 ) 
4 34 85 (2048 -1024 62 ) (2048 -1024 64 ) (2048 0 64 ) (2048 0 62 ) 
4 34 81 (2048 -1024 64 ) (2048 -1024 1116 ) (2048 0 1116 ) (2048 0 64 ) 
4 34 36 (2567 0 62 ) (2926 0 62 ) (2926 -367 62 ) (2567 -367 62 ) 
4 34 38 (2926 -367 62 ) (2926 -1024 62 ) (2567 -1024 62 ) (2567 -367 62 ) 
4 34 35 (2926 0 62 ) (3072 0 62 ) (3072 -1024 62 ) (2926 -1024 62 ) 
4 34 39 (2048 0 62 ) (2567 0 62 ) (2567 -1024 62 ) (2048 -1024 62 ) 
4 35 37 (2926 0 -224 ) (2926 -367 -224 ) (2926 -367 0 ) (2926 0 0 ) 
4 35 36 (2926 -367 0 ) (2926 -367 62 ) (2926 0 62 ) (2926 0 0 ) 
4 35 38 (2926 -367 -224 ) (2926 -1024 -224 ) (2926 -1024 62 ) (2926 -367 62 ) 
4 36 38 (2567 -367 62 ) (2567 -367 0 ) (2926 -367 0 ) (2926 -367 62 ) 
4 36 39 (2567 -367 0 ) (2567 -367 62 ) (2567 0 62 ) (2567 0 0 ) 
4 36 37 (2926 -367 0 ) (2567 -367 0 ) (2567 0 0 ) (2926 0 0 ) 
4 37 38 (2567 -367 0 ) (2567 -367 -224 ) (2926 -367 -224 ) (2926 -367 0 ) 
4 37 39 (2567 0 -224 ) (2567 -367 -224 ) (2567 -367 0 ) (2567 0 0 ) 
4 38 39 (2567 -367 -224 ) (2567 -1024 -224 ) (2567 -1024 62 ) (2567 -367 62 ) 
4 39 85 (2048 -1024 -224 ) (2048 -1024 62 ) (2048 0 62 ) (2048 0 -224 ) 
4 40 46 (2048 1024 -224 ) (2048 1024 0 ) (1024 1024 0 ) (1024 1024 -224 ) 
4 40 43 (1984 1024 1116 ) (1026 1024 1116 ) (1026 1024 64 ) (1984 1024 64 ) 
4 40 42 (2048 1024 0 ) (2048 1024 1116 ) (1984 1024 1116 ) (1984 1024 0 ) 
4 40 45 (1026 1024 1116 ) (1024 1024 1116 ) (1024 1024 0 ) (1026 1024 0 ) 
4 40 41 (1024 1024 -224 ) (1024 1024 1116 ) (1024 1856 1116 ) (1024 1856 -224 ) 
4 41 59 (0 1024 -224 ) (0 1024 1116 ) (0 1856 1116 ) (0 1856 -224 ) 
4 41 56 (0 1024 208 ) (0 1024 112 ) (498 1024 112 ) (498 1024 208 ) 
4 41 54 (498 1024 112 ) (770 1024 112 ) (770 1024 208 ) (498 1024 208 ) 
4 41 52 (770 1024 112 ) (1024 1024 112 ) (1024 1024 208 ) (770 1024 208 ) 
4 41 58 (0 1024 112 ) (0 1024 -224 ) (1024 1024 -224 ) (1024 1024 112 ) 
4 41 49 (498 1024 208 ) (770 1024 208 ) (770 1024 272 ) (498 1024 272 ) 
4 41 48 (770 1024 208 ) (1024 1024 208 ) (1024 1024 272 ) (770 1024 272 ) 
4 41 51 (0 1024 272 ) (0 1024 208 ) (498 1024 208 ) (498 1024 272 ) 
4 41 47 (0 1024 1116 ) (0 1024 272 ) (1024 1024 272 ) (1024 1024 1116 ) 
4 42 85 (2048 0 0 ) (2048 0 64 ) (1984 0 64 ) (1984 0 0 ) 
4 42 81 (2048 0 64 ) (2048 0 1116 ) (1984 0 1116 ) (1984 0 64 ) 
4 42 46 (1984 1024 0 ) (2048 1024 0 ) (2048 0 0 ) (1984 0 0 ) 
4 42 43 (1984 320 64 ) (1984 320 1116 ) (1984 1024 1116 ) (1984 1024 64 ) 
4 42 44 (1984 320 0 ) (1984 0 0 ) (1984 0 1116 ) (1984 320 1116 ) 
4 43 44 (1026 320 1116 ) (1026 320 64 ) (1984 320 64 ) (1984 320 1116 ) 
4 43 45 (1026 320 64 ) (1026 320 1116 ) (1026 1024 1116 ) (1026 1024 64 ) 
4 44 85 (1026 0 64 ) (1026 0 0 ) (1984 0 0 ) (1984 0 64 ) 
4 44 83 (1026 0 259.210144 ) (1026 0 64 ) (1587 0 64 ) (1587 0 259.210266 ) 
4 44 82 (1587 0 1116 ) (1026 0 1116 ) (1026 0 259.210144 ) (1587 0 259.210266 ) 
4 44 81 (1984 0 1116 ) (1587 0 1116 ) (1587 0 64 ) (1984 0 64 ) 
4 44 46 (1984 320 0 ) (1984 0 0 ) (1026 0 0 ) (1026 320 0 ) 
4 44 45 (1026 320 0 ) (1026 0 0 ) (1026 0 1116 ) (1026 320 1116 ) 
4 45 85 (1024 0 64 ) (1024 0 0 ) (1026 0 0 ) (1026 0 64 ) 
4 45 83 (1024 0 259.210144 ) (1024 0 64 ) (1026 0 64 ) (1026 0 259.210266 ) 
4 45 82 (1026 0 1116 ) (1024 0 1116 ) (1024 0 259.210144 ) (1026 0 259.210266 ) 
4 45 52 (1024 1024 208 ) (1024 1024 112 ) (1024 0 112 ) (1024 0 208 ) 
4 45 58 (1024 1024 112 ) (1024 1024 0 ) (1024 0 0 ) (1024 0 112 ) 
4 45 48 (1024 1024 272 ) (1024 1024 208 ) (1024 0 208 ) (1024 0 272 ) 
4 45 47 (1024 1024 1116 ) (1024 1024 272 ) (1024 0 272 ) (1024 0 1116 ) 
4 45 46 (1024 1024 0 ) (1026 1024 0 ) (1026 0 0 ) (1024 0 0 ) 
4 46 85 (2048 0 -224 ) (2048 0 0 ) (1024 0 0 ) (1024 0 -224 ) 
4 46 58 (1024 1024 0 ) (1024 1024 -224 ) (1024 0 -224 ) (1024 0 0 ) 
4 47 115 (1024 0 272 ) (1024 0 384 ) (996 0 384 ) (996 0 272 ) 
4 47 118 (996 0 384 ) (128 0 384 ) (128 0 272 ) (996 0 272 ) 
4 47 91 (26.509674 0 384 ) (128 0 384 ) (128 0 512 ) (26.509674 0 512 ) 
4 47 90 (0 0 512 ) (0 0 384 ) (26.509674 0 384 ) (26.509674 0 512 ) 
4 47 87 (128 0 1116 ) (0 0 1116 ) (0 0 512 ) (128 0 512 ) 
4 47 86 (1024 0 384 ) (1024 0 1116 ) (128 0 1116 ) (128 0 384 ) 
4 47 64 (0 0 272 ) (0 0 1116 ) (0 1024 1116 ) (0 1024 272 ) 
4 47 50 (770 16 272 ) (770 0 272 ) (498 0 272 ) (498 16 272 ) 
4 47 49 (498 1024 272 ) (770 1024 272 ) (770 16 272 ) (498 16 272 ) 
4 47 48 (770 1024 272 ) (1024 1024 272 ) (1024 0 272 ) (770 0 272 ) 
4 47 51 (0 0 272 ) (0 1024 272 ) (498 1024 272 ) (498 0 272 ) 
4 48 130 (1024 0 208 ) (1024 0 232 ) (996 0 232 ) (996 0 208 ) 
4 48 131 (996 0 232 ) (770 0 232 ) (770 0 208 ) (996 0 208 ) 
4 48 116 (1024 0 232 ) (1024 0 259.210236 ) (996 0 259.210236 ) (996 0 232 ) 
4 48 115 (1024 0 259.210236 ) (1024 0 272 ) (996 0 272 ) (996 0 259.210236 ) 
4 48 118 (996 0 272 ) (770 0 272 ) (770 0 232 ) (996 0 232 ) 
3 48 53 (777.756226 0 208 ) (770 0 208 ) (770 16 208 ) 
5 48 52 (770 1024 208 ) (1024 1024 208 ) (1024 0 208 ) (777.756226 0 208 ) (770 16 208 ) 
4 48 50 (770 16 208 ) (770 0 208 ) (770 0 272 ) (770 16 272 ) 
4 48 49 (770 1024 208 ) (770 16 208 ) (770 16 272 ) (770 1024 272 ) 
4 49 54 (498 1024 208 ) (770 1024 208 ) (770 16 208 ) (498 16 208 ) 
4 49 51 (498 1024 208 ) (498 16 208 ) (498 16 272 ) (498 1024 272 ) 
4 49 50 (498 16 272 ) (498 16 208 ) (770 16 208 ) (770 16 272 ) 
4 50 131 (498 0 232 ) (498 0 208 ) (770 0 208 ) (770 0 232 ) 
4 50 118 (770 0 272 ) (498 0 272 ) (498 0 232 ) (770 0 232 ) 
4 50 55 (770 16 208 ) (770 0 208 ) (498 0 208 ) (498 16 208 ) 
4 50 51 (498 16 208 ) (498 0 208 ) (498 0 272 ) (498 16 272 ) 
4 51 207 (112 0 208 ) (121.373001 0 208 ) (121.373016 0 232 ) (112 0 232 ) 
4 51 131 (121.373001 0 208 ) (498 0 208 ) (498 0 232 ) (121.373016 0 232 ) 
4 51 125 (102.626999 0 208 ) (112 0 208 ) (112 0 232 ) (102.627014 0 232 ) 
4 51 121 (64 0 232 ) (64 0 208 ) (102.626999 0 208 ) (102.627014 0 232 ) 
4 51 118 (498 0 272 ) (128 0 272 ) (128 0 232 ) (498 0 232 ) 
4 51 64 (0 0 208 ) (0 0 272 ) (0 1024 272 ) (0 1024 208 ) 
4 51 57 (0 0 208 ) (0 16 208 ) (498 16 208 ) (498 0 208 ) 
4 51 56 (0 16 208 ) (0 1024 208 ) (498 1024 208 ) (498 16 208 ) 
4 52 212 (996 0 128 ) (777.756226 0 128 ) (777.756226 0 112 ) (996 0 112 ) 
4 52 210 (1024 0 112 ) (1024 0 128 ) (996 0 128 ) (996 0 112 ) 
4 52 139 (777.756226 0 168 ) (777.756226 0 128 ) (996 0 128 ) (996 0 168 ) 
4 52 135 (996 0 208 ) (777.756226 0 208 ) (777.756226 0 168 ) (996 0 168 ) 
4 52 132 (1024 0 128 ) (1024 0 208 ) (996 0 208 ) (996 0 128 ) 
4 52 54 (770 1024 112 ) (770 16 112 ) (770 16 208 ) (770 1024 208 ) 
5 52 58 (1024 0 112 ) (777.756226 0 112 ) (770 16 112 ) (770 1024 112 ) (1024 1024 112 ) 
4 52 53 (770 15.998040 208 ) (770 15.998043 112 ) (777.755249 0 112 ) (777.755249 0 208 ) 
4 53 213 (770 0 128 ) (770 0 112 ) (777.756226 0 112 ) (777.756226 0 128 ) 
4 53 140 (770 0 168 ) (770 0 128 ) (777.756226 0 128 ) (777.756226 0 168 ) 
4 53 136 (777.756226 0 208 ) (770 0 208 ) (770 0 168 ) (777.756226 0 168 ) 
4 53 55 (770 16 112 ) (770 0 112 ) (770 0 208 ) (770 16 208 ) 
3 53 58 (777.756226 0 112 ) (770 0 112 ) (770 16 112 ) 
4 54 56 (498 1024 112 ) (498 16 112 ) (498 16 208 ) (498 1024 208 ) 
4 54 58 (498 16 112 ) (498 1024 112 ) (770 1024 112 ) (770 16 112 ) 
4 54 55 (498 16 208 ) (498 16 112 ) (770 16 112 ) (770 16 208 ) 
4 55 215 (498 0 128 ) (498 0 112 ) (770 0 112 ) (770 0 128 ) 
4 55 141 (498 0 168 ) (498 0 128 ) (770 0 128 ) (770 0 168 ) 
4 55 137 (770 0 208 ) (498 0 208 ) (498 0 168 ) (770 0 168 ) 
4 55 57 (498 16 112 ) (498 0 112 ) (498 0 208 ) (498 16 208 ) 
4 55 58 (770 0 112 ) (498 0 112 ) (498 16 112 ) (770 16 112 ) 
4 56 65 (0 16 208 ) (0 1024 208 ) (0 1024 112 ) (0 16 112 ) 
4 56 58 (0 16 112 ) (0 1024 112 ) (498 1024 112 ) (498 16 112 ) 
4 56 57 (0 16 112 ) (498 16 112 ) (498 16 208 ) (0 16 208 ) 
4 57 217 (128 0 112 ) (256 0 112 ) (256 0 128 ) (128 0 128 ) 
4 57 215 (256 0 112 ) (498 0 112 ) (498 0 128 ) (256 0 128 ) 
4 57 208 (112 0 168 ) (112 0 128 ) (121.373001 0 128 ) (121.373009 0 168 ) 
4 57 207 (121.373016 0 208 ) (112 0 208 ) (112 0 168 ) (121.373009 0 168 ) 
4 57 142 (121.373009 0 168 ) (121.373001 0 128 ) (128 0 128 ) (128 0 168 ) 
4 57 141 (128 0 128 ) (498 0 128 ) (498 0 168 ) (128 0 168 ) 
4 57 137 (498 0 208 ) (121.373016 0 208 ) (121.373009 0 168 ) (498 0 168 ) 
4 57 126 (102.627007 0 168 ) (102.626999 0 128 ) (112 0 128 ) (112 0 168 ) 
4 57 125 (112 0 208 ) (102.627014 0 208 ) (102.627007 0 168 ) (112 0 168 ) 
4 57 122 (64 0 168 ) (64 0 128 ) (102.626999 0 128 ) (102.627007 0 168 ) 
4 57 121 (102.627014 0 208 ) (64 0 208 ) (64 0 168 ) (102.627007 0 168 ) 
4 57 66 (0 0 112 ) (0 0 208 ) (0 16 208 ) (0 16 112 ) 
4 57 58 (498 0 112 ) (0 0 112 ) (0 16 112 ) (498 16 112 ) 
4 58 221 (64 0 112 ) (0 0 112 ) (0 0 -224 ) (64 0 -224 ) 
4 58 220 (128 0 112 ) (64 0 112 ) (64 0 -224 ) (128 0 -224 ) 
4 58 217 (256 0 112 ) (128 0 112 ) (128 0 -224 ) (256 0 -224 ) 
4 58 214 (996 0 112 ) (770 0 112 ) (770 0 64 ) (996 0 64 ) 
4 58 215 (770 0 112 ) (256 0 112 ) (256 0 64 ) (770 0 64 ) 
4 58 210 (1024 0 64 ) (1024 0 112 ) (996 0 112 ) (996 0 64 ) 
4 58 216 (1024 0 -224 ) (1024 0 64 ) (256 0 64 ) (256 0 -224 ) 
4 58 69 (0 0 -224 ) (0 0 52 ) (0 1024 52 ) (0 1024 -224 ) 
4 58 67 (0 0 52 ) (0 0 112 ) (0 16 112 ) (0 16 52 ) 
4 58 65 (0 16 112 ) (0 1024 112 ) (0 1024 52 ) (0 16 52 ) 
4 59 70 (-630 1024 52 ) (-986 1024 52 ) (-986 1024 -224 ) (-630 1024 -224 ) 
4 59 69 (0 1024 -224 ) (0 1024 52 ) (-630 1024 52 ) (-630 1024 -224 ) 
4 59 65 (0 1024 52 ) (0 1024 208 ) (-64 1024 208 ) (-64 1024 52 ) 
4 59 68 (-64 1024 208 ) (-986 1024 208 ) (-986 1024 52 ) (-64 1024 52 ) 
4 59 64 (0 1024 208 ) (0 1024 1116 ) (-986 1024 1116 ) (-986 1024 208 ) 
4 59 61 (-986 1124 386 ) (-986 1124 1116 ) (-986 1250 1116 ) (-986 1250 386 ) 
4 59 62 (-986 1250 -224 ) (-986 1124 -224 ) (-986 1124 -56 ) (-986 1250 -56 ) 
4 59 60 (-986 1856 1116 ) (-986 1856 -224 ) (-986 1250 -224 ) (-986 1250 1116 ) 
4 59 63 (-986 1124 -224 ) (-986 1024 -224 ) (-986 1024 1116 ) (-986 1124 1116 ) 
4 60 78 (-1024 1856 -56 ) (-1024 1856 -224 ) (-1024 1250 -224 ) (-1024 1250 -56 ) 
4 60 74 (-1024 1250 1116 ) (-1024 1856 1116 ) (-1024 1856 -56 ) (-1024 1250 -56 ) 
4 60 61 (-986 1250 386 ) (-986 1250 1116 ) (-1024 1250 1116 ) (-1024 1250 386 ) 
4 60 62 (-1024 1250 -224 ) (-986 1250 -224 ) (-986 1250 -56 ) (-1024 1250 -56 ) 
4 61 75 (-1024 1124 1116 ) (-1024 1250 1116 ) (-1024 1250 386 ) (-1024 1124 386 ) 
4 61 63 (-986 1124 386 ) (-986 1124 1116 ) (-1024 1124 1116 ) (-1024 1124 386 ) 
4 62 78 (-1024 1250 -56 ) (-1024 1250 -224 ) (-1024 1124 -224 ) (-1024 1124 -56 ) 
4 62 63 (-1024 1124 -224 ) (-986 1124 -224 ) (-986 1124 -56 ) (-1024 1124 -56 ) 
4 63 78 (-1024 1024 -224 ) (-1024 1024 -56 ) (-1024 1124 -56 ) (-1024 1124 -224 ) 
4 63 76 (-1024 1024 -56 ) (-1024 1024 1116 ) (-1024 1124 1116 ) (-1024 1124 -56 ) 
4 63 70 (-1012 1024 -224 ) (-986 1024 -224 ) (-986 1024 52 ) (-1012 1024 52 ) 
4 63 73 (-1024 1024 52 ) (-1024 1024 -224 ) (-1012 1024 -224 ) (-1012 1024 52 ) 
4 63 68 (-1024 1024 208 ) (-1024 1024 52 ) (-986 1024 52 ) (-986 1024 208 ) 
4 63 64 (-986 1024 1116 ) (-1024 1024 1116 ) (-1024 1024 208 ) (-986 1024 208 ) 
4 64 231 (-64 0 384 ) (-1024 0 384 ) (-1024 0 208 ) (-64 0 208 ) 
4 64 229 (-64 0 1116 ) (-1024 0 1116 ) (-1024 0 384 ) (-64 0 384 ) 
4 64 227 (0 0 384 ) (0 0 512 ) (-64 0 512 ) (-64 0 384 ) 
4 64 225 (0 0 512 ) (0 0 1116 ) (-64 0 1116 ) (-64 0 512 ) 
4 64 79 (-1024 0 208 ) (-1024 0 1116 ) (-1024 1024 1116 ) (-1024 1024 208 ) 
4 64 66 (0 0 208 ) (-64 0 208 ) (-64 16 208 ) (0 16 208 ) 
4 64 65 (-64 16 208 ) (-64 1024 208 ) (0 1024 208 ) (0 16 208 ) 
4 64 68 (-64 0 208 ) (-1024 0 208 ) (-1024 1024 208 ) (-64 1024 208 ) 
4 65 69 (-64 16 52 ) (-64 1024 52 ) (0 1024 52 ) (0 16 52 ) 
4 65 67 (-64 16 112 ) (-64 16 52 ) (0 16 52 ) (0 16 112 ) 
4 65 66 (-64 16 208 ) (-64 16 112 ) (0 16 112 ) (0 16 208 ) 
4 65 68 (-64 1024 52 ) (-64 16 52 ) (-64 16 208 ) (-64 1024 208 ) 
4 66 68 (-64 0 112 ) (-64 0 208 ) (-64 16 208 ) (-64 16 112 ) 
4 66 67 (-64 0 112 ) (-64 16 112 ) (0 16 112 ) (0 0 112 ) 
4 67 230 (0 0 52 ) (0 0 112 ) (-64 0 112 ) (-64 0 52 ) 
4 67 69 (0 0 52 ) (-64 0 52 ) (-64 16 52 ) (0 16 52 ) 
4 67 68 (-64 16 52 ) (-64 0 52 ) (-64 0 112 ) (-64 16 112 ) 
4 68 231 (-64 0 208 ) (-1024 0 208 ) (-1024 0 52 ) (-64 0 52 ) 
4 68 79 (-1024 0 52 ) (-1024 0 208 ) (-1024 1024 208 ) (-1024 1024 52 ) 
4 68 71 (-630 0 52 ) (-1012 0 52 ) (-1012 366 52 ) (-630 366 52 ) 
4 68 70 (-1012 366 52 ) (-1012 1024 52 ) (-630 1024 52 ) (-630 366 52 ) 
4 68 69 (-64 0 52 ) (-630 0 52 ) (-630 1024 52 ) (-64 1024 52 ) 
4 68 73 (-1012 0 52 ) (-1024 0 52 ) (-1024 1024 52 ) (-1012 1024 52 ) 
4 69 230 (0 0 -224 ) (0 0 52 ) (-64 0 52 ) (-64 0 -224 ) 
4 69 231 (-64 0 52 ) (-630 0 52 ) (-630 0 -224 ) (-64 0 -224 ) 
4 69 72 (-630 366 -224 ) (-630 0 -224 ) (-630 0 12 ) (-630 366 12 ) 
4 69 71 (-630 0 12 ) (-630 0 52 ) (-630 366 52 ) (-630 366 12 ) 
4 69 70 (-630 1024 -224 ) (-630 366 -224 ) (-630 366 52 ) (-630 1024 52 ) 
4 70 72 (-1012 366 12 ) (-1012 366 -224 ) (-630 366 -224 ) (-630 366 12 ) 
4 70 71 (-1012 366 52 ) (-1012 366 12 ) (-630 366 12 ) (-630 366 52 ) 
4 70 73 (-1012 1024 -224 ) (-1012 366 -224 ) (-1012 366 52 ) (-1012 1024 52 ) 
4 71 231 (-630 0 52 ) (-1012 0 52 ) (-1012 0 12 ) (-630 0 12 ) 
4 71 73 (-1012 0 12 ) (-1012 0 52 ) (-1012 366 52 ) (-1012 366 12 ) 
4 71 72 (-1012 0 12 ) (-1012 366 12 ) (-630 366 12 ) (-630 0 12 ) 
4 72 231 (-1012 0 12 ) (-1012 0 -224 ) (-630 0 -224 ) (-630 0 12 ) 
4 72 73 (-1012 366 -224 ) (-1012 0 -224 ) (-1012 0 12 ) (-1012 366 12 ) 
4 73 231 (-1012 0 52 ) (-1024 0 52 ) (-1024 0 -224 ) (-1012 0 -224 ) 
4 73 79 (-1024 0 -224 ) (-1024 0 52 ) (-1024 1024 52 ) (-1024 1024 -224 ) 
4 74 78 (-1202 1856 -56 ) (-1024 1856 -56 ) (-1024 1250 -56 ) (-1202 1250 -56 ) 
4 74 75 (-1202 1250 1116 ) (-1202 1250 386 ) (-1024 1250 386 ) (-1024 1250 1116 ) 
4 74 77 (-1202 1856 1116 ) (-1202 1856 -56 ) (-1202 1250 -56 ) (-1202 1250 1116 ) 
4 75 77 (-1202 1124 386 ) (-1202 1124 1116 ) (-1202 1250 1116 ) (-1202 1250 386 ) 
4 75 76 (-1202 1124 1116 ) (-1202 1124 386 ) (-1024 1124 386 ) (-1024 1124 1116 ) 
4 76 79 (-1024 1024 -56 ) (-1024 1024 1116 ) (-1202 1024 1116 ) (-1202 1024 -56 ) 
4 76 78 (-1024 1124 -56 ) (-1024 1024 -56 ) (-1202 1024 -56 ) (-1202 1124 -56 ) 
4 76 77 (-1202 1124 -56 ) (-1202 1024 -56 ) (-1202 1024 1116 ) (-1202 1124 1116 ) 
4 77 79 (-1202 1024 1116 ) (-1280 1024 1116 ) (-1280 1024 -56 ) (-1202 1024 -56 ) 
4 77 78 (-1280 1024 -56 ) (-1280 1856 -56 ) (-1202 1856 -56 ) (-1202 1024 -56 ) 
4 78 79 (-1024 1024 -224 ) (-1024 1024 -56 ) (-1280 1024 -56 ) (-1280 1024 -224 ) 
4 79 233 (-1024 0 -224 ) (-1024 0 1116 ) (-1280 0 1116 ) (-1280 0 -224 ) 
4 79 80 (-1280 0 1116 ) (-1280 320 1116 ) (-1280 320 -224 ) (-1280 0 -224 ) 
4 80 233 (-1280 0 -224 ) (-1280 0 1116 ) (-1920 0 1116 ) (-1920 0 -224 ) 
4 81 85 (2048 -1024 64 ) (1587 -1024 64 ) (1587 0 64 ) (2048 0 64 ) 
4 81 84 (1587 -656 64 ) (1587 -1024 64 ) (1587 -1024 253.392059 ) (1587 -653 255.499985 ) 
4 81 83 (1587 0 64 ) (1587 -407 64 ) (1587 -477 256.499969 ) (1587 0 259.210144 ) 
4 81 82 (1587 -1024 253.392059 ) (1587 -1024 1116 ) (1587 0 1116 ) (1587 0 259.210144 ) 
4 82 115 (1024 -1024 253.392059 ) (1024 -1024 384 ) (1024 0 384 ) (1024 0 259.210144 ) 
4 82 86 (1024 -1024 384 ) (1024 -1024 1116 ) (1024 0 1116 ) (1024 0 384 ) 
4 82 84 (1587 -653 255.499969 ) (1587 -1024 253.392029 ) (1024 -1024 253.391998 ) (1024 -653 255.499939 ) 
4 82 83 (1587 0 259.210205 ) (1587 -477 256.499969 ) (1024 -477 256.499939 ) (1024 0 259.210175 ) 
4 83 210 (1024 0 128 ) (1024 0 64 ) (1024 -407 64 ) (1024 -430.272736 128 ) 
4 83 132 (1024 0 208 ) (1024 0 128 ) (1024 -430.272736 128 ) (1024 -459.363647 208 ) 
4 83 130 (1024 0 232 ) (1024 0 208 ) (1024 -459.363647 208 ) (1024 -468.090912 232 ) 
4 83 116 (1024 -477 256.499969 ) (1024 0 259.210144 ) (1024 0 232 ) (1024 -468.090912 232 ) 
4 83 85 (1024 -407 64 ) (1024 0 64 ) (1587 0 64 ) (1587 -407 64 ) 
4 84 209 (1024 -1024 64 ) (1024 -1024 128 ) (1024 -654.997375 128 ) (1024 -656 64 ) 
4 84 129 (1024 -1024 128 ) (1024 -1024 232 ) (1024 -653.368164 232 ) (1024 -654.997375 128 ) 
4 84 117 (1024 -1024 232 ) (1024 -1024 253.392059 ) (1024 -653 255.499985 ) (1024 -653.368164 232 ) 
4 84 85 (1587 -1024 64 ) (1024 -1024 64 ) (1024 -656 64 ) (1587 -656 64 ) 
4 85 216 (1024 -1024 -224 ) (1024 -1024 64 ) (1024 0 64 ) (1024 0 -224 ) 
4 86 223 (128 -1024 384 ) (896 -1024 384 ) (896 -1024 1116 ) (128 -1024 1116 ) 
4 86 222 (896 -1024 384 ) (1024 -1024 384 ) (1024 -1024 1116 ) (896 -1024 1116 ) 
4 86 115 (1024 0 384 ) (1024 -1024 384 ) (996 -1024 384 ) (996 0 384 ) 
4 86 118 (996 -1024 384 ) (128 -1024 384 ) (128 0 384 ) (996 0 384 ) 
3 86 114 (128 -1024 384 ) (128 -1024 512 ) (128 -896 448 ) 
4 86 110 (128 -769.611206 384.805634 ) (128 -894.388855 447.194427 ) (128 -894.388855 512 ) (128 -769.611206 512 ) 
3 86 107 (128 -894.388855 447.194427 ) (128 -1024 512 ) (128 -894.388855 512 ) 
6 86 106 (128 -640 384 ) (128 -768 384 ) (128 -769.611206 384.805634 ) (128 -769.611206 512 ) (128 -640 512 ) (128 -512 448 ) 
3 86 105 (128 -1024 512 ) (128 -1024 704 ) (128 -640 512 ) 
4 86 101 (128 -385.610901 384.805450 ) (128 -510.389038 447.194519 ) (128 -510.389038 576 ) (128 -385.610931 576 ) 
7 86 100 (128 -256 384 ) (128 -384 384 ) (128 -385.610901 384.805450 ) (128 -385.610931 576 ) (128 -384 576 ) (128 -138.972702 453.486328 ) (128 -138.972702 442.513641 ) 
3 86 99 (128 -138.972702 453.486328 ) (128 -128 448 ) (128 -138.972702 442.513641 ) 
3 86 97 (128 -510.389038 447.194519 ) (128 -768 576 ) (128 -510.389038 576 ) 
4 86 96 (128 -768 576 ) (128 -1024 704 ) (128 -1024 896 ) (128 -384 576 ) 
4 86 92 (128 -1.608018 384.804016 ) (128 -126.392021 447.196014 ) (128 -126.392014 512 ) (128 -1.608017 512 ) 
4 86 91 (128 0 384 ) (128 -1.608018 384.804016 ) (128 -1.608017 512 ) (128 0 512 ) 
3 86 88 (128 -126.392021 447.196014 ) (128 -256 512 ) (128 -126.392014 512 ) 
5 86 87 (128 -256 512 ) (128 -1024 896 ) (128 -1024 1116 ) (128 0 1116 ) (128 0 512 ) 
5 87 225 (0 0 1116 ) (0 0 512 ) (0 -256 512 ) (0 -1024 896 ) (0 -1024 1116 ) 
4 87 223 (0 -1024 1116 ) (0 -1024 896 ) (128 -1024 896 ) (128 -1024 1116 ) 
4 87 100 (128 -256.003876 512 ) (128 -384.003845 576 ) (26.507378 -384.003906 576 ) (79.525352 -256.003876 512 ) 
4 87 99 (26.507378 -384.003906 576 ) (0 -384.003906 576 ) (0 -256.003906 512 ) (79.525352 -256.003876 512 ) 
4 87 96 (128 -384.003845 576 ) (128 -1024 895.998108 ) (0 -1024 895.998047 ) (0 -384.003906 576 ) 
3 87 95 (27.313702 -52.686302 512 ) (35.313713 -56 512 ) (32 -64 512 ) 
3 87 94 (16 -48 512 ) (43.313759 -36.686256 512 ) (35.313713 -56 512 ) 
3 87 93 (27.313700 -75.313705 512 ) (24 -83.313713 512 ) (16 -80 512 ) 
4 87 92 (43.313759 -36.686256 512 ) (128 -1.608018 512 ) (128 -126.392021 512 ) (24 -83.313713 512 ) 
4 87 91 (4.686289 -52.686298 512 ) (26.509674 0 512 ) (128 0 512 ) (128 -1.608018 512 ) 
3 87 90 (0 -64 512 ) (0 0 512 ) (26.509674 0 512 ) 
3 87 89 (0 -73.372574 512 ) (0 -64 512 ) (4.686295 -75.313705 512 ) 
4 87 88 (128 -256 512 ) (0 -256 512 ) (0 -73.372574 512 ) (128 -126.392021 512 ) 
3 88 227 (0 -73.372574 420.686279 ) (0 -128 448 ) (0 -73.372574 475.313721 ) 
4 88 225 (0 -128 448 ) (0 -256 512 ) (0 -73.372574 512 ) (0 -73.372574 475.313721 ) 
3 88 100 (128 -138.972733 453.484406 ) (128 -256.003876 512 ) (79.525352 -256.003876 512 ) 
5 88 99 (128 -128.001953 448 ) (128 -138.972733 453.484406 ) (79.525352 -256.003876 512 ) (0 -256.003906 512 ) (0 -128.001968 448 ) 
4 88 93 (15.997349 -80.001099 512 ) (24 -83.315598 512 ) (24 -83.314484 425.657257 ) (15.998912 -80 424 ) 
4 88 92 (24 -83.315598 512 ) (128 -126.394531 512 ) (128 -126.392929 447.196472 ) (24 -83.314484 425.657257 ) 
4 88 89 (0 -73.374718 512 ) (4.687371 -75.316307 512 ) (4.686745 -75.314789 421.657410 ) (0 -73.373474 420.686768 ) 
4 89 227 (0 -64 416 ) (0 -73.372574 420.686279 ) (0 -73.372574 475.313721 ) (0 -64 480 ) 
4 89 225 (0 -73.372574 475.313721 ) (0 -73.372574 512 ) (0 -64 512 ) (0 -64 480 ) 
4 90 227 (0 0 512 ) (0 0 384 ) (0 -64 416 ) (0 -64 480 ) 
3 90 225 (0 0 512 ) (0 -64 480 ) (0 -64 512 ) 
4 90 91 (4.685884 -52.686466 410.343231 ) (26.509344 0 384 ) (26.509384 0 512 ) (4.685894 -52.686462 512 ) 
4 91 94 (15.998510 -48 408 ) (43.314373 -36.684769 402.342346 ) (43.314575 -36.684269 512 ) (15.998362 -48 512 ) 
4 91 92 (43.314373 -36.684769 402.342346 ) (128 -1.606785 384.803375 ) (128 -1.605469 512 ) (43.314575 -36.684269 512 ) 
4 92 95 (35.313049 -56 412 ) (32 -64 416 ) (32 -64 512 ) (35.313049 -56 512 ) 
4 92 94 (43.312500 -36.687500 512 ) (43.312500 -36.687500 402.343719 ) (35.313049 -56 412 ) (35.313049 -56 512 ) 
4 92 93 (27.312727 -75.314102 421.656677 ) (24 -83.313416 425.656250 ) (24 -83.313416 512 ) (27.312727 -75.314102 512 ) 
4 94 95 (27.314499 -52.688229 410.343933 ) (35.310936 -56 412 ) (35.310940 -56 512 ) (27.314499 -52.688229 512 ) 
4 96 225 (0 -768 576 ) (0 -1024 704 ) (0 -1024 896 ) (0 -384 576 ) 
4 96 223 (0 -1024 896 ) (0 -1024 704 ) (128 -1024 704 ) (128 -1024 896 ) 
4 96 105 (128 -767.996094 576 ) (128 -1024 704.001953 ) (0 -1024 704.001953 ) (0 -767.996094 576 ) 
3 96 104 (27.315414 -436.690155 576 ) (35.309830 -440.001343 576 ) (31.998375 -447.996094 576 ) 
3 96 103 (15.995850 -432.001709 576 ) (43.309135 -420.688873 576 ) (35.309830 -440.001343 576 ) 
3 96 102 (27.309772 -459.315643 576 ) (23.997467 -467.312439 576 ) (16 -464 576 ) 
4 96 101 (43.309135 -420.688873 576 ) (128 -385.610962 576 ) (128 -510.389038 576 ) (23.997467 -467.312439 576 ) 
4 96 100 (4.686284 -436.686005 576 ) (26.509804 -383.998047 576 ) (128 -383.998047 576 ) (128 -385.610962 576 ) 
3 96 99 (0 -448 576 ) (0 -383.998047 576 ) (26.509804 -383.998047 576 ) 
3 96 98 (0 -457.372986 576 ) (0 -448 576 ) (4.686310 -459.313995 576 ) 
4 96 97 (128 -768.001953 576 ) (0 -768.001953 576 ) (0 -457.372986 576 ) (128 -510.389038 576 ) 
3 97 225 (0 -457.372955 420.686493 ) (0 -768 576 ) (0 -457.372986 576 ) 
4 97 106 (128 -511.998047 448 ) (128 -639.996094 512 ) (0 -639.996094 512 ) (0 -511.998047 448 ) 
4 97 105 (128 -639.996094 512 ) (128 -767.996094 576 ) (0 -767.996094 576 ) (0 -639.996094 512 ) 
4 97 102 (16 -464 576 ) (23.997688 -467.311951 576 ) (23.997559 -467.312256 425.656158 ) (16 -464 424 ) 
4 97 101 (23.997688 -467.311951 576 ) (128 -510.388458 576 ) (128 -510.388763 447.194397 ) (23.997559 -467.312256 425.656158 ) 
4 97 98 (0 -457.372375 576 ) (4.685988 -459.313263 576 ) (4.686188 -459.313721 421.656891 ) (0 -457.372772 420.686401 ) 
4 98 225 (0 -448 416 ) (0 -457.372955 420.686493 ) (0 -457.372986 576 ) (0 -448 576 ) 
6 99 225 (0 -256 384 ) (0 -384 384 ) (0 -448 416 ) (0 -448 576 ) (0 -384 576 ) (0 -128 448 ) 
3 99 119 (64 -256 384 ) (79.526962 -256 384 ) (64 -293.486359 384 ) 
7 99 100 (4.686101 -436.686066 410.342987 ) (26.508793 -384 384 ) (79.525970 -256.001953 384 ) (128 -138.972290 442.514832 ) (128 -138.972305 453.486115 ) (26.508789 -384 576 ) (4.686106 -436.686066 576 ) 
5 100 119 (79.526962 -256 384 ) (128 -256 384 ) (128 -384 384 ) (64 -384 384 ) (64 -293.486359 384 ) 
4 100 103 (15.996288 -432.001892 408 ) (43.308937 -420.689331 402.344666 ) (43.308945 -420.689331 576 ) (15.996284 -432.001892 576 ) 
4 100 101 (43.308937 -420.689331 402.344666 ) (128 -385.611298 384.805664 ) (128 -385.611298 576 ) (43.308945 -420.689331 576 ) 
4 101 104 (35.310371 -440.001587 412 ) (31.998690 -447.996826 415.998413 ) (31.998690 -447.996826 576 ) (35.310368 -440.001587 576 ) 
4 101 103 (43.309563 -420.689453 576 ) (43.309566 -420.689453 402.344727 ) (35.310371 -440.001587 412 ) (35.310368 -440.001587 576 ) 
4 101 102 (27.310499 -459.315338 421.657654 ) (23.997965 -467.312653 425.656311 ) (23.997963 -467.312653 576 ) (27.310495 -459.315338 576 ) 
4 103 104 (27.315315 -436.689911 410.344940 ) (35.311069 -440.001862 412 ) (35.311066 -440.001862 576 ) (27.315311 -436.689911 576 ) 
3 105 226 (0 -1024 512 ) (0 -1024 704 ) (0 -640 512 ) 
4 105 223 (0 -1024 704 ) (0 -1024 512 ) (128 -1024 512 ) (128 -1024 704 ) 
3 105 113 (27.313705 -820.686035 512 ) (35.313801 -824 512 ) (32 -832 512 ) 
3 105 112 (16 -816 512 ) (43.312950 -804.687378 512 ) (35.313801 -824 512 ) 
3 105 111 (27.313692 -843.314026 512 ) (24 -851.313599 512 ) (16 -848 512 ) 
4 105 110 (43.312950 -804.687378 512 ) (128 -769.611206 512 ) (128 -894.388855 512 ) (24 -851.313599 512 ) 
3 105 109 (0 -832 512 ) (0 -822.626953 512 ) (4.686299 -820.685974 512 ) 
3 105 108 (0 -841.373047 512 ) (0 -832 512 ) (4.686340 -843.314087 512 ) 
4 105 107 (128 -1024 512 ) (0 -1024 512 ) (0 -841.373047 512 ) (128 -894.388855 512 ) 
4 105 106 (0 -822.626953 512 ) (0 -640 512 ) (128 -640 512 ) (128 -769.611206 512 ) 
6 106 226 (0 -640 384 ) (0 -768 384 ) (0 -822.626953 411.313507 ) (0 -822.626953 512 ) (0 -640 512 ) (0 -512 448 ) 
4 106 120 (64 -640 384 ) (128 -640 384 ) (128 -768 384 ) (64 -768 384 ) 
4 106 112 (43.313683 -804.685547 512 ) (15.998182 -816 512 ) (15.998692 -816 408.001678 ) (43.313473 -804.686096 402.345001 ) 
4 106 110 (128 -769.609619 512 ) (43.313683 -804.685547 512 ) (43.313473 -804.686096 402.345001 ) (128 -769.610168 384.807037 ) 
4 106 109 (4.687057 -820.684204 512 ) (0 -822.625488 512 ) (0 -822.625916 411.314911 ) (4.686816 -820.684692 410.344299 ) 
3 107 226 (0 -841.373108 420.686584 ) (0 -1024 512 ) (0 -841.373047 512 ) 
4 107 114 (0 -1024 512 ) (0 -896 448 ) (128 -896 448 ) (128 -1024 512 ) 
4 107 111 (15.998590 -848 512 ) (24 -851.314575 512 ) (24 -851.314575 425.657288 ) (15.998590 -848 424 ) 
4 107 110 (24 -851.314575 512 ) (128 -894.389954 512 ) (128 -894.389893 447.194946 ) (24 -851.314575 425.657288 ) 
4 107 108 (0 -841.374207 512 ) (4.686895 -843.315430 512 ) (4.686890 -843.315430 421.657715 ) (0 -841.374207 420.687103 ) 
4 108 226 (0 -832 416 ) (0 -841.373108 420.686584 ) (0 -841.373047 512 ) (0 -832 512 ) 
4 109 226 (0 -822.626953 411.313507 ) (0 -832 416 ) (0 -832 512 ) (0 -822.626953 512 ) 
4 110 113 (35.313736 -824 412 ) (32 -832 416 ) (32 -832 512 ) (35.313736 -824 512 ) 
4 110 112 (43.312862 -804.687378 512 ) (43.312862 -804.687378 402.343689 ) (35.313736 -824 412 ) (35.313736 -824 512 ) 
4 110 111 (27.313606 -843.314026 421.657593 ) (24.001181 -851.311157 425.656250 ) (24.001179 -851.311157 512 ) (27.313604 -843.314026 512 ) 
4 112 113 (27.314865 -820.688843 410.344208 ) (35.310852 -824 412 ) (35.310856 -824 512 ) (27.314869 -820.688843 512 ) 
3 114 228 (0 -1024 384 ) (0 -1024 512 ) (0 -896 448 ) 
4 114 223 (0 -1024 512 ) (0 -1024 384 ) (128 -1024 384 ) (128 -1024 512 ) 
4 115 222 (1024 -1024 253.392059 ) (1024 -1024 384 ) (996 -1024 384 ) (996 -1024 253.392075 ) 
4 115 117 (1024 -1024 253.392059 ) (996 -1024 253.392059 ) (996 -653 255.500000 ) (1024 -653 255.500000 ) 
4 115 116 (996 -477 256.500000 ) (996 0 259.210236 ) (1024 0 259.210236 ) (1024 -477 256.500000 ) 
4 115 118 (996 -1024 253.392059 ) (996 -1024 384 ) (996 0 384 ) (996 0 259.210266 ) 
4 116 130 (996 0 232 ) (1024 0 232 ) (1024 -468.090942 232 ) (996 -468.090942 232 ) 
4 116 118 (996 0 232 ) (996 -468.090942 232 ) (996 -477 256.500031 ) (996 0 259.210266 ) 
4 117 222 (1024 -1024 232 ) (1024 -1024 253.392059 ) (996 -1024 253.392075 ) (996 -1024 232 ) 
4 117 129 (1024 -653.368103 232 ) (1024 -1024 232 ) (996 -1024 232 ) (996 -653.368164 232 ) 
4 117 118 (996 -653.368103 232 ) (996 -1024 232 ) (996 -1024 253.392059 ) (996 -653 255.500031 ) 
4 118 223 (896 -1024 384 ) (128 -1024 384 ) (128 -1024 232 ) (896 -1024 232 ) 
4 118 222 (996 -1024 384 ) (896 -1024 384 ) (896 -1024 232 ) (996 -1024 232 ) 
3 118 188 (128 -624 232 ) (128 -614.626770 232 ) (131.313721 -616 232 ) 
4 118 187 (128 -614.626770 232 ) (128 -601.373230 232 ) (139.311905 -596.688110 232 ) (131.313721 -616 232 ) 
5 118 185 (128 -646.626709 232 ) (128 -624 232 ) (139.311905 -596.688110 232 ) (334.952393 -515.658752 232 ) (443.283295 -777.209167 232 ) 
5 118 184 (128 -601.373230 232 ) (128 -546.738098 232 ) (212.671677 -342.304047 232 ) (255.759460 -324.458069 232 ) (334.952393 -515.658752 232 ) 
3 118 175 (128 -400 232 ) (128 -390.626831 232 ) (131.313690 -392 232 ) 
4 118 174 (128 -390.626831 232 ) (128 -377.373138 232 ) (139.312012 -372.687958 232 ) (131.313690 -392 232 ) 
5 118 172 (128 -422.626801 232 ) (128 -400 232 ) (139.312012 -372.687958 232 ) (212.671677 -342.304047 232 ) (171.877136 -440.799744 232 ) 
3 118 167 (128 -546.738098 232 ) (128 -422.626801 232 ) (171.877136 -440.799744 232 ) 
4 118 164 (128 -377.373138 232 ) (128 -322.738342 232 ) (191.522781 -169.367264 232 ) (255.759460 -324.458069 232 ) 
3 118 161 (128 -322.738342 232 ) (128 -16 232 ) (191.522781 -169.367264 232 ) 
3 118 155 (128 -1008 232 ) (128 -998.626770 232 ) (131.314728 -1000 232 ) 
4 118 154 (128 -998.626770 232 ) (128 -985.373169 232 ) (139.316803 -980.686035 232 ) (131.314728 -1000 232 ) 
5 118 149 (545.500977 -1024 232 ) (128 -1024 232 ) (128 -1008 232 ) (139.316803 -980.686035 232 ) (470.711456 -843.430725 232 ) 
5 118 146 (128 -985.373169 232 ) (128 -930.738098 232 ) (228.442123 -688.227295 232 ) (443.283295 -777.209167 232 ) (470.711456 -843.430725 232 ) 
3 118 143 (128 -930.738098 232 ) (128 -646.626709 232 ) (228.442123 -688.227295 232 ) 
5 118 131 (128 0 232 ) (996 0 232 ) (996 -653.368103 232 ) (391.989868 -653.368103 232 ) (128 -16 232 ) 
4 118 129 (996 -653.368103 232 ) (996 -1024 232 ) (545.500977 -1024 232 ) (391.989868 -653.368103 232 ) 
4 118 120 (128 -768 384 ) (128 -640 384 ) (128 -640 256 ) (128 -768 256 ) 
4 118 119 (128 -384 384 ) (128 -256 384 ) (128 -256 256 ) (128 -384 256 ) 
4 121 203 (96 -16 232 ) (92.685738 -24 232 ) (92.685738 -24 168 ) (96 -16 168 ) 
4 121 201 (92.685738 -24 232 ) (64 -93.257813 232 ) (64 -93.257813 168 ) (92.685738 -24 168 ) 
4 121 125 (102.626221 0 168 ) (102.626221 0 232 ) (100.685059 -4.686674 232 ) (100.685059 -4.686668 168 ) 
3 121 122 (102.626953 0 168 ) (64 -93.257813 168 ) (64 0 168 ) 
4 122 204 (92.685738 -24 128 ) (96 -16 128 ) (96 -16 168 ) (92.685738 -24 168 ) 
4 122 202 (64 -93.257813 128 ) (92.685738 -24 128 ) (92.685738 -24 168 ) (64 -93.257813 168 ) 
4 122 126 (100.685059 -4.686668 128 ) (102.626221 0 128 ) (102.626221 0 168 ) (100.685059 -4.686674 168 ) 
4 123 223 (112 -1024 232 ) (64 -1024 232 ) (64 -1024 168 ) (112 -1024 168 ) 
4 123 127 (64 -1004.102844 168 ) (64 -1004.101807 232 ) (100.685661 -1019.309143 232 ) (100.686333 -1019.310791 168 ) 
3 123 124 (64 -1024 168 ) (64 -1004.099365 168 ) (112.007614 -1024 168 ) 
4 124 223 (64 -1024 168 ) (64 -1024 128 ) (112 -1024 128 ) (112 -1024 168 ) 
4 124 128 (100.686737 -1019.311768 128 ) (64 -1004.103516 128 ) (64 -1004.102844 168 ) (100.686333 -1019.310791 168 ) 
3 125 126 (111.996094 0 168 ) (100.683594 -4.685547 168 ) (102.624290 0 168 ) 
4 127 143 (96 -1008.001587 168 ) (64 -930.768677 168 ) (64 -930.768677 232 ) (96 -1008.001587 232 ) 
3 127 128 (64 -930.762939 168 ) (100.687347 -1019.310547 168 ) (64 -1004.102539 168 ) 
4 128 145 (96 -1008.001587 128 ) (64 -930.768677 128 ) (64 -930.768677 168 ) (96 -1008.001587 168 ) 
4 129 223 (896 -1024 232 ) (545.500977 -1024 232 ) (545.500977 -1024 128 ) (896 -1024 128 ) 
4 129 222 (1024 -1024 128 ) (1024 -1024 232 ) (896 -1024 232 ) (896 -1024 128 ) 
4 129 209 (1024 -1024 128 ) (545.500977 -1024 128 ) (392.664673 -654.997314 128 ) (1024 -654.997375 128 ) 
4 129 193 (392.663635 -654.997375 128 ) (443.281982 -777.208557 128 ) (443.281982 -777.208557 168 ) (392.404083 -654.370728 168 ) 
4 129 185 (443.281982 -777.208557 168 ) (443.281982 -777.208618 232 ) (391.988831 -653.368164 232 ) (392.404083 -654.370728 168 ) 
4 129 150 (470.710541 -843.431152 128 ) (545.499878 -1024 128 ) (545.499878 -1024 168 ) (470.710541 -843.431152 168 ) 
4 129 149 (545.499878 -1024 168 ) (545.499878 -1024 232 ) (470.710510 -843.431152 232 ) (470.710541 -843.431152 168 ) 
4 129 147 (443.281982 -777.208557 128 ) (470.710541 -843.431152 128 ) (470.710541 -843.431152 168 ) (443.281982 -777.208557 168 ) 
4 129 146 (470.710541 -843.431152 168 ) (470.710510 -843.431152 232 ) (443.281982 -777.208618 232 ) (443.281982 -777.208557 168 ) 
4 129 141 (770 -654.997314 128 ) (392.665955 -654.997314 128 ) (392.406433 -654.370667 168 ) (770 -654.370667 168 ) 
4 129 138 (996 -654.997314 128 ) (770 -654.997314 128 ) (770 -654.370667 168 ) (996 -654.370667 168 ) 
4 129 134 (770 -653.744019 208 ) (996 -653.744019 208 ) (996 -654.370667 168 ) (770 -654.370667 168 ) 
4 129 137 (392.406433 -654.370667 168 ) (392.146881 -653.744019 208 ) (770 -653.744019 208 ) (770 -654.370667 168 ) 
4 129 131 (392.146881 -653.744019 208 ) (391.991150 -653.368042 232 ) (996 -653.368042 232 ) (996 -653.744019 208 ) 
3 130 133 (996 -459.363647 208 ) (996 -450.207062 208 ) (1000.438782 -459.363647 208 ) 
5 130 132 (996 -450.207062 208 ) (996 0 208 ) (1024 0 208 ) (1024 -459.363617 208 ) (1000.438782 -459.363647 208 ) 
4 130 131 (996 0 208 ) (996 -459.363617 208 ) (996 -468.090912 232 ) (996 0 232 ) 
4 131 207 (123.312805 -4.685791 232 ) (121.372009 0 232 ) (121.372009 0 208 ) (123.312805 -4.685791 208 ) 
4 131 185 (392.144562 -653.744141 208 ) (391.988831 -653.368164 232 ) (334.951477 -515.659119 232 ) (334.951477 -515.659119 208 ) 
4 131 184 (334.951477 -515.659119 232 ) (255.758575 -324.458405 232 ) (255.758575 -324.458435 208 ) (334.951477 -515.659119 208 ) 
4 131 164 (255.758575 -324.458405 232 ) (191.522293 -169.368469 232 ) (191.522278 -169.368454 208 ) (255.758575 -324.458435 208 ) 
4 131 161 (191.522293 -169.368469 232 ) (128 -16.001160 232 ) (128 -16.001200 208 ) (191.522278 -169.368454 208 ) 
5 131 136 (770 -17.290283 208 ) (770 0 208 ) (777.756226 0 208 ) (996 -450.207214 208 ) (996 -483.497101 208 ) 
3 131 135 (777.756226 0 208 ) (996 0 208 ) (996 -450.207214 208 ) 
4 131 134 (996 -653.744141 208 ) (770 -653.744141 208 ) (770 -17.290283 208 ) (996 -483.497101 208 ) 
4 131 137 (770 -653.744141 208 ) (392.148438 -653.744141 208 ) (121.375763 0 208 ) (770 0 208 ) 
4 132 210 (996 0 128 ) (1024 0 128 ) (1024 -430.272675 128 ) (996 -430.272705 128 ) 
4 132 139 (996 0 168 ) (996 0 128 ) (996 -430.272736 128 ) (996 -444.818176 168 ) 
5 132 135 (996 -450.207062 208 ) (996 0 208 ) (996 0 168 ) (996 -444.818176 168 ) (996 -450.207092 182.819489 ) 
3 132 133 (996 -450.208984 208 ) (996 -450.208984 182.820313 ) (1000.438599 -459.365234 208 ) 
3 133 136 (996 -459.363647 208 ) (996 -450.207062 208 ) (996 -450.207092 182.819489 ) 
4 134 138 (996 -483.497162 168 ) (996 -654.367188 168 ) (770 -654.367188 168 ) (770 -17.290344 168 ) 
4 134 136 (996 -483.492188 208 ) (996 -483.492188 168 ) (770 -17.287104 168 ) (770 -17.287102 208 ) 
4 134 137 (770 -17.290318 168 ) (770 -654.367188 168 ) (770 -653.746094 208 ) (770 -17.290344 208 ) 
3 135 139 (996 0 168 ) (996 -450.207123 168 ) (777.756226 0 168 ) 
4 135 136 (777.755249 0 168 ) (996 -450.209045 168 ) (996 -450.209045 208 ) (777.755249 0 208 ) 
5 136 140 (996 -450.207123 168 ) (996 -483.497162 168 ) (770 -17.290344 168 ) (770 0 168 ) (777.756226 0 168 ) 
4 136 137 (770 0 168 ) (770 -17.290318 168 ) (770 -17.290344 208 ) (770 0 208 ) 
4 137 207 (123.312805 -4.685791 208 ) (121.372009 0 208 ) (121.372002 0 168 ) (123.312798 -4.685788 168 ) 
4 137 185 (392.404114 -654.370728 168 ) (392.144562 -653.744141 208 ) (334.951508 -515.659119 208 ) (334.951508 -515.659119 168 ) 
4 137 184 (334.951508 -515.659119 208 ) (255.758575 -324.458405 208 ) (255.758591 -324.458435 168 ) (334.951508 -515.659119 168 ) 
4 137 164 (255.758575 -324.458405 208 ) (191.522278 -169.368469 208 ) (191.522278 -169.368454 168 ) (255.758591 -324.458435 168 ) 
4 137 161 (191.522278 -169.368469 208 ) (128 -16.001221 208 ) (128 -16.001209 168 ) (191.522278 -169.368454 168 ) 
3 137 142 (128 -16 168 ) (121.373016 0 168 ) (128 0 168 ) 
5 137 141 (770 -654.367188 168 ) (392.403748 -654.367249 168 ) (128 -16 168 ) (128 0 168 ) (770 0 168 ) 
4 138 211 (996 -483.497162 128 ) (996 -654.997375 128 ) (770 -654.997375 128 ) (770 -17.290283 128 ) 
4 138 141 (770 -654.997742 128 ) (770 -654.371094 168 ) (770 -17.290344 168 ) (770 -17.290318 128 ) 
4 138 140 (770 -17.287106 128 ) (770 -17.287104 168 ) (996 -483.493896 168 ) (996 -483.493896 128 ) 
3 139 212 (777.756226 0 128 ) (996 0 128 ) (996 -450.207123 128 ) 
4 139 140 (777.755249 0 128 ) (996 -450.210938 128 ) (996 -450.210938 168 ) (777.755249 0 168 ) 
5 140 213 (770 0 128 ) (777.756226 0 128 ) (996 -450.207123 128 ) (996 -483.497162 128 ) (770 -17.290283 128 ) 
4 140 141 (770 -17.290344 168 ) (770 0 168 ) (770 0 128 ) (770 -17.290318 128 ) 
4 141 217 (256 -325.038849 128 ) (128 -16 128 ) (128 0 128 ) (256 0 128 ) 
5 141 215 (392.664673 -654.997314 128 ) (256 -325.038849 128 ) (256 0 128 ) (770 0 128 ) (770 -654.997375 128 ) 
4 141 193 (334.951477 -515.659119 128 ) (392.663635 -654.997375 128 ) (392.404114 -654.370728 168 ) (334.951508 -515.659119 168 ) 
4 141 190 (255.758575 -324.458435 128 ) (256 -325.041321 128 ) (256 -325.041260 168 ) (255.758591 -324.458405 168 ) 
4 141 189 (256 -325.041321 128 ) (334.951477 -515.659119 128 ) (334.951508 -515.659119 168 ) (256 -325.041260 168 ) 
4 141 165 (191.522278 -169.368469 128 ) (255.758575 -324.458435 128 ) (255.758591 -324.458405 168 ) (191.522293 -169.368469 168 ) 
4 141 162 (128 -16.002434 128 ) (191.522278 -169.368469 128 ) (191.522293 -169.368469 168 ) (128 -16.002380 168 ) 
4 141 142 (128 -16 128 ) (128 -16 168 ) (128 0 168 ) (128 0 128 ) 
4 142 208 (121.371994 0 128 ) (123.312790 -4.685786 128 ) (123.312798 -4.685789 168 ) (121.372002 0 168 ) 
4 143 186 (112.001312 -640 232 ) (120.001114 -643.312805 232 ) (120.001114 -643.312805 168 ) (112.001312 -640 168 ) 
4 143 185 (120.001114 -643.312805 232 ) (228.442551 -688.226440 232 ) (228.442551 -688.226440 168 ) (120.001114 -643.312805 168 ) 
4 143 159 (64 -620.118591 168 ) (64 -620.118591 232 ) (100.685486 -635.312744 232 ) (100.685478 -635.312744 168 ) 
4 143 146 (100.687294 -996.685425 168 ) (228.442383 -688.228516 168 ) (228.442383 -688.228516 232 ) (100.687302 -996.685425 232 ) 
5 143 145 (64 -620.120117 168 ) (128 -646.626892 168 ) (128 -930.735596 168 ) (96 -1007.998718 168 ) (64 -930.765625 168 ) 
3 143 144 (128 -646.626892 168 ) (228.441406 -688.226563 168 ) (128 -930.735596 168 ) 
3 144 219 (128 -646.626770 128 ) (228.442108 -688.227356 128 ) (128 -930.738159 128 ) 
4 144 195 (228.442551 -688.226440 128 ) (128 -646.625732 128 ) (128 -646.625732 168 ) (228.442551 -688.226440 168 ) 
4 144 147 (128 -930.740540 128 ) (228.442383 -688.228516 128 ) (228.442383 -688.228516 168 ) (128 -930.740601 168 ) 
4 144 145 (128 -930.738281 128 ) (128 -930.738281 168 ) (128 -646.626709 168 ) (128 -646.626709 128 ) 
4 145 199 (120.001114 -643.312805 128 ) (112.001312 -640 128 ) (112.001312 -640 168 ) (120.001114 -643.312805 168 ) 
4 145 196 (128 -646.625732 128 ) (120.001114 -643.312805 128 ) (120.001114 -643.312805 168 ) (128 -646.625732 168 ) 
4 145 160 (100.685478 -635.312744 128 ) (64 -620.118591 128 ) (64 -620.118591 168 ) (100.685478 -635.312744 168 ) 
4 145 148 (100.687294 -996.685425 128 ) (128 -930.740540 128 ) (128 -930.740601 168 ) (100.687302 -996.685425 168 ) 
4 146 185 (443.283813 -777.208069 232 ) (443.283813 -777.208069 168 ) (228.442551 -688.226440 168 ) (228.442551 -688.226440 232 ) 
4 146 154 (112 -992 168 ) (139.317001 -980.685486 168 ) (139.317047 -980.685486 232 ) (112 -992 232 ) 
4 146 149 (139.317001 -980.685486 168 ) (470.711243 -843.430176 168 ) (470.711243 -843.430176 232 ) (139.317047 -980.685486 232 ) 
3 146 148 (128 -985.373413 168 ) (100.687500 -996.685547 168 ) (128 -930.741333 168 ) 
5 146 147 (470.711487 -843.430786 168 ) (128 -985.373413 168 ) (128 -930.741333 168 ) (228.443237 -688.227844 168 ) (443.283325 -777.209167 168 ) 
5 147 219 (128 -930.738159 128 ) (228.442108 -688.227356 128 ) (256 -699.641113 128 ) (256 -932.358765 128 ) (128 -985.373169 128 ) 
4 147 209 (256 -699.641113 128 ) (443.283295 -777.209106 128 ) (470.711456 -843.430725 128 ) (256 -932.358765 128 ) 
4 147 195 (256 -699.640015 128 ) (228.442551 -688.226440 128 ) (228.442551 -688.226440 168 ) (256 -699.640015 168 ) 
4 147 193 (443.283813 -777.208069 168 ) (443.283813 -777.208069 128 ) (256 -699.640015 128 ) (256 -699.640015 168 ) 
4 147 156 (128 -985.372742 128 ) (139.317047 -980.685486 128 ) (139.317047 -980.685486 168 ) (128 -985.372742 168 ) 
4 147 150 (139.317047 -980.685486 128 ) (470.711243 -843.430176 128 ) (470.711243 -843.430176 168 ) (139.317047 -980.685486 168 ) 
4 147 148 (128 -985.375000 128 ) (128 -985.375000 168 ) (128 -930.738098 168 ) (128 -930.738098 128 ) 
4 148 158 (112 -992 128 ) (120 -988.685913 128 ) (120 -988.685913 168 ) (112 -992 168 ) 
4 148 157 (120 -988.685913 128 ) (128 -985.372742 128 ) (128 -985.372742 168 ) (120 -988.685913 168 ) 
4 149 223 (545.500977 -1024 232 ) (121.370819 -1024 232 ) (121.370819 -1024 168 ) (545.500977 -1024 168 ) 
4 149 155 (131.314896 -1000 168 ) (128 -1008 168 ) (128 -1008 232 ) (131.314896 -1000 232 ) 
4 149 154 (139.316406 -980.687500 232 ) (139.316406 -980.687500 168 ) (131.314896 -1000 168 ) (131.314896 -1000 232 ) 
4 149 152 (123.314285 -1019.309875 168 ) (121.371056 -1024 168 ) (121.371056 -1024 232 ) (123.314285 -1019.309875 232 ) 
3 149 151 (121.373894 -1024 168 ) (128 -1008.006592 168 ) (128 -1024 168 ) 
5 149 150 (128 -1008.006592 168 ) (139.318359 -980.687500 168 ) (470.712189 -843.432556 168 ) (545.500977 -1024 168 ) (128 -1024 168 ) 
4 150 223 (128 -1024 128 ) (545.500977 -1024 128 ) (545.500977 -1024 168 ) (128 -1024 168 ) 
5 150 219 (256 -1024 128 ) (128 -1024 128 ) (128 -1008 128 ) (139.316772 -980.686096 128 ) (256 -932.358826 128 ) 
4 150 209 (545.500977 -1024 128 ) (256 -1024 128 ) (256 -932.358826 128 ) (470.711456 -843.430725 128 ) 
4 150 156 (139.316406 -980.687500 168 ) (139.316406 -980.687500 128 ) (128 -1008 128 ) (128 -1008 168 ) 
4 150 151 (128 -1024 168 ) (128 -1008 168 ) (128 -1008 128 ) (128 -1024 128 ) 
4 151 223 (121.370819 -1024 168 ) (121.370819 -1024 128 ) (128 -1024 128 ) (128 -1024 168 ) 
4 151 153 (123.314285 -1019.309875 128 ) (121.371056 -1024 128 ) (121.371056 -1024 168 ) (123.314285 -1019.309875 168 ) 
4 152 223 (121.370819 -1024 232 ) (112 -1024 232 ) (112 -1024 168 ) (121.370819 -1024 168 ) 
3 152 153 (112.001869 -1024 168 ) (123.320313 -1019.308594 168 ) (121.376549 -1024 168 ) 
4 153 223 (112 -1024 168 ) (112 -1024 128 ) (121.370819 -1024 128 ) (121.370819 -1024 168 ) 
3 154 158 (112.002548 -992.001099 168 ) (120.001503 -988.688110 168 ) (123.314034 -996.685974 168 ) 
4 154 157 (120.001503 -988.688110 168 ) (128 -985.375305 168 ) (128 -998.626770 168 ) (123.314034 -996.685974 168 ) 
4 154 156 (128 -985.375305 168 ) (139.318359 -980.687500 168 ) (131.316422 -1000 168 ) (128 -998.626770 168 ) 
4 154 155 (123.312920 -996.683350 168 ) (131.316406 -999.998047 168 ) (131.316406 -999.998047 232 ) (123.312920 -996.683350 232 ) 
3 155 157 (123.314034 -996.685974 168 ) (128 -998.626770 168 ) (128 -1008.002319 168 ) 
3 155 156 (128 -998.626770 168 ) (131.316422 -1000 168 ) (128 -1008.002319 168 ) 
3 156 219 (128 -985.373230 128 ) (139.316772 -980.686096 128 ) (128 -1008 128 ) 
4 156 157 (128 -1008 128 ) (128 -1008 168 ) (128 -985.373230 168 ) (128 -985.373230 128 ) 
4 157 158 (123.314835 -996.686279 168 ) (120.001335 -988.686035 168 ) (120.001335 -988.686035 128 ) (123.314835 -996.686279 128 ) 
4 159 167 (96 -624 168 ) (64 -546.736938 168 ) (64 -546.736938 232 ) (96 -624 232 ) 
3 159 160 (64 -546.741211 168 ) (100.683594 -635.312500 168 ) (64 -620.119080 168 ) 
4 160 169 (96 -624 128 ) (64 -546.736938 128 ) (64 -546.736938 168 ) (96 -624 168 ) 
4 161 205 (123.314415 -27.313530 168 ) (120 -35.313934 168 ) (120 -35.313934 232 ) (123.314415 -27.313530 232 ) 
4 161 201 (120 -35.313934 168 ) (64 -170.520203 168 ) (64 -170.520203 232 ) (120 -35.313934 232 ) 
4 161 170 (96 -400 232 ) (92.685760 -408 232 ) (92.685760 -408 168 ) (96 -400 168 ) 
4 161 167 (92.685760 -408 232 ) (64 -477.260315 232 ) (64 -477.260315 168 ) (92.685760 -408 168 ) 
4 161 164 (191.522018 -169.366882 168 ) (191.522018 -169.366882 232 ) (100.685211 -388.686310 232 ) (100.685211 -388.686310 168 ) 
4 161 163 (128 -322.733551 168 ) (64 -477.255249 168 ) (64 -170.519241 168 ) (128 -16 168 ) 
3 161 162 (191.521484 -169.367188 168 ) (128 -322.733551 168 ) (128 -16 168 ) 
3 162 217 (128 -16 128 ) (191.522797 -169.367249 128 ) (128 -322.738373 128 ) 
4 162 165 (128 -322.736572 128 ) (191.522018 -169.366882 128 ) (191.522018 -169.366882 168 ) (128 -322.736572 168 ) 
4 162 163 (128 -322.742188 128 ) (128 -322.742188 168 ) (128 -16 168 ) (128 -16 128 ) 
4 163 206 (123.314415 -27.313530 128 ) (120 -35.313934 128 ) (120 -35.313934 168 ) (123.314415 -27.313530 168 ) 
4 163 202 (120 -35.313934 128 ) (64 -170.520203 128 ) (64 -170.520203 168 ) (120 -35.313934 168 ) 
4 163 171 (92.685753 -408 128 ) (96 -400 128 ) (96 -400 168 ) (92.685768 -408 168 ) 
4 163 169 (64 -477.260315 128 ) (92.685753 -408 128 ) (92.685768 -408 168 ) (64 -477.260315 168 ) 
4 163 166 (100.685219 -388.686279 128 ) (128 -322.736572 128 ) (128 -322.736572 168 ) (100.685219 -388.686310 168 ) 
4 164 184 (212.671021 -342.305603 168 ) (255.761047 -324.458588 168 ) (255.761047 -324.458588 232 ) (212.671021 -342.305573 232 ) 
4 164 174 (112.001755 -384 168 ) (139.311310 -372.689667 168 ) (139.311340 -372.689667 232 ) (112.001762 -384 232 ) 
4 164 172 (139.311310 -372.689667 168 ) (212.671021 -342.305603 168 ) (212.671021 -342.305573 232 ) (139.311340 -372.689667 232 ) 
3 164 166 (128 -377.373566 168 ) (100.683594 -388.687500 168 ) (128 -322.734039 168 ) 
4 164 165 (255.761719 -324.457031 168 ) (128 -377.373566 168 ) (128 -322.734039 168 ) (191.521896 -169.365082 168 ) 
4 165 217 (128 -322.738373 128 ) (191.522797 -169.367249 128 ) (255.759460 -324.458038 128 ) (128 -377.373138 128 ) 
4 165 190 (212.671021 -342.305573 128 ) (255.761047 -324.458588 128 ) (255.761047 -324.458588 168 ) (212.671036 -342.305573 168 ) 
4 165 176 (128 -377.374573 128 ) (212.671021 -342.305573 128 ) (212.671036 -342.305573 168 ) (128 -377.374573 168 ) 
4 165 166 (128 -377.375000 128 ) (128 -377.375000 168 ) (128 -322.738342 168 ) (128 -322.738342 128 ) 
4 166 178 (112.001755 -384 128 ) (128 -377.374573 128 ) (128 -377.374573 168 ) (112.001755 -384 168 ) 
4 167 184 (100.687233 -612.685486 168 ) (171.878143 -440.800171 168 ) (171.878143 -440.800171 232 ) (100.687233 -612.685486 232 ) 
4 167 173 (120.001389 -419.312042 168 ) (112.002419 -416 168 ) (112.002419 -416 232 ) (120.001389 -419.312042 232 ) 
4 167 172 (171.878906 -440.798828 232 ) (171.878906 -440.798828 168 ) (120.001389 -419.312042 168 ) (120.001389 -419.312042 232 ) 
4 167 170 (100.684975 -411.311523 168 ) (92.687027 -407.998901 168 ) (92.687027 -407.998901 232 ) (100.684975 -411.311523 232 ) 
6 167 169 (64 -477.257690 168 ) (92.684174 -408.005798 168 ) (128 -422.632751 168 ) (128 -546.737915 168 ) (96 -624 168 ) (64 -546.737061 168 ) 
3 167 168 (128 -422.632751 168 ) (171.875000 -440.804688 168 ) (128 -546.737915 168 ) 
4 168 191 (128 -546.740784 128 ) (171.878143 -440.800171 128 ) (171.878143 -440.800171 168 ) (128 -546.740784 168 ) 
4 168 179 (171.878906 -440.798828 168 ) (171.878906 -440.798828 128 ) (128 -422.624939 128 ) (128 -422.624939 168 ) 
4 168 169 (128 -546.738281 128 ) (128 -546.738281 168 ) (128 -422.625000 168 ) (128 -422.625000 128 ) 
4 169 192 (100.687233 -612.685486 128 ) (128 -546.740784 128 ) (128 -546.740784 168 ) (100.687233 -612.685486 168 ) 
4 169 181 (120.001396 -419.312042 128 ) (112.002419 -416 128 ) (112.002419 -416 168 ) (120.001396 -419.312042 168 ) 
4 169 180 (128 -422.624939 128 ) (120.001396 -419.312042 128 ) (120.001396 -419.312042 168 ) (128 -422.624939 168 ) 
4 169 171 (100.684975 -411.311523 128 ) (92.687027 -407.998901 128 ) (92.687027 -407.998901 168 ) (100.684975 -411.311523 168 ) 
3 170 171 (96 -400 168 ) (100.685547 -411.312500 168 ) (92.686745 -408 168 ) 
4 172 184 (212.671875 -342.306641 168 ) (212.671875 -342.306641 232 ) (171.878143 -440.800171 232 ) (171.878143 -440.800171 168 ) 
3 172 180 (128 -422.625397 168 ) (120.001190 -419.312500 168 ) (128 -400 168 ) 
5 172 179 (171.878906 -440.798828 168 ) (128 -422.625397 168 ) (128 -400 168 ) (131.313721 -392 168 ) (183.190781 -413.485596 168 ) 
4 172 177 (131.313721 -392 168 ) (134.626846 -384 168 ) (195.402344 -384 168 ) (183.190781 -413.485596 168 ) 
4 172 176 (134.626846 -384 168 ) (139.313263 -372.684998 168 ) (212.673828 -342.296875 168 ) (195.402344 -384 168 ) 
4 172 175 (131.312454 -391.998779 168 ) (128 -399.998322 168 ) (128 -399.998322 232 ) (131.312454 -391.998779 232 ) 
4 172 174 (139.310547 -372.687500 232 ) (139.310547 -372.687500 168 ) (131.312454 -391.998779 168 ) (131.312454 -391.998779 232 ) 
4 172 173 (123.312447 -411.314667 168 ) (120 -419.312500 168 ) (120 -419.312500 232 ) (123.312447 -411.314667 232 ) 
3 173 181 (120.001190 -419.312500 168 ) (112.001648 -416 168 ) (123.313980 -411.314026 168 ) 
4 174 177 (134.626846 -384 168 ) (131.313721 -392 168 ) (128 -390.626831 168 ) (128 -384 168 ) 
4 174 176 (128 -377.371277 168 ) (139.313263 -372.684998 168 ) (134.626846 -384 168 ) (128 -384 168 ) 
3 174 178 (111.998756 -384 168 ) (128 -377.371277 168 ) (128 -390.626831 168 ) 
4 174 175 (123.314018 -388.686035 168 ) (131.314987 -392 168 ) (131.314987 -392 232 ) (123.314018 -388.686035 232 ) 
3 175 183 (123.314003 -388.686005 168 ) (128 -390.626831 168 ) (128 -400 168 ) 
3 175 182 (128 -390.626831 168 ) (131.313721 -392 168 ) (128 -400 168 ) 
4 176 217 (128 -377.373108 128 ) (212.671661 -342.304016 128 ) (195.402191 -384 128 ) (128 -384 128 ) 
4 176 190 (195.403458 -384 128 ) (212.671875 -342.306641 128 ) (212.671875 -342.306641 168 ) (195.403458 -384 168 ) 
4 176 178 (128 -384 168 ) (128 -377.373138 168 ) (128 -377.373138 128 ) (128 -384 128 ) 
4 176 177 (128 -384 168 ) (128 -384 128 ) (195.402344 -384 128 ) (195.402344 -384 168 ) 
4 177 191 (183.191132 -413.485779 128 ) (195.403458 -384 128 ) (195.403458 -384 168 ) (183.191132 -413.485779 168 ) 
4 177 182 (131.313751 -392 168 ) (128 -390.626740 168 ) (128 -390.626740 128 ) (131.313751 -392 128 ) 
4 177 179 (183.187500 -413.484375 128 ) (183.187500 -413.484375 168 ) (131.313751 -392 168 ) (131.313751 -392 128 ) 
4 177 178 (128 -390.626953 128 ) (128 -390.626953 168 ) (128 -384 168 ) (128 -384 128 ) 
4 178 183 (128 -390.626740 168 ) (123.313957 -388.685883 168 ) (123.313957 -388.685883 128 ) (128 -390.626740 128 ) 
4 179 191 (171.878143 -440.800171 128 ) (183.191132 -413.485779 128 ) (183.191132 -413.485779 168 ) (171.878143 -440.800171 168 ) 
4 179 182 (131.312500 -392.001953 168 ) (131.312500 -392.001953 128 ) (128 -400 128 ) (128 -400 168 ) 
4 179 180 (128 -400 168 ) (128 -400 128 ) (128 -422.626831 128 ) (128 -422.626831 168 ) 
4 180 181 (123.313690 -411.314148 128 ) (120 -419.313568 128 ) (120 -419.313568 168 ) (123.313690 -411.314148 168 ) 
4 182 183 (128 -390.625916 168 ) (128 -390.625916 128 ) (128 -400 128 ) (128 -400 168 ) 
5 184 191 (128 -546.738281 168 ) (195.402328 -384 168 ) (256 -384 168 ) (256 -548.358887 168 ) (128 -601.373230 168 ) 
5 184 190 (195.402328 -384 168 ) (212.669922 -342.308594 168 ) (255.760803 -324.461334 168 ) (256 -325.038849 168 ) (256 -384 168 ) 
3 184 189 (256 -325.038849 168 ) (334.953369 -515.658386 168 ) (256 -548.358887 168 ) 
3 184 192 (100.686012 -612.685974 168 ) (128 -546.738281 168 ) (128 -601.373230 168 ) 
4 184 187 (111.997871 -608 168 ) (139.312820 -596.685974 168 ) (139.312851 -596.685913 232 ) (111.997841 -608 232 ) 
4 184 185 (139.312820 -596.685974 168 ) (334.951782 -515.657227 168 ) (334.951782 -515.657227 232 ) (139.312851 -596.685913 232 ) 
4 185 195 (256 -699.639160 168 ) (128 -646.625366 168 ) (128 -640 168 ) (256 -640 168 ) 
5 185 194 (128 -640 168 ) (128 -624 168 ) (139.311920 -596.688110 168 ) (256 -548.358887 168 ) (256 -640 168 ) 
4 185 193 (443.285156 -777.207031 168 ) (256 -699.639160 168 ) (256 -548.358887 168 ) (334.953369 -515.658386 168 ) 
3 185 196 (128 -646.625366 168 ) (120.001251 -643.312500 168 ) (128 -624 168 ) 
4 185 188 (131.314133 -616 168 ) (128 -624 168 ) (128 -624 232 ) (131.314117 -616 232 ) 
4 185 187 (139.313477 -596.685547 232 ) (139.313477 -596.685547 168 ) (131.314133 -616 168 ) (131.314117 -616 232 ) 
4 185 186 (123.314552 -635.313843 168 ) (120.001152 -643.313843 168 ) (120.001152 -643.313843 232 ) (123.314552 -635.313843 232 ) 
3 186 199 (120.001251 -643.312500 168 ) (112.001701 -640 168 ) (123.314011 -635.314026 168 ) 
3 187 200 (112 -608 168 ) (120 -604.686340 168 ) (123.313995 -612.685974 168 ) 
4 187 198 (120 -604.686340 168 ) (128 -601.373230 168 ) (128 -614.626831 168 ) (123.313995 -612.685974 168 ) 
4 187 197 (128 -601.373230 168 ) (139.311920 -596.688110 168 ) (131.313721 -616 168 ) (128 -614.626831 168 ) 
4 187 188 (123.314613 -612.687439 168 ) (131.314911 -616 168 ) (131.314911 -616 232 ) (123.314613 -612.687439 232 ) 
3 188 198 (123.313995 -612.685974 168 ) (128 -614.626831 168 ) (128 -624 168 ) 
3 188 197 (128 -614.626831 168 ) (131.313721 -616 168 ) (128 -624 168 ) 
3 189 215 (256 -325.038788 128 ) (334.952393 -515.658752 128 ) (256 -548.358826 128 ) 
4 189 193 (334.953125 -515.656250 128 ) (334.953125 -515.656250 168 ) (256 -548.356934 168 ) (256 -548.356934 128 ) 
4 189 191 (256 -548.353516 128 ) (256 -548.353516 168 ) (256 -384 168 ) (256 -384 128 ) 
4 189 190 (256 -384 168 ) (256 -325.038757 168 ) (256 -325.038757 128 ) (256 -384 128 ) 
5 190 217 (212.671661 -342.304016 128 ) (255.759460 -324.458038 128 ) (256 -325.038788 128 ) (256 -384 128 ) (195.402191 -384 128 ) 
4 190 191 (256 -384 128 ) (256 -384 168 ) (195.402191 -384 168 ) (195.402191 -384 128 ) 
4 191 197 (139.312714 -596.686218 168 ) (128 -601.371704 168 ) (128 -601.371704 128 ) (139.312714 -596.686218 128 ) 
4 191 194 (256 -548.356934 168 ) (139.312714 -596.686218 168 ) (139.312714 -596.686218 128 ) (256 -548.356934 128 ) 
4 191 192 (128 -601.369141 128 ) (128 -601.369141 168 ) (128 -546.738159 168 ) (128 -546.738159 128 ) 
4 192 200 (120 -604.685059 168 ) (111.998238 -608 168 ) (111.998238 -608 128 ) (120 -604.685059 128 ) 
4 192 198 (128 -601.371704 168 ) (120 -604.685059 168 ) (120 -604.685059 128 ) (128 -601.371704 128 ) 
4 193 215 (334.952393 -515.658752 128 ) (392.664703 -654.997375 128 ) (256 -654.997314 128 ) (256 -548.358826 128 ) 
4 193 209 (392.664703 -654.997375 128 ) (443.283295 -777.209106 128 ) (256 -699.641174 128 ) (256 -654.997314 128 ) 
4 193 195 (256 -640 128 ) (256 -699.641113 128 ) (256 -699.641113 168 ) (256 -640 168 ) 
4 193 194 (256 -548.357117 168 ) (256 -548.357117 128 ) (256 -640 128 ) (256 -640 168 ) 
4 194 197 (139.313477 -596.685547 168 ) (139.313477 -596.685547 128 ) (128 -624.001465 128 ) (128 -624.001465 168 ) 
4 194 196 (128 -624 168 ) (128 -624 128 ) (128 -640 128 ) (128 -640 168 ) 
4 194 195 (128 -640 168 ) (128 -640 128 ) (256 -640 128 ) (256 -640 168 ) 
4 195 219 (256 -699.641174 128 ) (128 -646.626831 128 ) (128 -640 128 ) (256 -640 128 ) 
4 195 196 (128 -640 128 ) (128 -646.626770 128 ) (128 -646.626770 168 ) (128 -640 168 ) 
4 196 199 (123.314789 -635.313721 128 ) (120.001343 -643.313904 128 ) (120.001343 -643.313904 168 ) (123.314789 -635.313721 168 ) 
4 197 198 (128 -601.374084 168 ) (128 -601.374084 128 ) (128 -624 128 ) (128 -624 168 ) 
4 198 200 (120.001343 -604.688843 168 ) (120.001343 -604.688843 128 ) (123.313766 -612.685852 128 ) (123.313766 -612.685852 168 ) 
4 201 205 (120 -35.314453 232 ) (120 -35.314453 168 ) (112 -32 168 ) (112 -32 232 ) 
4 201 203 (100.686417 -27.314718 168 ) (92.686096 -24 168 ) (92.686096 -24 232 ) (100.686424 -27.314718 232 ) 
4 201 202 (92.687508 -23.997574 168 ) (120 -35.310547 168 ) (64 -170.514923 168 ) (64 -93.259705 168 ) 
4 202 206 (120 -35.314453 168 ) (120 -35.314453 128 ) (112 -32 128 ) (112 -32 168 ) 
4 202 204 (100.686417 -27.314718 128 ) (92.686096 -24 128 ) (92.686096 -24 168 ) (100.686424 -27.314718 168 ) 
3 203 204 (96 -15.998360 168 ) (100.685547 -27.312500 168 ) (92.686760 -24 168 ) 
3 205 206 (119.996094 -35.312500 168 ) (112 -32 168 ) (123.313591 -27.314693 168 ) 
3 207 208 (112 0 168 ) (121.375679 0 168 ) (123.317429 -4.687706 168 ) 
4 209 223 (896 -1024 128 ) (256 -1024 128 ) (256 -1024 64 ) (896 -1024 64 ) 
4 209 222 (1024 -1024 64 ) (1024 -1024 128 ) (896 -1024 128 ) (896 -1024 64 ) 
4 209 219 (256 -1024 64 ) (256 -1024 128 ) (256 -654.997314 128 ) (256 -656 64 ) 
4 209 211 (770 -655.247864 112 ) (770 -654.997192 128 ) (996 -654.997192 128 ) (996 -655.247864 112 ) 
4 209 214 (996 -656 64 ) (770 -656 64 ) (770 -655.247864 112 ) (996 -655.247864 112 ) 
4 209 215 (770 -656 64 ) (256 -656 64 ) (256 -654.997192 128 ) (770 -654.997192 128 ) 
4 209 216 (1024 -1024 64 ) (256 -1024 64 ) (256 -656 64 ) (1024 -656 64 ) 
4 210 212 (996 -424.454590 112 ) (996 -430.272766 128 ) (996 0 128 ) (996 0 112 ) 
4 210 214 (996 0 64 ) (996 -407 64 ) (996 -424.454590 112 ) (996 0 112 ) 
4 210 216 (996 0 64 ) (1024 0 64 ) (1024 -407 64 ) (996 -407 64 ) 
4 211 213 (996 -483.496094 128 ) (996 -483.496094 112 ) (770 -17.289063 112 ) (770 -17.289061 128 ) 
4 211 214 (770 -655.250000 112 ) (770 -17.290283 112 ) (996 -483.497101 112 ) (996 -655.250000 112 ) 
4 211 215 (770 -655.245483 112 ) (770 -654.994812 128 ) (770 -17.290344 128 ) (770 -17.290316 112 ) 
3 212 214 (777.756226 0 112 ) (996 0 112 ) (996 -450.207214 112 ) 
4 212 213 (777.756226 0 112 ) (996 -450.207123 112 ) (996 -450.207123 128 ) (777.756226 0 128 ) 
4 213 215 (770 -17.290344 128 ) (770 0 128 ) (770 0 112 ) (770 -17.290316 112 ) 
5 213 214 (770 -17.290283 112 ) (770 0 112 ) (777.756226 0 112 ) (996 -450.207214 112 ) (996 -483.497101 112 ) 
4 214 215 (770 0 64 ) (770 -655.997437 64 ) (770 -655.245483 112 ) (770 0 112 ) 
4 214 216 (770 0 64 ) (996 0 64 ) (996 -656 64 ) (770 -656 64 ) 
4 215 218 (256 -384 112 ) (256 -384 64 ) (256 -640 64 ) (256 -640 112 ) 
4 215 217 (256 -384 128 ) (256 0 128 ) (256 0 64 ) (256 -384 64 ) 
4 215 219 (256 -654.997314 128 ) (256 -640 128 ) (256 -640 64 ) (256 -656 64 ) 
4 215 216 (256 -656 64 ) (256 0 64 ) (770 0 64 ) (770 -656 64 ) 
4 216 223 (896 -1024 64 ) (256 -1024 64 ) (256 -1024 -224 ) (896 -1024 -224 ) 
4 216 222 (1024 -1024 -224 ) (1024 -1024 64 ) (896 -1024 64 ) (896 -1024 -224 ) 
4 216 218 (256 -384 -224 ) (256 -640 -224 ) (256 -640 64 ) (256 -384 64 ) 
4 216 217 (256 0 -224 ) (256 -384 -224 ) (256 -384 64 ) (256 0 64 ) 
4 216 219 (256 -640 -224 ) (256 -1024 -224 ) (256 -1024 64 ) (256 -640 64 ) 
4 217 220 (128 0 112 ) (128 0 -224 ) (128 -384 -224 ) (128 -384 112 ) 
4 217 218 (128 -384 112 ) (128 -384 -224 ) (256 -384 -224 ) (256 -384 112 ) 
4 218 220 (128 -384 112 ) (128 -384 -224 ) (128 -640 -224 ) (128 -640 112 ) 
4 218 219 (128 -640 112 ) (128 -640 -224 ) (256 -640 -224 ) (256 -640 112 ) 
4 219 223 (256 -1024 128 ) (128 -1024 128 ) (128 -1024 -224 ) (256 -1024 -224 ) 
4 219 220 (128 -1024 -224 ) (128 -1024 112 ) (128 -640 112 ) (128 -640 -224 ) 
4 220 223 (128 -1024 -224 ) (128 -1024 112 ) (64 -1024 112 ) (64 -1024 -224 ) 
4 220 221 (64 -1024 -224 ) (64 -1024 112 ) (64 0 112 ) (64 0 -224 ) 
4 221 230 (0 0 112 ) (0 0 -224 ) (0 -1024 -224 ) (0 -1024 112 ) 
4 221 223 (0 -1024 112 ) (0 -1024 -224 ) (64 -1024 -224 ) (64 -1024 112 ) 
4 222 223 (896 -1408 -224 ) (896 -1408 1116 ) (896 -1024 1116 ) (896 -1024 -224 ) 
4 223 232 (0 -2048 -224 ) (0 -2048 1116 ) (0 -1024 1116 ) (0 -1024 -224 ) 
4 223 224 (896 -2048 -224 ) (896 -2048 1116 ) (0 -2048 1116 ) (0 -2048 -224 ) 
4 224 234 (0 -2176 -224 ) (0 -2176 1116 ) (0 -2048 1116 ) (0 -2048 -224 ) 
4 225 232 (0 -1024 704 ) (0 -1024 1116 ) (-64 -1024 1116 ) (-64 -1024 704 ) 
6 225 229 (-64 -256 384 ) (-64 -384 384 ) (-64 -1024 704 ) (-64 -1024 1116 ) (-64 0 1116 ) (-64 0 512 ) 
4 225 227 (-64 -128 448 ) (-64 0 512 ) (0 0 512 ) (0 -128 448 ) 
4 225 226 (0 -1024 704 ) (-64 -1024 704 ) (-64 -512 448 ) (0 -512 448 ) 
4 226 232 (0 -1024 512 ) (0 -1024 704 ) (-64 -1024 704 ) (-64 -1024 512 ) 
5 226 229 (-64 -640 384 ) (-64 -768 384 ) (-64 -1024 512 ) (-64 -1024 704 ) (-64 -512 448 ) 
4 226 228 (0 -1024 512 ) (-64 -1024 512 ) (-64 -896 448 ) (0 -896 448 ) 
3 227 229 (-64 0 384 ) (-64 -128 448 ) (-64 0 512 ) 
4 228 232 (0 -1024 384 ) (0 -1024 512 ) (-64 -1024 512 ) (-64 -1024 384 ) 
3 228 229 (-64 -1024 384 ) (-64 -1024 512 ) (-64 -896 448 ) 
4 229 233 (-1024 0 1116 ) (-1024 0 384 ) (-1024 -1024 384 ) (-1024 -1024 1116 ) 
4 229 231 (-1024 -1024 384 ) (-1024 0 384 ) (-64 0 384 ) (-64 -1024 384 ) 
4 230 232 (0 -1024 -224 ) (0 -1024 112 ) (-64 -1024 112 ) (-64 -1024 -224 ) 
4 230 231 (-64 0 -224 ) (-64 -1024 -224 ) (-64 -1024 112 ) (-64 0 112 ) 
4 231 233 (-1024 0 384 ) (-1024 0 -224 ) (-1024 -1024 -224 ) (-1024 -1024 384 ) 
4 232 234 (0 -2048 -224 ) (0 -2048 1116 ) (-64 -2048 1116 ) (-64 -2048 -224 ) 
