PRT1
10
18
4 0 3 (-800 864 0 ) (-704 864 0 ) (-704 864 112 ) (-800 864 112 ) 
4 0 1 (-832 960 0 ) (-832 896 0 ) (-832 896 128 ) (-832 960 128 ) 
4 1 2 (-848 960 0 ) (-848 896 0 ) (-848 896 128 ) (-848 960 128 ) 
4 3 5 (-704 832 48 ) (-704 832 107 ) (-708 832 107 ) (-708 832 48 ) 
4 3 4 (-704 832 107 ) (-704 832 112 ) (-708 832 112 ) (-708 832 107 ) 
4 3 8 (-708 832 0 ) (-704 832 0 ) (-704 832 48 ) (-708 832 48 ) 
4 3 9 (-800 832 0 ) (-708 832 0 ) (-708 832 112 ) (-800 832 112 ) 
4 4 6 (-708 684 107 ) (-708 692 107 ) (-704 692 107 ) (-704 684 107 ) 
4 4 7 (-704 480 107 ) (-708 480 107 ) (-708 596 107 ) (-704 596 107 ) 
4 4 5 (-708 780 107 ) (-708 832 107 ) (-704 832 107 ) (-704 780 107 ) 
4 4 9 (-708 832 128 ) (-708 832 107 ) (-708 480 107 ) (-708 480 128 ) 
4 5 8 (-708 780 48 ) (-708 832 48 ) (-704 832 48 ) (-704 780 48 ) 
4 5 9 (-708 832 107 ) (-708 832 48 ) (-708 780 48 ) (-708 780 107 ) 
4 6 9 (-708 692 48 ) (-708 684 48 ) (-708 684 107 ) (-708 692 107 ) 
4 6 8 (-708 684 48 ) (-708 692 48 ) (-704 692 48 ) (-704 684 48 ) 
4 7 8 (-704 480 48 ) (-708 480 48 ) (-708 596 48 ) (-704 596 48 ) 
4 7 9 (-708 596 48 ) (-708 480 48 ) (-708 480 107 ) (-708 596 107 ) 
4 8 9 (-708 832 48 ) (-708 832 0 ) (-708 480 0 ) (-708 480 48 ) 
