


materialPath: C:\Program Files (x86)\Steam\steamapps\sourcemods\desertparablerus\materials
Loading c:\program files (x86)\steam\steamapps\sourcemods\desertparablerus\maps\residentevil7part1.vmf
Map revision 3
Could not locate 'GameData' key in c:\program files (x86)\steam\steamapps\sourcemods\desertparablerus\gameinfo.txt
Patching WVT material: maps/residentevil7part1/nature/blendrockdirt007d_wvt_patch
fixing up env_cubemap materials on brush sides...
0...1...2...3...4...5...6...7...8...9...10**** leaked ****
Entity prop_static (-1280.00 -104.00 96.00) leaked!
--- MAP LEAKED ---



8 threads
reading c:\program files (x86)\steam\steamapps\sourcemods\desertparablerus\maps\residentevil7part1.bsp
Error opening c:\program files (x86)\steam\steamapps\sourcemods\desertparablerus\maps\residentevil7part1.bsp


materialPath: C:\Program Files (x86)\Steam\steamapps\sourcemods\desertparablerus\materials
Loading c:\program files (x86)\steam\steamapps\sourcemods\desertparablerus\maps\residentevil7part1.vmf
Map revision 4
Could not locate 'GameData' key in c:\program files (x86)\steam\steamapps\sourcemods\desertparablerus\gameinfo.txt
Patching WVT material: maps/residentevil7part1/nature/blendrockdirt007d_wvt_patch
fixing up env_cubemap materials on brush sides...
0...1...2...3...4...5...6...7...8...9...100...1...2...3...4...5...6...7...8...9...10Processing areas...done (0)
Building Faces...done (0)
FixTjuncs...
PruneNodes...
WriteBSP...
done (0)
writing c:\program files (x86)\steam\steamapps\sourcemods\desertparablerus\maps\residentevil7part1.prt...Building visibility clusters...
done (0)
Finding displacement neighbors...
Found a displacement edge abutting multiple other edges.
Finding lightmap sample positions...
Displacement Alpha : 0...1...2...3...4...5...6...7...8...9...10
Building Physics collision data...
done (0) (14795 bytes)
Placing detail props : 0...1...2...3...4...5...6...7...8...9...10
Water found with no water_lod_control entity, creating a default one.
Compacting texture/material tables...
Reduced 72 texinfos to 46
Reduced 17 texdatas to 15 (405 bytes to 332)
Writing c:\program files (x86)\steam\steamapps\sourcemods\desertparablerus\maps\residentevil7part1.bsp
1 second elapsed



8 threads
reading c:\program files (x86)\steam\steamapps\sourcemods\desertparablerus\maps\residentevil7part1.bsp
reading c:\program files (x86)\steam\steamapps\sourcemods\desertparablerus\maps\residentevil7part1.prt
 174 portalclusters
 561 numportals
0...1...2...3...4...5...6...7...8...9...10Optimized: 1402 visible clusters (0.00%)
Total clusters visible: 26378
Average clusters visible: 151
Building PAS...
Average clusters audible: 174
visdatasize:9004  compressed from 8352
writing c:\program files (x86)\steam\steamapps\sourcemods\desertparablerus\maps\residentevil7part1.bsp
0 seconds elapsed



[Reading texlights from 'lights.rad']
[48 texlights parsed from 'lights.rad']

Loading c:\program files (x86)\steam\steamapps\sourcemods\desertparablerus\maps\residentevil7part1.bsp
392 faces
505178 square feet [72745656.00 square inches]
24 Displacements
69578 Square Feet [10019283.00 Square Inches]
392 patches before subdivision
7638 patches after subdivision
2 direct lights
0...1...2...3...4...5...6...7...8...9...100...1...2...3...4...5...6...7...8...9...10transfers 213844, max 264
transfer lists:   1.6 megs
0...1...2...3...4...5...6...7...8...9...10	Bounce #1 added RGB(1076, 1060, 978)
0...1...2...3...4...5...6...7...8...9...10	Bounce #2 added RGB(88, 88, 80)
Build Patch/Sample Hash Table(s).....Done<0.0038 sec>
0...1...2...3...4...5...6...7...8...9...10FinalLightFace Done
Computing detail prop lighting : 0...1...2...3...4...5...6...7...8...9...10
0 of 0 (0% of) surface lights went in leaf ambient cubes.
0...1...2...3...4...5...6...7...8...9...10Writing leaf ambient...done
Computing static prop lighting : 00...1...2...3...4...5...6...7...8...9...10
Ready to Finish

Object names       Objects/Maxobjs  Memory / Maxmem  Fullness 
------------       ---------------  ---------------  -------- 
models                   1/4096           48/196608   ( 0.0%) 
brushes                 33/32768         396/393216   ( 0.1%) 
brushsides             278/65536        2224/524288   ( 0.4%) 
planes                 322/65536        6440/1310720  ( 0.5%) 
vertexes               588/65536        7056/786432   ( 0.9%) 
nodes                  300/65536        9600/2097152  ( 0.5%) 
texinfos                46/12288        3312/884736   ( 0.4%) 
texdata                 15/2048          480/65536    ( 0.7%) 
dispinfos               24/0            4224/0        ( 0.0%) 
disp_verts            1944/0           38880/0        ( 0.0%) 
disp_tris             3072/0            6144/0        ( 0.0%) 
disp_lmsamples      167168/0          167168/0        ( 0.0%) 
faces                  392/65536       21952/3670016  ( 0.6%) 
hdr faces              392/65536       21952/3670016  ( 0.6%) 
origfaces              152/65536        8512/3670016  ( 0.2%) 
leaves                 302/65536        9664/2097152  ( 0.5%) 
leaffaces              440/65536         880/131072   ( 0.7%) 
leafbrushes            172/65536         344/131072   ( 0.3%) 
areas                    2/1024           16/8192     ( 0.2%) 
surfedges             2331/512000       9324/2048000  ( 0.5%) 
edges                 1378/256000       5512/1024000  ( 0.5%) 
LDR worldlights          0/16384           0/1441792  ( 0.0%) 
HDR worldlights          2/16384         176/1441792  ( 0.0%) 
leafwaterdata            1/32768          12/393216   ( 0.0%) 
waterstrips             30/131072        300/1310720  ( 0.0%) 
waterverts               0/131072          0/1572864  ( 0.0%) 
waterindices           537/131072       1074/262144   ( 0.4%) 
cubemapsamples           0/1024            0/16384    ( 0.0%) 
overlays                 4/1024         1408/360448   ( 0.4%) 
LDR lightdata         [variable]           0/0        ( 0.0%) 
HDR lightdata         [variable]      244984/0        ( 0.0%) 
visdata               [variable]        9004/16777216 ( 0.1%) 
entdata               [variable]         959/393216   ( 0.2%) 
LDR ambient table      302/65536        1208/262144   ( 0.5%) 
HDR ambient table      302/65536        1208/262144   ( 0.5%) 
LDR leaf ambient       302/65536        8456/1835008  ( 0.5%) 
HDR leaf ambient      1232/65536       34496/1835008  ( 1.9%) 
occluders                0/0               0/0        ( 0.0%) 
occluder polygons        0/0               0/0        ( 0.0%) 
occluder vert ind        0/0               0/0        ( 0.0%) 
detail props          [variable]           1/4112     ( 0.0%) 
dtl prp lght          [variable]           1/4        (25.0%) 
HDR dtl prp lght      [variable]           1/4        (25.0%) 
static props          [variable]           1/956      ( 0.1%) 
pakfile               [variable]      205478/0        ( 0.0%) 
physics               [variable]       14795/4194304  ( 0.4%) 
physics terrain       [variable]        1806/1048576  ( 0.2%) 

Level flags = 2

Total triangle count: 951
Writing c:\program files (x86)\steam\steamapps\sourcemods\desertparablerus\maps\residentevil7part1.bsp
6 seconds elapsed



materialPath: C:\Program Files (x86)\Steam\steamapps\sourcemods\desertparablerus\materials
Loading c:\program files (x86)\steam\steamapps\sourcemods\desertparablerus\maps\residentevil7part1.vmf
Map revision 5
Could not locate 'GameData' key in c:\program files (x86)\steam\steamapps\sourcemods\desertparablerus\gameinfo.txt
Patching WVT material: maps/residentevil7part1/nature/blendrockdirt007d_wvt_patch
fixing up env_cubemap materials on brush sides...
0...1...2...3...4...5...6...7...8...9...100...1...2...3...4...5...6...7...8...9...10Processing areas...done (0)
Building Faces...done (0)
FixTjuncs...
PruneNodes...
WriteBSP...
done (0)
writing c:\program files (x86)\steam\steamapps\sourcemods\desertparablerus\maps\residentevil7part1.prt...Building visibility clusters...
done (0)
Finding displacement neighbors...
Found a displacement edge abutting multiple other edges.
Finding lightmap sample positions...
Displacement Alpha : 0...1...2...3...4...5...6...7...8...9...10
Building Physics collision data...
done (0) (14795 bytes)
Placing detail props : 0...1...2...3...4...5...6...7...8...9...10
Water found with no water_lod_control entity, creating a default one.
Compacting texture/material tables...
Reduced 72 texinfos to 46
Reduced 17 texdatas to 15 (405 bytes to 332)
Writing c:\program files (x86)\steam\steamapps\sourcemods\desertparablerus\maps\residentevil7part1.bsp
0 seconds elapsed



8 threads
reading c:\program files (x86)\steam\steamapps\sourcemods\desertparablerus\maps\residentevil7part1.bsp
reading c:\program files (x86)\steam\steamapps\sourcemods\desertparablerus\maps\residentevil7part1.prt
 171 portalclusters
 544 numportals
0...1...2...3...4...5...6...7...8...9...10Optimized: 1424 visible clusters (0.00%)
Total clusters visible: 25126
Average clusters visible: 146
Building PAS...
Average clusters audible: 171
visdatasize:8854  compressed from 8208
writing c:\program files (x86)\steam\steamapps\sourcemods\desertparablerus\maps\residentevil7part1.bsp
0 seconds elapsed



[Reading texlights from 'lights.rad']
[48 texlights parsed from 'lights.rad']

Loading c:\program files (x86)\steam\steamapps\sourcemods\desertparablerus\maps\residentevil7part1.bsp
391 faces
505178 square feet [72745656.00 square inches]
24 Displacements
69578 Square Feet [10019283.00 Square Inches]
391 patches before subdivision
7641 patches after subdivision
2 direct lights
0...1...2...3...4...5...6...7...8...9...100...1...2...3...4...5...6...7...8...9...10transfers 215162, max 264
transfer lists:   1.6 megs
0...1...2...3...4...5...6...7...8...9...10	Bounce #1 added RGB(1094, 1080, 998)
0...1...2...3...4...5...6...7...8...9...10	Bounce #2 added RGB(88, 87, 79)
Build Patch/Sample Hash Table(s).....Done<0.0038 sec>
0...1...2...3...4...5...6...7...8...9...10FinalLightFace Done
Computing detail prop lighting : 0...1...2...3...4...5...6...7...8...9...10
0 of 0 (0% of) surface lights went in leaf ambient cubes.
0...1...2...3...4...5...6...7...8...9...10Writing leaf ambient...done
Computing static prop lighting : 00...1...2...3...4...5...6...7...8...9...10
Ready to Finish

Object names       Objects/Maxobjs  Memory / Maxmem  Fullness 
------------       ---------------  ---------------  -------- 
models                   1/4096           48/196608   ( 0.0%) 
brushes                 33/32768         396/393216   ( 0.1%) 
brushsides             278/65536        2224/524288   ( 0.4%) 
planes                 322/65536        6440/1310720  ( 0.5%) 
vertexes               587/65536        7044/786432   ( 0.9%) 
nodes                  297/65536        9504/2097152  ( 0.5%) 
texinfos                46/12288        3312/884736   ( 0.4%) 
texdata                 15/2048          480/65536    ( 0.7%) 
dispinfos               24/0            4224/0        ( 0.0%) 
disp_verts            1944/0           38880/0        ( 0.0%) 
disp_tris             3072/0            6144/0        ( 0.0%) 
disp_lmsamples      167168/0          167168/0        ( 0.0%) 
faces                  391/65536       21896/3670016  ( 0.6%) 
hdr faces              391/65536       21896/3670016  ( 0.6%) 
origfaces              152/65536        8512/3670016  ( 0.2%) 
leaves                 299/65536        9568/2097152  ( 0.5%) 
leaffaces              437/65536         874/131072   ( 0.7%) 
leafbrushes            170/65536         340/131072   ( 0.3%) 
areas                    2/1024           16/8192     ( 0.2%) 
surfedges             2326/512000       9304/2048000  ( 0.5%) 
edges                 1374/256000       5496/1024000  ( 0.5%) 
LDR worldlights          0/16384           0/1441792  ( 0.0%) 
HDR worldlights          2/16384         176/1441792  ( 0.0%) 
leafwaterdata            1/32768          12/393216   ( 0.0%) 
waterstrips             29/131072        290/1310720  ( 0.0%) 
waterverts               0/131072          0/1572864  ( 0.0%) 
waterindices           522/131072       1044/262144   ( 0.4%) 
cubemapsamples           0/1024            0/16384    ( 0.0%) 
overlays                 4/1024         1408/360448   ( 0.4%) 
LDR lightdata         [variable]           0/0        ( 0.0%) 
HDR lightdata         [variable]      244928/0        ( 0.0%) 
visdata               [variable]        8854/16777216 ( 0.1%) 
entdata               [variable]         959/393216   ( 0.2%) 
LDR ambient table      299/65536        1196/262144   ( 0.5%) 
HDR ambient table      299/65536        1196/262144   ( 0.5%) 
LDR leaf ambient       299/65536        8372/1835008  ( 0.5%) 
HDR leaf ambient      1222/65536       34216/1835008  ( 1.9%) 
occluders                0/0               0/0        ( 0.0%) 
occluder polygons        0/0               0/0        ( 0.0%) 
occluder vert ind        0/0               0/0        ( 0.0%) 
detail props          [variable]           1/476      ( 0.2%) 
dtl prp lght          [variable]           1/4        (25.0%) 
HDR dtl prp lght      [variable]           1/4        (25.0%) 
static props          [variable]           1/1102     ( 0.1%) 
pakfile               [variable]      194726/0        ( 0.0%) 
physics               [variable]       14795/4194304  ( 0.4%) 
physics terrain       [variable]        1806/1048576  ( 0.2%) 

Level flags = 2

Total triangle count: 948
Writing c:\program files (x86)\steam\steamapps\sourcemods\desertparablerus\maps\residentevil7part1.bsp
6 seconds elapsed



materialPath: C:\Program Files (x86)\Steam\steamapps\sourcemods\desertparablerus\materials
Loading c:\program files (x86)\steam\steamapps\sourcemods\desertparablerus\maps\residentevil7part1.vmf
Map revision 6
Could not locate 'GameData' key in c:\program files (x86)\steam\steamapps\sourcemods\desertparablerus\gameinfo.txt
Patching WVT material: maps/residentevil7part1/nature/blendrockdirt007d_wvt_patch
fixing up env_cubemap materials on brush sides...
0...1...2...3...4...5...6...7...8...9...100...1...2...3...4...5...6...7...8...9...10Processing areas...done (0)
Building Faces...done (0)
FixTjuncs...
PruneNodes...
WriteBSP...
done (0)
writing c:\program files (x86)\steam\steamapps\sourcemods\desertparablerus\maps\residentevil7part1.prt...Building visibility clusters...
done (0)
Finding displacement neighbors...
Found a displacement edge abutting multiple other edges.
Finding lightmap sample positions...
Displacement Alpha : 0...1...2...3...4...5...6...7...8...9...10
Building Physics collision data...
done (0) (14795 bytes)
Placing detail props : 0...1...2...3...4...5...6...7...8...9...10
Water found with no water_lod_control entity, creating a default one.
Compacting texture/material tables...
Reduced 72 texinfos to 46
Reduced 17 texdatas to 15 (405 bytes to 332)
Writing c:\program files (x86)\steam\steamapps\sourcemods\desertparablerus\maps\residentevil7part1.bsp
1 second elapsed



8 threads
reading c:\program files (x86)\steam\steamapps\sourcemods\desertparablerus\maps\residentevil7part1.bsp
reading c:\program files (x86)\steam\steamapps\sourcemods\desertparablerus\maps\residentevil7part1.prt
 171 portalclusters
 544 numportals
0...1...2...3...4...5...6...7...8...9...10Optimized: 1424 visible clusters (0.00%)
Total clusters visible: 25126
Average clusters visible: 146
Building PAS...
Average clusters audible: 171
visdatasize:8854  compressed from 8208
writing c:\program files (x86)\steam\steamapps\sourcemods\desertparablerus\maps\residentevil7part1.bsp
0 seconds elapsed



[Reading texlights from 'lights.rad']
[48 texlights parsed from 'lights.rad']

Loading c:\program files (x86)\steam\steamapps\sourcemods\desertparablerus\maps\residentevil7part1.bsp
Loaded alpha texture materials\models\props_foliage\Urban_Trees_branches03.vtf
391 faces
505178 square feet [72745656.00 square inches]
24 Displacements
69578 Square Feet [10019283.00 Square Inches]
391 patches before subdivision
7641 patches after subdivision
2 direct lights
0...1...2...3...4...5...6...7...8...9...100...1...2...3...4...5...6...7...8...9...10transfers 214711, max 264
transfer lists:   1.6 megs
0...1...2...3...4...5...6...7...8...9...10	Bounce #1 added RGB(1104, 1089, 1006)
0...1...2...3...4...5...6...7...8...9...10	Bounce #2 added RGB(89, 88, 80)
Build Patch/Sample Hash Table(s).....Done<0.0041 sec>
0...1...2...3...4...5...6...7...8...9...10FinalLightFace Done
Computing detail prop lighting : 0...1...2...3...4...5...6...7...8...9...10
0 of 0 (0% of) surface lights went in leaf ambient cubes.
0...1...2...3...4...5...6...7...8...9...10Writing leaf ambient...done
Computing static prop lighting : 00...1...2...3...4...5...6...7...8...9...10
Ready to Finish

Object names       Objects/Maxobjs  Memory / Maxmem  Fullness 
------------       ---------------  ---------------  -------- 
models                   1/4096           48/196608   ( 0.0%) 
brushes                 33/32768         396/393216   ( 0.1%) 
brushsides             278/65536        2224/524288   ( 0.4%) 
planes                 322/65536        6440/1310720  ( 0.5%) 
vertexes               587/65536        7044/786432   ( 0.9%) 
nodes                  297/65536        9504/2097152  ( 0.5%) 
texinfos                46/12288        3312/884736   ( 0.4%) 
texdata                 15/2048          480/65536    ( 0.7%) 
dispinfos               24/0            4224/0        ( 0.0%) 
disp_verts            1944/0           38880/0        ( 0.0%) 
disp_tris             3072/0            6144/0        ( 0.0%) 
disp_lmsamples      167168/0          167168/0        ( 0.0%) 
faces                  391/65536       21896/3670016  ( 0.6%) 
hdr faces              391/65536       21896/3670016  ( 0.6%) 
origfaces              152/65536        8512/3670016  ( 0.2%) 
leaves                 299/65536        9568/2097152  ( 0.5%) 
leaffaces              437/65536         874/131072   ( 0.7%) 
leafbrushes            170/65536         340/131072   ( 0.3%) 
areas                    2/1024           16/8192     ( 0.2%) 
surfedges             2326/512000       9304/2048000  ( 0.5%) 
edges                 1374/256000       5496/1024000  ( 0.5%) 
LDR worldlights          0/16384           0/1441792  ( 0.0%) 
HDR worldlights          2/16384         176/1441792  ( 0.0%) 
leafwaterdata            1/32768          12/393216   ( 0.0%) 
waterstrips             29/131072        290/1310720  ( 0.0%) 
waterverts               0/131072          0/1572864  ( 0.0%) 
waterindices           522/131072       1044/262144   ( 0.4%) 
cubemapsamples           0/1024            0/16384    ( 0.0%) 
overlays                 4/1024         1408/360448   ( 0.4%) 
LDR lightdata         [variable]           0/0        ( 0.0%) 
HDR lightdata         [variable]      244928/0        ( 0.0%) 
visdata               [variable]        8854/16777216 ( 0.1%) 
entdata               [variable]         967/393216   ( 0.2%) 
LDR ambient table      299/65536        1196/262144   ( 0.5%) 
HDR ambient table      299/65536        1196/262144   ( 0.5%) 
LDR leaf ambient       299/65536        8372/1835008  ( 0.5%) 
HDR leaf ambient      1221/65536       34188/1835008  ( 1.9%) 
occluders                0/0               0/0        ( 0.0%) 
occluder polygons        0/0               0/0        ( 0.0%) 
occluder vert ind        0/0               0/0        ( 0.0%) 
detail props          [variable]           1/476      ( 0.2%) 
dtl prp lght          [variable]           1/4        (25.0%) 
HDR dtl prp lght      [variable]           1/4        (25.0%) 
static props          [variable]           1/1082     ( 0.1%) 
pakfile               [variable]      209574/0        ( 0.0%) 
physics               [variable]       14795/4194304  ( 0.4%) 
physics terrain       [variable]        1806/1048576  ( 0.2%) 

Level flags = 2

Total triangle count: 948
Writing c:\program files (x86)\steam\steamapps\sourcemods\desertparablerus\maps\residentevil7part1.bsp
7 seconds elapsed



materialPath: C:\Program Files (x86)\Steam\steamapps\sourcemods\desertparablerus\materials
Loading c:\program files (x86)\steam\steamapps\sourcemods\desertparablerus\maps\residentevil7part1.vmf
Map revision 7
Could not locate 'GameData' key in c:\program files (x86)\steam\steamapps\sourcemods\desertparablerus\gameinfo.txt
Patching WVT material: maps/residentevil7part1/nature/blendrockdirt007d_wvt_patch
fixing up env_cubemap materials on brush sides...
0...1...2...3...4...5...6...7...8...9...10**** leaked ****
Entity prop_static (746.00 -2051.00 -62.47) leaked!
--- MAP LEAKED ---



8 threads
reading c:\program files (x86)\steam\steamapps\sourcemods\desertparablerus\maps\residentevil7part1.bsp
reading c:\program files (x86)\steam\steamapps\sourcemods\desertparablerus\maps\residentevil7part1.prt
LoadPortals: couldn't read c:\program files (x86)\steam\steamapps\sourcemods\desertparablerus\maps\residentevil7part1.prt



materialPath: C:\Program Files (x86)\Steam\steamapps\sourcemods\desertparablerus\materials
Loading c:\program files (x86)\steam\steamapps\sourcemods\desertparablerus\maps\residentevil7part1.vmf
Map revision 8
Could not locate 'GameData' key in c:\program files (x86)\steam\steamapps\sourcemods\desertparablerus\gameinfo.txt
Patching WVT material: maps/residentevil7part1/nature/blendrockdirt007d_wvt_patch
fixing up env_cubemap materials on brush sides...
0...1...2...3...4...5...6...7...8...9...10**** leaked ****
Entity prop_static (-88.00 -22.00 -127.00) leaked!
--- MAP LEAKED ---



8 threads
reading c:\program files (x86)\steam\steamapps\sourcemods\desertparablerus\maps\residentevil7part1.bsp
reading c:\program files (x86)\steam\steamapps\sourcemods\desertparablerus\maps\residentevil7part1.prt
LoadPortals: couldn't read c:\program files (x86)\steam\steamapps\sourcemods\desertparablerus\maps\residentevil7part1.prt



materialPath: C:\Program Files (x86)\Steam\steamapps\sourcemods\desertparablerus\materials
Loading c:\program files (x86)\steam\steamapps\sourcemods\desertparablerus\maps\residentevil7part1.vmf
Map revision 9
Could not locate 'GameData' key in c:\program files (x86)\steam\steamapps\sourcemods\desertparablerus\gameinfo.txt
Patching WVT material: maps/residentevil7part1/nature/blendrockdirt007d_wvt_patch
fixing up env_cubemap materials on brush sides...
0...1...2...3...4...5...6...7...8...9...100...1...2...3...4...5...6...7...8...9...10Processing areas...done (0)
Building Faces...done (0)
FixTjuncs...
PruneNodes...
WriteBSP...
done (0)
writing c:\program files (x86)\steam\steamapps\sourcemods\desertparablerus\maps\residentevil7part1.prt...Building visibility clusters...
done (0)
Finding displacement neighbors...
Found a displacement edge abutting multiple other edges.
Finding lightmap sample positions...
Displacement Alpha : 0...1...2...3...4...5...6...7...8...9...10
Building Physics collision data...
done (0) (14891 bytes)
Placing detail props : 0...1...2...3...4...5...6...7...8...9...10
Water found with no water_lod_control entity, creating a default one.
Compacting texture/material tables...
Reduced 80 texinfos to 46
Reduced 19 texdatas to 15 (548 bytes to 406)
Writing c:\program files (x86)\steam\steamapps\sourcemods\desertparablerus\maps\residentevil7part1.bsp
1 second elapsed



8 threads
reading c:\program files (x86)\steam\steamapps\sourcemods\desertparablerus\maps\residentevil7part1.bsp
reading c:\program files (x86)\steam\steamapps\sourcemods\desertparablerus\maps\residentevil7part1.prt
 226 portalclusters
 703 numportals
0...1...2...3...4...5...6...7...8...9...10Optimized: 1608 visible clusters (0.00%)
Total clusters visible: 46319
Average clusters visible: 204
Building PAS...
Average clusters audible: 226
visdatasize:14858  compressed from 14464
writing c:\program files (x86)\steam\steamapps\sourcemods\desertparablerus\maps\residentevil7part1.bsp
0 seconds elapsed



[Reading texlights from 'lights.rad']
[48 texlights parsed from 'lights.rad']

Loading c:\program files (x86)\steam\steamapps\sourcemods\desertparablerus\maps\residentevil7part1.bsp
Loaded alpha texture materials\models\props_foliage\Urban_Trees_branches02_mip0.vtf
Loaded alpha texture materials\models\props_foliage\Urban_Trees_branches03.vtf
480 faces
1006916 square feet [144995920.00 square inches]
24 Displacements
69578 Square Feet [10019283.00 Square Inches]
480 patches before subdivision
7744 patches after subdivision
2 direct lights
0...1...2...3...4...5...6...7...8...9..


materialPath: C:\Program Files (x86)\Steam\steamapps\sourcemods\desertparablerus\materials
Loading C:\Program Files (x86)\Steam\steamapps\sourcemods\desertparablerus\maps\residentevil7part1.vmf
Map revision 9
Could not locate 'GameData' key in c:\program files (x86)\steam\steamapps\sourcemods\desertparablerus\gameinfo.txt
Patching WVT material: maps/residentevil7part1/nature/blendrockdirt007d_wvt_patch
fixing up env_cubemap materials on brush sides...
0...1...2...3...4...5...6...7...8...9...100...1...2...3...4...5...6...7...8...9...10Processing areas...done (0)
Building Faces...done (0)
FixTjuncs...
PruneNodes...
WriteBSP...
done (0)
writing C:\Program Files (x86)\Steam\steamapps\sourcemods\desertparablerus\maps\residentevil7part1.prt...Building visibility clusters...
done (0)
Finding displacement neighbors...
Found a displacement edge abutting multiple other edges.
Finding lightmap sample positions...
Displacement Alpha : 0...1...2...3...4...5...6...7...8...9...10
Building Physics collision data...
done (0) (14891 bytes)
Placing detail props : 0...1...2...3...4...5...6...7...8...9...10
Water found with no water_lod_control entity, creating a default one.
Compacting texture/material tables...
Reduced 80 texinfos to 46
Reduced 19 texdatas to 15 (548 bytes to 406)
Writing C:\Program Files (x86)\Steam\steamapps\sourcemods\desertparablerus\maps\residentevil7part1.bsp
1 second elapsed



8 threads
reading c:\program files (x86)\steam\steamapps\sourcemods\desertparablerus\maps\residentevil7part1.bsp
reading c:\program files (x86)\steam\steamapps\sourcemods\desertparablerus\maps\residentevil7part1.prt
 226 portalclusters
 703 numportals
0...1...2...3...4...5...6...7...8...9...10Optimized: 1608 visible clusters (0.00%)
Total clusters visible: 46319
Average clusters visible: 204
Building PAS...
Average clusters audible: 226
visdatasize:14858  compressed from 14464
writing c:\program files (x86)\steam\steamapps\sourcemods\desertparablerus\maps\residentevil7part1.bsp
0 seconds elapsed



materialPath: C:\Program Files (x86)\Steam\steamapps\sourcemods\desertparablerus\materials
Loading C:\Program Files (x86)\Steam\steamapps\sourcemods\desertparablerus\maps\residentevil7part1.vmf
Map revision 10
Could not locate 'GameData' key in c:\program files (x86)\steam\steamapps\sourcemods\desertparablerus\gameinfo.txt
Patching WVT material: maps/residentevil7part1/nature/blendrockdirt007d_wvt_patch
fixing up env_cubemap materials on brush sides...
0...1...2...3...4...5...6...7...8...9...10**** leaked ****
Entity prop_static (1520.88 -574.06 -274.83) leaked!
--- MAP LEAKED ---



8 threads
reading c:\program files (x86)\steam\steamapps\sourcemods\desertparablerus\maps\residentevil7part1.bsp
reading c:\program files (x86)\steam\steamapps\sourcemods\desertparablerus\maps\residentevil7part1.prt
LoadPortals: couldn't read c:\program files (x86)\steam\steamapps\sourcemods\desertparablerus\maps\residentevil7part1.prt



materialPath: C:\Program Files (x86)\Steam\steamapps\sourcemods\desertparablerus\materials
Loading C:\Program Files (x86)\Steam\steamapps\sourcemods\desertparablerus\maps\residentevil7part1.vmf
Map revision 11
Could not locate 'GameData' key in c:\program files (x86)\steam\steamapps\sourcemods\desertparablerus\gameinfo.txt
Patching WVT material: maps/residentevil7part1/nature/blendrockdirt007d_wvt_patch
fixing up env_cubemap materials on brush sides...
0...1...2...3...4...5...6...7...8...9...100...1...2...3...4...5...6...7...8...9...10Processing areas...done (0)
Building Faces...done (0)
FixTjuncs...
PruneNodes...
WriteBSP...
done (0)
writing C:\Program Files (x86)\Steam\steamapps\sourcemods\desertparablerus\maps\residentevil7part1.prt...Building visibility clusters...
done (0)
Finding displacement neighbors...
Found a displacement edge abutting multiple other edges.
Finding lightmap sample positions...
Displacement Alpha : 0...1...2...3...4...5...6...7...8...9...10
Building Physics collision data...
done (0) (16573 bytes)
Placing detail props : 0...1...2...3...4...5...6...7...8...9...10
Water found with no water_lod_control entity, creating a default one.
Compacting texture/material tables...
Reduced 98 texinfos to 51
Reduced 22 texdatas to 18 (609 bytes to 467)
Writing C:\Program Files (x86)\Steam\steamapps\sourcemods\desertparablerus\maps\residentevil7part1.bsp
2 seconds elapsed



8 threads
reading c:\program files (x86)\steam\steamapps\sourcemods\desertparablerus\maps\residentevil7part1.bsp
reading c:\program files (x86)\steam\steamapps\sourcemods\desertparablerus\maps\residentevil7part1.prt
 229 portalclusters
 700 numportals
0...1...2...3...4...5...6...7...8...9...10Optimized: 1584 visible clusters (0.00%)
Total clusters visible: 47170
Average clusters visible: 205
Building PAS...
Average clusters audible: 229
visdatasize:15135  compressed from 14656
writing c:\program files (x86)\steam\steamapps\sourcemods\desertparablerus\maps\residentevil7part1.bsp
0 seconds elapsed



materialPath: C:\Program Files (x86)\Steam\steamapps\sourcemods\desertparablerus\materials
Loading C:\Program Files (x86)\Steam\steamapps\sourcemods\desertparablerus\maps\residentevil7part1.vmf
Map revision 13
Could not locate 'GameData' key in c:\program files (x86)\steam\steamapps\sourcemods\desertparablerus\gameinfo.txt
Patching WVT material: maps/residentevil7part1/nature/blendrockdirt007d_wvt_patch
fixing up env_cubemap materials on brush sides...
0...1...2...3...4...5...6...7...8...9...100...1...2...3...4...5...6...7...8...9...10Processing areas...done (0)
Building Faces...done (0)
FixTjuncs...
PruneNodes...
WriteBSP...
done (0)
writing C:\Program Files (x86)\Steam\steamapps\sourcemods\desertparablerus\maps\residentevil7part1.prt...Building visibility clusters...
done (0)
Finding displacement neighbors...
Found a displacement edge abutting multiple other edges.
Finding lightmap sample positions...
Displacement Alpha : 0...1...2...3...4...5...6...7...8...9...10
Building Physics collision data...
done (0) (18316 bytes)
Placing detail props : 0...1...2...3...4...5...6...7...8...9...10
Water found with no water_lod_control entity, creating a default one.
Compacting texture/material tables...
Reduced 120 texinfos to 57
Reduced 23 texdatas to 18 (693 bytes to 467)
Writing C:\Program Files (x86)\Steam\steamapps\sourcemods\desertparablerus\maps\residentevil7part1.bsp
1 second elapsed



8 threads
reading c:\program files (x86)\steam\steamapps\sourcemods\desertparablerus\maps\residentevil7part1.bsp
reading c:\program files (x86)\steam\steamapps\sourcemods\desertparablerus\maps\residentevil7part1.prt
 239 portalclusters
 746 numportals
0...1...2...3...4...5...6...7...8...9...10Optimized: 1602 visible clusters (0.00%)
Total clusters visible: 51708
Average clusters visible: 216
Building PAS...
Average clusters audible: 239
visdatasize:16224  compressed from 15296
writing c:\program files (x86)\steam\steamapps\sourcemods\desertparablerus\maps\residentevil7part1.bsp
0 seconds elapsed



materialPath: C:\Program Files (x86)\Steam\steamapps\sourcemods\desertparablerus\materials
Loading C:\Program Files (x86)\Steam\steamapps\sourcemods\desertparablerus\maps\residentevil7part1.vmf
Map revision 14
Could not locate 'GameData' key in c:\program files (x86)\steam\steamapps\sourcemods\desertparablerus\gameinfo.txt
Patching WVT material: maps/residentevil7part1/nature/blendrockdirt007d_wvt_patch
fixing up env_cubemap materials on brush sides...
0...1...2...3...4...5...6...7...8...9...100...1...2...3...4...5...6...7...8...9...10Processing areas...done (0)
Building Faces...done (0)
FixTjuncs...
PruneNodes...
WriteBSP...
done (0)
writing C:\Program Files (x86)\Steam\steamapps\sourcemods\desertparablerus\maps\residentevil7part1.prt...Building visibility clusters...
done (0)
Finding displacement neighbors...
Found a displacement edge abutting multiple other edges.
Finding lightmap sample positions...
Displacement Alpha : 0...1...2...3...4...5...6...7...8...9...10
Building Physics collision data...
done (0) (18316 bytes)
Placing detail props : 0...1...2...3...4...5...6...7...8...9...10
Water found with no water_lod_control entity, creating a default one.
Compacting texture/material tables...
Reduced 120 texinfos to 57
Reduced 23 texdatas to 18 (693 bytes to 467)
Writing C:\Program Files (x86)\Steam\steamapps\sourcemods\desertparablerus\maps\residentevil7part1.bsp
1 second elapsed



8 threads
reading c:\program files (x86)\steam\steamapps\sourcemods\desertparablerus\maps\residentevil7part1.bsp
reading c:\program files (x86)\steam\steamapps\sourcemods\desertparablerus\maps\residentevil7part1.prt
 239 portalclusters
 746 numportals
0...1...2...3...4...5...6...7...8...9...10Optimized: 1602 visible clusters (0.00%)
Total clusters visible: 51708
Average clusters visible: 216
Building PAS...
Average clusters audible: 239
visdatasize:16224  compressed from 15296
writing c:\program files (x86)\steam\steamapps\sourcemods\desertparablerus\maps\residentevil7part1.bsp
0 seconds elapsed



materialPath: C:\Program Files (x86)\Steam\steamapps\sourcemods\desertparablerus\materials
Loading C:\Program Files (x86)\Steam\steamapps\sourcemods\desertparablerus\maps\residentevil7part1.vmf
Map revision 15
Could not locate 'GameData' key in c:\program files (x86)\steam\steamapps\sourcemods\desertparablerus\gameinfo.txt
Patching WVT material: maps/residentevil7part1/nature/blendrockdirt007d_wvt_patch
fixing up env_cubemap materials on brush sides...
0...1...2...3...4...5...6...7...8...9...100...1...2...3...4...5...6...7...8...9...10Processing areas...done (0)
Building Faces...done (0)
FixTjuncs...
PruneNodes...
WriteBSP...
done (0)
writing C:\Program Files (x86)\Steam\steamapps\sourcemods\desertparablerus\maps\residentevil7part1.prt...Building visibility clusters...
done (0)
Finding displacement neighbors...
Found a displacement edge abutting multiple other edges.
Finding lightmap sample positions...
Displacement Alpha : 0...1...2...3...4...5...6...7...8...9...10
Building Physics collision data...
done (0) (18316 bytes)
Placing detail props : 0...1...2...3...4...5...6...7...8...9...10
Water found with no water_lod_control entity, creating a default one.
Compacting texture/material tables...
Reduced 120 texinfos to 57
Reduced 23 texdatas to 18 (693 bytes to 467)
Writing C:\Program Files (x86)\Steam\steamapps\sourcemods\desertparablerus\maps\residentevil7part1.bsp
1 second elapsed



8 threads
reading c:\program files (x86)\steam\steamapps\sourcemods\desertparablerus\maps\residentevil7part1.bsp
reading c:\program files (x86)\steam\steamapps\sourcemods\desertparablerus\maps\residentevil7part1.prt
 239 portalclusters
 746 numportals
0...1...2...3...4...5...6...7...8...9...10Optimized: 1602 visible clusters (0.00%)
Total clusters visible: 51708
Average clusters visible: 216
Building PAS...
Average clusters audible: 239
visdatasize:16224  compressed from 15296
writing c:\program files (x86)\steam\steamapps\sourcemods\desertparablerus\maps\residentevil7part1.bsp
0 seconds elapsed



materialPath: C:\Program Files (x86)\Steam\steamapps\sourcemods\desertparablerus\materials
Loading C:\Program Files (x86)\Steam\steamapps\sourcemods\desertparablerus\maps\residentevil7part1.vmf
Map revision 16
Could not locate 'GameData' key in c:\program files (x86)\steam\steamapps\sourcemods\desertparablerus\gameinfo.txt
Patching WVT material: maps/residentevil7part1/nature/blendrockdirt007d_wvt_patch
fixing up env_cubemap materials on brush sides...
0...1...2...3...4...5...6...7...8...9...100...1...2...3...4...5...6...7...8...9...10Processing areas...done (0)
Building Faces...done (0)
FixTjuncs...
PruneNodes...
WriteBSP...
done (0)
writing C:\Program Files (x86)\Steam\steamapps\sourcemods\desertparablerus\maps\residentevil7part1.prt...Building visibility clusters...
done (0)
Finding displacement neighbors...
Found a displacement edge abutting multiple other edges.
Finding lightmap sample positions...
Displacement Alpha : 0...1...2...3...4...5...6...7...8...9...10
Building Physics collision data...
done (0) (18316 bytes)
Placing detail props : 0...1...2...3...4...5...6...7...8...9...10
Water found with no water_lod_control entity, creating a default one.
Compacting texture/material tables...
Reduced 120 texinfos to 57
Reduced 23 texdatas to 18 (693 bytes to 467)
Writing C:\Program Files (x86)\Steam\steamapps\sourcemods\desertparablerus\maps\residentevil7part1.bsp
1 second elapsed



8 threads
reading c:\program files (x86)\steam\steamapps\sourcemods\desertparablerus\maps\residentevil7part1.bsp
reading c:\program files (x86)\steam\steamapps\sourcemods\desertparablerus\maps\residentevil7part1.prt
 239 portalclusters
 746 numportals
0...1...2...3...4...5...6...7...8...9...10Optimized: 1602 visible clusters (0.00%)
Total clusters visible: 51708
Average clusters visible: 216
Building PAS...
Average clusters audible: 239
visdatasize:16224  compressed from 15296
writing c:\program files (x86)\steam\steamapps\sourcemods\desertparablerus\maps\residentevil7part1.bsp
0 seconds elapsed



materialPath: C:\Program Files (x86)\Steam\steamapps\sourcemods\desertparablerus\materials
Loading C:\Program Files (x86)\Steam\steamapps\sourcemods\desertparablerus\maps\residentevil7part1.vmf
Map revision 17
Could not locate 'GameData' key in c:\program files (x86)\steam\steamapps\sourcemods\desertparablerus\gameinfo.txt
Patching WVT material: maps/residentevil7part1/nature/blendrockdirt007d_wvt_patch
fixing up env_cubemap materials on brush sides...
0...1...2...3...4...5...6...7...8...9...100...1...2...3...4...5...6...7...8...9...10Processing areas...done (0)
Building Faces...done (0)
FixTjuncs...
PruneNodes...
WriteBSP...
done (0)
writing C:\Program Files (x86)\Steam\steamapps\sourcemods\desertparablerus\maps\residentevil7part1.prt...Building visibility clusters...
done (0)
Finding displacement neighbors...
Found a displacement edge abutting multiple other edges.
Finding lightmap sample positions...
Displacement Alpha : 0...1...2...3...4...5...6...7...8...9...10
Building Physics collision data...
done (0) (18316 bytes)
Placing detail props : 0...1...2...3...4...5...6...7...8...9...10
Water found with no water_lod_control entity, creating a default one.
Compacting texture/material tables...
Reduced 120 texinfos to 57
Reduced 23 texdatas to 18 (693 bytes to 467)
Writing C:\Program Files (x86)\Steam\steamapps\sourcemods\desertparablerus\maps\residentevil7part1.bsp
1 second elapsed



8 threads
reading c:\program files (x86)\steam\steamapps\sourcemods\desertparablerus\maps\residentevil7part1.bsp
reading c:\program files (x86)\steam\steamapps\sourcemods\desertparablerus\maps\residentevil7part1.prt
 239 portalclusters
 746 numportals
0...1...2...3...4...5...6...7...8...9...10Optimized: 1602 visible clusters (0.00%)
Total clusters visible: 51708
Average clusters visible: 216
Building PAS...
Average clusters audible: 239
visdatasize:16224  compressed from 15296
writing c:\program files (x86)\steam\steamapps\sourcemods\desertparablerus\maps\residentevil7part1.bsp
0 seconds elapsed



materialPath: C:\Program Files (x86)\Steam\steamapps\sourcemods\desertparablerus\materials
Loading C:\Program Files (x86)\Steam\steamapps\sourcemods\desertparablerus\maps\residentevil7part1.vmf
Map revision 18
Could not locate 'GameData' key in c:\program files (x86)\steam\steamapps\sourcemods\desertparablerus\gameinfo.txt
Patching WVT material: maps/residentevil7part1/nature/blendrockdirt007d_wvt_patch
fixing up env_cubemap materials on brush sides...
0...1...2...3...4...5...6...7...8...9...100...1...2...3...4...5...6...7...8...9...10Processing areas...done (0)
Building Faces...done (0)
FixTjuncs...
PruneNodes...
WriteBSP...
done (0)
writing C:\Program Files (x86)\Steam\steamapps\sourcemods\desertparablerus\maps\residentevil7part1.prt...Building visibility clusters...
done (0)
Finding displacement neighbors...
Found a displacement edge abutting multiple other edges.
Finding lightmap sample positions...
Displacement Alpha : 0...1...2...3...4...5...6...7...8...9...10
Building Physics collision data...
done (0) (18316 bytes)
Placing detail props : 0...1...2...3...4...5...6...7...8...9...10
Water found with no water_lod_control entity, creating a default one.
Compacting texture/material tables...
Reduced 123 texinfos to 57
Reduced 23 texdatas to 18 (693 bytes to 467)
Writing C:\Program Files (x86)\Steam\steamapps\sourcemods\desertparablerus\maps\residentevil7part1.bsp
1 second elapsed



8 threads
reading c:\program files (x86)\steam\steamapps\sourcemods\desertparablerus\maps\residentevil7part1.bsp
reading c:\program files (x86)\steam\steamapps\sourcemods\desertparablerus\maps\residentevil7part1.prt
 239 portalclusters
 746 numportals
0...1...2...3...4...5...6...7...8...9...10Optimized: 1602 visible clusters (0.00%)
Total clusters visible: 51708
Average clusters visible: 216
Building PAS...
Average clusters audible: 239
visdatasize:16224  compressed from 15296
writing c:\program files (x86)\steam\steamapps\sourcemods\desertparablerus\maps\residentevil7part1.bsp
0 seconds elapsed



materialPath: C:\Program Files (x86)\Steam\steamapps\sourcemods\desertparablerus\materials
Loading C:\Program Files (x86)\Steam\steamapps\sourcemods\desertparablerus\maps\residentevil7part1.vmf
Map revision 19
Could not locate 'GameData' key in c:\program files (x86)\steam\steamapps\sourcemods\desertparablerus\gameinfo.txt
Patching WVT material: maps/residentevil7part1/nature/blendrockdirt007d_wvt_patch
fixing up env_cubemap materials on brush sides...
0...1...2...3...4...5...6...7...8...9...100...1...2...3...4...5...6...7...8...9...10Processing areas...done (0)
Building Faces...done (0)
FixTjuncs...
PruneNodes...
WriteBSP...
done (0)
writing C:\Program Files (x86)\Steam\steamapps\sourcemods\desertparablerus\maps\residentevil7part1.prt...Building visibility clusters...
done (0)
Finding displacement neighbors...
Found a displacement edge abutting multiple other edges.
Finding lightmap sample positions...
Displacement Alpha : 0...1...2...3...4...5...6...7...8...9...10
Building Physics collision data...
done (0) (18316 bytes)
Placing detail props : 0...1...2...3...4...5...6...7...8...9...10
Water found with no water_lod_control entity, creating a default one.
Compacting texture/material tables...
Reduced 123 texinfos to 57
Reduced 23 texdatas to 18 (693 bytes to 467)
Writing C:\Program Files (x86)\Steam\steamapps\sourcemods\desertparablerus\maps\residentevil7part1.bsp
1 second elapsed



8 threads
reading c:\program files (x86)\steam\steamapps\sourcemods\desertparablerus\maps\residentevil7part1.bsp
reading c:\program files (x86)\steam\steamapps\sourcemods\desertparablerus\maps\residentevil7part1.prt
 239 portalclusters
 746 numportals
0...1...2...3...4...5...6...7...8...9...10Optimized: 1602 visible clusters (0.00%)
Total clusters visible: 51708
Average clusters visible: 216
Building PAS...
Average clusters audible: 239
visdatasize:16224  compressed from 15296
writing c:\program files (x86)\steam\steamapps\sourcemods\desertparablerus\maps\residentevil7part1.bsp
0 seconds elapsed



materialPath: C:\Program Files (x86)\Steam\steamapps\sourcemods\desertparablerus\materials
Loading C:\Program Files (x86)\Steam\steamapps\sourcemods\desertparablerus\maps\residentevil7part1.vmf
Map revision 20
Could not locate 'GameData' key in c:\program files (x86)\steam\steamapps\sourcemods\desertparablerus\gameinfo.txt
Patching WVT material: maps/residentevil7part1/nature/blendrockdirt007d_wvt_patch
fixing up env_cubemap materials on brush sides...
0...1...2...3...4...5...6...7...8...9...100...1...2...3...4...5...6...7...8...9...10Processing areas...done (0)
Building Faces...done (0)
FixTjuncs...
PruneNodes...
WriteBSP...
done (0)
writing C:\Program Files (x86)\Steam\steamapps\sourcemods\desertparablerus\maps\residentevil7part1.prt...Building visibility clusters...
done (0)
Finding displacement neighbors...
Found a displacement edge abutting multiple other edges.
Finding lightmap sample positions...
Displacement Alpha : 0...1...2...3...4...5...6...7...8...9...10
Building Physics collision data...
done (0) (18316 bytes)
Placing detail props : 0...1...2...3...4...5...6...7...8...9...10
Water found with no water_lod_control entity, creating a default one.
Compacting texture/material tables...
Reduced 123 texinfos to 57
Reduced 23 texdatas to 18 (693 bytes to 467)
Writing C:\Program Files (x86)\Steam\steamapps\sourcemods\desertparablerus\maps\residentevil7part1.bsp
1 second elapsed



8 threads
reading c:\program files (x86)\steam\steamapps\sourcemods\desertparablerus\maps\residentevil7part1.bsp
reading c:\program files (x86)\steam\steamapps\sourcemods\desertparablerus\maps\residentevil7part1.prt
 239 portalclusters
 746 numportals
0...1...2...3...4...5...6...7...8...9...10Optimized: 1602 visible clusters (0.00%)
Total clusters visible: 51708
Average clusters visible: 216
Building PAS...
Average clusters audible: 239
visdatasize:16224  compressed from 15296
writing c:\program files (x86)\steam\steamapps\sourcemods\desertparablerus\maps\residentevil7part1.bsp
0 seconds elapsed



materialPath: C:\Program Files (x86)\Steam\steamapps\sourcemods\desertparablerus\materials
Loading C:\Program Files (x86)\Steam\steamapps\sourcemods\desertparablerus\maps\residentevil7part1.vmf
Map revision 21
Could not locate 'GameData' key in c:\program files (x86)\steam\steamapps\sourcemods\desertparablerus\gameinfo.txt
Patching WVT material: maps/residentevil7part1/nature/blendrockdirt007d_wvt_patch
fixing up env_cubemap materials on brush sides...
0...1...2...3...4...5...6...7...8...9...100...1...2...3...4...5...6...7...8...9...10Processing areas...done (0)
Building Faces...done (0)
FixTjuncs...
PruneNodes...
WriteBSP...
done (0)
writing C:\Program Files (x86)\Steam\steamapps\sourcemods\desertparablerus\maps\residentevil7part1.prt...Building visibility clusters...
done (0)
Finding displacement neighbors...
Found a displacement edge abutting multiple other edges.
Finding lightmap sample positions...
Displacement Alpha : 0...1...2...3...4...5...6...7...8...9...10
Building Physics collision data...
done (0) (18316 bytes)
Placing detail props : 0...1...2...3...4...5...6...7...8...9...10
Water found with no water_lod_control entity, creating a default one.
Compacting texture/material tables...
Reduced 123 texinfos to 57
Reduced 23 texdatas to 18 (693 bytes to 467)
Writing C:\Program Files (x86)\Steam\steamapps\sourcemods\desertparablerus\maps\residentevil7part1.bsp
1 second elapsed



8 threads
reading c:\program files (x86)\steam\steamapps\sourcemods\desertparablerus\maps\residentevil7part1.bsp
reading c:\program files (x86)\steam\steamapps\sourcemods\desertparablerus\maps\residentevil7part1.prt
 239 portalclusters
 746 numportals
0...1...2...3...4...5...6...7...8...9...10Optimized: 1602 visible clusters (0.00%)
Total clusters visible: 51708
Average clusters visible: 216
Building PAS...
Average clusters audible: 239
visdatasize:16224  compressed from 15296
writing c:\program files (x86)\steam\steamapps\sourcemods\desertparablerus\maps\residentevil7part1.bsp
0 seconds elapsed



materialPath: C:\Program Files (x86)\Steam\steamapps\sourcemods\desertparablerus\materials
Loading C:\Program Files (x86)\Steam\steamapps\sourcemods\desertparablerus\maps\residentevil7part1.vmf
Map revision 22
Could not locate 'GameData' key in c:\program files (x86)\steam\steamapps\sourcemods\desertparablerus\gameinfo.txt
Patching WVT material: maps/residentevil7part1/nature/blendrockdirt007d_wvt_patch
fixing up env_cubemap materials on brush sides...
0...1...2...3...4...5...6...7...8...9...100...1...2...3...4...5...6...7...8...9...10Processing areas...done (0)
Building Faces...done (0)
FixTjuncs...
PruneNodes...
WriteBSP...
done (0)
writing C:\Program Files (x86)\Steam\steamapps\sourcemods\desertparablerus\maps\residentevil7part1.prt...Building visibility clusters...
done (0)
Finding displacement neighbors...
Found a displacement edge abutting multiple other edges.
Finding lightmap sample positions...
Displacement Alpha : 0...1...2...3...4...5...6...7...8...9...10
Building Physics collision data...
done (0) (18316 bytes)
Placing detail props : 0...1...2...3...4...5...6...7...8...9...10
Water found with no water_lod_control entity, creating a default one.
Compacting texture/material tables...
Reduced 123 texinfos to 57
Reduced 23 texdatas to 18 (693 bytes to 467)
Writing C:\Program Files (x86)\Steam\steamapps\sourcemods\desertparablerus\maps\residentevil7part1.bsp
1 second elapsed



8 threads
reading c:\program files (x86)\steam\steamapps\sourcemods\desertparablerus\maps\residentevil7part1.bsp
reading c:\program files (x86)\steam\steamapps\sourcemods\desertparablerus\maps\residentevil7part1.prt
 239 portalclusters
 746 numportals
0...1...2...3...4...5...6...7...8...9...10Optimized: 1602 visible clusters (0.00%)
Total clusters visible: 51708
Average clusters visible: 216
Building PAS...
Average clusters audible: 239
visdatasize:16224  compressed from 15296
writing c:\program files (x86)\steam\steamapps\sourcemods\desertparablerus\maps\residentevil7part1.bsp
0 seconds elapsed



materialPath: C:\Program Files (x86)\Steam\steamapps\sourcemods\desertparablerus\materials
Loading C:\Program Files (x86)\Steam\steamapps\sourcemods\desertparablerus\maps\residentevil7part1.vmf
Map revision 23
Could not locate 'GameData' key in c:\program files (x86)\steam\steamapps\sourcemods\desertparablerus\gameinfo.txt
Patching WVT material: maps/residentevil7part1/nature/blendrockdirt007d_wvt_patch
fixing up env_cubemap materials on brush sides...
0...1...2...3...4...5...6...7...8...9...100...1...2...3...4...5...6...7...8...9...10Processing areas...done (0)
Building Faces...done (0)
FixTjuncs...
PruneNodes...
WriteBSP...
done (0)
writing C:\Program Files (x86)\Steam\steamapps\sourcemods\desertparablerus\maps\residentevil7part1.prt...Building visibility clusters...
done (0)
Finding displacement neighbors...
Found a displacement edge abutting multiple other edges.
Finding lightmap sample positions...
Displacement Alpha : 0...1...2...3...4...5...6...7...8...9...10
Building Physics collision data...
done (0) (18316 bytes)
Placing detail props : 0...1...2...3...4...5...6...7...8...9...10
Water found with no water_lod_control entity, creating a default one.
Compacting texture/material tables...
Reduced 123 texinfos to 57
Reduced 23 texdatas to 18 (693 bytes to 467)
Writing C:\Program Files (x86)\Steam\steamapps\sourcemods\desertparablerus\maps\residentevil7part1.bsp
1 second elapsed



8 threads
reading c:\program files (x86)\steam\steamapps\sourcemods\desertparablerus\maps\residentevil7part1.bsp
reading c:\program files (x86)\steam\steamapps\sourcemods\desertparablerus\maps\residentevil7part1.prt
 239 portalclusters
 746 numportals
0...1...2...3...4...5...6...7...8...9...10Optimized: 1602 visible clusters (0.00%)
Total clusters visible: 51708
Average clusters visible: 216
Building PAS...
Average clusters audible: 239
visdatasize:16224  compressed from 15296
writing c:\program files (x86)\steam\steamapps\sourcemods\desertparablerus\maps\residentevil7part1.bsp
0 seconds elapsed



materialPath: C:\Program Files (x86)\Steam\steamapps\sourcemods\desertparablerus\materials
Loading C:\Program Files (x86)\Steam\steamapps\sourcemods\desertparablerus\maps\residentevil7part1.vmf
Map revision 24
Could not locate 'GameData' key in c:\program files (x86)\steam\steamapps\sourcemods\desertparablerus\gameinfo.txt
Patching WVT material: maps/residentevil7part1/nature/blendrockdirt007d_wvt_patch
fixing up env_cubemap materials on brush sides...
0...1...2...3...4...5...6...7...8...9...100...1...2...3...4...5...6...7...8...9...10Processing areas...done (0)
Building Faces...done (0)
FixTjuncs...
PruneNodes...
WriteBSP...
done (0)
writing C:\Program Files (x86)\Steam\steamapps\sourcemods\desertparablerus\maps\residentevil7part1.prt...Building visibility clusters...
done (0)
Finding displacement neighbors...
Found a displacement edge abutting multiple other edges.
Finding lightmap sample positions...
Displacement Alpha : 0...1...2...3...4...5...6...7...8...9...10
Building Physics collision data...
done (0) (18871 bytes)
Placing detail props : 0...1...2...3...4...5...6...7...8...9...10
Water found with no water_lod_control entity, creating a default one.
Compacting texture/material tables...
Reduced 129 texinfos to 60
Reduced 23 texdatas to 18 (693 bytes to 467)
Writing C:\Program Files (x86)\Steam\steamapps\sourcemods\desertparablerus\maps\residentevil7part1.bsp
1 second elapsed



8 threads
reading c:\program files (x86)\steam\steamapps\sourcemods\desertparablerus\maps\residentevil7part1.bsp
reading c:\program files (x86)\steam\steamapps\sourcemods\desertparablerus\maps\residentevil7part1.prt
 239 portalclusters
 746 numportals
0...1...2...3...4...5...6...7...8...9...10Optimized: 1602 visible clusters (0.00%)
Total clusters visible: 51708
Average clusters visible: 216
Building PAS...
Average clusters audible: 239
visdatasize:16224  compressed from 15296
writing c:\program files (x86)\steam\steamapps\sourcemods\desertparablerus\maps\residentevil7part1.bsp
0 seconds elapsed



materialPath: C:\Program Files (x86)\Steam\steamapps\sourcemods\desertparablerus\materials
Loading C:\Program Files (x86)\Steam\steamapps\sourcemods\desertparablerus\maps\residentevil7part1.vmf
Map revision 25
Could not locate 'GameData' key in c:\program files (x86)\steam\steamapps\sourcemods\desertparablerus\gameinfo.txt
Patching WVT material: maps/residentevil7part1/nature/blendrockdirt007d_wvt_patch
fixing up env_cubemap materials on brush sides...
0...1...2...3...4...5...6...7...8...9...100...1...2...3...4...5...6...7...8...9...10Processing areas...done (0)
Building Faces...done (0)
FixTjuncs...
PruneNodes...
WriteBSP...
done (0)
writing C:\Program Files (x86)\Steam\steamapps\sourcemods\desertparablerus\maps\residentevil7part1.prt...Building visibility clusters...
done (0)
Finding displacement neighbors...
Found a displacement edge abutting multiple other edges.
Finding lightmap sample positions...
Displacement Alpha : 0...1...2...3...4...5...6...7...8...9...10
Building Physics collision data...
done (0) (19426 bytes)
Placing detail props : 0...1...2...3...4...5...6...7...8...9...10
Water found with no water_lod_control entity, creating a default one.
Compacting texture/material tables...
Reduced 132 texinfos to 63
Reduced 23 texdatas to 18 (693 bytes to 467)
Writing C:\Program Files (x86)\Steam\steamapps\sourcemods\desertparablerus\maps\residentevil7part1.bsp
1 second elapsed



8 threads
reading c:\program files (x86)\steam\steamapps\sourcemods\desertparablerus\maps\residentevil7part1.bsp
reading c:\program files (x86)\steam\steamapps\sourcemods\desertparablerus\maps\residentevil7part1.prt
 239 portalclusters
 746 numportals
0...1...2...3...4...5...6...7...8...9...10Optimized: 1602 visible clusters (0.00%)
Total clusters visible: 51708
Average clusters visible: 216
Building PAS...
Average clusters audible: 239
visdatasize:16224  compressed from 15296
writing c:\program files (x86)\steam\steamapps\sourcemods\desertparablerus\maps\residentevil7part1.bsp
0 seconds elapsed



materialPath: C:\Program Files (x86)\Steam\steamapps\sourcemods\desertparablerus\materials
Loading C:\Program Files (x86)\Steam\steamapps\sourcemods\desertparablerus\maps\residentevil7part1.vmf
Map revision 28
Could not locate 'GameData' key in c:\program files (x86)\steam\steamapps\sourcemods\desertparablerus\gameinfo.txt
Patching WVT material: maps/residentevil7part1/nature/blendrockdirt007d_wvt_patch
Patching WVT material: maps/residentevil7part1/nature/red_grass_wvt_patch
fixing up env_cubemap materials on brush sides...
0...1...2...3...4...5...6...7...8...9...100...1...2...3...4...5...6...7...8...9...10Processing areas...done (0)
Building Faces...done (0)
FixTjuncs...
PruneNodes...
WriteBSP...
done (0)
writing C:\Program Files (x86)\Steam\steamapps\sourcemods\desertparablerus\maps\residentevil7part1.prt...Building visibility clusters...
done (0)
Finding displacement neighbors...
Found a displacement edge abutting multiple other edges.
Finding lightmap sample positions...
Displacement Alpha : 0...1...2...3...4...5...6...7...8...9...10
Building Physics collision data...
done (0) (28590 bytes)
Error! To use model "models/map10_doors/singledoor.mdl"
      with prop_static, it must be compiled with $staticprop!
Error loading studio model "models/map10_doors/singledoor.mdl"!
Placing detail props : 0...1...2...3...4...5...6...7...8...9.Material NATURE/BLENDDIRTGRASS005A uses unknown detail object type coastline_grass01!
.Material NATURE/BLENDDIRTGRASS005A uses unknown detail object type coastline_grass01!
Material NATURE/BLENDDIRTGRASS005A uses unknown detail object type coastline_grass01!
Material NATURE/BLENDDIRTGRASS005A uses unknown detail object type coastline_grass01!
Material NATURE/BLENDDIRTGRASS005A uses unknown detail object type coastline_grass01!
Material NATURE/BLENDDIRTGRASS005A uses unknown detail object type coastline_grass01!
.10
Water found with no water_lod_control entity, creating a default one.
Compacting texture/material tables...
Reduced 183 texinfos to 93
Reduced 32 texdatas to 24 (1138 bytes to 755)
Writing C:\Program Files (x86)\Steam\steamapps\sourcemods\desertparablerus\maps\residentevil7part1.bsp
2 seconds elapsed



8 threads
reading c:\program files (x86)\steam\steamapps\sourcemods\desertparablerus\maps\residentevil7part1.bsp
reading c:\program files (x86)\steam\steamapps\sourcemods\desertparablerus\maps\residentevil7part1.prt
 236 portalclusters
 800 numportals
0...1...2...3...4...5...6...7...8...9...10Optimized: 1426 visible clusters (0.00%)
Total clusters visible: 50229
Average clusters visible: 212
Building PAS...
Average clusters audible: 236
visdatasize:16020  compressed from 15104
writing c:\program files (x86)\steam\steamapps\sourcemods\desertparablerus\maps\residentevil7part1.bsp
0 seconds elapsed



materialPath: C:\Program Files (x86)\Steam\steamapps\sourcemods\desertparablerus\materials
Loading C:\Program Files (x86)\Steam\steamapps\sourcemods\desertparablerus\maps\residentevil7part1.vmf
Map revision 29
Could not locate 'GameData' key in c:\program files (x86)\steam\steamapps\sourcemods\desertparablerus\gameinfo.txt
Patching WVT material: maps/residentevil7part1/nature/blendrockdirt007d_wvt_patch
Patching WVT material: maps/residentevil7part1/nature/red_grass_wvt_patch
fixing up env_cubemap materials on brush sides...
0...1...2...3...4...5...6...7...8...9...100...1...2...3...4...5...6...7...8...9...10Processing areas...done (0)
Building Faces...done (0)
FixTjuncs...
PruneNodes...
WriteBSP...
done (0)
writing C:\Program Files (x86)\Steam\steamapps\sourcemods\desertparablerus\maps\residentevil7part1.prt...Building visibility clusters...
done (0)
Finding displacement neighbors...
Found a displacement edge abutting multiple other edges.
Finding lightmap sample positions...
Displacement Alpha : 0...1...2...3...4...5...6...7...8...9...10
Building Physics collision data...
done (0) (28590 bytes)
Error! To use model "models/map10_doors/singledoor.mdl"
      with prop_static, it must be compiled with $staticprop!
Error loading studio model "models/map10_doors/singledoor.mdl"!
Placing detail props : 0...1...2...3...4...5...6...7...8...9.Material NATURE/BLENDDIRTGRASS005A uses unknown detail object type coastline_grass01!
.Material NATURE/BLENDDIRTGRASS005A uses unknown detail object type coastline_grass01!
Material NATURE/BLENDDIRTGRASS005A uses unknown detail object type coastline_grass01!
Material NATURE/BLENDDIRTGRASS005A uses unknown detail object type coastline_grass01!
Material NATURE/BLENDDIRTGRASS005A uses unknown detail object type coastline_grass01!
Material NATURE/BLENDDIRTGRASS005A uses unknown detail object type coastline_grass01!
.10
Water found with no water_lod_control entity, creating a default one.
Compacting texture/material tables...
Reduced 183 texinfos to 93
Reduced 32 texdatas to 24 (1138 bytes to 755)
Writing C:\Program Files (x86)\Steam\steamapps\sourcemods\desertparablerus\maps\residentevil7part1.bsp
2 seconds elapsed



8 threads
reading c:\program files (x86)\steam\steamapps\sourcemods\desertparablerus\maps\residentevil7part1.bsp
reading c:\program files (x86)\steam\steamapps\sourcemods\desertparablerus\maps\residentevil7part1.prt
 236 portalclusters
 800 numportals
0...1...2...3...4...5...6...7...8...9...10Optimized: 1426 visible clusters (0.00%)
Total clusters visible: 50229
Average clusters visible: 212
Building PAS...
Average clusters audible: 236
visdatasize:16020  compressed from 15104
writing c:\program files (x86)\steam\steamapps\sourcemods\desertparablerus\maps\residentevil7part1.bsp
0 seconds elapsed



materialPath: C:\Program Files (x86)\Steam\steamapps\sourcemods\desertparablerus\materials
Loading C:\Program Files (x86)\Steam\steamapps\sourcemods\desertparablerus\maps\residentevil7part1.vmf
Map revision 29
Could not locate 'GameData' key in c:\program files (x86)\steam\steamapps\sourcemods\desertparablerus\gameinfo.txt
Patching WVT material: maps/residentevil7part1/nature/blendrockdirt007d_wvt_patch
Patching WVT material: maps/residentevil7part1/nature/red_grass_wvt_patch
fixing up env_cubemap materials on brush sides...
0...1...2...3...4...5...6...7...8...9...100...1...2...3...4...5...6...7...8...9...10Processing areas...done (0)
Building Faces...done (0)
FixTjuncs...
PruneNodes...
WriteBSP...
done (0)
writing C:\Program Files (x86)\Steam\steamapps\sourcemods\desertparablerus\maps\residentevil7part1.prt...Building visibility clusters...
done (0)
Finding displacement neighbors...
Found a displacement edge abutting multiple other edges.
Finding lightmap sample positions...
Displacement Alpha : 0...1...2...3...4...5...6...7...8...9...10
Building Physics collision data...
done (0) (28590 bytes)
Error! To use model "models/map10_doors/singledoor.mdl"
      with prop_static, it must be compiled with $staticprop!
Error loading studio model "models/map10_doors/singledoor.mdl"!
Placing detail props : 0...1...2...3...4...5...6...7...8...9.Material NATURE/BLENDDIRTGRASS005A uses unknown detail object type coastline_grass01!
.Material NATURE/BLENDDIRTGRASS005A uses unknown detail object type coastline_grass01!
Material NATURE/BLENDDIRTGRASS005A uses unknown detail object type coastline_grass01!
Material NATURE/BLENDDIRTGRASS005A uses unknown detail object type coastline_grass01!
Material NATURE/BLENDDIRTGRASS005A uses unknown detail object type coastline_grass01!
Material NATURE/BLENDDIRTGRASS005A uses unknown detail object type coastline_grass01!
.10
Water found with no water_lod_control entity, creating a default one.
Compacting texture/material tables...
Reduced 183 texinfos to 93
Reduced 32 texdatas to 24 (1138 bytes to 755)
Writing C:\Program Files (x86)\Steam\steamapps\sourcemods\desertparablerus\maps\residentevil7part1.bsp
2 seconds elapsed



8 threads
reading c:\program files (x86)\steam\steamapps\sourcemods\desertparablerus\maps\residentevil7part1.bsp
reading c:\program files (x86)\steam\steamapps\sourcemods\desertparablerus\maps\residentevil7part1.prt
 236 portalclusters
 800 numportals
0...1...2...3...4...5...6...7...8...9...10Optimized: 1426 visible clusters (0.00%)
Total clusters visible: 50229
Average clusters visible: 212
Building PAS...
Average clusters audible: 236
visdatasize:16020  compressed from 15104
writing c:\program files (x86)\steam\steamapps\sourcemods\desertparablerus\maps\residentevil7part1.bsp
0 seconds elapsed



[Reading texlights from 'lights.rad']
[48 texlights parsed from 'lights.rad']

Loading c:\program files (x86)\steam\steamapps\sourcemods\desertparablerus\maps\residentevil7part1.bsp
Loaded alpha texture materials\models\props_foliage\Urban_Trees_branches02_mip0.vtf
Loaded alpha texture materials\models\props_foliage\Urban_Trees_branches03.vtf
Loaded alpha texture materials\Models\props_wasteland\fence_alpha.vtf
591 faces
577287 square feet [83129408.00 square inches]
54 Displacements
110531 Square Feet [15916555.00 Square Inches]
591 patches before subdivision
591 patches after subdivision
2 direct lights
0...1...2...3...4...5...6...7...8...9...100...1...2...3...4...5...6...7...8...9...10transfers 7597, max 115
transfer lists:   0.1 megs
0...1...2...3...4...5...6...7...8...9...10	Bounce #1 added RGB(239, 282, 261)
0...1...2...3...4...5...6...7...8...9...10	Bounce #2 added RGB(12, 17, 17)
0...1...2...3...4...5...6...7...8...9...10	Bounce #3 added RGB(1, 2, 2)
0...1...2...3...4...5...6...7...8...9...10	Bounce #4 added RGB(0, 0, 0)
Build Patch/Sample Hash Table(s).....Done<0.0100 sec>
0...1...2...3...4...5...6...7...8...9...10FinalLightFace Done
0 of 0 (0% of) surface lights went in leaf ambient cubes.
0...1...2...3...4...5...6...7...8...9...10Writing leaf ambient...done
Ready to Finish

Object names       Objects/Maxobjs  Memory / Maxmem  Fullness 
------------       ---------------  ---------------  -------- 
models                   9/4096          432/196608   ( 0.2%) 
brushes                 67/32768         804/393216   ( 0.2%) 
brushsides             497/65536        3976/524288   ( 0.8%) 
planes                 616/65536       12320/1310720  ( 0.9%) 
vertexes               900/65536       10800/786432   ( 1.4%) 
nodes                  430/65536       13760/2097152  ( 0.7%) 
texinfos                93/12288        6696/884736   ( 0.8%) 
texdata                 24/2048          768/65536    ( 1.2%) 
dispinfos               54/0            9504/0        ( 0.0%) 
disp_verts            4374/0           87480/0        ( 0.0%) 
disp_tris             6912/0           13824/0        ( 0.0%) 
disp_lmsamples      273328/0          273328/0        ( 0.0%) 
faces                  591/65536       33096/3670016  ( 0.9%) 
hdr faces                0/65536           0/3670016  ( 0.0%) 
origfaces              262/65536       14672/3670016  ( 0.4%) 
leaves                 440/65536       14080/2097152  ( 0.7%) 
leaffaces              660/65536        1320/131072   ( 1.0%) 
leafbrushes            220/65536         440/131072   ( 0.3%) 
areas                    2/1024           16/8192     ( 0.2%) 
surfedges             3674/512000      14696/2048000  ( 0.7%) 
edges                 2141/256000       8564/1024000  ( 0.8%) 
LDR worldlights          2/16384         176/1441792  ( 0.0%) 
HDR worldlights          0/16384           0/1441792  ( 0.0%) 
leafwaterdata            3/32768          36/393216   ( 0.0%) 
waterstrips             44/131072        440/1310720  ( 0.0%) 
waterverts               0/131072          0/1572864  ( 0.0%) 
waterindices           774/131072       1548/262144   ( 0.6%) 
cubemapsamples           5/1024           80/16384    ( 0.5%) 
overlays                 4/1024         1408/360448   ( 0.4%) 
LDR lightdata         [variable]      942828/0        ( 0.0%) 
HDR lightdata         [variable]           0/0        ( 0.0%) 
visdata               [variable]       16020/16777216 ( 0.1%) 
entdata               [variable]        5722/393216   ( 1.5%) 
LDR ambient table      440/65536        1760/262144   ( 0.7%) 
HDR ambient table      440/65536        1760/262144   ( 0.7%) 
LDR leaf ambient      2723/65536       76244/1835008  ( 4.2%) 
HDR leaf ambient       440/65536       12320/1835008  ( 0.7%) 
occluders                1/0              40/0        ( 0.0%) 
occluder polygons        6/0              72/0        ( 0.0%) 
occluder vert ind       24/0              96/0        ( 0.0%) 
detail props          [variable]           1/12       ( 8.3%) 
static props          [variable]           1/16610    ( 0.0%) 
pakfile               [variable]      525199/0        ( 0.0%) 
physics               [variable]       28590/4194304  ( 0.7%) 
physics terrain       [variable]        4138/1048576  ( 0.4%) 

Level flags = 1

Total triangle count: 1460
Writing c:\program files (x86)\steam\steamapps\sourcemods\desertparablerus\maps\residentevil7part1.bsp
53 seconds elapsed



[Reading texlights from 'lights.rad']
[48 texlights parsed from 'lights.rad']

Loading c:\program files (x86)\steam\steamapps\sourcemods\desertparablerus\maps\residentevil7part1.bsp
Loaded alpha texture materials\models\props_foliage\Urban_Trees_branches02_mip0.vtf
Loaded alpha texture materials\models\props_foliage\Urban_Trees_branches03.vtf
Loaded alpha texture materials\Models\props_wasteland\fence_alpha.vtf
591 faces
577287 square feet [83129408.00 square inches]
54 Displacements
110531 Square Feet [15916555.00 Square Inches]
591 patches before subdivision
591 patches after subdivision
2 direct lights
0...1...2...3...4...5...6...7...8...9...100...1...2...3...4...5...6...7...8...9...10transfers 7597, max 115
transfer lists:   0.1 megs
0...1...2...3...4...5...6...7...8...9...10	Bounce #1 added RGB(239, 282, 261)
0...1...2...3...4...5...6...7...8...9...10	Bounce #2 added RGB(12, 17, 17)
0...1...2...3...4...5...6...7...8...9...10	Bounce #3 added RGB(1, 2, 2)
0...1...2...3...4...5...6...7...8...9...10	Bounce #4 added RGB(0, 0, 0)
Build Patch/Sample Hash Table(s).....Done<0.0083 sec>
0...1...2...3...4...5...6...7...8...9...10FinalLightFace Done
0 of 0 (0% of) surface lights went in leaf ambient cubes.
0...1...2...3...4...5...6...7...8...9...10Writing leaf ambient...done
Ready to Finish

Object names       Objects/Maxobjs  Memory / Maxmem  Fullness 
------------       ---------------  ---------------  -------- 
models                   9/4096          432/196608   ( 0.2%) 
brushes                 67/32768         804/393216   ( 0.2%) 
brushsides             497/65536        3976/524288   ( 0.8%) 
planes                 616/65536       12320/1310720  ( 0.9%) 
vertexes               900/65536       10800/786432   ( 1.4%) 
nodes                  430/65536       13760/2097152  ( 0.7%) 
texinfos                93/12288        6696/884736   ( 0.8%) 
texdata                 24/2048          768/65536    ( 1.2%) 
dispinfos               54/0            9504/0        ( 0.0%) 
disp_verts            4374/0           87480/0        ( 0.0%) 
disp_tris             6912/0           13824/0        ( 0.0%) 
disp_lmsamples      273328/0          273328/0        ( 0.0%) 
faces                  591/65536       33096/3670016  ( 0.9%) 
hdr faces              591/65536       33096/3670016  ( 0.9%) 
origfaces              262/65536       14672/3670016  ( 0.4%) 
leaves                 440/65536       14080/2097152  ( 0.7%) 
leaffaces              660/65536        1320/131072   ( 1.0%) 
leafbrushes            220/65536         440/131072   ( 0.3%) 
areas                    2/1024           16/8192     ( 0.2%) 
surfedges             3674/512000      14696/2048000  ( 0.7%) 
edges                 2141/256000       8564/1024000  ( 0.8%) 
LDR worldlights          2/16384         176/1441792  ( 0.0%) 
HDR worldlights          2/16384         176/1441792  ( 0.0%) 
leafwaterdata            3/32768          36/393216   ( 0.0%) 
waterstrips             44/131072        440/1310720  ( 0.0%) 
waterverts               0/131072          0/1572864  ( 0.0%) 
waterindices           774/131072       1548/262144   ( 0.6%) 
cubemapsamples           5/1024           80/16384    ( 0.5%) 
overlays                 4/1024         1408/360448   ( 0.4%) 
LDR lightdata         [variable]      942828/0        ( 0.0%) 
HDR lightdata         [variable]      942828/0        ( 0.0%) 
visdata               [variable]       16020/16777216 ( 0.1%) 
entdata               [variable]        5722/393216   ( 1.5%) 
LDR ambient table      440/65536        1760/262144   ( 0.7%) 
HDR ambient table      440/65536        1760/262144   ( 0.7%) 
LDR leaf ambient      2723/65536       76244/1835008  ( 4.2%) 
HDR leaf ambient      2723/65536       76244/1835008  ( 4.2%) 
occluders                1/0              40/0        ( 0.0%) 
occluder polygons        6/0              72/0        ( 0.0%) 
occluder vert ind       24/0              96/0        ( 0.0%) 
detail props          [variable]           1/12       ( 8.3%) 
static props          [variable]           1/16610    ( 0.0%) 
pakfile               [variable]      525199/0        ( 0.0%) 
physics               [variable]       28590/4194304  ( 0.7%) 
physics terrain       [variable]        4138/1048576  ( 0.4%) 

Level flags = 3

Total triangle count: 1460
Writing c:\program files (x86)\steam\steamapps\sourcemods\desertparablerus\maps\residentevil7part1.bsp
52 seconds elapsed



materialPath: C:\Program Files (x86)\Steam\steamapps\sourcemods\desertparablerus\materials
Loading c:\program files (x86)\steam\steamapps\sourcemods\desertparablerus\maps\residentevil7part1.vmf
Map revision 30
Could not locate 'GameData' key in c:\program files (x86)\steam\steamapps\sourcemods\desertparablerus\gameinfo.txt
Patching WVT material: maps/residentevil7part1/nature/blendrockdirt007d_wvt_patch
Patching WVT material: maps/residentevil7part1/nature/red_grass_wvt_patch
fixing up env_cubemap materials on brush sides...
0...1...2...3...4...5...6...7...8...9...100...1...2...3...4...5...6...7...8...9...10Processing areas...done (0)
Building Faces...done (0)
Chop Details...done (0)
Find Visible Detail Sides...done (0)
Merging details...done (0)
FixTjuncs...
PruneNodes...
WriteBSP...
done (0)
writing c:\program files (x86)\steam\steamapps\sourcemods\desertparablerus\maps\residentevil7part1.prt...Building visibility clusters...
done (0)
Finding displacement neighbors...
Found a displacement edge abutting multiple other edges.
Finding lightmap sample positions...
Displacement Alpha : 0...1...2...3...4...5...6...7...8...9...10
Building Physics collision data...
done (0) (28750 bytes)
Error! To use model "models/map10_doors/singledoor.mdl"
      with prop_static, it must be compiled with $staticprop!
Error loading studio model "models/map10_doors/singledoor.mdl"!
Placing detail props : 0...1...2...3...4...5...6...7...8...9.Material NATURE/BLENDDIRTGRASS005A uses unknown detail object type coastline_grass01!
Material NATURE/BLENDDIRTGRASS005A uses unknown detail object type coastline_grass01!
Material NATURE/BLENDDIRTGRASS005A uses unknown detail object type coastline_grass01!
Material NATURE/BLENDDIRTGRASS005A uses unknown detail object type coastline_grass01!
Material NATURE/BLENDDIRTGRASS005A uses unknown detail object type coastline_grass01!
Material NATURE/BLENDDIRTGRASS005A uses unknown detail object type coastline_grass01!
..10
Water found with no water_lod_control entity, creating a default one.
Compacting texture/material tables...
Reduced 189 texinfos to 93
Reduced 33 texdatas to 25 (1160 bytes to 777)
Writing c:\program files (x86)\steam\steamapps\sourcemods\desertparablerus\maps\residentevil7part1.bsp
2 seconds elapsed



8 threads
reading c:\program files (x86)\steam\steamapps\sourcemods\desertparablerus\maps\residentevil7part1.bsp
reading c:\program files (x86)\steam\steamapps\sourcemods\desertparablerus\maps\residentevil7part1.prt
 233 portalclusters
 792 numportals
0...1...2...3...4...5...6...7...8...9...10Optimized: 1416 visible clusters (0.00%)
Total clusters visible: 48894
Average clusters visible: 209
Building PAS...
Average clusters audible: 233
visdatasize:15767  compressed from 14912
writing c:\program files (x86)\steam\steamapps\sourcemods\desertparablerus\maps\residentevil7part1.bsp
0 seconds elapsed



[Reading texlights from 'lights.rad']
[48 texlights parsed from 'lights.rad']

Loading c:\program files (x86)\steam\steamapps\sourcemods\desertparablerus\maps\residentevil7part1.bsp
Loaded alpha texture materials\models\props_foliage\Urban_Trees_branches02_mip0.vtf
Loaded alpha texture materials\models\props_foliage\Urban_Trees_branches03.vtf
Loaded alpha texture materials\Models\props_wasteland\fence_alpha.vtf
589 faces
577448 square feet [83152576.00 square inches]
54 Displacements
110531 Square Feet [15916555.00 Square Inches]
589 patches before subdivision
15597 patches after subdivision
2 direct lights
0...1...2...3...4...5...6...7...8...9...100...1...2...3...4...5...6...7...8...9...10transfers 261729, max 351
transfer lists:   2.0 megs
0...1...2...3...4...5...6...7...8...9...10	Bounce #1 added RGB(4355, 4264, 3192)
0...1...2...3...4...5...6...7...8...9...10	Bounce #2 added RGB(469, 469, 346)
Build Patch/Sample Hash Table(s).....Done<0.0090 sec>
0...1...2...3...4...5...6...7...8...9...10FinalLightFace Done
0 of 0 (0% of) surface lights went in leaf ambient cubes.
0...1...2...3...4...5...6...7...8...9...10Writing leaf ambient...done
Computing static prop lighting : 00...1...2...3...4...5...6...7...8...9...10
Ready to Finish

Object names       Objects/Maxobjs  Memory / Maxmem  Fullness 
------------       ---------------  ---------------  -------- 
models                  10/4096          480/196608   ( 0.2%) 
brushes                 71/32768         852/393216   ( 0.2%) 
brushsides             522/65536        4176/524288   ( 0.8%) 
planes                 644/65536       12880/1310720  ( 1.0%) 
vertexes               926/65536       11112/786432   ( 1.4%) 
nodes                  431/65536       13792/2097152  ( 0.7%) 
texinfos                93/12288        6696/884736   ( 0.8%) 
texdata                 25/2048          800/65536    ( 1.2%) 
dispinfos               54/0            9504/0        ( 0.0%) 
disp_verts            4374/0           87480/0        ( 0.0%) 
disp_tris             6912/0           13824/0        ( 0.0%) 
disp_lmsamples      273328/0          273328/0        ( 0.0%) 
faces                  589/65536       32984/3670016  ( 0.9%) 
hdr faces              589/65536       32984/3670016  ( 0.9%) 
origfaces              263/65536       14728/3670016  ( 0.4%) 
leaves                 442/65536       14144/2097152  ( 0.7%) 
leaffaces              655/65536        1310/131072   ( 1.0%) 
leafbrushes            245/65536         490/131072   ( 0.4%) 
areas                    2/1024           16/8192     ( 0.2%) 
surfedges             3660/512000      14640/2048000  ( 0.7%) 
edges                 2132/256000       8528/1024000  ( 0.8%) 
LDR worldlights          0/16384           0/1441792  ( 0.0%) 
HDR worldlights          2/16384         176/1441792  ( 0.0%) 
leafwaterdata            3/32768          36/393216   ( 0.0%) 
waterstrips             44/131072        440/1310720  ( 0.0%) 
waterverts               0/131072          0/1572864  ( 0.0%) 
waterindices           780/131072       1560/262144   ( 0.6%) 
cubemapsamples           5/1024           80/16384    ( 0.5%) 
overlays                 4/1024         1408/360448   ( 0.4%) 
LDR lightdata         [variable]           0/0        ( 0.0%) 
HDR lightdata         [variable]      942956/0        ( 0.0%) 
visdata               [variable]       15767/16777216 ( 0.1%) 
entdata               [variable]        5888/393216   ( 1.5%) 
LDR ambient table      442/65536        1768/262144   ( 0.7%) 
HDR ambient table      442/65536        1768/262144   ( 0.7%) 
LDR leaf ambient       442/65536       12376/1835008  ( 0.7%) 
HDR leaf ambient      2676/65536       74928/1835008  ( 4.1%) 
occluders                1/0              40/0        ( 0.0%) 
occluder polygons        6/0              72/0        ( 0.0%) 
occluder vert ind       24/0              96/0        ( 0.0%) 
detail props          [variable]           1/12       ( 8.3%) 
static props          [variable]           1/16600    ( 0.0%) 
pakfile               [variable]     2744403/0        ( 0.0%) 
physics               [variable]       28750/4194304  ( 0.7%) 
physics terrain       [variable]        4138/1048576  ( 0.4%) 

Level flags = 2

Total triangle count: 1446
Writing c:\program files (x86)\steam\steamapps\sourcemods\desertparablerus\maps\residentevil7part1.bsp
1 minute, 16 seconds elapsed



materialPath: C:\Program Files (x86)\Steam\steamapps\sourcemods\desertparablerus\materials
Loading c:\program files (x86)\steam\steamapps\sourcemods\desertparablerus\maps\residentevil7part1.vmf
Map revision 31
Could not locate 'GameData' key in c:\program files (x86)\steam\steamapps\sourcemods\desertparablerus\gameinfo.txt
Patching WVT material: maps/residentevil7part1/nature/blendrockdirt007d_wvt_patch
Patching WVT material: maps/residentevil7part1/nature/red_grass_wvt_patch
fixing up env_cubemap materials on brush sides...
0...1...2...3...4...5...6...7...8...9...100...1...2...3...4...5...6...7...8...9...10Processing areas...done (0)
Building Faces...done (0)
Chop Details...done (0)
Find Visible Detail Sides...done (0)
Merging details...done (0)
FixTjuncs...
PruneNodes...
WriteBSP...
done (0)
writing c:\program files (x86)\steam\steamapps\sourcemods\desertparablerus\maps\residentevil7part1.prt...Building visibility clusters...
done (0)
Finding displacement neighbors...
Found a displacement edge abutting multiple other edges.
Finding lightmap sample positions...
Displacement Alpha : 0...1...2...3...4...5...6...7...8...9...10
Building Physics collision data...
done (0) (30204 bytes)
Error! To use model "models/map10_doors/singledoor.mdl"
      with prop_static, it must be compiled with $staticprop!
Error loading studio model "models/map10_doors/singledoor.mdl"!
Placing detail props : 0...1...2...3...4...5...6...7...8...9.Material NATURE/BLENDDIRTGRASS005A uses unknown detail object type coastline_grass01!
Material NATURE/BLENDDIRTGRASS005A uses unknown detail object type coastline_grass01!
Material NATURE/BLENDDIRTGRASS005A uses unknown detail object type coastline_grass01!
Material NATURE/BLENDDIRTGRASS005A uses unknown detail object type coastline_grass01!
Material NATURE/BLENDDIRTGRASS005A uses unknown detail object type coastline_grass01!
Material NATURE/BLENDDIRTGRASS005A uses unknown detail object type coastline_grass01!
..10
Compacting texture/material tables...
Reduced 194 texinfos to 93
Reduced 34 texdatas to 26 (1181 bytes to 798)
Writing c:\program files (x86)\steam\steamapps\sourcemods\desertparablerus\maps\residentevil7part1.bsp
2 seconds elapsed



8 threads
reading c:\program files (x86)\steam\steamapps\sourcemods\desertparablerus\maps\residentevil7part1.bsp
reading c:\program files (x86)\steam\steamapps\sourcemods\desertparablerus\maps\residentevil7part1.prt
 235 portalclusters
 806 numportals
0...1...2...3...4...5...6...7...8...9...10Optimized: 1500 visible clusters (0.00%)
Total clusters visible: 49710
Average clusters visible: 211
Building PAS...
Average clusters audible: 235
visdatasize:15951  compressed from 15040
writing c:\program files (x86)\steam\steamapps\sourcemods\desertparablerus\maps\residentevil7part1.bsp
0 seconds elapsed



[Reading texlights from 'lights.rad']
[48 texlights parsed from 'lights.rad']

Loading c:\program files (x86)\steam\steamapps\sourcemods\desertparablerus\maps\residentevil7part1.bsp
Loaded alpha texture materials\models\props_foliage\Urban_Trees_branches02_mip0.vtf
Loaded alpha texture materials\models\props_foliage\Urban_Trees_branches03.vtf
Loaded alpha texture materials\Models\props_wasteland\fence_alpha.vtf
568 faces
546152 square feet [78645920.00 square inches]
54 Displacements
110531 Square Feet [15916555.00 Square Inches]
568 patches before subdivision
15604 patches after subdivision
2 direct lights
0...1...2...3...4...5...6...7...8...9...100...1...2...3...4...5...6...7...8...9...10transfers 251864, max 338
transfer lists:   1.9 megs
0...1...2...3...4...5...6...7...8...9...10	Bounce #1 added RGB(3444, 3852, 3131)
0...1...2...3...4...5...6...7...8...9...10	Bounce #2 added RGB(386, 435, 344)
Build Patch/Sample Hash Table(s).....Done<0.0098 sec>
0...1...2...3...4...5...6...7...8...9...10FinalLightFace Done
0 of 0 (0% of) surface lights went in leaf ambient cubes.
0...1...2...3...4...5...6...7...8...9...10Writing leaf ambient...done
Computing static prop lighting : 00...1...2...3...4...5...6...7...8...9...10
Ready to Finish

Object names       Objects/Maxobjs  Memory / Maxmem  Fullness 
------------       ---------------  ---------------  -------- 
models                  11/4096          528/196608   ( 0.3%) 
brushes                 74/32768         888/393216   ( 0.2%) 
brushsides             540/65536        4320/524288   ( 0.8%) 
planes                 674/65536       13480/1310720  ( 1.0%) 
vertexes               905/65536       10860/786432   ( 1.4%) 
nodes                  426/65536       13632/2097152  ( 0.7%) 
texinfos                93/12288        6696/884736   ( 0.8%) 
texdata                 26/2048          832/65536    ( 1.3%) 
dispinfos               54/0            9504/0        ( 0.0%) 
disp_verts            4374/0           87480/0        ( 0.0%) 
disp_tris             6912/0           13824/0        ( 0.0%) 
disp_lmsamples      273328/0          273328/0        ( 0.0%) 
faces                  568/65536       31808/3670016  ( 0.9%) 
hdr faces              568/65536       31808/3670016  ( 0.9%) 
origfaces              254/65536       14224/3670016  ( 0.4%) 
leaves                 438/65536       14016/2097152  ( 0.7%) 
leaffaces              647/65536        1294/131072   ( 1.0%) 
leafbrushes            250/65536         500/131072   ( 0.4%) 
areas                    2/1024           16/8192     ( 0.2%) 
surfedges             3527/512000      14108/2048000  ( 0.7%) 
edges                 2063/256000       8252/1024000  ( 0.8%) 
LDR worldlights          0/16384           0/1441792  ( 0.0%) 
HDR worldlights          2/16384         176/1441792  ( 0.0%) 
leafwaterdata            3/32768          36/393216   ( 0.0%) 
waterstrips             45/131072        450/1310720  ( 0.0%) 
waterverts               0/131072          0/1572864  ( 0.0%) 
waterindices           795/131072       1590/262144   ( 0.6%) 
cubemapsamples           5/1024           80/16384    ( 0.5%) 
overlays                 4/1024         1408/360448   ( 0.4%) 
LDR lightdata         [variable]           0/0        ( 0.0%) 
HDR lightdata         [variable]      968392/0        ( 0.0%) 
visdata               [variable]       15951/16777216 ( 0.1%) 
entdata               [variable]        6117/393216   ( 1.6%) 
LDR ambient table      438/65536        1752/262144   ( 0.7%) 
HDR ambient table      438/65536        1752/262144   ( 0.7%) 
LDR leaf ambient       438/65536       12264/1835008  ( 0.7%) 
HDR leaf ambient      2699/65536       75572/1835008  ( 4.1%) 
occluders                1/0              40/0        ( 0.0%) 
occluder polygons        6/0              72/0        ( 0.0%) 
occluder vert ind       24/0              96/0        ( 0.0%) 
detail props          [variable]           1/12       ( 8.3%) 
static props          [variable]           1/16924    ( 0.0%) 
pakfile               [variable]     2784755/0        ( 0.0%) 
physics               [variable]       30204/4194304  ( 0.7%) 
physics terrain       [variable]        4138/1048576  ( 0.4%) 

Level flags = 2

Total triangle count: 1389
Writing c:\program files (x86)\steam\steamapps\sourcemods\desertparablerus\maps\residentevil7part1.bsp
1 minute, 16 seconds elapsed



materialPath: C:\Program Files (x86)\Steam\steamapps\sourcemods\desertparablerus\materials
Loading c:\program files (x86)\steam\steamapps\sourcemods\desertparablerus\maps\residentevil7part1.vmf
Map revision 33
Could not locate 'GameData' key in c:\program files (x86)\steam\steamapps\sourcemods\desertparablerus\gameinfo.txt
Patching WVT material: maps/residentevil7part1/nature/blendrockdirt007d_wvt_patch
Patching WVT material: maps/residentevil7part1/nature/red_grass_wvt_patch
fixing up env_cubemap materials on brush sides...
0...1...2...3...4...5...6...7...8...9...100...1...2...3...4...5...6...7...8...9...10Processing areas...done (0)
Building Faces...done (0)
Chop Details...done (0)
Find Visible Detail Sides...done (0)
Merging details...done (0)
FixTjuncs...
PruneNodes...
WriteBSP...
done (0)
writing c:\program files (x86)\steam\steamapps\sourcemods\desertparablerus\maps\residentevil7part1.prt...Building visibility clusters...
done (0)
Finding displacement neighbors...
Found a displacement edge abutting multiple other edges.
Finding lightmap sample positions...
Displacement Alpha : 0...1...2...3...4...5...6...7...8...9...10
Building Physics collision data...
done (0) (31480 bytes)
Error! To use model "models/map10_doors/singledoor.mdl"
      with prop_static, it must be compiled with $staticprop!
Error loading studio model "models/map10_doors/singledoor.mdl"!
Placing detail props : 0...1...2...3...4...5...6...7...8...9.Material NATURE/BLENDDIRTGRASS005A uses unknown detail object type coastline_grass01!
Material NATURE/BLENDDIRTGRASS005A uses unknown detail object type coastline_grass01!
Material NATURE/BLENDDIRTGRASS005A uses unknown detail object type coastline_grass01!
Material NATURE/BLENDDIRTGRASS005A uses unknown detail object type coastline_grass01!
Material NATURE/BLENDDIRTGRASS005A uses unknown detail object type coastline_grass01!
Material NATURE/BLENDDIRTGRASS005A uses unknown detail object type coastline_grass01!
..10
Compacting texture/material tables...
Reduced 198 texinfos to 93
Reduced 34 texdatas to 26 (1181 bytes to 798)
Writing c:\program files (x86)\steam\steamapps\sourcemods\desertparablerus\maps\residentevil7part1.bsp
2 seconds elapsed



8 threads
reading c:\program files (x86)\steam\steamapps\sourcemods\desertparablerus\maps\residentevil7part1.bsp
reading c:\program files (x86)\steam\steamapps\sourcemods\desertparablerus\maps\residentevil7part1.prt
 235 portalclusters
 806 numportals
0...1...2...3...4...5...6...7...8...9...100...1...2...3...4...5...6...7...8...9...10Optimized: 46 visible clusters (0.00%)
Total clusters visible: 45132
Average clusters visible: 192
Building PAS...
Average clusters audible: 235
visdatasize:16024  compressed from 15040
writing c:\program files (x86)\steam\steamapps\sourcemods\desertparablerus\maps\residentevil7part1.bsp
11 seconds elapsed



[Reading texlights from 'lights.rad']
[48 texlights parsed from 'lights.rad']

Loading c:\program files (x86)\steam\steamapps\sourcemods\desertparablerus\maps\residentevil7part1.bsp
Loaded alpha texture materials\models\props_foliage\Urban_Trees_branches02_mip0.vtf
Loaded alpha texture materials\models\props_foliage\Urban_Trees_branches03.vtf
Loaded alpha texture materials\Models\props_wasteland\fence_alpha.vtf
568 faces
546152 square feet [78645920.00 square inches]
54 Displacements
111806 Square Feet [16100165.00 Square Inches]
568 patches before subdivision
15692 patches after subdivision
2 direct lights
0...1...2...3...4...5...6...7...8...9...100...1...2...3...4...5...6...7...8...9...10transfers 253334, max 341
transfer lists:   1.9 megs
0...1...2...3...4...5...6...7...8...9...10	Bounce #1 added RGB(3263, 3762, 3111)
0...1...2...3...4...5...6...7...8...9...10	Bounce #2 added RGB(364, 424, 341)
0...1...2...3...4...5...6...7...8...9...10	Bounce #3 added RGB(41, 50, 41)
0...1...2...3...4...5...6...7...8...9...10	Bounce #4 added RGB(6, 8, 6)
0...1...2...3...4...5...6...7...8...9...10	Bounce #5 added RGB(1, 1, 1)
0...1...2...3...4...5...6...7...8...9...10	Bounce #6 added RGB(0, 0, 0)
Build Patch/Sample Hash Table(s).....Done<0.0093 sec>
0...1...2...3...4...5...6...7...8...9...10FinalLightFace Done
0 of 0 (0% of) surface lights went in leaf ambient cubes.
0...1...2...3...4...5...6...7...8...9...10Writing leaf ambient...done
Computing static prop lighting : 00...1...2...3...4...5...6...7...8...9...10
Ready to Finish

Object names       Objects/Maxobjs  Memory / Maxmem  Fullness 
------------       ---------------  ---------------  -------- 
models                  12/4096          576/196608   ( 0.3%) 
brushes                 76/32768         912/393216   ( 0.2%) 
brushsides             552/65536        4416/524288   ( 0.8%) 
planes                 686/65536       13720/1310720  ( 1.0%) 
vertexes               901/65536       10812/786432   ( 1.4%) 
nodes                  432/65536       13824/2097152  ( 0.7%) 
texinfos                93/12288        6696/884736   ( 0.8%) 
texdata                 26/2048          832/65536    ( 1.3%) 
dispinfos               54/0            9504/0        ( 0.0%) 
disp_verts            4374/0           87480/0        ( 0.0%) 
disp_tris             6912/0           13824/0        ( 0.0%) 
disp_lmsamples      276336/0          276336/0        ( 0.0%) 
faces                  568/65536       31808/3670016  ( 0.9%) 
hdr faces                0/65536           0/3670016  ( 0.0%) 
origfaces              254/65536       14224/3670016  ( 0.4%) 
leaves                 445/65536       14240/2097152  ( 0.7%) 
leaffaces              647/65536        1294/131072   ( 1.0%) 
leafbrushes            264/65536         528/131072   ( 0.4%) 
areas                    2/1024           16/8192     ( 0.2%) 
surfedges             3527/512000      14108/2048000  ( 0.7%) 
edges                 2053/256000       8212/1024000  ( 0.8%) 
LDR worldlights          2/16384         176/1441792  ( 0.0%) 
HDR worldlights          0/16384           0/1441792  ( 0.0%) 
leafwaterdata            3/32768          36/393216   ( 0.0%) 
waterstrips             45/131072        450/1310720  ( 0.0%) 
waterverts               0/131072          0/1572864  ( 0.0%) 
waterindices           795/131072       1590/262144   ( 0.6%) 
cubemapsamples           5/1024           80/16384    ( 0.5%) 
overlays                 4/1024         1408/360448   ( 0.4%) 
LDR lightdata         [variable]      971400/0        ( 0.0%) 
HDR lightdata         [variable]           0/0        ( 0.0%) 
visdata               [variable]       16024/16777216 ( 0.1%) 
entdata               [variable]        6332/393216   ( 1.6%) 
LDR ambient table      445/65536        1780/262144   ( 0.7%) 
HDR ambient table      445/65536        1780/262144   ( 0.7%) 
LDR leaf ambient      2705/65536       75740/1835008  ( 4.1%) 
HDR leaf ambient       445/65536       12460/1835008  ( 0.7%) 
occluders                1/0              40/0        ( 0.0%) 
occluder polygons        6/0              72/0        ( 0.0%) 
occluder vert ind       24/0              96/0        ( 0.0%) 
detail props          [variable]           1/12       ( 8.3%) 
static props          [variable]           1/17408    ( 0.0%) 
pakfile               [variable]     2794579/0        ( 0.0%) 
physics               [variable]       31480/4194304  ( 0.8%) 
physics terrain       [variable]        4208/1048576  ( 0.4%) 

Level flags = 1

Total triangle count: 1389
Writing c:\program files (x86)\steam\steamapps\sourcemods\desertparablerus\maps\residentevil7part1.bsp
5 minutes, 1 second elapsed



[Reading texlights from 'lights.rad']
[48 texlights parsed from 'lights.rad']

Loading c:\program files (x86)\steam\steamapps\sourcemods\desertparablerus\maps\residentevil7part1.bsp
Loaded alpha texture materials\models\props_foliage\Urban_Trees_branches02_mip0.vtf
Loaded alpha texture materials\models\props_foliage\Urban_Trees_branches03.vtf
Loaded alpha texture materials\Models\props_wasteland\fence_alpha.vtf
568 faces
546152 square feet [78645920.00 square inches]
54 Displacements
111806 Square Feet [16100165.00 Square Inches]
568 patches before subdivision
15692 patches after subdivision
2 direct lights
0...1...2...3...4...5...6...7...8...9...100...1...2...3...4...5...6...7...8...9...10transfers 253334, max 341
transfer lists:   1.9 megs
0...1...2...3...4...5...6...7...8...9...10	Bounce #1 added RGB(3263, 3762, 3111)
0...1...2...3...4...5...6...7...8...9...10	Bounce #2 added RGB(364, 424, 341)
0...1...2...3...4...5...6...7...8...9...10	Bounce #3 added RGB(41, 50, 41)
0...1...2...3...4...5...6...7...8...9...10	Bounce #4 added RGB(6, 8, 6)
0...1...2...3...4...5...6...7...8...9...10	Bounce #5 added RGB(1, 1, 1)
0...1...2...3...4...5...6...7...8...9...10	Bounce #6 added RGB(0, 0, 0)
Build Patch/Sample Hash Table(s).....Done<0.0113 sec>
0...1...2...3...4...5...6...7...8...9...10FinalLightFace Done
0 of 0 (0% of) surface lights went in leaf ambient cubes.
0...1...2...3...4...5...6...7...8...9...10Writing leaf ambient...done
Computing static prop lighting : 00...1...2...3...4...5...6...7...8...9...10
Ready to Finish

Object names       Objects/Maxobjs  Memory / Maxmem  Fullness 
------------       ---------------  ---------------  -------- 
models                  12/4096          576/196608   ( 0.3%) 
brushes                 76/32768         912/393216   ( 0.2%) 
brushsides             552/65536        4416/524288   ( 0.8%) 
planes                 686/65536       13720/1310720  ( 1.0%) 
vertexes               901/65536       10812/786432   ( 1.4%) 
nodes                  432/65536       13824/2097152  ( 0.7%) 
texinfos                93/12288        6696/884736   ( 0.8%) 
texdata                 26/2048          832/65536    ( 1.3%) 
dispinfos               54/0            9504/0        ( 0.0%) 
disp_verts            4374/0           87480/0        ( 0.0%) 
disp_tris             6912/0           13824/0        ( 0.0%) 
disp_lmsamples      276336/0          276336/0        ( 0.0%) 
faces                  568/65536       31808/3670016  ( 0.9%) 
hdr faces              568/65536       31808/3670016  ( 0.9%) 
origfaces              254/65536       14224/3670016  ( 0.4%) 
leaves                 445/65536       14240/2097152  ( 0.7%) 
leaffaces              647/65536        1294/131072   ( 1.0%) 
leafbrushes            264/65536         528/131072   ( 0.4%) 
areas                    2/1024           16/8192     ( 0.2%) 
surfedges             3527/512000      14108/2048000  ( 0.7%) 
edges                 2053/256000       8212/1024000  ( 0.8%) 
LDR worldlights          2/16384         176/1441792  ( 0.0%) 
HDR worldlights          2/16384         176/1441792  ( 0.0%) 
leafwaterdata            3/32768          36/393216   ( 0.0%) 
waterstrips             45/131072        450/1310720  ( 0.0%) 
waterverts               0/131072          0/1572864  ( 0.0%) 
waterindices           795/131072       1590/262144   ( 0.6%) 
cubemapsamples           5/1024           80/16384    ( 0.5%) 
overlays                 4/1024         1408/360448   ( 0.4%) 
LDR lightdata         [variable]      971400/0        ( 0.0%) 
HDR lightdata         [variable]      971400/0        ( 0.0%) 
visdata               [variable]       16024/16777216 ( 0.1%) 
entdata               [variable]        6332/393216   ( 1.6%) 
LDR ambient table      445/65536        1780/262144   ( 0.7%) 
HDR ambient table      445/65536        1780/262144   ( 0.7%) 
LDR leaf ambient      2705/65536       75740/1835008  ( 4.1%) 
HDR leaf ambient      2705/65536       75740/1835008  ( 4.1%) 
occluders                1/0              40/0        ( 0.0%) 
occluder polygons        6/0              72/0        ( 0.0%) 
occluder vert ind       24/0              96/0        ( 0.0%) 
detail props          [variable]           1/12       ( 8.3%) 
static props          [variable]           1/17408    ( 0.0%) 
pakfile               [variable]     5065615/0        ( 0.0%) 
physics               [variable]       31480/4194304  ( 0.8%) 
physics terrain       [variable]        4208/1048576  ( 0.4%) 

Level flags = 3

Total triangle count: 1389
Writing c:\program files (x86)\steam\steamapps\sourcemods\desertparablerus\maps\residentevil7part1.bsp
3 minutes, 56 seconds elapsed
