PRT1
165
631
4 0 68 (256 0 192 ) (202 0 192 ) (202 0 155 ) (256 0 155 ) 
4 0 30 (203 0 155 ) (202 0 155 ) (202 31 155 ) (203 31 155 ) 
4 0 29 (256 31 155 ) (256 0 155 ) (203 0 155 ) (203 31 155 ) 
4 0 19 (256 164 155 ) (256 31 155 ) (202 31 155 ) (202 164 155 ) 
4 0 12 (256 182 155 ) (256 164 155 ) (202 164 155 ) (202 182 155 ) 
4 0 10 (256 190 155 ) (256 182 155 ) (202 182 155 ) (202 190 155 ) 
4 0 7 (256 259 155 ) (256 190 155 ) (202 190 155 ) (202 259 155 ) 
4 0 4 (202 320 155 ) (256 320 155 ) (256 259 155 ) (202 259 155 ) 
4 0 3 (202 266 155 ) (202 0 155 ) (202 0 163 ) (202 266 163 ) 
4 0 2 (202 0 163 ) (202 0 192 ) (202 266 192 ) (202 266 163 ) 
4 0 1 (202 320 192 ) (202 320 155 ) (202 266 155 ) (202 266 192 ) 
4 1 51 (0 266 192 ) (0 320 192 ) (0 320 155 ) (0 266 155 ) 
4 1 5 (0 266 155 ) (0 320 155 ) (46 320 155 ) (46 266 155 ) 
4 1 4 (46 320 155 ) (202 320 155 ) (202 266 155 ) (46 266 155 ) 
4 1 3 (0 266 155 ) (202 266 155 ) (202 266 163 ) (0 266 163 ) 
4 1 2 (202 266 163 ) (202 266 192 ) (0 266 192 ) (0 266 163 ) 
4 2 69 (202 0 192 ) (0 0 192 ) (0 0 163 ) (202 0 163 ) 
4 2 52 (0 0 163 ) (0 0 192 ) (0 266 192 ) (0 266 163 ) 
4 2 3 (0 266 163 ) (202 266 163 ) (202 0 163 ) (0 0 163 ) 
4 3 70 (0 0 163 ) (0 0 155 ) (202 0 155 ) (202 0 163 ) 
4 3 53 (0 0 155 ) (0 0 163 ) (0 266 163 ) (0 266 155 ) 
4 3 42 (0 0 155 ) (0 3 155 ) (37 3 155 ) (37 0 155 ) 
4 3 41 (0 3 155 ) (0 31 155 ) (37 31 155 ) (37 3 155 ) 
4 3 38 (63 18 155 ) (63 0 155 ) (37 0 155 ) (37 18 155 ) 
4 3 37 (37 31 155 ) (63 31 155 ) (63 18 155 ) (37 18 155 ) 
4 3 33 (183 31 155 ) (195 31 155 ) (195 23 155 ) (183 23 155 ) 
4 3 35 (195 23 155 ) (195 0 155 ) (183 0 155 ) (183 23 155 ) 
4 3 36 (63 31 155 ) (183 31 155 ) (183 0 155 ) (63 0 155 ) 
4 3 30 (195 31 155 ) (202 31 155 ) (202 0 155 ) (195 0 155 ) 
4 3 19 (0 31 155 ) (0 164 155 ) (202 164 155 ) (202 31 155 ) 
4 3 17 (58 165 155 ) (58 164 155 ) (38 164 155 ) (38 165 155 ) 
4 3 16 (38 190 155 ) (58 190 155 ) (58 165 155 ) (38 165 155 ) 
4 3 18 (0 164 155 ) (0 190 155 ) (38 190 155 ) (38 164 155 ) 
4 3 13 (195 164 155 ) (187 164 155 ) (187 182 155 ) (195 182 155 ) 
4 3 12 (202 182 155 ) (202 164 155 ) (195 164 155 ) (195 182 155 ) 
4 3 15 (187 164 155 ) (58 164 155 ) (58 182 155 ) (187 182 155 ) 
4 3 11 (58 190 155 ) (195 190 155 ) (195 182 155 ) (58 182 155 ) 
4 3 10 (195 190 155 ) (202 190 155 ) (202 182 155 ) (195 182 155 ) 
4 3 8 (38 259 155 ) (46 259 155 ) (46 190 155 ) (38 190 155 ) 
4 3 7 (46 259 155 ) (202 259 155 ) (202 190 155 ) (46 190 155 ) 
4 3 9 (0 190 155 ) (0 259 155 ) (38 259 155 ) (38 190 155 ) 
4 3 6 (0 259 155 ) (0 266 155 ) (46 266 155 ) (46 259 155 ) 
4 3 4 (46 266 155 ) (202 266 155 ) (202 259 155 ) (46 259 155 ) 
4 4 45 (203 266 0 ) (203 259 0 ) (46 259 0 ) (46 266 0 ) 
4 4 44 (46 320 0 ) (203 320 0 ) (203 266 0 ) (46 266 0 ) 
4 4 43 (203 320 0 ) (256 320 0 ) (256 259 0 ) (203 259 0 ) 
4 4 7 (46 259 0 ) (256 259 0 ) (256 259 155 ) (46 259 155 ) 
4 4 6 (46 266 0 ) (46 259 0 ) (46 259 155 ) (46 266 155 ) 
4 4 5 (46 320 0 ) (46 266 0 ) (46 266 155 ) (46 320 155 ) 
4 5 55 (0 266 155 ) (0 320 155 ) (0 320 0 ) (0 266 0 ) 
4 5 44 (0 320 0 ) (46 320 0 ) (46 266 0 ) (0 266 0 ) 
4 5 6 (0 266 0 ) (46 266 0 ) (46 266 155 ) (0 266 155 ) 
4 6 56 (0 259 155 ) (0 266 155 ) (0 266 0 ) (0 259 0 ) 
4 6 45 (46 266 0 ) (46 259 0 ) (0 259 0 ) (0 266 0 ) 
4 6 8 (38 259 0 ) (46 259 0 ) (46 259 155 ) (38 259 155 ) 
4 6 9 (0 259 0 ) (38 259 0 ) (38 259 155 ) (0 259 155 ) 
4 7 45 (203 190 0 ) (46 190 0 ) (46 259 0 ) (203 259 0 ) 
4 7 43 (256 259 0 ) (256 190 0 ) (203 190 0 ) (203 259 0 ) 
4 7 16 (46 190 0 ) (58 190 0 ) (58 190 155 ) (46 190 155 ) 
4 7 11 (58 190 0 ) (195 190 0 ) (195 190 155 ) (58 190 155 ) 
4 7 10 (195 190 0 ) (256 190 0 ) (256 190 155 ) (195 190 155 ) 
4 7 8 (46 259 155 ) (46 259 0 ) (46 190 0 ) (46 190 155 ) 
4 8 45 (46 190 0 ) (38 190 0 ) (38 259 0 ) (46 259 0 ) 
4 8 16 (38 190 0 ) (46 190 0 ) (46 190 155 ) (38 190 155 ) 
4 8 9 (38 259 155 ) (38 259 0 ) (38 190 0 ) (38 190 155 ) 
4 9 57 (0 190 155 ) (0 259 155 ) (0 259 0 ) (0 190 0 ) 
4 9 45 (38 190 0 ) (0 190 0 ) (0 259 0 ) (38 259 0 ) 
4 9 18 (0 190 0 ) (38 190 0 ) (38 190 155 ) (0 190 155 ) 
4 10 45 (203 182 0 ) (195 182 0 ) (195 190 0 ) (203 190 0 ) 
4 10 43 (256 190 0 ) (256 182 0 ) (203 182 0 ) (203 190 0 ) 
4 10 12 (195 182 0 ) (256 182 0 ) (256 182 155 ) (195 182 155 ) 
4 10 11 (195 190 155 ) (195 190 0 ) (195 182 0 ) (195 182 155 ) 
4 11 45 (195 182 0 ) (58 182 0 ) (58 190 0 ) (195 190 0 ) 
4 11 16 (58 190 155 ) (58 190 0 ) (58 182 0 ) (58 182 155 ) 
4 11 14 (187 182 0 ) (195 182 0 ) (195 182 154.703003 ) (187 182 154.703003 ) 
4 11 13 (195 182 154.703003 ) (195 182 155 ) (187 182 155 ) (187 182 154.703003 ) 
4 11 15 (58 182 155 ) (58 182 0 ) (187 182 0 ) (187 182 155 ) 
4 12 45 (203 164 0 ) (195 164 0 ) (195 182 0 ) (203 182 0 ) 
4 12 43 (256 182 0 ) (256 164 0 ) (203 164 0 ) (203 182 0 ) 
4 12 21 (195 164 0 ) (202 164 0 ) (202 164 154.703003 ) (195 164 154.703003 ) 
4 12 20 (202 164 0 ) (256 164 0 ) (256 164 154.703003 ) (202 164 154.703003 ) 
4 12 19 (256 164 154.703003 ) (256 164 155 ) (195 164 155 ) (195 164 154.703003 ) 
4 12 14 (195 182 154.703003 ) (195 182 0 ) (195 164 0 ) (195 164 154.703003 ) 
4 12 13 (195 182 155 ) (195 182 154.703003 ) (195 164 154.703003 ) (195 164 155 ) 
4 13 19 (195 164 154.703003 ) (195 164 155 ) (187 164 155 ) (187 164 154.703003 ) 
4 13 15 (187 182 155 ) (187 182 154.703003 ) (187 164 154.703003 ) (187 164 155 ) 
4 13 14 (187 164 154.703003 ) (187 182 154.703003 ) (195 182 154.703003 ) (195 164 154.703003 ) 
4 14 45 (195 164 0 ) (187 164 0 ) (187 182 0 ) (195 182 0 ) 
4 14 21 (194 164 0 ) (195 164 0 ) (195 164 154.703003 ) (194 164 154.703003 ) 
4 14 22 (187 164 0 ) (194 164 0 ) (194 164 154.703003 ) (187 164 154.703003 ) 
4 14 15 (187 182 154.703003 ) (187 182 0 ) (187 164 0 ) (187 164 154.703003 ) 
4 15 45 (187 164 0 ) (58 164 0 ) (58 182 0 ) (187 182 0 ) 
4 15 22 (58 164 0 ) (187 164 0 ) (187 164 154.703003 ) (58 164 154.703003 ) 
4 15 19 (187 164 154.703003 ) (187 164 155 ) (58 164 155 ) (58 164 154.703003 ) 
4 15 17 (58 165 0 ) (58 164 0 ) (58 164 155 ) (58 165 155 ) 
4 15 16 (58 182 0 ) (58 165 0 ) (58 165 155 ) (58 182 155 ) 
4 16 45 (38 165 0 ) (38 190 0 ) (58 190 0 ) (58 165 0 ) 
4 16 18 (38 190 155 ) (38 190 0 ) (38 165 0 ) (38 165 155 ) 
4 16 17 (38 165 155 ) (38 165 0 ) (58 165 0 ) (58 165 155 ) 
4 17 45 (58 164 0 ) (38 164 0 ) (38 165 0 ) (58 165 0 ) 
4 17 22 (38 164 0 ) (58 164 0 ) (58 164 154.703003 ) (38 164 154.703003 ) 
4 17 19 (58 164 154.703003 ) (58 164 155 ) (38 164 155 ) (38 164 154.703003 ) 
4 17 18 (38 165 0 ) (38 164 0 ) (38 164 155 ) (38 165 155 ) 
4 18 57 (0 164 155 ) (0 190 155 ) (0 190 0 ) (0 164 0 ) 
4 18 45 (38 164 0 ) (0 164 0 ) (0 190 0 ) (38 190 0 ) 
4 18 22 (0 164 0 ) (38 164 0 ) (38 164 154.703003 ) (0 164 154.703003 ) 
4 18 19 (38 164 154.703003 ) (38 164 155 ) (0 164 155 ) (0 164 154.703003 ) 
4 19 57 (0 31 155 ) (0 164 155 ) (0 164 154.703003 ) (0 31 154.703003 ) 
4 19 41 (37 31 155 ) (0 31 155 ) (0 31 154.703003 ) (37 31 154.703003 ) 
4 19 37 (63 31 155 ) (37 31 155 ) (37 31 154.703003 ) (63 31 154.703003 ) 
4 19 33 (195 31 155 ) (183 31 155 ) (183 31 154.703003 ) (195 31 154.703003 ) 
4 19 36 (183 31 155 ) (63 31 155 ) (63 31 154.703003 ) (183 31 154.703003 ) 
4 19 29 (256 31 154.703003 ) (256 31 155 ) (203 31 155 ) (203 31 154.703003 ) 
4 19 27 (191 31 154.703003 ) (183 31 154.703003 ) (183 66 154.703003 ) (191 66 154.703003 ) 
4 19 26 (256 31 154.703003 ) (191 31 154.703003 ) (191 66 154.703003 ) (256 66 154.703003 ) 
4 19 28 (183 31 154.703003 ) (0 31 154.703003 ) (0 66 154.703003 ) (183 66 154.703003 ) 
4 19 24 (183 74 154.703003 ) (202 74 154.703003 ) (202 66 154.703003 ) (183 66 154.703003 ) 
4 19 23 (202 74 154.703003 ) (256 74 154.703003 ) (256 66 154.703003 ) (202 66 154.703003 ) 
4 19 25 (0 66 154.703003 ) (0 74 154.703003 ) (183 74 154.703003 ) (183 66 154.703003 ) 
4 19 21 (194 164 154.703003 ) (202 164 154.703003 ) (202 74 154.703003 ) (194 74 154.703003 ) 
4 19 20 (202 164 154.703003 ) (256 164 154.703003 ) (256 74 154.703003 ) (202 74 154.703003 ) 
4 19 22 (0 74 154.703003 ) (0 164 154.703003 ) (194 164 154.703003 ) (194 74 154.703003 ) 
4 20 45 (203 74 0 ) (202 74 0 ) (202 164 0 ) (203 164 0 ) 
4 20 43 (256 164 0 ) (256 74 0 ) (203 74 0 ) (203 164 0 ) 
4 20 23 (202 74 0 ) (256 74 0 ) (256 74 154.703003 ) (202 74 154.703003 ) 
4 20 21 (202 74 0 ) (202 74 154.703003 ) (202 164 154.703003 ) (202 164 0 ) 
4 21 45 (202 74 0 ) (194 74 0 ) (194 164 0 ) (202 164 0 ) 
4 21 24 (194 74 0 ) (202 74 0 ) (202 74 154.703003 ) (194 74 154.703003 ) 
4 21 22 (194 74 0 ) (194 74 154.703003 ) (194 164 154.703003 ) (194 164 0 ) 
4 22 57 (0 164 154.703003 ) (0 164 0 ) (0 74 0 ) (0 74 154.703003 ) 
4 22 45 (194 74 0 ) (0 74 0 ) (0 164 0 ) (194 164 0 ) 
4 22 24 (183 74 0 ) (194 74 0 ) (194 74 154.703003 ) (183 74 154.703003 ) 
4 22 25 (0 74 0 ) (183 74 0 ) (183 74 154.703003 ) (0 74 154.703003 ) 
4 23 45 (203 66 0 ) (202 66 0 ) (202 74 0 ) (203 74 0 ) 
4 23 43 (256 74 0 ) (256 66 0 ) (203 66 0 ) (203 74 0 ) 
4 23 26 (202 66 0 ) (256 66 0 ) (256 66 154.703003 ) (202 66 154.703003 ) 
4 23 24 (202 74 154.703003 ) (202 74 0 ) (202 66 0 ) (202 66 154.703003 ) 
4 24 45 (202 66 0 ) (183 66 0 ) (183 74 0 ) (202 74 0 ) 
4 24 27 (183 66 0 ) (191 66 0 ) (191 66 154.703003 ) (183 66 154.703003 ) 
4 24 26 (191 66 0 ) (202 66 0 ) (202 66 154.703003 ) (191 66 154.703003 ) 
4 24 25 (183 74 154.703003 ) (183 74 0 ) (183 66 0 ) (183 66 154.703003 ) 
4 25 57 (0 74 0 ) (0 66 0 ) (0 66 154.703003 ) (0 74 154.703003 ) 
4 25 45 (183 66 0 ) (0 66 0 ) (0 74 0 ) (183 74 0 ) 
4 25 28 (0 66 0 ) (183 66 0 ) (183 66 154.703003 ) (0 66 154.703003 ) 
4 26 45 (203 31 0 ) (191 31 0 ) (191 66 0 ) (203 66 0 ) 
4 26 43 (256 66 0 ) (256 31 0 ) (203 31 0 ) (203 66 0 ) 
4 26 34 (191 31 0 ) (195 31 0 ) (195 31 154.703003 ) (191 31 154.703003 ) 
4 26 31 (195 31 0 ) (203 31 0 ) (203 31 154.703003 ) (195 31 154.703003 ) 
4 26 29 (203 31 0 ) (256 31 0 ) (256 31 154.703003 ) (203 31 154.703003 ) 
4 26 27 (191 66 154.703003 ) (191 66 0 ) (191 31 0 ) (191 31 154.703003 ) 
4 27 45 (191 31 0 ) (183 31 0 ) (183 66 0 ) (191 66 0 ) 
4 27 34 (183 31 0 ) (191 31 0 ) (191 31 154.703003 ) (183 31 154.703003 ) 
4 27 28 (183 66 154.703003 ) (183 66 0 ) (183 31 0 ) (183 31 154.703003 ) 
4 28 57 (0 66 0 ) (0 31 0 ) (0 31 154.703003 ) (0 66 154.703003 ) 
4 28 45 (183 31 0 ) (0 31 0 ) (0 66 0 ) (183 66 0 ) 
4 28 41 (0 31 0 ) (37 31 0 ) (37 31 154.703003 ) (0 31 154.703003 ) 
4 28 37 (37 31 0 ) (63 31 0 ) (63 31 154.703003 ) (37 31 154.703003 ) 
4 28 36 (63 31 0 ) (183 31 0 ) (183 31 154.703003 ) (63 31 154.703003 ) 
4 29 76 (203 0 0 ) (256 0 0 ) (256 0 155 ) (203 0 155 ) 
4 29 47 (256 3 0 ) (256 0 0 ) (203 0 0 ) (203 3 0 ) 
4 29 43 (256 31 0 ) (256 3 0 ) (203 3 0 ) (203 31 0 ) 
4 29 31 (203 31 155 ) (203 31 0 ) (203 0 0 ) (203 0 155 ) 
4 30 31 (195 0 154.852020 ) (195 31 154.852020 ) (203 31 154.852020 ) (203 0 154.852020 ) 
4 31 78 (195 0 0 ) (203 0 0 ) (203 0 155 ) (195 0 155 ) 
4 31 34 (195 31 154.703003 ) (195 31 0 ) (195 23 0 ) (195 23 154.703003 ) 
4 31 33 (195 31 155 ) (195 31 154.703003 ) (195 23 154.703003 ) (195 23 155 ) 
4 31 35 (195 23 0 ) (195 0 0 ) (195 0 155 ) (195 23 155 ) 
4 31 32 (195 0 0.148100 ) (195 31 0.148100 ) (203 31 0.148100 ) (203 0 0.148100 ) 
4 32 48 (203 0 0 ) (195 0 0 ) (195 3 0 ) (203 3 0 ) 
4 32 45 (195 3 0 ) (195 31 0 ) (203 31 0 ) (203 3 0 ) 
4 33 35 (183 23 155 ) (183 23 154.703003 ) (195 23 154.703003 ) (195 23 155 ) 
4 33 36 (183 31 155 ) (183 31 154.703003 ) (183 23 154.703003 ) (183 23 155 ) 
4 33 34 (195 23 154.703003 ) (183 23 154.703003 ) (183 31 154.703003 ) (195 31 154.703003 ) 
4 34 45 (183 23 0 ) (183 31 0 ) (195 31 0 ) (195 23 0 ) 
4 34 35 (183 23 154.703003 ) (183 23 0 ) (195 23 0 ) (195 23 154.703003 ) 
4 34 36 (183 31 154.703003 ) (183 31 0 ) (183 23 0 ) (183 23 154.703003 ) 
4 35 80 (183 0 0 ) (195 0 0 ) (195 0 155 ) (183 0 155 ) 
4 35 48 (195 0 0 ) (183 0 0 ) (183 3 0 ) (195 3 0 ) 
4 35 45 (183 3 0 ) (183 23 0 ) (195 23 0 ) (195 3 0 ) 
4 35 36 (183 23 0 ) (183 0 0 ) (183 0 155 ) (183 23 155 ) 
4 36 107 (63 0 0 ) (127 0 0 ) (127 0 155 ) (63 0 155 ) 
4 36 84 (127 0 0 ) (128 0 0 ) (128 0 97 ) (127 0 97 ) 
4 36 83 (128 0 97 ) (128 0 155 ) (127 0 155 ) (127 0 97 ) 
4 36 80 (128 0 0 ) (183 0 0 ) (183 0 155 ) (128 0 155 ) 
4 36 48 (183 0 0 ) (63 0 0 ) (63 3 0 ) (183 3 0 ) 
4 36 45 (63 3 0 ) (63 31 0 ) (183 31 0 ) (183 3 0 ) 
4 36 39 (63 18 0 ) (63 0 0 ) (63 0 155 ) (63 18 155 ) 
4 36 37 (63 31 155 ) (63 31 0 ) (63 18 0 ) (63 18 155 ) 
4 37 45 (37 18 0 ) (37 31 0 ) (63 31 0 ) (63 18 0 ) 
4 37 41 (37 31 155 ) (37 31 0 ) (37 18 0 ) (37 18 155 ) 
4 37 39 (37 18 155 ) (37 18 0 ) (63 18 0 ) (63 18 155 ) 
4 38 39 (37 0 154.852020 ) (37 18 154.852020 ) (63 18 154.852020 ) (63 0 154.852020 ) 
4 39 124 (37 0 0 ) (51 0 0 ) (51 0 155 ) (37 0 155 ) 
4 39 109 (51 0 0 ) (63 0 0 ) (63 0 155 ) (51 0 155 ) 
4 39 42 (37 3 0 ) (37 0 0 ) (37 0 155 ) (37 3 155 ) 
4 39 41 (37 18 0 ) (37 3 0 ) (37 3 155 ) (37 18 155 ) 
4 39 40 (37 0 0.148100 ) (37 18 0.148100 ) (63 18 0.148100 ) (63 0 0.148100 ) 
4 40 48 (63 0 0 ) (51 0 0 ) (51 3 0 ) (63 3 0 ) 
4 40 50 (51 0 0 ) (37 0 0 ) (37 3 0 ) (51 3 0 ) 
4 40 45 (37 3 0 ) (37 18 0 ) (63 18 0 ) (63 3 0 ) 
4 41 57 (0 3 155 ) (0 31 155 ) (0 31 0 ) (0 3 0 ) 
4 41 45 (0 3 0 ) (0 31 0 ) (37 31 0 ) (37 3 0 ) 
4 41 42 (0 3 0 ) (37 3 0 ) (37 3 155 ) (0 3 155 ) 
4 42 127 (0 0 155 ) (0 0 0 ) (37 0 0 ) (37 0 155 ) 
4 42 61 (0 0 0 ) (0 0 155 ) (0 3 155 ) (0 3 0 ) 
4 42 50 (37 0 0 ) (0 0 0 ) (0 3 0 ) (37 3 0 ) 
4 43 47 (203 3 -64 ) (256 3 -64 ) (256 3 0 ) (203 3 0 ) 
4 43 46 (203 3 -64 ) (203 3 -8 ) (203 266 -8 ) (203 266 -64 ) 
4 43 45 (203 3 -8 ) (203 3 0 ) (203 266 0 ) (203 266 -8 ) 
4 43 44 (203 266 0 ) (203 320 0 ) (203 320 -64 ) (203 266 -64 ) 
4 44 63 (0 266 0 ) (0 320 0 ) (0 320 -64 ) (0 266 -64 ) 
4 44 46 (0 266 -64 ) (203 266 -64 ) (203 266 -8 ) (0 266 -8 ) 
4 44 45 (203 266 -8 ) (203 266 0 ) (0 266 0 ) (0 266 -8 ) 
4 45 64 (0 3 0 ) (0 266 0 ) (0 266 -8 ) (0 3 -8 ) 
4 45 48 (203 3 -8 ) (203 3 0 ) (51 3 0 ) (51 3 -8 ) 
4 45 50 (51 3 0 ) (0 3 0 ) (0 3 -8 ) (51 3 -8 ) 
4 45 46 (0 266 -8 ) (203 266 -8 ) (203 3 -8 ) (0 3 -8 ) 
4 46 65 (0 266 -8 ) (0 266 -64 ) (0 3 -64 ) (0 3 -8 ) 
4 46 49 (51 3 -64 ) (203 3 -64 ) (203 3 -8 ) (51 3 -8 ) 
4 46 50 (0 3 -64 ) (51 3 -64 ) (51 3 -8 ) (0 3 -8 ) 
4 47 76 (203 0 -64 ) (256 0 -64 ) (256 0 0 ) (203 0 0 ) 
4 47 49 (203 3 -8 ) (203 3 -64 ) (203 0 -64 ) (203 0 -8 ) 
4 47 48 (203 3 0 ) (203 3 -8 ) (203 0 -8 ) (203 0 0 ) 
4 48 120 (127 0 0 ) (51 0 0 ) (51 0 -8 ) (127 0 -8 ) 
4 48 85 (128 0 0 ) (127 0 0 ) (127 0 -8 ) (128 0 -8 ) 
4 48 81 (203 0 -8 ) (203 0 0 ) (128 0 0 ) (128 0 -8 ) 
4 48 50 (51 3 0 ) (51 3 -8 ) (51 0 -8 ) (51 0 0 ) 
4 48 49 (51 0 -8 ) (51 3 -8 ) (203 3 -8 ) (203 0 -8 ) 
4 49 121 (51 0 -64 ) (127 0 -64 ) (127 0 -8 ) (51 0 -8 ) 
4 49 86 (127 0 -64 ) (128 0 -64 ) (128 0 -8 ) (127 0 -8 ) 
4 49 82 (128 0 -64 ) (203 0 -64 ) (203 0 -8 ) (128 0 -8 ) 
4 49 50 (51 3 -8 ) (51 3 -64 ) (51 0 -64 ) (51 0 -8 ) 
4 50 136 (0 0 0 ) (0 0 -64 ) (51 0 -64 ) (51 0 0 ) 
4 50 66 (0 0 -64 ) (0 0 0 ) (0 3 0 ) (0 3 -64 ) 
4 51 58 (-207 320 155 ) (-199 320 155 ) (-199 266 155 ) (-207 266 155 ) 
4 51 55 (-199 320 155 ) (0 320 155 ) (0 266 155 ) (-199 266 155 ) 
4 51 53 (-207 266 163 ) (-207 266 155 ) (0 266 155 ) (0 266 163 ) 
4 51 52 (-207 266 192 ) (-207 266 163 ) (0 266 163 ) (0 266 192 ) 
4 51 54 (-207 320 192 ) (-207 320 155 ) (-207 266 155 ) (-207 266 192 ) 
4 52 140 (0 0 163 ) (0 0 192 ) (-207 0 192 ) (-207 0 163 ) 
4 52 54 (-207 0 163 ) (-207 0 192 ) (-207 266 192 ) (-207 266 163 ) 
4 52 53 (0 0 163 ) (-207 0 163 ) (-207 266 163 ) (0 266 163 ) 
4 53 142 (0 0 155 ) (0 0 156 ) (-207 0 156 ) (-207 0 155 ) 
4 53 141 (0 0 156 ) (0 0 163 ) (-207 0 163 ) (-207 0 156 ) 
4 53 61 (0 3 155 ) (0 0 155 ) (-207 0 155 ) (-207 3 155 ) 
4 53 59 (-199 3 155 ) (-207 3 155 ) (-207 266 155 ) (-199 266 155 ) 
4 53 56 (0 266 155 ) (0 259 155 ) (-199 259 155 ) (-199 266 155 ) 
4 53 57 (0 259 155 ) (0 3 155 ) (-199 3 155 ) (-199 259 155 ) 
4 53 54 (-207 266 155 ) (-207 0 155 ) (-207 0 163 ) (-207 266 163 ) 
4 54 143 (-207 0 192 ) (-256 0 192 ) (-256 0 155 ) (-207 0 155 ) 
4 54 62 (-256 0 155 ) (-256 3 155 ) (-207 3 155 ) (-207 0 155 ) 
4 54 60 (-256 3 155 ) (-256 320 155 ) (-207 320 155 ) (-207 3 155 ) 
4 55 63 (-199 320 0 ) (0 320 0 ) (0 266 0 ) (-199 266 0 ) 
4 55 58 (-199 320 0 ) (-199 266 0 ) (-199 266 155 ) (-199 320 155 ) 
4 55 56 (-199 266 155 ) (-199 266 0 ) (0 266 0 ) (0 266 155 ) 
4 56 64 (0 266 0 ) (0 259 0 ) (-199 259 0 ) (-199 266 0 ) 
4 56 59 (-199 266 0 ) (-199 259 0 ) (-199 259 155 ) (-199 266 155 ) 
4 56 57 (-199 259 155 ) (-199 259 0 ) (0 259 0 ) (0 259 155 ) 
4 57 64 (0 259 0 ) (0 3 0 ) (-199 3 0 ) (-199 259 0 ) 
4 57 61 (-199 3 0 ) (0 3 0 ) (0 3 155 ) (-199 3 155 ) 
4 57 59 (-199 259 0 ) (-199 3 0 ) (-199 3 155 ) (-199 259 155 ) 
4 58 63 (-207 320 0 ) (-199 320 0 ) (-199 266 0 ) (-207 266 0 ) 
4 58 60 (-207 320 0 ) (-207 266 0 ) (-207 266 155 ) (-207 320 155 ) 
4 58 59 (-207 266 155 ) (-207 266 0 ) (-199 266 0 ) (-199 266 155 ) 
4 59 64 (-199 266 0 ) (-199 3 0 ) (-207 3 0 ) (-207 266 0 ) 
4 59 61 (-207 3 0 ) (-199 3 0 ) (-199 3 155 ) (-207 3 155 ) 
4 59 60 (-207 266 0 ) (-207 3 0 ) (-207 3 155 ) (-207 266 155 ) 
4 60 67 (-256 3 0 ) (-256 320 0 ) (-207 320 0 ) (-207 3 0 ) 
4 60 62 (-256 3 0 ) (-207 3 0 ) (-207 3 155 ) (-256 3 155 ) 
4 61 149 (0 0 0 ) (0 0 142 ) (-207 0 142 ) (-207 0 0 ) 
4 61 142 (0 0 142 ) (0 0 155 ) (-207 0 155 ) (-207 0 142 ) 
4 61 66 (0 0 0 ) (-207 0 0 ) (-207 3 0 ) (0 3 0 ) 
4 61 62 (-207 3 155 ) (-207 3 0 ) (-207 0 0 ) (-207 0 155 ) 
4 62 151 (-256 0 142 ) (-256 0 0 ) (-207 0 0 ) (-207 0 142 ) 
4 62 143 (-207 0 155 ) (-256 0 155 ) (-256 0 142 ) (-207 0 142 ) 
4 62 67 (-207 0 0 ) (-256 0 0 ) (-256 3 0 ) (-207 3 0 ) 
4 63 65 (-207 266 -8 ) (-207 266 -64 ) (0 266 -64 ) (0 266 -8 ) 
4 63 64 (-207 266 0 ) (-207 266 -8 ) (0 266 -8 ) (0 266 0 ) 
4 63 67 (-207 266 0 ) (-207 320 0 ) (-207 320 -64 ) (-207 266 -64 ) 
4 64 67 (-207 3 0 ) (-207 266 0 ) (-207 266 -8 ) (-207 3 -8 ) 
4 64 66 (-207 3 0 ) (-207 3 -8 ) (0 3 -8 ) (0 3 0 ) 
4 64 65 (0 3 -8 ) (-207 3 -8 ) (-207 266 -8 ) (0 266 -8 ) 
4 65 67 (-207 266 -8 ) (-207 266 -64 ) (-207 3 -64 ) (-207 3 -8 ) 
4 65 66 (-207 3 -8 ) (-207 3 -64 ) (0 3 -64 ) (0 3 -8 ) 
4 66 160 (0 0 -64 ) (0 0 0 ) (-69 0 0 ) (-69 0 -64 ) 
4 66 164 (-69 0 0 ) (-207 0 0 ) (-207 0 -64 ) (-69 0 -64 ) 
4 66 67 (-207 0 0 ) (-207 3 0 ) (-207 3 -64 ) (-207 0 -64 ) 
4 67 164 (-207 0 0 ) (-256 0 0 ) (-256 0 -64 ) (-207 0 -64 ) 
4 68 77 (202 0 155 ) (203 0 155 ) (203 -4 155 ) (202 -4 155 ) 
4 68 76 (203 0 155 ) (256 0 155 ) (256 -4 155 ) (203 -4 155 ) 
4 68 73 (202 -4 155 ) (203 -4 155 ) (203 -4 163 ) (202 -4 163 ) 
4 68 72 (203 -4 163 ) (203 -4 192 ) (202 -4 192 ) (202 -4 163 ) 
4 68 71 (203 -4 155 ) (256 -4 155 ) (256 -4 192 ) (203 -4 192 ) 
4 68 70 (202 0 155 ) (202 -4 155 ) (202 -4 163 ) (202 0 163 ) 
4 68 69 (202 -4 163 ) (202 -4 192 ) (202 0 192 ) (202 0 163 ) 
4 69 140 (0 0 192 ) (0 0 163 ) (0 -4 163 ) (0 -4 192 ) 
4 69 72 (202 -4 163 ) (202 -4 192 ) (51 -4 192 ) (51 -4 163 ) 
4 69 75 (51 -4 192 ) (0 -4 192 ) (0 -4 163 ) (51 -4 163 ) 
4 69 70 (202 0 163 ) (202 -4 163 ) (0 -4 163 ) (0 0 163 ) 
4 70 142 (0 0 156 ) (0 0 155 ) (0 -4 155 ) (0 -4 156 ) 
4 70 141 (0 0 163 ) (0 0 156 ) (0 -4 156 ) (0 -4 163 ) 
4 70 127 (0 -4 155 ) (0 0 155 ) (37 0 155 ) (37 -4 155 ) 
4 70 123 (37 0 155 ) (51 0 155 ) (51 -4 155 ) (37 -4 155 ) 
4 70 108 (51 0 155 ) (63 0 155 ) (63 -4 155 ) (51 -4 155 ) 
4 70 107 (63 0 155 ) (127 0 155 ) (127 -4 155 ) (63 -4 155 ) 
4 70 83 (127 0 155 ) (128 0 155 ) (128 -4 155 ) (127 -4 155 ) 
4 70 77 (195 0 155 ) (202 0 155 ) (202 -4 155 ) (195 -4 155 ) 
4 70 80 (128 0 155 ) (195 0 155 ) (195 -4 155 ) (128 -4 155 ) 
4 70 73 (51 -4 155 ) (202 -4 155 ) (202 -4 163 ) (51 -4 163 ) 
4 70 75 (0 -4 155 ) (51 -4 155 ) (51 -4 163 ) (0 -4 163 ) 
4 71 87 (256 -149 155 ) (256 -320 155 ) (203 -320 155 ) (203 -149 155 ) 
4 71 76 (203 -4 155 ) (256 -4 155 ) (256 -149 155 ) (203 -149 155 ) 
4 71 73 (203 -4 163 ) (203 -4 155 ) (203 -265 155 ) (203 -265 163 ) 
4 71 72 (203 -4 192 ) (203 -4 163 ) (203 -265 163 ) (203 -265 192 ) 
4 71 74 (203 -265 155 ) (203 -320 155 ) (203 -320 192 ) (203 -265 192 ) 
4 72 74 (51 -265 192 ) (51 -265 163 ) (203 -265 163 ) (203 -265 192 ) 
4 72 75 (51 -4 192 ) (51 -4 163 ) (51 -265 163 ) (51 -265 192 ) 
4 72 73 (203 -265 163 ) (51 -265 163 ) (51 -4 163 ) (203 -4 163 ) 
4 73 116 (127 -257 155 ) (127 -265 155 ) (51 -265 155 ) (51 -257 155 ) 
4 73 114 (59 -257 155 ) (51 -257 155 ) (51 -12 155 ) (59 -12 155 ) 
4 73 110 (127 -12 155 ) (127 -257 155 ) (59 -257 155 ) (59 -12 155 ) 
4 73 108 (51 -4 155 ) (63 -4 155 ) (63 -12 155 ) (51 -12 155 ) 
4 73 107 (63 -4 155 ) (127 -4 155 ) (127 -12 155 ) (63 -12 155 ) 
4 73 87 (203 -149 155 ) (203 -265 155 ) (127 -265 155 ) (127 -149 155 ) 
4 73 83 (127 -4 155 ) (128 -4 155 ) (128 -148 155 ) (127 -148 155 ) 
4 73 77 (195 -4 155 ) (203 -4 155 ) (203 -149 155 ) (195 -149 155 ) 
4 73 80 (128 -4 155 ) (195 -4 155 ) (195 -149 155 ) (128 -149 155 ) 
4 73 74 (51 -265 163 ) (51 -265 155 ) (203 -265 155 ) (203 -265 163 ) 
4 73 75 (51 -4 163 ) (51 -4 155 ) (51 -265 155 ) (51 -265 163 ) 
4 74 118 (127 -320 155 ) (51 -320 155 ) (51 -265 155 ) (127 -265 155 ) 
4 74 87 (203 -265 155 ) (203 -320 155 ) (127 -320 155 ) (127 -265 155 ) 
4 74 75 (51 -265 155 ) (51 -320 155 ) (51 -320 192 ) (51 -265 192 ) 
4 75 145 (0 -143 155 ) (0 -219 155 ) (0 -219 192 ) (0 -143 192 ) 
4 75 144 (0 -4 155 ) (0 -143 155 ) (0 -143 192 ) (0 -4 192 ) 
4 75 147 (0 -219 155 ) (0 -320 155 ) (0 -320 192 ) (0 -219 192 ) 
4 75 129 (0 -219 155 ) (0 -143 155 ) (51 -143 155 ) (51 -219 155 ) 
4 75 131 (0 -320 155 ) (0 -219 155 ) (51 -219 155 ) (51 -320 155 ) 
4 75 128 (0 -143 155 ) (0 -4 155 ) (37 -4 155 ) (37 -143 155 ) 
4 75 123 (37 -4 155 ) (51 -4 155 ) (51 -12 155 ) (37 -12 155 ) 
4 75 126 (51 -12 155 ) (51 -143 155 ) (37 -143 155 ) (37 -12 155 ) 
4 76 102 (203 -149 -64 ) (256 -149 -64 ) (256 -149 0.148100 ) (203 -149 0.148100 ) 
4 76 88 (256 -149 0.148100 ) (256 -149 155 ) (203 -149 155 ) (203 -149 0.148100 ) 
4 76 82 (203 0 -64 ) (203 -149 -64 ) (203 -149 -8 ) (203 0 -8 ) 
4 76 81 (203 -149 -8 ) (203 -149 0 ) (203 0 0 ) (203 0 -8 ) 
4 76 78 (203 -149 0 ) (203 -149 155 ) (203 0 155 ) (203 0 0 ) 
4 77 78 (195 -149 154.852020 ) (195 0 154.852020 ) (203 0 154.852020 ) (203 -149 154.852020 ) 
4 78 89 (203 -149 0 ) (203 -149 155 ) (195 -149 155 ) (195 -149 0 ) 
4 78 79 (195 -149 0.148100 ) (195 0 0.148100 ) (203 0 0.148100 ) (203 -149 0.148100 ) 
4 78 80 (195 0 0 ) (195 -149 0 ) (195 -149 155 ) (195 0 155 ) 
4 79 81 (195 0 0 ) (203 0 0 ) (203 -149 0 ) (195 -149 0 ) 
4 80 96 (128 -149 107 ) (128 -149 105 ) (182 -149 105 ) (182 -149 107 ) 
4 80 95 (182 -149 155 ) (128 -149 155 ) (128 -149 107 ) (182 -149 107 ) 
4 80 98 (128 -149 105 ) (128 -149 0 ) (182 -149 0 ) (182 -149 105 ) 
4 80 90 (195 -149 155 ) (182 -149 155 ) (182 -149 0 ) (195 -149 0 ) 
4 80 84 (128 -149 0 ) (128 -149 97 ) (128 0 97 ) (128 0 0 ) 
4 80 83 (128 -148 155 ) (128 0 155 ) (128 0 97 ) (128 -148 97 ) 
4 80 81 (128 -149 0 ) (128 0 0 ) (195 0 0 ) (195 -149 0 ) 
4 81 104 (203 -149 -8 ) (203 -149 0 ) (128 -149 0 ) (128 -149 -8 ) 
4 81 85 (128 -149 -8 ) (128 -149 0 ) (128 0 0 ) (128 0 -8 ) 
4 81 82 (128 -149 -8 ) (128 0 -8 ) (203 0 -8 ) (203 -149 -8 ) 
4 82 105 (128 -149 -64 ) (203 -149 -64 ) (203 -149 -8 ) (128 -149 -8 ) 
4 82 86 (128 0 -64 ) (128 -149 -64 ) (128 -149 -8 ) (128 0 -8 ) 
4 83 111 (127 -12 107 ) (127 -12 105 ) (127 -148 105 ) (127 -148 107 ) 
4 83 110 (127 -148 155 ) (127 -12 155 ) (127 -12 107 ) (127 -148 107 ) 
4 83 113 (127 -12 105 ) (127 -12 97 ) (127 -148 97 ) (127 -148 105 ) 
4 83 107 (127 -12 155 ) (127 0 155 ) (127 0 97 ) (127 -12 97 ) 
4 83 84 (128 0 97 ) (128 -148 97 ) (127 -148 97 ) (127 0 97 ) 
4 84 113 (127 -149 0 ) (127 -149 97 ) (127 -12 97 ) (127 -12 0 ) 
4 84 107 (127 -12 97 ) (127 0 97 ) (127 0 0 ) (127 -12 0 ) 
4 84 98 (127 -149 97 ) (127 -149 0 ) (128 -149 0 ) (128 -149 97 ) 
4 84 85 (128 0 0 ) (128 -149 0 ) (127 -149 0 ) (127 0 0 ) 
4 85 120 (127 -149 -8 ) (127 -149 0 ) (127 0 0 ) (127 0 -8 ) 
4 85 104 (127 -149 0 ) (127 -149 -8 ) (128 -149 -8 ) (128 -149 0 ) 
4 85 86 (128 0 -8 ) (128 -149 -8 ) (127 -149 -8 ) (127 0 -8 ) 
4 86 121 (127 0 -64 ) (127 -149 -64 ) (127 -149 -8 ) (127 0 -8 ) 
4 86 105 (127 -149 -8 ) (127 -149 -64 ) (128 -149 -64 ) (128 -149 -8 ) 
4 87 101 (192 -320 154.852020 ) (127 -320 154.852020 ) (127 -265 154.852020 ) (192 -265 154.852020 ) 
4 87 100 (127 -265 154.852020 ) (127 -257 154.852020 ) (192 -257 154.852020 ) (192 -265 154.852020 ) 
4 87 99 (256 -320 154.852020 ) (192 -320 154.852020 ) (192 -257 154.852020 ) (256 -257 154.852020 ) 
4 87 95 (127 -257 154.852020 ) (127 -149 154.852020 ) (182 -149 154.852020 ) (182 -257 154.852020 ) 
4 87 94 (190 -257 154.852020 ) (182 -257 154.852020 ) (182 -207 154.852020 ) (190 -207 154.852020 ) 
4 87 93 (256 -207 154.852020 ) (256 -257 154.852020 ) (190 -257 154.852020 ) (190 -207 154.852020 ) 
4 87 92 (203 -207 154.852020 ) (182 -207 154.852020 ) (182 -199 154.852020 ) (203 -199 154.852020 ) 
4 87 91 (256 -199 154.852020 ) (256 -207 154.852020 ) (203 -207 154.852020 ) (203 -199 154.852020 ) 
4 87 89 (195 -149 154.852020 ) (203 -149 154.852020 ) (203 -199 154.852020 ) (195 -199 154.852020 ) 
4 87 88 (203 -149 154.852020 ) (256 -149 154.852020 ) (256 -199 154.852020 ) (203 -199 154.852020 ) 
4 87 90 (182 -149 154.852020 ) (195 -149 154.852020 ) (195 -199 154.852020 ) (182 -199 154.852020 ) 
4 88 102 (203 -149 0.148100 ) (256 -149 0.148100 ) (256 -199 0.148100 ) (203 -199 0.148100 ) 
4 88 91 (203 -199 0.148100 ) (256 -199 0.148100 ) (256 -199 154.852020 ) (203 -199 154.852020 ) 
4 88 89 (203 -149 0.148100 ) (203 -199 0.148100 ) (203 -199 154.852020 ) (203 -149 154.852020 ) 
4 89 103 (195 -149 0.148100 ) (203 -149 0.148100 ) (203 -199 0.148100 ) (195 -199 0.148100 ) 
4 89 92 (195 -199 0.148100 ) (203 -199 0.148100 ) (203 -199 154.852020 ) (195 -199 154.852020 ) 
4 89 90 (195 -149 0.148100 ) (195 -199 0.148100 ) (195 -199 154.852020 ) (195 -149 154.852020 ) 
4 90 103 (182 -149 0.148100 ) (195 -149 0.148100 ) (195 -199 0.148100 ) (182 -199 0.148100 ) 
4 90 96 (182 -199 105 ) (182 -199 107 ) (182 -149 107 ) (182 -149 105 ) 
4 90 95 (182 -199 107 ) (182 -199 154.852020 ) (182 -149 154.852020 ) (182 -149 107 ) 
4 90 98 (182 -149 0.148100 ) (182 -199 0.148100 ) (182 -199 105 ) (182 -149 105 ) 
4 90 92 (182 -199 154.852020 ) (182 -199 0.148100 ) (195 -199 0.148100 ) (195 -199 154.852020 ) 
4 91 102 (256 -199 0.148100 ) (256 -207 0.148100 ) (203 -207 0.148100 ) (203 -199 0.148100 ) 
4 91 93 (203 -207 0.148100 ) (256 -207 0.148100 ) (256 -207 154.852020 ) (203 -207 154.852020 ) 
4 91 92 (203 -199 154.852020 ) (203 -199 0.148100 ) (203 -207 0.148100 ) (203 -207 154.852020 ) 
4 92 103 (203 -207 0.148100 ) (182 -207 0.148100 ) (182 -199 0.148100 ) (203 -199 0.148100 ) 
4 92 96 (182 -207 105 ) (182 -207 107 ) (182 -199 107 ) (182 -199 105 ) 
4 92 95 (182 -207 107 ) (182 -207 154.852020 ) (182 -199 154.852020 ) (182 -199 107 ) 
4 92 98 (182 -199 0.148100 ) (182 -207 0.148100 ) (182 -207 105 ) (182 -199 105 ) 
4 92 94 (182 -207 154.852020 ) (182 -207 0.148100 ) (190 -207 0.148100 ) (190 -207 154.852020 ) 
4 92 93 (190 -207 0.148100 ) (203 -207 0.148100 ) (203 -207 154.852020 ) (190 -207 154.852020 ) 
4 93 103 (203 -257 0.148100 ) (190 -257 0.148100 ) (190 -207 0.148100 ) (203 -207 0.148100 ) 
4 93 102 (256 -207 0.148100 ) (256 -257 0.148100 ) (203 -257 0.148100 ) (203 -207 0.148100 ) 
4 93 100 (190 -257 0.148100 ) (192 -257 0.148100 ) (192 -257 154.852020 ) (190 -257 154.852020 ) 
4 93 99 (192 -257 0.148100 ) (256 -257 0.148100 ) (256 -257 154.852020 ) (192 -257 154.852020 ) 
4 93 94 (190 -207 154.852020 ) (190 -207 0.148100 ) (190 -257 0.148100 ) (190 -257 154.852020 ) 
4 94 103 (190 -257 0.148100 ) (182 -257 0.148100 ) (182 -207 0.148100 ) (190 -207 0.148100 ) 
4 94 100 (182 -257 0.148100 ) (190 -257 0.148100 ) (190 -257 154.852020 ) (182 -257 154.852020 ) 
4 94 97 (182 -257 105 ) (182 -257 107 ) (182 -234 107 ) (182 -234 105 ) 
4 94 96 (182 -234 107 ) (182 -207 107 ) (182 -207 105 ) (182 -234 105 ) 
4 94 95 (182 -257 107 ) (182 -257 154.852020 ) (182 -207 154.852020 ) (182 -207 107 ) 
4 94 98 (182 -207 0.148100 ) (182 -257 0.148100 ) (182 -257 105 ) (182 -207 105 ) 
4 95 110 (127 -257 155 ) (127 -149 155 ) (127 -149 107 ) (127 -257 107 ) 
4 95 100 (182 -257 107 ) (182 -257 154.852020 ) (127 -257 154.852020 ) (127 -257 107 ) 
4 95 97 (182 -234 107 ) (182 -257 107 ) (127 -257 107 ) (127 -235.341461 107 ) 
4 95 96 (127 -149 107 ) (182 -149 107 ) (182 -234 107 ) (127 -235.341461 107 ) 
4 96 111 (127 -149 107 ) (127 -149 105 ) (127 -235.341461 105 ) (127 -235.341461 107 ) 
4 96 98 (127 -149 105 ) (182 -149 105 ) (182 -234 105 ) (127 -235.341461 105 ) 
4 96 97 (127 -235.341339 105 ) (182 -234 105 ) (182 -234 107 ) (127 -235.341461 107 ) 
4 97 112 (127 -235.341461 105 ) (127 -257 105 ) (127 -257 107 ) (127 -235.341461 107 ) 
4 97 100 (182 -257 105 ) (182 -257 107 ) (127 -257 107 ) (127 -257 105 ) 
4 97 98 (182 -234 105 ) (182 -257 105 ) (127 -257 105 ) (127 -235.341461 105 ) 
4 98 113 (127 -149 105 ) (127 -149 0.148100 ) (127 -257 0.148100 ) (127 -257 105 ) 
4 98 103 (127 -257 0.148100 ) (127 -149 0.148100 ) (182 -149 0.148100 ) (182 -257 0.148100 ) 
4 98 100 (127 -257 0.148100 ) (182 -257 0.148100 ) (182 -257 105 ) (127 -257 105 ) 
4 99 103 (192 -265 0.148100 ) (192 -257 0.148100 ) (203 -257 0.148100 ) (203 -265 0.148100 ) 
4 99 106 (203 -320 0.148100 ) (192 -320 0.148100 ) (192 -265 0.148100 ) (203 -265 0.148100 ) 
4 99 102 (256 -320 0.148100 ) (203 -320 0.148100 ) (203 -257 0.148100 ) (256 -257 0.148100 ) 
4 99 101 (192 -265 0.148100 ) (192 -320 0.148100 ) (192 -320 154.852020 ) (192 -265 154.852020 ) 
4 99 100 (192 -257 154.852020 ) (192 -257 0.148100 ) (192 -265 0.148100 ) (192 -265 154.852020 ) 
4 100 117 (127 -265 155 ) (127 -257 155 ) (127 -257 0.148100 ) (127 -265 0.148100 ) 
4 100 103 (127 -265 0.148100 ) (127 -257 0.148100 ) (192 -257 0.148100 ) (192 -265 0.148100 ) 
4 100 101 (127 -265 0.148100 ) (192 -265 0.148100 ) (192 -265 154.852020 ) (127 -265 154.852020 ) 
4 101 118 (127 -320 0.148100 ) (127 -320 155 ) (127 -265 155 ) (127 -265 0.148100 ) 
4 101 106 (192 -320 0.148100 ) (127 -320 0.148100 ) (127 -265 0.148100 ) (192 -265 0.148100 ) 
4 102 104 (203 -265 0.148100 ) (203 -149 0.148100 ) (203 -149 -8 ) (203 -265 -8 ) 
4 102 105 (203 -149 -8 ) (203 -149 -64 ) (203 -265 -64 ) (203 -265 -8 ) 
4 102 106 (203 -320 -64 ) (203 -320 0.148100 ) (203 -265 0.148100 ) (203 -265 -64 ) 
4 103 104 (203 -265 0 ) (127 -265 0 ) (127 -149 0 ) (203 -149 0 ) 
4 104 120 (127 -265 -8 ) (127 -265 0.148100 ) (127 -149 0.148100 ) (127 -149 -8 ) 
4 104 105 (203 -265 -8 ) (127 -265 -8 ) (127 -149 -8 ) (203 -149 -8 ) 
4 104 106 (203 -265 -8 ) (203 -265 0.148100 ) (127 -265 0.148100 ) (127 -265 -8 ) 
4 105 121 (127 -149 -64 ) (127 -265 -64 ) (127 -265 -8 ) (127 -149 -8 ) 
4 105 106 (203 -265 -64 ) (203 -265 -8 ) (127 -265 -8 ) (127 -265 -64 ) 
4 106 122 (127 -265 -64 ) (127 -320 -64 ) (127 -320 0.148100 ) (127 -265 0.148100 ) 
4 107 119 (63 0 0.148100 ) (127 0 0.148100 ) (127 -12 0.148100 ) (63 -12 0.148100 ) 
4 107 111 (127 -12 105 ) (127 -12 107 ) (63 -12 107 ) (63 -12 105 ) 
4 107 110 (127 -12 107 ) (127 -12 155 ) (63 -12 155 ) (63 -12 107 ) 
4 107 113 (63 -12 0.148100 ) (127 -12 0.148100 ) (127 -12 105 ) (63 -12 105 ) 
4 107 109 (63 0 0.148100 ) (63 -12 0.148100 ) (63 -12 155 ) (63 0 155 ) 
4 108 109 (63 0 154.852020 ) (63 -12 154.852020 ) (51 -12 154.852020 ) (51 0 154.852020 ) 
4 109 124 (51 -12 155 ) (51 0 155 ) (51 0 0.148100 ) (51 -12 0.148100 ) 
4 109 119 (51 -12 0.148100 ) (51 0 0.148100 ) (63 0 0.148100 ) (63 -12 0.148100 ) 
4 109 115 (51 -12 155 ) (51 -12 0.148100 ) (59 -12 0.148100 ) (59 -12 155 ) 
4 109 111 (63 -12 105 ) (63 -12 107 ) (59 -12 107 ) (59 -12 105 ) 
4 109 110 (63 -12 107 ) (63 -12 155 ) (59 -12 155 ) (59 -12 107 ) 
4 109 113 (59 -12 0.148100 ) (63 -12 0.148100 ) (63 -12 105 ) (59 -12 105 ) 
4 110 117 (127 -257 107 ) (127 -257 155 ) (59 -257 155 ) (59 -257 107 ) 
4 110 115 (59 -12 155 ) (59 -12 107 ) (59 -257 107 ) (59 -257 155 ) 
4 110 112 (127 -257 107 ) (59 -257 107 ) (59 -237 107 ) (127 -235.341461 107 ) 
4 110 111 (59 -237 107 ) (59 -12 107 ) (127 -12 107 ) (127 -235.341461 107 ) 
4 111 115 (59 -12 107 ) (59 -12 105 ) (59 -237 105 ) (59 -237 107 ) 
4 111 113 (59 -237 105 ) (59 -12 105 ) (127 -12 105 ) (127 -235.341461 105 ) 
4 111 112 (59 -237 105 ) (127 -235.341461 105 ) (127 -235.341476 107 ) (59 -237 107 ) 
4 112 117 (127 -257 105 ) (127 -257 107 ) (59 -257 107 ) (59 -257 105 ) 
4 112 115 (59 -237 105 ) (59 -257 105 ) (59 -257 107 ) (59 -237 107 ) 
4 112 113 (127 -257 105 ) (59 -257 105 ) (59 -237 105 ) (127 -235.341461 105 ) 
4 113 119 (59 -12 0.148100 ) (127 -12 0.148100 ) (127 -257 0.148100 ) (59 -257 0.148100 ) 
4 113 117 (59 -257 0.148100 ) (127 -257 0.148100 ) (127 -257 105 ) (59 -257 105 ) 
4 113 115 (59 -12 105 ) (59 -12 0.148100 ) (59 -257 0.148100 ) (59 -257 105 ) 
4 114 115 (51 -12 154.852020 ) (59 -12 154.852020 ) (59 -257 154.852020 ) (51 -257 154.852020 ) 
4 115 135 (51 -219 0.148100 ) (51 -257 0.148100 ) (51 -257 142 ) (51 -219 142 ) 
4 115 134 (51 -211 0.148100 ) (51 -219 0.148100 ) (51 -219 142 ) (51 -211 142 ) 
4 115 133 (51 -151 0.148100 ) (51 -211 0.148100 ) (51 -211 142 ) (51 -151 142 ) 
4 115 132 (51 -143 142 ) (51 -143 0.148100 ) (51 -151 0.148100 ) (51 -151 142 ) 
4 115 130 (51 -143 150 ) (51 -143 142 ) (51 -219 142 ) (51 -219 150 ) 
4 115 129 (51 -219 155 ) (51 -143 155 ) (51 -143 150 ) (51 -219 150 ) 
4 115 131 (51 -257 155 ) (51 -219 155 ) (51 -219 142 ) (51 -257 142 ) 
4 115 126 (51 -143 155 ) (51 -12 155 ) (51 -12 0.148100 ) (51 -143 0.148100 ) 
4 115 119 (51 -257 0.148100 ) (51 -12 0.148100 ) (59 -12 0.148100 ) (59 -257 0.148100 ) 
4 115 117 (51 -257 155 ) (51 -257 0.148100 ) (59 -257 0.148100 ) (59 -257 155 ) 
4 116 117 (127 -265 154.852020 ) (51 -265 154.852020 ) (51 -257 154.852020 ) (127 -257 154.852020 ) 
4 117 135 (51 -257 142 ) (51 -257 0.148100 ) (51 -265 0.148100 ) (51 -265 142 ) 
4 117 131 (51 -265 155 ) (51 -257 155 ) (51 -257 142 ) (51 -265 142 ) 
4 117 119 (51 -265 0.148100 ) (51 -257 0.148100 ) (127 -257 0.148100 ) (127 -265 0.148100 ) 
4 117 118 (51 -265 155 ) (51 -265 0.148100 ) (127 -265 0.148100 ) (127 -265 155 ) 
4 118 135 (51 -320 0.148100 ) (51 -320 142 ) (51 -265 142 ) (51 -265 0.148100 ) 
4 118 131 (51 -320 142 ) (51 -320 155 ) (51 -265 155 ) (51 -265 142 ) 
4 118 122 (51 -320 0.148100 ) (51 -265 0.148100 ) (127 -265 0.148100 ) (127 -320 0.148100 ) 
4 119 120 (127 -265 0 ) (51 -265 0 ) (51 0 0 ) (127 0 0 ) 
4 120 137 (51 -219 0.148100 ) (51 -143 0.148100 ) (51 -143 -8 ) (51 -219 -8 ) 
4 120 136 (51 -143 0.148100 ) (51 0 0.148100 ) (51 0 -8 ) (51 -143 -8 ) 
4 120 139 (51 -265 -8 ) (51 -265 0.148100 ) (51 -219 0.148100 ) (51 -219 -8 ) 
4 120 121 (127 -265 -8 ) (51 -265 -8 ) (51 0 -8 ) (127 0 -8 ) 
4 120 122 (127 -265 -8 ) (127 -265 0.148100 ) (51 -265 0.148100 ) (51 -265 -8 ) 
4 121 138 (51 -143 -64 ) (51 -219 -64 ) (51 -219 -8 ) (51 -143 -8 ) 
4 121 136 (51 0 -64 ) (51 -143 -64 ) (51 -143 -8 ) (51 0 -8 ) 
4 121 139 (51 -219 -64 ) (51 -265 -64 ) (51 -265 -8 ) (51 -219 -8 ) 
4 121 122 (127 -265 -64 ) (127 -265 -8 ) (51 -265 -8 ) (51 -265 -64 ) 
4 122 139 (51 -265 -64 ) (51 -320 -64 ) (51 -320 0.148100 ) (51 -265 0.148100 ) 
4 123 124 (51 -12 154.852020 ) (37 -12 154.852020 ) (37 0 154.852020 ) (51 0 154.852020 ) 
4 124 128 (37 -4 0 ) (37 -12 0 ) (37 -12 155 ) (37 -4 155 ) 
4 124 127 (37 0 0 ) (37 -4 0 ) (37 -4 155 ) (37 0 155 ) 
4 124 125 (51 -12 0.148100 ) (37 -12 0.148100 ) (37 0 0.148100 ) (51 0 0.148100 ) 
4 124 126 (37 -12 155 ) (37 -12 0 ) (51 -12 0 ) (51 -12 155 ) 
4 125 136 (37 0 0 ) (51 0 0 ) (51 -12 0 ) (37 -12 0 ) 
4 126 136 (51 -12 0 ) (51 -143 0 ) (37 -143 0 ) (37 -12 0 ) 
4 126 132 (37 -143 0 ) (51 -143 0 ) (51 -143 142 ) (37 -143 142 ) 
4 126 130 (51 -143 142 ) (51 -143 150 ) (37 -143 150 ) (37 -143 142 ) 
4 126 129 (51 -143 150 ) (51 -143 155 ) (37 -143 155 ) (37 -143 150 ) 
4 126 128 (37 -12 0 ) (37 -143 0 ) (37 -143 155 ) (37 -12 155 ) 
4 127 149 (0 0 142 ) (0 0 0 ) (0 -4 0 ) (0 -4 142 ) 
4 127 142 (0 0 155 ) (0 0 142 ) (0 -4 142 ) (0 -4 155 ) 
4 127 136 (0 0 0 ) (37 0 0 ) (37 -4 0 ) (0 -4 0 ) 
4 127 128 (0 -4 0 ) (37 -4 0 ) (37 -4 155 ) (0 -4 155 ) 
4 128 150 (0 -4 0 ) (0 -143 0 ) (0 -143 142 ) (0 -4 142 ) 
4 128 144 (0 -143 142 ) (0 -143 155 ) (0 -4 155 ) (0 -4 142 ) 
4 128 136 (37 -4 0 ) (37 -143 0 ) (0 -143 0 ) (0 -4 0 ) 
4 128 132 (0 -143 0 ) (37 -143 0 ) (37 -143 142 ) (0 -143 142 ) 
4 128 130 (37 -143 142 ) (37 -143 150 ) (0 -143 150 ) (0 -143 142 ) 
4 128 129 (37 -143 150 ) (37 -143 155 ) (0 -143 155 ) (0 -143 150 ) 
4 129 145 (0 -219 155 ) (0 -143 155 ) (0 -143 150 ) (0 -219 150 ) 
4 129 131 (51 -219 150 ) (51 -219 155 ) (0 -219 155 ) (0 -219 150 ) 
4 129 130 (51 -219 150 ) (0 -219 150 ) (0 -143 150 ) (51 -143 150 ) 
4 130 146 (0 -143 150 ) (0 -143 142 ) (0 -219 142 ) (0 -219 150 ) 
4 130 134 (51 -211 142 ) (51 -219 142 ) (0 -219 142 ) (0 -211 142 ) 
4 130 133 (51 -151 142 ) (51 -211 142 ) (0 -211 142 ) (0 -151 142 ) 
4 130 132 (0 -143 142 ) (51 -143 142 ) (51 -151 142 ) (0 -151 142 ) 
4 130 131 (0 -219 142 ) (51 -219 142 ) (51 -219 150 ) (0 -219 150 ) 
4 131 147 (0 -320 142 ) (0 -320 155 ) (0 -219 155 ) (0 -219 142 ) 
4 131 135 (51 -219 142 ) (51 -320 142 ) (0 -320 142 ) (0 -219 142 ) 
4 132 152 (0 -143 0 ) (0 -151 0 ) (0 -151 142 ) (0 -143 142 ) 
4 132 137 (51 -143 0 ) (51 -151 0 ) (0 -151 0 ) (0 -143 0 ) 
4 132 133 (0 -151 0 ) (51 -151 0 ) (51 -151 142 ) (0 -151 142 ) 
4 133 154 (0 -151 0 ) (0 -211 0 ) (0 -211 142 ) (0 -151 142 ) 
4 133 137 (51 -151 0 ) (51 -211 0 ) (0 -211 0 ) (0 -151 0 ) 
4 133 134 (0 -211 0 ) (51 -211 0 ) (51 -211 142 ) (0 -211 142 ) 
4 134 157 (0 -211 0 ) (0 -219 0 ) (0 -219 142 ) (0 -211 142 ) 
4 134 137 (51 -211 0 ) (51 -219 0 ) (0 -219 0 ) (0 -211 0 ) 
4 134 135 (0 -219 0 ) (51 -219 0 ) (51 -219 142 ) (0 -219 142 ) 
4 135 158 (0 -219 0 ) (0 -320 0 ) (0 -320 142 ) (0 -219 142 ) 
4 135 139 (51 -219 0 ) (51 -320 0 ) (0 -320 0 ) (0 -219 0 ) 
4 136 160 (0 0 0 ) (0 0 -64 ) (0 -143 -64 ) (0 -143 0 ) 
4 136 138 (0 -143 -64 ) (51 -143 -64 ) (51 -143 -8 ) (0 -143 -8 ) 
4 136 137 (51 -143 -8 ) (51 -143 0 ) (0 -143 0 ) (0 -143 -8 ) 
4 137 161 (0 -219 -8 ) (0 -219 0 ) (0 -143 0 ) (0 -143 -8 ) 
4 137 139 (51 -219 -8 ) (51 -219 0 ) (0 -219 0 ) (0 -219 -8 ) 
4 137 138 (51 -219 -8 ) (0 -219 -8 ) (0 -143 -8 ) (51 -143 -8 ) 
4 138 162 (0 -143 -64 ) (0 -219 -64 ) (0 -219 -8 ) (0 -143 -8 ) 
4 138 139 (0 -219 -64 ) (51 -219 -64 ) (51 -219 -8 ) (0 -219 -8 ) 
4 139 163 (0 -219 -64 ) (0 -320 -64 ) (0 -320 0 ) (0 -219 0 ) 
4 140 144 (0 -4 163 ) (0 -4 192 ) (-69 -4 192 ) (-69 -4 163 ) 
4 140 148 (-69 -4 192 ) (-207 -4 192 ) (-207 -4 163 ) (-69 -4 163 ) 
4 140 141 (0 -4 163 ) (-207 -4 163 ) (-207 0 163 ) (0 0 163 ) 
4 140 143 (-207 -4 163 ) (-207 -4 192 ) (-207 0 192 ) (-207 0 163 ) 
4 141 144 (0 -4 156 ) (0 -4 163 ) (-69 -4 163 ) (-69 -4 156 ) 
4 141 148 (-69 -4 163 ) (-207 -4 163 ) (-207 -4 156 ) (-69 -4 156 ) 
4 141 143 (-207 -4 156 ) (-207 -4 163 ) (-207 0 163 ) (-207 0 156 ) 
4 141 142 (0 -4 156 ) (-207 -4 156 ) (-207 0 156 ) (0 0 156 ) 
4 142 149 (-207 0 142 ) (0 0 142 ) (0 -4 142 ) (-207 -4 142 ) 
4 142 144 (-69 -4 142 ) (0 -4 142 ) (0 -4 156 ) (-69 -4 156 ) 
4 142 148 (-207 -4 142 ) (-69 -4 142 ) (-69 -4 156 ) (-207 -4 156 ) 
4 142 143 (-207 0 142 ) (-207 -4 142 ) (-207 -4 156 ) (-207 0 156 ) 
4 143 151 (-256 -4 142 ) (-256 0 142 ) (-207 0 142 ) (-207 -4 142 ) 
4 143 148 (-256 -4 192 ) (-256 -4 142 ) (-207 -4 142 ) (-207 -4 192 ) 
4 144 150 (-69 -143 142 ) (-69 -4 142 ) (0 -4 142 ) (0 -143 142 ) 
4 144 146 (-69 -143 150 ) (-69 -143 142 ) (0 -143 142 ) (0 -143 150 ) 
4 144 145 (-69 -143 192 ) (-69 -143 150 ) (0 -143 150 ) (0 -143 192 ) 
4 144 148 (-69 -4 192 ) (-69 -4 142 ) (-69 -143 142 ) (-69 -143 192 ) 
4 145 148 (-69 -219 150 ) (-69 -219 192 ) (-69 -143 192 ) (-69 -143 150 ) 
4 145 147 (-69 -219 192 ) (-69 -219 150 ) (0 -219 150 ) (0 -219 192 ) 
4 145 146 (0 -219 150 ) (-69 -219 150 ) (-69 -143 150 ) (0 -143 150 ) 
4 146 157 (-69 -219 142 ) (-69 -211 142 ) (0 -211 142 ) (0 -219 142 ) 
4 146 155 (-69 -211 142 ) (-69 -151 142 ) (-61 -151 142 ) (-61 -211 142 ) 
4 146 154 (-61 -151 142 ) (0 -151 142 ) (0 -211 142 ) (-61 -211 142 ) 
4 146 152 (-69 -151 142 ) (-69 -143 142 ) (0 -143 142 ) (0 -151 142 ) 
4 146 148 (-69 -143 142 ) (-69 -219 142 ) (-69 -219 150 ) (-69 -143 150 ) 
4 146 147 (-69 -219 150 ) (-69 -219 142 ) (0 -219 142 ) (0 -219 150 ) 
4 147 158 (0 -320 142 ) (-69 -320 142 ) (-69 -219 142 ) (0 -219 142 ) 
4 147 148 (-69 -219 142 ) (-69 -320 142 ) (-69 -320 192 ) (-69 -219 192 ) 
4 148 159 (-69 -320 142 ) (-256 -320 142 ) (-256 -211 142 ) (-69 -211 142 ) 
4 148 156 (-256 -211 142 ) (-256 -151 142 ) (-69 -151 142 ) (-69 -211 142 ) 
4 148 153 (-256 -151 142 ) (-256 -143 142 ) (-69 -143 142 ) (-69 -151 142 ) 
4 148 150 (-207 -4 142 ) (-69 -4 142 ) (-69 -143 142 ) (-207 -143 142 ) 
4 148 151 (-256 -143 142 ) (-256 -4 142 ) (-207 -4 142 ) (-207 -143 142 ) 
4 149 160 (-69 0 0 ) (0 0 0 ) (0 -4 0 ) (-69 -4 0 ) 
4 149 164 (-207 0 0 ) (-69 0 0 ) (-69 -4 0 ) (-207 -4 0 ) 
4 149 151 (-207 0 0 ) (-207 -4 0 ) (-207 -4 142 ) (-207 0 142 ) 
4 149 150 (-207 -4 142 ) (-207 -4 0 ) (0 -4 0 ) (0 -4 142 ) 
4 150 160 (0 -4 0 ) (0 -143 0 ) (-69 -143 0 ) (-69 -4 0 ) 
4 150 164 (-69 -143 0 ) (-207 -143 0 ) (-207 -4 0 ) (-69 -4 0 ) 
4 150 153 (-207 -143 0 ) (-69 -143 0 ) (-69 -143 142 ) (-207 -143 142 ) 
4 150 152 (-69 -143 0 ) (0 -143 0 ) (0 -143 142 ) (-69 -143 142 ) 
4 150 151 (-207 -4 0 ) (-207 -143 0 ) (-207 -143 142 ) (-207 -4 142 ) 
4 151 164 (-256 -143 0 ) (-256 0 0 ) (-207 0 0 ) (-207 -143 0 ) 
4 151 153 (-256 -143 0 ) (-207 -143 0 ) (-207 -143 142 ) (-256 -143 142 ) 
4 152 161 (-69 -143 0 ) (0 -143 0 ) (0 -151 0 ) (-69 -151 0 ) 
4 152 155 (-69 -151 0 ) (-61 -151 0 ) (-61 -151 142 ) (-69 -151 142 ) 
4 152 154 (-61 -151 0 ) (0 -151 0 ) (0 -151 142 ) (-61 -151 142 ) 
4 152 153 (-69 -143 142 ) (-69 -143 0 ) (-69 -151 0 ) (-69 -151 142 ) 
4 153 164 (-256 -151 0 ) (-256 -143 0 ) (-69 -143 0 ) (-69 -151 0 ) 
4 153 156 (-256 -151 0 ) (-69 -151 0 ) (-69 -151 142 ) (-256 -151 142 ) 
4 154 161 (-61 -151 0 ) (0 -151 0 ) (0 -211 0 ) (-61 -211 0 ) 
4 154 157 (-61 -211 0 ) (0 -211 0 ) (0 -211 142 ) (-61 -211 142 ) 
4 154 155 (-61 -151 142 ) (-61 -151 0 ) (-61 -211 0 ) (-61 -211 142 ) 
4 155 161 (-69 -151 0 ) (-61 -151 0 ) (-61 -211 0 ) (-69 -211 0 ) 
4 155 157 (-69 -211 0 ) (-61 -211 0 ) (-61 -211 142 ) (-69 -211 142 ) 
4 155 156 (-69 -151 142 ) (-69 -151 0 ) (-69 -211 0 ) (-69 -211 142 ) 
4 156 164 (-256 -211 0 ) (-256 -151 0 ) (-69 -151 0 ) (-69 -211 0 ) 
4 156 159 (-256 -211 0 ) (-69 -211 0 ) (-69 -211 142 ) (-256 -211 142 ) 
4 157 161 (-69 -219 0 ) (-69 -211 0 ) (0 -211 0 ) (0 -219 0 ) 
4 157 159 (-69 -211 142 ) (-69 -211 0 ) (-69 -219 0 ) (-69 -219 142 ) 
4 157 158 (-69 -219 142 ) (-69 -219 0 ) (0 -219 0 ) (0 -219 142 ) 
4 158 163 (0 -320 0 ) (-69 -320 0 ) (-69 -219 0 ) (0 -219 0 ) 
4 158 159 (-69 -219 0 ) (-69 -320 0 ) (-69 -320 142 ) (-69 -219 142 ) 
4 159 164 (-69 -320 0 ) (-256 -320 0 ) (-256 -211 0 ) (-69 -211 0 ) 
4 160 162 (-69 -143 -8 ) (-69 -143 -64 ) (0 -143 -64 ) (0 -143 -8 ) 
4 160 161 (-69 -143 0 ) (-69 -143 -8 ) (0 -143 -8 ) (0 -143 0 ) 
4 160 164 (-69 0 -64 ) (-69 -143 -64 ) (-69 -143 0 ) (-69 0 0 ) 
4 161 164 (-69 -219 -8 ) (-69 -219 0 ) (-69 -143 0 ) (-69 -143 -8 ) 
4 161 163 (-69 -219 0 ) (-69 -219 -8 ) (0 -219 -8 ) (0 -219 0 ) 
4 161 162 (0 -219 -8 ) (-69 -219 -8 ) (-69 -143 -8 ) (0 -143 -8 ) 
4 162 164 (-69 -143 -64 ) (-69 -219 -64 ) (-69 -219 -8 ) (-69 -143 -8 ) 
4 162 163 (-69 -219 -8 ) (-69 -219 -64 ) (0 -219 -64 ) (0 -219 -8 ) 
4 163 164 (-69 -219 -64 ) (-69 -320 -64 ) (-69 -320 0 ) (-69 -219 0 ) 
