PRT1
124
318
4 0 3 (5543.600586 4096 984.353027 ) (5120 4096 984.353027 ) (5120 4096 -284.352997 ) (5543.600586 4096 -284.352997 ) 
4 0 2 (5120 4096 -284.352997 ) (5120 4096 984.353027 ) (5120 4237.580078 984.353027 ) (5120 4237.580078 -284.352997 ) 
4 2 9 (4096 4096 -284.352997 ) (4096 4096 984.353027 ) (4096 4237.580078 984.353027 ) (4096 4237.580078 -284.352997 ) 
4 2 4 (5120 4096 -284.352997 ) (5120 4096 984.353027 ) (4096 4096 984.353027 ) (4096 4096 -284.352997 ) 
4 3 5 (5543.600586 3072 984.353027 ) (5120 3072 984.353027 ) (5120 3072 -284.352997 ) (5543.600586 3072 -284.352997 ) 
4 3 4 (5120 4096 984.353027 ) (5120 4096 -284.352997 ) (5120 3072 -284.352997 ) (5120 3072 984.353027 ) 
4 4 12 (4096 3072 -284.352997 ) (4096 3072 984.353027 ) (4096 4096 984.353027 ) (4096 4096 -284.352997 ) 
4 4 6 (4096 3072 984.353027 ) (4096 3072 -284.352997 ) (5120 3072 -284.352997 ) (5120 3072 984.353027 ) 
4 5 7 (5543.600586 2048 984.353027 ) (5120 2048 984.353027 ) (5120 2048 -284.352997 ) (5543.600586 2048 -284.352997 ) 
4 5 6 (5120 3072 984.353027 ) (5120 3072 -284.352997 ) (5120 2048 -284.352997 ) (5120 2048 984.353027 ) 
4 6 15 (4096 2048 -284.352997 ) (4096 2048 984.353027 ) (4096 3072 984.353027 ) (4096 3072 -284.352997 ) 
4 6 8 (4096 2048 984.353027 ) (4096 2048 -284.352997 ) (5120 2048 -284.352997 ) (5120 2048 984.353027 ) 
4 7 21 (5543.600586 1024 984.353027 ) (5120 1024 984.353027 ) (5120 1024 -284.352997 ) (5543.600586 1024 -284.352997 ) 
4 7 8 (5120 2048 984.353027 ) (5120 2048 -284.352997 ) (5120 1024 -284.352997 ) (5120 1024 984.353027 ) 
4 8 22 (5120 1024 -284.352997 ) (5120 1024 984.353027 ) (4096 1024 984.353027 ) (4096 1024 -284.352997 ) 
4 8 16 (4096 1024 -284.352997 ) (4096 1024 984.353027 ) (4096 2048 984.353027 ) (4096 2048 -284.352997 ) 
4 9 12 (4096 4096 -284.352997 ) (4096 4096 984.353027 ) (3072 4096 984.353027 ) (3072 4096 -284.352997 ) 
4 9 10 (3072 4096 -284.352997 ) (3072 4096 984.353027 ) (3072 4237.580078 984.353027 ) (3072 4237.580078 -284.352997 ) 
4 10 13 (3072 4096 -284.352997 ) (3072 4096 984.353027 ) (2048 4096 984.353027 ) (2048 4096 -284.352997 ) 
4 10 11 (2048 4096 -284.352997 ) (2048 4096 984.353027 ) (2048 4237.580078 984.353027 ) (2048 4237.580078 -284.352997 ) 
4 11 41 (1024 4096 -284.352997 ) (1024 4096 984.353027 ) (1024 4237.580078 984.353027 ) (1024 4237.580078 -284.352997 ) 
4 11 14 (2048 4096 -284.352997 ) (2048 4096 984.353027 ) (1024 4096 984.353027 ) (1024 4096 -284.352997 ) 
4 12 15 (4096 3072 -284.352997 ) (4096 3072 984.353027 ) (3072 3072 984.353027 ) (3072 3072 -284.352997 ) 
4 12 13 (3072 3072 -284.352997 ) (3072 3072 984.353027 ) (3072 4096 984.353027 ) (3072 4096 -284.352997 ) 
4 13 17 (3072 3072 -284.352997 ) (3072 3072 984.353027 ) (2048 3072 984.353027 ) (2048 3072 -284.352997 ) 
4 13 14 (2048 4096 984.353027 ) (2048 4096 -284.352997 ) (2048 3072 -284.352997 ) (2048 3072 984.353027 ) 
4 14 48 (1024 3072 -284.352997 ) (1024 3072 984.353027 ) (1024 4096 984.353027 ) (1024 4096 -284.352997 ) 
4 14 18 (1024 3072 984.353027 ) (1024 3072 -284.352997 ) (2048 3072 -284.352997 ) (2048 3072 984.353027 ) 
4 15 17 (3072 3072 984.353027 ) (3072 3072 -284.352997 ) (3072 2048 -284.352997 ) (3072 2048 984.353027 ) 
4 15 16 (4096 2048 -284.352997 ) (4096 2048 984.353027 ) (3072 2048 984.353027 ) (3072 2048 -284.352997 ) 
4 16 29 (4096 1024 -284.352997 ) (4096 1024 984.353027 ) (3072 1024 984.353027 ) (3072 1024 -284.352997 ) 
4 16 19 (3072 1024 -284.352997 ) (3072 1024 984.353027 ) (3072 2048 984.353027 ) (3072 2048 -284.352997 ) 
4 17 19 (3072 2048 -284.352997 ) (3072 2048 984.353027 ) (2048 2048 984.353027 ) (2048 2048 -284.352997 ) 
4 17 18 (2048 3072 984.353027 ) (2048 3072 -284.352997 ) (2048 2048 -284.352997 ) (2048 2048 984.353027 ) 
4 18 54 (1024 2048 -284.352997 ) (1024 2048 984.353027 ) (1024 3072 984.353027 ) (1024 3072 -284.352997 ) 
4 18 20 (1024 2048 984.353027 ) (1024 2048 -284.352997 ) (2048 2048 -284.352997 ) (2048 2048 984.353027 ) 
4 19 31 (3072 1024 -284.352997 ) (3072 1024 984.353027 ) (2048 1024 984.353027 ) (2048 1024 -284.352997 ) 
4 19 20 (2048 2048 984.353027 ) (2048 2048 -284.352997 ) (2048 1024 -284.352997 ) (2048 1024 984.353027 ) 
4 20 55 (1024 1024 -284.352997 ) (1024 1024 984.353027 ) (1024 2048 984.353027 ) (1024 2048 -284.352997 ) 
4 20 32 (2048 1024 -284.352997 ) (2048 1024 984.353027 ) (1024 1024 984.353027 ) (1024 1024 -284.352997 ) 
4 21 23 (5543.600586 0 984.353027 ) (5120 0 984.353027 ) (5120 0 -284.352997 ) (5543.600586 0 -284.352997 ) 
4 21 22 (5120 1024 984.353027 ) (5120 1024 -284.352997 ) (5120 0 -284.352997 ) (5120 0 984.353027 ) 
4 22 29 (4096 1024 984.353027 ) (4096 1024 -284.352997 ) (4096 0 -284.352997 ) (4096 0 984.353027 ) 
4 22 24 (5120 0 -284.352997 ) (5120 0 984.353027 ) (4096 0 984.353027 ) (4096 0 -284.352997 ) 
4 23 25 (5543.600586 -1024 984.353027 ) (5120 -1024 984.353027 ) (5120 -1024 -284.352997 ) (5543.600586 -1024 -284.352997 ) 
4 23 24 (5120 0 984.353027 ) (5120 0 -284.352997 ) (5120 -1024 -284.352997 ) (5120 -1024 984.353027 ) 
4 24 30 (4096 -1024 -284.352997 ) (4096 -1024 984.353027 ) (4096 0 984.353027 ) (4096 0 -284.352997 ) 
4 24 26 (5120 -1024 -284.352997 ) (5120 -1024 984.353027 ) (4096 -1024 984.353027 ) (4096 -1024 -284.352997 ) 
4 25 27 (5543.600586 -2048 984.353027 ) (5120 -2048 984.353027 ) (5120 -2048 -284.352997 ) (5543.600586 -2048 -284.352997 ) 
4 25 26 (5120 -1024 984.353027 ) (5120 -1024 -284.352997 ) (5120 -2048 -284.352997 ) (5120 -2048 984.353027 ) 
4 26 35 (4096 -2048 -284.352997 ) (4096 -2048 984.353027 ) (4096 -1024 984.353027 ) (4096 -1024 -284.352997 ) 
4 26 28 (4096 -2048 984.353027 ) (4096 -2048 -284.352997 ) (5120 -2048 -284.352997 ) (5120 -2048 984.353027 ) 
4 27 28 (5120 -2048 984.353027 ) (5120 -2048 -284.352997 ) (5120 -2301.580078 -284.352997 ) (5120 -2301.580078 984.353027 ) 
4 28 38 (4096 -2301.580078 984.353027 ) (4096 -2048 984.353027 ) (4096 -2048 -284.352997 ) (4096 -2301.580078 -284.352997 ) 
4 29 31 (3072 1024 984.353027 ) (3072 1024 -284.352997 ) (3072 0 -284.352997 ) (3072 0 984.353027 ) 
4 29 30 (4096 0 -284.352997 ) (4096 0 984.353027 ) (3072 0 984.353027 ) (3072 0 -284.352997 ) 
4 30 35 (4096 -1024 -284.352997 ) (4096 -1024 984.353027 ) (3072 -1024 984.353027 ) (3072 -1024 -284.352997 ) 
4 30 33 (3072 -1024 -284.352997 ) (3072 -1024 984.353027 ) (3072 0 984.353027 ) (3072 0 -284.352997 ) 
4 31 33 (3072 0 -284.352997 ) (3072 0 984.353027 ) (2048 0 984.353027 ) (2048 0 -284.352997 ) 
4 31 32 (2048 1024 984.353027 ) (2048 1024 -284.352997 ) (2048 0 -284.352997 ) (2048 0 984.353027 ) 
4 32 82 (1024 0 -284.352997 ) (1024 0 984.353027 ) (1024 1024 984.353027 ) (1024 1024 -284.352997 ) 
4 32 34 (2048 0 -284.352997 ) (2048 0 984.353027 ) (1024 0 984.353027 ) (1024 0 -284.352997 ) 
4 33 36 (3072 -1024 -284.352997 ) (3072 -1024 984.353027 ) (2048 -1024 984.353027 ) (2048 -1024 -284.352997 ) 
4 33 34 (2048 0 984.353027 ) (2048 0 -284.352997 ) (2048 -1024 -284.352997 ) (2048 -1024 984.353027 ) 
4 34 83 (1024 -1024 -284.352997 ) (1024 -1024 984.353027 ) (1024 0 984.353027 ) (1024 0 -284.352997 ) 
4 34 37 (2048 -1024 -284.352997 ) (2048 -1024 984.353027 ) (1024 -1024 984.353027 ) (1024 -1024 -284.352997 ) 
4 35 38 (4096 -2048 -284.352997 ) (4096 -2048 984.353027 ) (3072 -2048 984.353027 ) (3072 -2048 -284.352997 ) 
4 35 36 (3072 -2048 -284.352997 ) (3072 -2048 984.353027 ) (3072 -1024 984.353027 ) (3072 -1024 -284.352997 ) 
4 36 39 (3072 -2048 -284.352997 ) (3072 -2048 984.353027 ) (2048 -2048 984.353027 ) (2048 -2048 -284.352997 ) 
4 36 37 (2048 -1024 984.353027 ) (2048 -1024 -284.352997 ) (2048 -2048 -284.352997 ) (2048 -2048 984.353027 ) 
4 37 111 (1024 -2048 -284.352997 ) (1024 -2048 984.353027 ) (1024 -1024 984.353027 ) (1024 -1024 -284.352997 ) 
4 37 40 (1024 -2048 984.353027 ) (1024 -2048 -284.352997 ) (2048 -2048 -284.352997 ) (2048 -2048 984.353027 ) 
4 38 39 (3072 -2048 984.353027 ) (3072 -2048 -284.352997 ) (3072 -2301.580078 -284.352997 ) (3072 -2301.580078 984.353027 ) 
4 39 40 (2048 -2048 984.353027 ) (2048 -2048 -284.352997 ) (2048 -2301.580078 -284.352997 ) (2048 -2301.580078 984.353027 ) 
4 40 117 (1024 -2301.580078 984.353027 ) (1024 -2048 984.353027 ) (1024 -2048 -284.352997 ) (1024 -2301.580078 -284.352997 ) 
4 41 48 (1024 4096 -284.352997 ) (1024 4096 984.353027 ) (0 4096 984.353027 ) (0 4096 -284.352997 ) 
4 41 42 (0 4096 -284.352997 ) (0 4096 984.353027 ) (0 4237.580078 984.353027 ) (0 4237.580078 -284.352997 ) 
4 42 49 (0 4096 -284.352997 ) (0 4096 984.353027 ) (-1024 4096 984.353027 ) (-1024 4096 -284.352997 ) 
4 42 44 (-1024 4096 -284.352997 ) (-1024 4096 984.353027 ) (-1024 4237 984.353027 ) (-1024 4237 -284.352997 ) 
4 42 43 (-1024 4237 984.353027 ) (-1024 4237.580078 984.353027 ) (-1024 4237.580078 -284.352997 ) (-1024 4237 -284.352997 ) 
4 43 78 (-2048 4237 984.353027 ) (-2048 4237.580078 984.353027 ) (-2048 4237.580078 -284.352997 ) (-2048 4237 -284.352997 ) 
4 43 45 (-1952 4237 128 ) (-1952 4237 984.353027 ) (-1968 4237 984.353027 ) (-1968 4237 128 ) 
4 43 46 (-1968 4237 -284.352997 ) (-1952 4237 -284.352997 ) (-1952 4237 0 ) (-1968 4237 0 ) 
4 43 44 (-1952 4237 -284.352997 ) (-1024 4237 -284.352997 ) (-1024 4237 984.353027 ) (-1952 4237 984.353027 ) 
4 43 47 (-2048 4237 -284.352997 ) (-1968 4237 -284.352997 ) (-1968 4237 984.353027 ) (-2048 4237 984.353027 ) 
4 44 51 (-1024 4096 -284.352997 ) (-1024 4096 128 ) (-1952 4096 128 ) (-1952 4096 -284.352997 ) 
4 44 50 (-1024 4096 128 ) (-1024 4096 984.353027 ) (-1952 4096 984.353027 ) (-1952 4096 128 ) 
4 44 45 (-1952 4237 984.353027 ) (-1952 4237 128 ) (-1952 4096 128 ) (-1952 4096 984.353027 ) 
4 44 46 (-1952 4237 0 ) (-1952 4237 -284.352997 ) (-1952 4096 -284.352997 ) (-1952 4096 0 ) 
4 45 50 (-1952 4096 984.353027 ) (-1968 4096 984.353027 ) (-1968 4096 128 ) (-1952 4096 128 ) 
4 45 47 (-1968 4237 984.353027 ) (-1968 4237 128 ) (-1968 4096 128 ) (-1968 4096 984.353027 ) 
4 46 52 (-1968 4096 0 ) (-1968 4096 -284.352997 ) (-1952 4096 -284.352997 ) (-1952 4096 0 ) 
4 46 47 (-1968 4237 0 ) (-1968 4237 -284.352997 ) (-1968 4096 -284.352997 ) (-1968 4096 0 ) 
4 47 78 (-2048 4096 -284.352997 ) (-2048 4096 984.353027 ) (-2048 4237 984.353027 ) (-2048 4237 -284.352997 ) 
4 47 53 (-2048 4096 128 ) (-2048 4096 -284.352997 ) (-1968 4096 -284.352997 ) (-1968 4096 128 ) 
4 47 50 (-1968 4096 984.353027 ) (-2048 4096 984.353027 ) (-2048 4096 128 ) (-1968 4096 128 ) 
4 48 54 (1024 3072 -284.352997 ) (1024 3072 984.353027 ) (0 3072 984.353027 ) (0 3072 -284.352997 ) 
4 48 49 (0 3072 -284.352997 ) (0 3072 984.353027 ) (0 4096 984.353027 ) (0 4096 -284.352997 ) 
4 49 56 (0 3072 -284.352997 ) (0 3072 984.353027 ) (-1024 3072 984.353027 ) (-1024 3072 -284.352997 ) 
4 49 51 (-1024 4096 128 ) (-1024 4096 -284.352997 ) (-1024 3072 -284.352997 ) (-1024 3072 128 ) 
4 49 50 (-1024 4096 984.353027 ) (-1024 4096 128 ) (-1024 3072 128 ) (-1024 3072 984.353027 ) 
4 50 79 (-2048 3072 128 ) (-2048 3072 984.353027 ) (-2048 4096 984.353027 ) (-2048 4096 128 ) 
4 50 57 (-2048 3072 984.353027 ) (-2048 3072 128 ) (-1024 3072 128 ) (-1024 3072 984.353027 ) 
4 50 51 (-1952 4096 128 ) (-1024 4096 128 ) (-1024 3072 128 ) (-1952 3072 128 ) 
4 50 53 (-2048 3072 128 ) (-2048 4096 128 ) (-1968 4096 128 ) (-1968 3072 128 ) 
4 51 62 (-1952 3072 -284.352997 ) (-1024 3072 -284.352997 ) (-1024 3072 0 ) (-1952 3072 0 ) 
4 51 60 (-1422.820068 3072 128 ) (-1952 3072 128 ) (-1952 3072 0 ) (-1422.820068 3072 0 ) 
4 51 59 (-1406.820068 3072 128 ) (-1422.820068 3072 128 ) (-1422.820068 3072 0 ) (-1406.820068 3072 0 ) 
4 51 58 (-1024 3072 0 ) (-1024 3072 128 ) (-1406.820068 3072 128 ) (-1406.820068 3072 0 ) 
4 51 52 (-1952 4096 -284.352997 ) (-1952 3072 -284.352997 ) (-1952 3072 0 ) (-1952 4096 0 ) 
4 52 62 (-1968 3072 -284.352997 ) (-1952 3072 -284.352997 ) (-1952 3072 0 ) (-1968 3072 0 ) 
4 52 53 (-1968 4096 -284.352997 ) (-1968 3072 -284.352997 ) (-1968 3072 0 ) (-1968 4096 0 ) 
4 53 79 (-2048 3072 -284.352997 ) (-2048 3072 128 ) (-2048 4096 128 ) (-2048 4096 -284.352997 ) 
4 53 62 (-2048 3072 0 ) (-2048 3072 -284.352997 ) (-1968 3072 -284.352997 ) (-1968 3072 0 ) 
4 53 61 (-2048 3072 128 ) (-2048 3072 0 ) (-1968 3072 0 ) (-1968 3072 128 ) 
4 54 56 (0 3072 984.353027 ) (0 3072 -284.352997 ) (0 2048 -284.352997 ) (0 2048 984.353027 ) 
4 54 55 (1024 2048 -284.352997 ) (1024 2048 984.353027 ) (0 2048 984.353027 ) (0 2048 -284.352997 ) 
4 55 82 (1024 1024 -284.352997 ) (1024 1024 984.353027 ) (0 1024 984.353027 ) (0 1024 -284.352997 ) 
4 55 63 (0 1024 -284.352997 ) (0 1024 984.353027 ) (0 2048 984.353027 ) (0 2048 -284.352997 ) 
4 56 63 (0 2048 -284.352997 ) (0 2048 984.353027 ) (-1024 2048 984.353027 ) (-1024 2048 -284.352997 ) 
4 56 62 (-1024 3072 0 ) (-1024 3072 -284.352997 ) (-1024 2048 -284.352997 ) (-1024 2048 0 ) 
4 56 58 (-1024 3072 128 ) (-1024 3072 0 ) (-1024 2048 0 ) (-1024 2048 128 ) 
4 56 57 (-1024 3072 984.353027 ) (-1024 3072 128 ) (-1024 2048 128 ) (-1024 2048 984.353027 ) 
4 57 80 (-2048 2048 128 ) (-2048 2048 984.353027 ) (-2048 3072 984.353027 ) (-2048 3072 128 ) 
4 57 69 (-1792 2048 128 ) (-1784 2048 128 ) (-1784 2048 256 ) (-1792 2048 256 ) 
4 57 68 (-1784 2048 128 ) (-1024 2048 128 ) (-1024 2048 256 ) (-1784 2048 256 ) 
4 57 71 (-2048 2048 256 ) (-2048 2048 128 ) (-1792 2048 128 ) (-1792 2048 256 ) 
4 57 66 (-1792 2048 256 ) (-1408 2048 256 ) (-1408 2048 384 ) (-1792 2048 384 ) 
4 57 65 (-1408 2048 256 ) (-1024 2048 256 ) (-1024 2048 384 ) (-1408 2048 384 ) 
4 57 67 (-2048 2048 384 ) (-2048 2048 256 ) (-1792 2048 256 ) (-1792 2048 384 ) 
4 57 64 (-2048 2048 984.353027 ) (-2048 2048 384 ) (-1024 2048 384 ) (-1024 2048 984.353027 ) 
4 57 60 (-1422.820068 2048 128 ) (-1952 2048 128 ) (-1952 3072 128 ) (-1422.820068 3072 128 ) 
4 57 61 (-1968 2048 128 ) (-2048 2048 128 ) (-2048 3072 128 ) (-1968 3072 128 ) 
4 57 59 (-1422.820068 2048.750000 128 ) (-1422.820068 3072 128 ) (-1406.820068 3072 128 ) (-1406.820068 2048.750000 128 ) 
4 57 58 (-1024 3072 128 ) (-1024 2048 128 ) (-1406.820068 2048 128 ) (-1406.820068 3072 128 ) 
4 58 72 (-1406.820068 2048 0 ) (-1024 2048 0 ) (-1024 2048 128 ) (-1406.820068 2048 128 ) 
4 58 62 (-1024 2048 0 ) (-1406.820068 2048 0 ) (-1406.820068 3072 0 ) (-1024 3072 0 ) 
4 58 59 (-1406.820068 3072 0 ) (-1406.820068 2048.750000 0 ) (-1406.820068 2048.750000 128 ) (-1406.820068 3072 128 ) 
4 59 62 (-1422.820068 2048.750000 0 ) (-1422.820068 3072 0 ) (-1406.820068 3072 0 ) (-1406.820068 2048.750000 0 ) 
4 59 60 (-1422.820068 3072 0 ) (-1422.820068 2048.750000 0 ) (-1422.820068 2048.750000 128 ) (-1422.820068 3072 128 ) 
4 60 74 (-1424 2048 0 ) (-1422.820068 2048 0 ) (-1422.820068 2048 128 ) (-1424 2048 128 ) 
4 60 62 (-1422.820068 2048 0 ) (-1952 2048 0 ) (-1952 3072 0 ) (-1422.820068 3072 0 ) 
4 61 80 (-2048 2048 0 ) (-2048 2048 128 ) (-2048 3072 128 ) (-2048 3072 0 ) 
4 61 62 (-1968 2048 0 ) (-2048 2048 0 ) (-2048 3072 0 ) (-1968 3072 0 ) 
4 62 80 (-2048 2048 -284.352997 ) (-2048 2048 0 ) (-2048 3072 0 ) (-2048 3072 -284.352997 ) 
4 62 77 (-2048 2048 0 ) (-2048 2048 -284.352997 ) (-1024 2048 -284.352997 ) (-1024 2048 0 ) 
4 63 84 (0 1024 -284.352997 ) (0 1024 984.353027 ) (-1024 1024 984.353027 ) (-1024 1024 -284.352997 ) 
4 63 77 (-1024 2048 0 ) (-1024 2048 -284.352997 ) (-1024 1024 -284.352997 ) (-1024 1024 0 ) 
4 63 72 (-1024 2048 128 ) (-1024 2048 0 ) (-1024 1024 0 ) (-1024 1024 128 ) 
4 63 68 (-1024 2048 256 ) (-1024 2048 128 ) (-1024 1024 128 ) (-1024 1024 256 ) 
4 63 65 (-1024 2048 384 ) (-1024 2048 256 ) (-1024 1024 256 ) (-1024 1024 384 ) 
4 63 64 (-1024 2048 984.353027 ) (-1024 2048 384 ) (-1024 1024 384 ) (-1024 1024 984.353027 ) 
4 64 85 (-1024 1024 384 ) (-1024 1024 984.353027 ) (-2048 1024 984.353027 ) (-2048 1024 384 ) 
4 64 81 (-2048 1024 384 ) (-2048 1024 984.353027 ) (-2048 2048 984.353027 ) (-2048 2048 384 ) 
3 64 66 (-1792 2048 384 ) (-1408 2048 384 ) (-1408 1536 384 ) 
4 64 65 (-1408 2048 384 ) (-1024 2048 384 ) (-1024 1024 384 ) (-1408 1024 384 ) 
4 64 67 (-2048 1024 384 ) (-2048 2048 384 ) (-1792 2048 384 ) (-1792 1024 384 ) 
4 65 86 (-1024 1024 256 ) (-1024 1024 384 ) (-1408 1024 384 ) (-1408 1024 256 ) 
4 65 68 (-1024 1024 256 ) (-1408 1024 256 ) (-1408 2048 256 ) (-1024 2048 256 ) 
4 65 66 (-1408 2048 256 ) (-1408 1536 256 ) (-1408 1536 384 ) (-1408 2048 384 ) 
3 66 69 (-1792 2048 256 ) (-1784 2048 256 ) (-1784 2037.333374 256 ) 
4 66 68 (-1784 2048 256 ) (-1408 2048 256 ) (-1408 1536 256 ) (-1784 2037.333374 256 ) 
4 67 88 (-1792 1024 384 ) (-2048 1024 384 ) (-2048 1024 256 ) (-1792 1024 256 ) 
4 67 81 (-2048 1024 256 ) (-2048 1024 384 ) (-2048 2048 384 ) (-2048 2048 256 ) 
4 67 71 (-1792 1024 256 ) (-2048 1024 256 ) (-2048 2048 256 ) (-1792 2048 256 ) 
4 68 93 (-1416 1024 256 ) (-1784 1024 256 ) (-1784 1024 144 ) (-1416 1024 144 ) 
4 68 89 (-1024 1024 128 ) (-1024 1024 256 ) (-1408 1024 256 ) (-1408 1024 128 ) 
4 68 75 (-1424 2032 128 ) (-1424 1024 128 ) (-1784 1024 128 ) (-1784 2032 128 ) 
4 68 73 (-1406.820068 1536.750000 128 ) (-1406.820068 1024 128 ) (-1422.820068 1024 128 ) (-1422.820068 1536.750000 128 ) 
4 68 72 (-1406.820068 2048 128 ) (-1024 2048 128 ) (-1024 1024 128 ) (-1406.820068 1024 128 ) 
4 68 74 (-1424 2048 128 ) (-1422.820068 2048 128 ) (-1422.820068 1024 128 ) (-1424 1024 128 ) 
4 68 70 (-1784 1025 128 ) (-1784 1024 128 ) (-1784 1024 144 ) (-1784 1025 144 ) 
4 68 69 (-1784 2048 128 ) (-1784 1025 128 ) (-1784 1025 256 ) (-1784 2048 256 ) 
4 69 75 (-1784 2032 128 ) (-1784 1025 128 ) (-1792 1025 128 ) (-1792 2032 128 ) 
4 69 70 (-1792 1025 144 ) (-1792 1025 128 ) (-1784 1025 128 ) (-1784 1025 144 ) 
4 69 71 (-1792 2048 128 ) (-1792 1025 128 ) (-1792 1025 256 ) (-1792 2048 256 ) 
4 70 75 (-1784 1025 128 ) (-1784 1024 128 ) (-1792 1024 128 ) (-1792 1025 128 ) 
4 70 71 (-1792 1025 128 ) (-1792 1024 128 ) (-1792 1024 144 ) (-1792 1025 144 ) 
4 71 97 (-2048 1024 144 ) (-2048 1024 128 ) (-1792 1024 128 ) (-1792 1024 144 ) 
4 71 95 (-1792 1024 256 ) (-2048 1024 256 ) (-2048 1024 144 ) (-1792 1024 144 ) 
4 71 81 (-2048 1024 128 ) (-2048 1024 256 ) (-2048 2048 256 ) (-2048 2048 128 ) 
4 71 75 (-1952 2032 128 ) (-1792 2032 128 ) (-1792 1024 128 ) (-1952 1024 128 ) 
4 71 76 (-2048 1024 128 ) (-2048 2032 128 ) (-1968 2032 128 ) (-1968 1024 128 ) 
4 72 98 (-1024 1024 0 ) (-1024 1024 128 ) (-1406.820068 1024 128 ) (-1406.820068 1024 0 ) 
4 72 77 (-1024 1024 0 ) (-1406.820068 1024 0 ) (-1406.820068 2048 0 ) (-1024 2048 0 ) 
4 72 73 (-1406.820068 1536.750000 0 ) (-1406.820068 1024 0 ) (-1406.820068 1024 128 ) (-1406.820068 1536.750000 128 ) 
4 73 99 (-1408 1024 128 ) (-1422.820068 1024 128 ) (-1422.820068 1024 0 ) (-1408 1024 0 ) 
4 73 98 (-1406.820068 1024 128 ) (-1408 1024 128 ) (-1408 1024 0 ) (-1406.820068 1024 0 ) 
4 73 77 (-1406.820068 1024 0 ) (-1422.820068 1024 0 ) (-1422.820068 1536.750000 0 ) (-1406.820068 1536.750000 0 ) 
4 73 74 (-1422.820068 1536.750000 0 ) (-1422.820068 1024 0 ) (-1422.820068 1024 128 ) (-1422.820068 1536.750000 128 ) 
4 74 99 (-1422.820068 1024 128 ) (-1424 1024 128 ) (-1424 1024 0 ) (-1422.820068 1024 0 ) 
4 74 77 (-1422.820068 1024 0 ) (-1424 1024 0 ) (-1424 2048 0 ) (-1422.820068 2048 0 ) 
4 74 75 (-1424 2032 0 ) (-1424 1024 0 ) (-1424 1024 128 ) (-1424 2032 128 ) 
4 75 101 (-1424 1024 128 ) (-1952 1024 128 ) (-1952 1024 0 ) (-1424 1024 0 ) 
4 75 77 (-1424 1024 0 ) (-1952 1024 0 ) (-1952 2032 0 ) (-1424 2032 0 ) 
4 76 102 (-1968 1024 128 ) (-2048 1024 128 ) (-2048 1024 0 ) (-1968 1024 0 ) 
4 76 81 (-2048 1024 0 ) (-2048 1024 128 ) (-2048 2032 128 ) (-2048 2032 0 ) 
4 76 77 (-1968 1024 0 ) (-2048 1024 0 ) (-2048 2032 0 ) (-1968 2032 0 ) 
4 77 105 (-1024 1024 -284.352997 ) (-1024 1024 0 ) (-2048 1024 0 ) (-2048 1024 -284.352997 ) 
4 77 81 (-2048 1024 -284.352997 ) (-2048 1024 0 ) (-2048 2048 0 ) (-2048 2048 -284.352997 ) 
4 78 79 (-2048 4096 -284.352997 ) (-2048 4096 984.353027 ) (-2215.600098 4096 984.353027 ) (-2215.600098 4096 -284.352997 ) 
4 79 80 (-2048 3072 -284.352997 ) (-2048 3072 984.353027 ) (-2215.600098 3072 984.353027 ) (-2215.600098 3072 -284.352997 ) 
4 80 81 (-2048 2048 -284.352997 ) (-2048 2048 984.353027 ) (-2215.600098 2048 984.353027 ) (-2215.600098 2048 -284.352997 ) 
4 81 120 (-2048 1024 -284.352997 ) (-2048 1024 984.353027 ) (-2215.600098 1024 984.353027 ) (-2215.600098 1024 -284.352997 ) 
4 82 84 (0 1024 984.353027 ) (0 1024 -284.352997 ) (0 0 -284.352997 ) (0 0 984.353027 ) 
4 82 83 (1024 0 -284.352997 ) (1024 0 984.353027 ) (0 0 984.353027 ) (0 0 -284.352997 ) 
4 83 111 (1024 -1024 -284.352997 ) (1024 -1024 984.353027 ) (0 -1024 984.353027 ) (0 -1024 -284.352997 ) 
4 83 106 (0 -1024 -284.352997 ) (0 -1024 984.353027 ) (0 0 984.353027 ) (0 0 -284.352997 ) 
4 84 106 (0 0 -284.352997 ) (0 0 984.353027 ) (-1024 0 984.353027 ) (-1024 0 -284.352997 ) 
4 84 105 (-1024 1024 0 ) (-1024 1024 -284.352997 ) (-1024 0 -284.352997 ) (-1024 0 0 ) 
4 84 98 (-1024 1024 128 ) (-1024 1024 0 ) (-1024 0 0 ) (-1024 0 128 ) 
4 84 89 (-1024 1024 256 ) (-1024 1024 128 ) (-1024 0 128 ) (-1024 0 256 ) 
4 84 86 (-1024 1024 384 ) (-1024 1024 256 ) (-1024 0 256 ) (-1024 0 384 ) 
4 84 85 (-1024 1024 984.353027 ) (-1024 1024 384 ) (-1024 0 384 ) (-1024 0 984.353027 ) 
4 85 120 (-2048 1024 984.353027 ) (-2048 1024 384 ) (-2048 0 384 ) (-2048 0 984.353027 ) 
4 85 107 (-1024 0 384 ) (-1024 0 984.353027 ) (-2048 0 984.353027 ) (-2048 0 384 ) 
4 85 87 (-1408 768 384 ) (-1408 0 384 ) (-1792 0 384 ) (-1792 512.001038 384 ) 
4 85 86 (-1408 1024 384 ) (-1024 1024 384 ) (-1024 0 384 ) (-1408 0 384 ) 
4 85 88 (-2048 1024 384 ) (-1792 1024 384 ) (-1792 0 384 ) (-2048 0 384 ) 
4 86 107 (-1024 0 256 ) (-1024 0 384 ) (-1408 0 384 ) (-1408 0 256 ) 
4 86 89 (-1408 1024 256 ) (-1024 1024 256 ) (-1024 0 256 ) (-1408 0 256 ) 
4 86 87 (-1408 768 256 ) (-1408 0 256 ) (-1408 0 384 ) (-1408 768 384 ) 
4 87 107 (-1408 0 384 ) (-1792 0 384 ) (-1792 0 256 ) (-1408 0 256 ) 
4 87 94 (-1784 0 256 ) (-1792 0 256 ) (-1792 512.001038 256 ) (-1784 517.334351 256 ) 
4 87 93 (-1416 0 256 ) (-1784 0 256 ) (-1784 517.334351 256 ) (-1416 762.667664 256 ) 
4 87 91 (-1408 768 256 ) (-1408 0 256 ) (-1416 0 256 ) (-1416 762.667664 256 ) 
4 87 88 (-1792 512.001099 256 ) (-1792 0 256 ) (-1792 0 384 ) (-1792 512.001038 384 ) 
4 88 120 (-2048 1024 384 ) (-2048 1024 256 ) (-2048 0 256 ) (-2048 0 384 ) 
4 88 107 (-1792 0 384 ) (-2048 0 384 ) (-2048 0 256 ) (-1792 0 256 ) 
4 88 95 (-2048 1024 256 ) (-1792 1024 256 ) (-1792 0 256 ) (-2048 0 256 ) 
4 89 107 (-1024 0 128 ) (-1024 0 256 ) (-1408 0 256 ) (-1408 0 128 ) 
4 89 98 (-1024 0 128 ) (-1408 0 128 ) (-1408 1024 128 ) (-1024 1024 128 ) 
4 89 96 (-1408 768 128 ) (-1408 0 128 ) (-1408 0 144 ) (-1408 768 144 ) 
4 89 92 (-1408 0 144 ) (-1408 0 192 ) (-1408 768 192 ) (-1408 768 144 ) 
4 89 91 (-1408 0 192 ) (-1408 0 256 ) (-1408 768 256 ) (-1408 768 192 ) 
4 89 90 (-1408 1008 249.106995 ) (-1408 1008 192 ) (-1408 784 192 ) (-1408 784 249.106995 ) 
4 90 93 (-1416 1008 249.106995 ) (-1416 1008 192 ) (-1416 784 192 ) (-1416 784 249.106995 ) 
4 91 107 (-1408 0 256 ) (-1416 0 256 ) (-1416 0 192 ) (-1408 0 192 ) 
4 91 93 (-1416 0 192 ) (-1416 0 256 ) (-1416 768 256 ) (-1416 768 192 ) 
4 91 92 (-1416 0 192 ) (-1416 768 192 ) (-1408 768 192 ) (-1408 0 192 ) 
4 92 107 (-1416 0 192 ) (-1416 0 144 ) (-1408 0 144 ) (-1408 0 192 ) 
4 92 96 (-1408 768 144 ) (-1408 0 144 ) (-1416 0 144 ) (-1416 768 144 ) 
4 92 93 (-1416 768 144 ) (-1416 0 144 ) (-1416 0 192 ) (-1416 768 192 ) 
4 93 107 (-1416 0 256 ) (-1784 0 256 ) (-1784 0 144 ) (-1416 0 144 ) 
4 93 96 (-1416 768 144 ) (-1416 0 144 ) (-1784 0 144 ) (-1784 768 144 ) 
4 93 94 (-1784 769 144 ) (-1784 0 144 ) (-1784 0 256 ) (-1784 769 256 ) 
4 94 107 (-1784 0 256 ) (-1792 0 256 ) (-1792 0 144 ) (-1784 0 144 ) 
4 94 96 (-1784 768 144 ) (-1784 0 144 ) (-1792 0 144 ) (-1792 768 144 ) 
4 94 95 (-1792 769 144 ) (-1792 0 144 ) (-1792 0 256 ) (-1792 769 256 ) 
4 95 120 (-2048 1024 256 ) (-2048 1024 144 ) (-2048 0 144 ) (-2048 0 256 ) 
4 95 107 (-1792 0 256 ) (-2048 0 256 ) (-2048 0 144 ) (-1792 0 144 ) 
4 95 97 (-2048 0 144 ) (-2048 1024 144 ) (-1792 1024 144 ) (-1792 0 144 ) 
4 96 107 (-1792 0 128 ) (-1408 0 128 ) (-1408 0 144 ) (-1792 0 144 ) 
4 96 103 (-1424 0 128 ) (-1792 0 128 ) (-1792 256 128 ) (-1424 256 128 ) 
4 96 101 (-1792 272 128 ) (-1792 768 128 ) (-1424 768 128 ) (-1424 272 128 ) 
4 96 100 (-1408 0 128 ) (-1424 0 128 ) (-1424 256 128 ) (-1408 256 128 ) 
4 96 97 (-1792 768 128 ) (-1792 0 128 ) (-1792 0 144 ) (-1792 768 144 ) 
4 97 120 (-2048 1024 144 ) (-2048 1024 128 ) (-2048 0 128 ) (-2048 0 144 ) 
4 97 107 (-2048 0 144 ) (-2048 0 128 ) (-1792 0 128 ) (-1792 0 144 ) 
4 97 103 (-1792 0 128 ) (-1952 0 128 ) (-1952 256 128 ) (-1792 256 128 ) 
4 97 104 (-1968 0 128 ) (-2048 0 128 ) (-2048 256 128 ) (-1968 256 128 ) 
4 97 102 (-2048 272 128 ) (-2048 1024 128 ) (-1968 1024 128 ) (-1968 272 128 ) 
4 97 101 (-1952 1024 128 ) (-1792 1024 128 ) (-1792 272 128 ) (-1952 272 128 ) 
4 98 108 (-1024 0 0 ) (-1024 0 128 ) (-1408 0 128 ) (-1408 0 0 ) 
4 98 105 (-1408 1024 0 ) (-1024 1024 0 ) (-1024 0 0 ) (-1408 0 0 ) 
4 98 99 (-1408 1024 0 ) (-1408 768 0 ) (-1408 768 128 ) (-1408 1024 128 ) 
4 98 100 (-1408 256 0 ) (-1408 0 0 ) (-1408 0 128 ) (-1408 256 128 ) 
4 99 105 (-1424 1024 0 ) (-1408 1024 0 ) (-1408 768 0 ) (-1424 768 0 ) 
4 99 101 (-1424 1024 0 ) (-1424 768 0 ) (-1424 768 128 ) (-1424 1024 128 ) 
4 100 108 (-1408 0 128 ) (-1424 0 128 ) (-1424 0 0 ) (-1408 0 0 ) 
4 100 105 (-1408 256 0 ) (-1408 0 0 ) (-1424 0 0 ) (-1424 256 0 ) 
4 100 103 (-1424 256 0 ) (-1424 0 0 ) (-1424 0 128 ) (-1424 256 128 ) 
4 101 105 (-1952 1024 0 ) (-1424 1024 0 ) (-1424 272 0 ) (-1952 272 0 ) 
4 102 120 (-2048 1024 128 ) (-2048 1024 0 ) (-2048 272 0 ) (-2048 272 128 ) 
4 102 105 (-2048 1024 0 ) (-1968 1024 0 ) (-1968 272 0 ) (-2048 272 0 ) 
4 103 108 (-1424 0 128 ) (-1952 0 128 ) (-1952 0 0 ) (-1424 0 0 ) 
4 103 105 (-1424 256 0 ) (-1424 0 0 ) (-1952 0 0 ) (-1952 256 0 ) 
4 104 120 (-2048 256 0 ) (-2048 0 0 ) (-2048 0 128 ) (-2048 256 128 ) 
4 104 110 (-1968 0 128 ) (-2048 0 128 ) (-2048 0 0 ) (-1968 0 0 ) 
4 104 105 (-1968 0 0 ) (-2048 0 0 ) (-2048 256 0 ) (-1968 256 0 ) 
4 105 120 (-2048 1024 0 ) (-2048 1024 -284.352997 ) (-2048 0 -284.352997 ) (-2048 0 0 ) 
4 105 109 (-1952 0 0 ) (-1968 0 0 ) (-1968 0 -284.352997 ) (-1952 0 -284.352997 ) 
4 105 108 (-1024 0 -284.352997 ) (-1024 0 0 ) (-1952 0 0 ) (-1952 0 -284.352997 ) 
4 105 110 (-1968 0 0 ) (-2048 0 0 ) (-2048 0 -284.352997 ) (-1968 0 -284.352997 ) 
4 106 112 (0 -1024 -284.352997 ) (0 -1024 984.353027 ) (-1024 -1024 984.353027 ) (-1024 -1024 -284.352997 ) 
4 106 108 (-1024 0 128 ) (-1024 0 -284.352997 ) (-1024 -1024 -284.352997 ) (-1024 -1024 128 ) 
4 106 107 (-1024 0 984.353027 ) (-1024 0 128 ) (-1024 -1024 128 ) (-1024 -1024 984.353027 ) 
4 107 121 (-2048 -1024 128 ) (-2048 -1024 984.353027 ) (-2048 0 984.353027 ) (-2048 0 128 ) 
4 107 113 (-1024 -1024 128 ) (-1024 -1024 984.353027 ) (-2048 -1024 984.353027 ) (-2048 -1024 128 ) 
4 107 108 (-1024 0 128 ) (-1024 -1024 128 ) (-1952 -1024 128 ) (-1952 0 128 ) 
4 107 110 (-1968 -1024 128 ) (-2048 -1024 128 ) (-2048 0 128 ) (-1968 0 128 ) 
4 108 114 (-1024 -1024 -284.352997 ) (-1024 -1024 128 ) (-1952 -1024 128 ) (-1952 -1024 -284.352997 ) 
4 108 109 (-1952 0 -284.352997 ) (-1952 -1024 -284.352997 ) (-1952 -1024 0 ) (-1952 0 0 ) 
4 109 115 (-1968 -1024 0 ) (-1968 -1024 -284.352997 ) (-1952 -1024 -284.352997 ) (-1952 -1024 0 ) 
4 109 110 (-1968 0 -284.352997 ) (-1968 -1024 -284.352997 ) (-1968 -1024 0 ) (-1968 0 0 ) 
4 110 121 (-2048 -1024 -284.352997 ) (-2048 -1024 128 ) (-2048 0 128 ) (-2048 0 -284.352997 ) 
4 110 116 (-1968 -1024 128 ) (-2048 -1024 128 ) (-2048 -1024 -284.352997 ) (-1968 -1024 -284.352997 ) 
4 111 117 (1024 -2048 -284.352997 ) (1024 -2048 984.353027 ) (0 -2048 984.353027 ) (0 -2048 -284.352997 ) 
4 111 112 (0 -2048 -284.352997 ) (0 -2048 984.353027 ) (0 -1024 984.353027 ) (0 -1024 -284.352997 ) 
4 112 118 (0 -2048 -284.352997 ) (0 -2048 984.353027 ) (-1024 -2048 984.353027 ) (-1024 -2048 -284.352997 ) 
4 112 114 (-1024 -1024 128 ) (-1024 -1024 -284.352997 ) (-1024 -2048 -284.352997 ) (-1024 -2048 128 ) 
4 112 113 (-1024 -1024 984.353027 ) (-1024 -1024 128 ) (-1024 -2048 128 ) (-1024 -2048 984.353027 ) 
4 113 122 (-2048 -2048 128 ) (-2048 -2048 984.353027 ) (-2048 -1024 984.353027 ) (-2048 -1024 128 ) 
4 113 119 (-2048 -2048 984.353027 ) (-2048 -2048 128 ) (-1024 -2048 128 ) (-1024 -2048 984.353027 ) 
4 113 114 (-1952 -1024 128 ) (-1024 -1024 128 ) (-1024 -2048 128 ) (-1952 -2048 128 ) 
4 113 116 (-2048 -2048 128 ) (-2048 -1024 128 ) (-1968 -1024 128 ) (-1968 -2048 128 ) 
4 114 119 (-1952 -2048 -284.352997 ) (-1024 -2048 -284.352997 ) (-1024 -2048 128 ) (-1952 -2048 128 ) 
4 114 115 (-1952 -1024 -284.352997 ) (-1952 -2048 -284.352997 ) (-1952 -2048 0 ) (-1952 -1024 0 ) 
4 115 119 (-1968 -2048 -284.352997 ) (-1952 -2048 -284.352997 ) (-1952 -2048 0 ) (-1968 -2048 0 ) 
4 115 116 (-1968 -1024 -284.352997 ) (-1968 -2048 -284.352997 ) (-1968 -2048 0 ) (-1968 -1024 0 ) 
4 116 122 (-2048 -2048 -284.352997 ) (-2048 -2048 128 ) (-2048 -1024 128 ) (-2048 -1024 -284.352997 ) 
4 116 119 (-2048 -2048 128 ) (-2048 -2048 -284.352997 ) (-1968 -2048 -284.352997 ) (-1968 -2048 128 ) 
4 117 118 (0 -2048 984.353027 ) (0 -2048 -284.352997 ) (0 -2301.580078 -284.352997 ) (0 -2301.580078 984.353027 ) 
4 118 119 (-1024 -2048 984.353027 ) (-1024 -2048 -284.352997 ) (-1024 -2301.580078 -284.352997 ) (-1024 -2301.580078 984.353027 ) 
4 119 123 (-2048 -2301.580078 984.353027 ) (-2048 -2048 984.353027 ) (-2048 -2048 -284.352997 ) (-2048 -2301.580078 -284.352997 ) 
4 120 121 (-2048 0 -284.352997 ) (-2048 0 984.353027 ) (-2215.600098 0 984.353027 ) (-2215.600098 0 -284.352997 ) 
4 121 122 (-2048 -1024 -284.352997 ) (-2048 -1024 984.353027 ) (-2215.600098 -1024 984.353027 ) (-2215.600098 -1024 -284.352997 ) 
4 122 123 (-2048 -2048 -284.352997 ) (-2048 -2048 984.353027 ) (-2215.600098 -2048 984.353027 ) (-2215.600098 -2048 -284.352997 ) 
