PRT1
69
109
4 0 1 (3392 1400 -82 ) (3456 1400 -82 ) (3456 1400 192 ) (3392 1400 192 ) 
4 1 3 (3328 1152 -82 ) (3328 1304 -82 ) (3520 1304 -82 ) (3520 1152 -82 ) 
4 1 2 (3328 1152 192 ) (3328 1152 0 ) (3520 1152 0 ) (3520 1152 192 ) 
4 2 4 (3336 1024 0 ) (3384 1024 0 ) (3384 1024 108.500000 ) (3336 1024 108.500000 ) 
4 4 7 (3336 992 0 ) (3384 992 0 ) (3384 992 108.500000 ) (3336 992 108.500000 ) 
4 5 9 (3552 736 0 ) (3616 736 0 ) (3616 736 192 ) (3552 736 192 ) 
4 5 8 (3680 736 0 ) (3744 736 0 ) (3744 736 192 ) (3680 736 192 ) 
4 5 6 (3520 816 0 ) (3520 752 0 ) (3520 752 192 ) (3520 816 192 ) 
4 6 7 (3488 816 0 ) (3488 752 0 ) (3488 752 192 ) (3488 816 192 ) 
4 7 14 (3072 992 0 ) (3072 736 0 ) (3072 736 108.500000 ) (3072 992 108.500000 ) 
4 7 13 (3072 736 108.500000 ) (3072 736 192 ) (3072 992 192 ) (3072 992 108.500000 ) 
4 7 12 (3136 736 0 ) (3200 736 0 ) (3200 736 192 ) (3136 736 192 ) 
4 7 10 (3392 736 0 ) (3456 736 0 ) (3456 736 192 ) (3392 736 192 ) 
4 7 11 (3264 736 0 ) (3328 736 0 ) (3328 736 192 ) (3264 736 192 ) 
4 13 23 (2048 992 108.500000 ) (2048 736 108.500000 ) (2048 736 192 ) (2048 992 192 ) 
4 13 22 (2176 736 192 ) (2112 736 192 ) (2112 736 108.500000 ) (2176 736 108.500000 ) 
4 13 21 (2304 736 192 ) (2240 736 192 ) (2240 736 108.500000 ) (2304 736 108.500000 ) 
4 13 20 (2432 736 192 ) (2368 736 192 ) (2368 736 108.500000 ) (2432 736 108.500000 ) 
4 13 19 (2560 736 192 ) (2496 736 192 ) (2496 736 108.500000 ) (2560 736 108.500000 ) 
4 13 18 (2688 736 192 ) (2624 736 192 ) (2624 736 108.500000 ) (2688 736 108.500000 ) 
4 13 17 (2816 736 192 ) (2752 736 192 ) (2752 736 108.500000 ) (2816 736 108.500000 ) 
4 13 16 (2944 736 192 ) (2880 736 192 ) (2880 736 108.500000 ) (2944 736 108.500000 ) 
4 13 15 (3072 736 108.500000 ) (3072 736 192 ) (3008 736 192 ) (3008 736 108.500000 ) 
4 13 14 (3072 736 108.500000 ) (2048 736 108.500000 ) (2048 992 108.500000 ) (3072 992 108.500000 ) 
4 14 24 (2048 992 0 ) (2048 736 0 ) (2048 736 108.500000 ) (2048 992 108.500000 ) 
4 14 22 (2112 736 0 ) (2176 736 0 ) (2176 736 108.500000 ) (2112 736 108.500000 ) 
4 14 21 (2240 736 0 ) (2304 736 0 ) (2304 736 108.500000 ) (2240 736 108.500000 ) 
4 14 20 (2368 736 0 ) (2432 736 0 ) (2432 736 108.500000 ) (2368 736 108.500000 ) 
4 14 19 (2496 736 0 ) (2560 736 0 ) (2560 736 108.500000 ) (2496 736 108.500000 ) 
4 14 18 (2624 736 0 ) (2688 736 0 ) (2688 736 108.500000 ) (2624 736 108.500000 ) 
4 14 17 (2752 736 0 ) (2816 736 0 ) (2816 736 108.500000 ) (2752 736 108.500000 ) 
4 14 16 (2880 736 0 ) (2944 736 0 ) (2944 736 108.500000 ) (2880 736 108.500000 ) 
4 14 15 (3008 736 0 ) (3072 736 0 ) (3072 736 108.500000 ) (3008 736 108.500000 ) 
4 23 29 (1536 736 108.500000 ) (1536 736 192 ) (1536 992 192 ) (1536 992 108.500000 ) 
4 23 28 (1600 736 108.500000 ) (1664 736 108.500000 ) (1664 736 192 ) (1600 736 192 ) 
4 23 27 (1728 736 108.500000 ) (1792 736 108.500000 ) (1792 736 192 ) (1728 736 192 ) 
4 23 26 (1856 736 108.500000 ) (1920 736 108.500000 ) (1920 736 192 ) (1856 736 192 ) 
4 23 25 (1984 736 108.500000 ) (2048 736 108.500000 ) (2048 736 192 ) (1984 736 192 ) 
4 23 24 (2048 736 108.500000 ) (1536 736 108.500000 ) (1536 992 108.500000 ) (2048 992 108.500000 ) 
4 24 30 (1536 992 0 ) (1536 736 0 ) (1536 736 108.500000 ) (1536 992 108.500000 ) 
4 24 28 (1600 736 0 ) (1664 736 0 ) (1664 736 108.500000 ) (1600 736 108.500000 ) 
4 24 27 (1728 736 0 ) (1792 736 0 ) (1792 736 108.500000 ) (1728 736 108.500000 ) 
4 24 26 (1856 736 0 ) (1920 736 0 ) (1920 736 108.500000 ) (1856 736 108.500000 ) 
4 24 25 (1984 736 0 ) (2048 736 0 ) (2048 736 108.500000 ) (1984 736 108.500000 ) 
4 29 36 (1024 736 192 ) (1024 992 192 ) (1024 992 108.500000 ) (1024 736 108.500000 ) 
4 29 34 (1184 736 192 ) (1120 736 192 ) (1120 736 108.500000 ) (1184 736 108.500000 ) 
4 29 35 (1056 736 192 ) (1024 736 192 ) (1024 736 108.500000 ) (1056 736 108.500000 ) 
4 29 33 (1280 736 192 ) (1216 736 192 ) (1216 736 108.500000 ) (1280 736 108.500000 ) 
4 29 32 (1408 736 192 ) (1344 736 192 ) (1344 736 108.500000 ) (1408 736 108.500000 ) 
4 29 31 (1536 736 108.500000 ) (1536 736 192 ) (1472 736 192 ) (1472 736 108.500000 ) 
4 29 30 (1536 736 108.500000 ) (1024 736 108.500000 ) (1024 992 108.500000 ) (1536 992 108.500000 ) 
4 30 37 (1024 992 0 ) (1024 736 0 ) (1024 736 108.500000 ) (1024 992 108.500000 ) 
4 30 34 (1120 736 0 ) (1184 736 0 ) (1184 736 108.500000 ) (1120 736 108.500000 ) 
4 30 35 (1024 736 0 ) (1056 736 0 ) (1056 736 108.500000 ) (1024 736 108.500000 ) 
4 30 33 (1216 736 0 ) (1280 736 0 ) (1280 736 108.500000 ) (1216 736 108.500000 ) 
4 30 32 (1344 736 0 ) (1408 736 0 ) (1408 736 108.500000 ) (1344 736 108.500000 ) 
4 30 31 (1472 736 0 ) (1536 736 0 ) (1536 736 108.500000 ) (1472 736 108.500000 ) 
4 35 38 (1024 704 0 ) (1024 704 192 ) (1024 736 192 ) (1024 736 0 ) 
4 36 42 (544 736 108.500000 ) (544 736 192 ) (544 992 192 ) (544 992 108.500000 ) 
4 36 41 (608 736 108.500000 ) (672 736 108.500000 ) (672 736 192 ) (608 736 192 ) 
4 36 40 (736 736 108.500000 ) (800 736 108.500000 ) (800 736 192 ) (736 736 192 ) 
4 36 39 (864 736 108.500000 ) (928 736 108.500000 ) (928 736 192 ) (864 736 192 ) 
4 36 38 (992 736 108.500000 ) (1024 736 108.500000 ) (1024 736 192 ) (992 736 192 ) 
4 36 37 (1024 736 108.500000 ) (544 736 108.500000 ) (544 992 108.500000 ) (1024 992 108.500000 ) 
4 37 42 (544 992 0 ) (544 736 0 ) (544 736 108.500000 ) (544 992 108.500000 ) 
4 37 41 (608 736 0 ) (672 736 0 ) (672 736 108.500000 ) (608 736 108.500000 ) 
4 37 40 (736 736 0 ) (800 736 0 ) (800 736 108.500000 ) (736 736 108.500000 ) 
4 37 39 (864 736 0 ) (928 736 0 ) (928 736 108.500000 ) (864 736 108.500000 ) 
4 37 38 (992 736 0 ) (1024 736 0 ) (1024 736 108.500000 ) (992 736 108.500000 ) 
4 42 45 (288 992 192 ) (288 992 0 ) (288 736 0 ) (288 736 192 ) 
4 42 44 (352 736 0 ) (416 736 0 ) (416 736 192 ) (352 736 192 ) 
4 42 43 (480 736 0 ) (544 736 0 ) (544 736 192 ) (480 736 192 ) 
4 45 47 (224 992 192 ) (224 992 0 ) (224 736 0 ) (224 736 192 ) 
4 45 46 (224 736 192 ) (224 736 0 ) (288 736 0 ) (288 736 192 ) 
4 47 48 (160 992 192 ) (160 992 0 ) (160 736 0 ) (160 736 192 ) 
4 48 50 (96 992 192 ) (96 992 0 ) (96 736 0 ) (96 736 192 ) 
4 48 49 (96 736 192 ) (96 736 0 ) (160 736 0 ) (160 736 192 ) 
4 50 51 (32 992 192 ) (32 992 0 ) (32 736 0 ) (32 736 192 ) 
4 51 54 (0 992 108.500000 ) (0 992 0 ) (0 736 0 ) (0 736 108.500000 ) 
4 51 53 (0 736 192 ) (0 992 192 ) (0 992 108.500000 ) (0 736 108.500000 ) 
4 51 52 (0 736 0 ) (32 736 0 ) (32 736 192 ) (0 736 192 ) 
4 52 55 (0 704 0 ) (0 704 192 ) (0 736 192 ) (0 736 0 ) 
4 53 65 (-1024 736 192 ) (-1024 992 192 ) (-1024 992 108.500000 ) (-1024 736 108.500000 ) 
4 53 63 (-992 736 192 ) (-1024 736 192 ) (-1024 736 108.500000 ) (-992 736 108.500000 ) 
4 53 62 (-864 736 192 ) (-928 736 192 ) (-928 736 108.500000 ) (-864 736 108.500000 ) 
4 53 61 (-736 736 192 ) (-800 736 192 ) (-800 736 108.500000 ) (-736 736 108.500000 ) 
4 53 60 (-608 736 192 ) (-672 736 192 ) (-672 736 108.500000 ) (-608 736 108.500000 ) 
4 53 58 (-352 736 192 ) (-416 736 192 ) (-416 736 108.500000 ) (-352 736 108.500000 ) 
4 53 59 (-480 736 192 ) (-544 736 192 ) (-544 736 108.500000 ) (-480 736 108.500000 ) 
4 53 57 (-224 736 192 ) (-288 736 192 ) (-288 736 108.500000 ) (-224 736 108.500000 ) 
4 53 56 (-96 736 192 ) (-160 736 192 ) (-160 736 108.500000 ) (-96 736 108.500000 ) 
4 53 55 (0 736 108.500000 ) (0 736 192 ) (-32 736 192 ) (-32 736 108.500000 ) 
4 53 54 (0 736 108.500000 ) (-1024 736 108.500000 ) (-1024 992 108.500000 ) (0 992 108.500000 ) 
4 54 67 (-1024 992 0 ) (-1024 736 0 ) (-1024 736 108.500000 ) (-1024 992 108.500000 ) 
4 54 63 (-1024 736 0 ) (-992 736 0 ) (-992 736 108.500000 ) (-1024 736 108.500000 ) 
4 54 62 (-928 736 0 ) (-864 736 0 ) (-864 736 108.500000 ) (-928 736 108.500000 ) 
4 54 61 (-800 736 0 ) (-736 736 0 ) (-736 736 108.500000 ) (-800 736 108.500000 ) 
4 54 60 (-672 736 0 ) (-608 736 0 ) (-608 736 108.500000 ) (-672 736 108.500000 ) 
4 54 58 (-416 736 0 ) (-352 736 0 ) (-352 736 108.500000 ) (-416 736 108.500000 ) 
4 54 59 (-544 736 0 ) (-480 736 0 ) (-480 736 108.500000 ) (-544 736 108.500000 ) 
4 54 57 (-288 736 0 ) (-224 736 0 ) (-224 736 108.500000 ) (-288 736 108.500000 ) 
4 54 56 (-160 736 0 ) (-96 736 0 ) (-96 736 108.500000 ) (-160 736 108.500000 ) 
4 54 55 (-32 736 0 ) (0 736 0 ) (0 736 108.500000 ) (-32 736 108.500000 ) 
4 63 68 (-1024 704 0 ) (-1024 704 108.500000 ) (-1024 736 108.500000 ) (-1024 736 0 ) 
4 63 66 (-1024 704 108.500000 ) (-1024 704 192 ) (-1024 736 192 ) (-1024 736 108.500000 ) 
4 65 67 (-1056 736 108.500000 ) (-1056 992 108.500000 ) (-1024 992 108.500000 ) (-1024 736 108.500000 ) 
4 65 66 (-1056 736 108.500000 ) (-1024 736 108.500000 ) (-1024 736 192 ) (-1056 736 192 ) 
4 66 68 (-1024 704 108.500000 ) (-1056 704 108.500000 ) (-1056 736 108.500000 ) (-1024 736 108.500000 ) 
4 67 68 (-1024 736 108.500000 ) (-1056 736 108.500000 ) (-1056 736 0 ) (-1024 736 0 ) 
