


materialPath: C:\Program Files (x86)\Steam\steamapps\sourcemods\desertparablerus1\materials
Loading c:\program files (x86)\steam\steamapps\sourcemods\desertparablerus1\maps\atomicbomb.vmf
Map revision 2
Could not locate 'GameData' key in c:\program files (x86)\steam\steamapps\sourcemods\desertparablerus1\gameinfo.txt
fixing up env_cubemap materials on brush sides...
0...1...2...3...4...5...6...7...8...9...100...1...2...3...4...5...6...7...8...9...10Processing areas...done (0)
Building Faces...done (0)
FixTjuncs...
PruneNodes...
WriteBSP...
done (0)
writing c:\program files (x86)\steam\steamapps\sourcemods\desertparablerus1\maps\atomicbomb.prt...Building visibility clusters...
done (0)
Finding displacement neighbors...
Finding lightmap sample positions...
Displacement Alpha : 0...1...2...3...4...5...6...7...8...9...10
Building Physics collision data...
done (0) (4463 bytes)
Error! To use model "models/joe/buildings/factory_5/factory_5.mdl"
      with prop_static, it must be compiled with $staticprop!
Error loading studio model "models/joe/buildings/factory_5/factory_5.mdl"!
Placing detail props : 0...1...2...3...4...5...6...7...8...9...10
Compacting texture/material tables...
Reduced 5 texinfos to 3
Reduced 3 texdatas to 3 (72 bytes to 72)
Writing c:\program files (x86)\steam\steamapps\sourcemods\desertparablerus1\maps\atomicbomb.bsp
1 second elapsed



8 threads
reading c:\program files (x86)\steam\steamapps\sourcemods\desertparablerus1\maps\atomicbomb.bsp
reading c:\program files (x86)\steam\steamapps\sourcemods\desertparablerus1\maps\atomicbomb.prt
  13 portalclusters
  17 numportals
0...1...2...3...4...5...6...7...8...9...10Optimized: 0 visible clusters (0.00%)
Total clusters visible: 145
Average clusters visible: 11
Building PAS...
Average clusters audible: 11
visdatasize:162  compressed from 208
writing c:\program files (x86)\steam\steamapps\sourcemods\desertparablerus1\maps\atomicbomb.bsp
0 seconds elapsed



[Reading texlights from 'lights.rad']
[48 texlights parsed from 'lights.rad']

Loading c:\program files (x86)\steam\steamapps\sourcemods\desertparablerus1\maps\atomicbomb.bsp
105 faces
227171 square feet [32712704.00 square inches]
0 Displacements
0 Square Feet [0.00 Square Inches]
105 patches before subdivision
5865 patches after subdivision
0 direct lights
0...1...2...3...4...5...6...7...8...9...100...1...2...3...4...5...6...7...8...9...10transfers 1996, max 138
transfer lists:   0.0 megs
0...1...2...3...4...5...6...7...8...9...10	Bounce #1 added RGB(0, 0, 0)
Build Patch/Sample Hash Table(s).....Done<0.0041 sec>
0...1...2...3...4...5...6...7...8...9...10FinalLightFace Done
0 of 0 (0% of) surface lights went in leaf ambient cubes.
0...1...2...3...4...5...6...7...8...9...10Writing leaf ambient...done
Computing static prop lighting : 00...1...2...3...4...5...6...7...8...9...10
Ready to Finish

Object names       Objects/Maxobjs  Memory / Maxmem  Fullness 
------------       ---------------  ---------------  -------- 
models                   1/4096           48/196608   ( 0.0%) 
brushes                 12/32768         144/393216   ( 0.0%) 
brushsides              72/65536         576/524288   ( 0.1%) 
planes                  62/65536        1240/1310720  ( 0.1%) 
vertexes               158/65536        1896/786432   ( 0.2%) 
nodes                   67/65536        2144/2097152  ( 0.1%) 
texinfos                 3/12288         216/884736   ( 0.0%) 
texdata                  3/2048           96/65536    ( 0.1%) 
dispinfos                0/0               0/0        ( 0.0%) 
disp_verts               0/0               0/0        ( 0.0%) 
disp_tris                0/0               0/0        ( 0.0%) 
disp_lmsamples           0/0               0/0        ( 0.0%) 
faces                  105/65536        5880/3670016  ( 0.2%) 
hdr faces              105/65536        5880/3670016  ( 0.2%) 
origfaces               12/65536         672/3670016  ( 0.0%) 
leaves                  69/65536        2208/2097152  ( 0.1%) 
leaffaces              107/65536         214/131072   ( 0.2%) 
leafbrushes             45/65536          90/131072   ( 0.1%) 
areas                    3/1024           24/8192     ( 0.3%) 
surfedges              496/512000       1984/2048000  ( 0.1%) 
edges                  272/256000       1088/1024000  ( 0.1%) 
LDR worldlights          0/16384           0/1441792  ( 0.0%) 
HDR worldlights          0/16384           0/1441792  ( 0.0%) 
leafwaterdata            0/32768           0/393216   ( 0.0%) 
waterstrips              2/131072         20/1310720  ( 0.0%) 
waterverts               0/131072          0/1572864  ( 0.0%) 
waterindices            39/131072         78/262144   ( 0.0%) 
cubemapsamples           0/1024            0/16384    ( 0.0%) 
overlays                 0/1024            0/360448   ( 0.0%) 
LDR lightdata         [variable]           0/0        ( 0.0%) 
HDR lightdata         [variable]      652448/0        ( 0.0%) 
visdata               [variable]         162/16777216 ( 0.0%) 
entdata               [variable]        3178/393216   ( 0.8%) 
LDR ambient table       69/65536         276/262144   ( 0.1%) 
HDR ambient table       69/65536         276/262144   ( 0.1%) 
LDR leaf ambient        69/65536        1932/1835008  ( 0.1%) 
HDR leaf ambient        13/65536         364/1835008  ( 0.0%) 
occluders                0/0               0/0        ( 0.0%) 
occluder polygons        0/0               0/0        ( 0.0%) 
occluder vert ind        0/0               0/0        ( 0.0%) 
detail props          [variable]           1/12       ( 8.3%) 
static props          [variable]           1/1390     ( 0.1%) 
pakfile               [variable]      218010/0        ( 0.0%) 
physics               [variable]        4463/4194304  ( 0.1%) 
physics terrain       [variable]           2/1048576  ( 0.0%) 

Level flags = 2

Total triangle count: 238
Writing c:\program files (x86)\steam\steamapps\sourcemods\desertparablerus1\maps\atomicbomb.bsp
2 seconds elapsed



materialPath: C:\Program Files (x86)\Steam\steamapps\sourcemods\desertparablerus1\materials
Loading c:\program files (x86)\steam\steamapps\sourcemods\desertparablerus1\maps\atomicbomb.vmf
Map revision 3
Could not locate 'GameData' key in c:\program files (x86)\steam\steamapps\sourcemods\desertparablerus1\gameinfo.txt
fixing up env_cubemap materials on brush sides...
0...1...2...3...4...5...6...7...8...9...100...1...2...3...4...5...6...7...8...9...10Processing areas...done (0)
Building Faces...done (0)
FixTjuncs...
PruneNodes...
WriteBSP...
done (0)
writing c:\program files (x86)\steam\steamapps\sourcemods\desertparablerus1\maps\atomicbomb.prt...Building visibility clusters...
done (0)
Finding displacement neighbors...
Finding lightmap sample positions...
Displacement Alpha : 0...1...2...3...4...5...6...7...8...9...10
Building Physics collision data...
done (0) (4463 bytes)
Placing detail props : 0...1...2...3...4...5...6...7...8...9...10
Compacting texture/material tables...
Reduced 5 texinfos to 3
Reduced 3 texdatas to 3 (72 bytes to 72)
Writing c:\program files (x86)\steam\steamapps\sourcemods\desertparablerus1\maps\atomicbomb.bsp
1 second elapsed



8 threads
reading c:\program files (x86)\steam\steamapps\sourcemods\desertparablerus1\maps\atomicbomb.bsp
reading c:\program files (x86)\steam\steamapps\sourcemods\desertparablerus1\maps\atomicbomb.prt
  13 portalclusters
  17 numportals
0...1...2...3...4...5...6...7...8...9...100...1...2...3...4...5...6...7...8...9...10Optimized: 0 visible clusters (0.00%)
Total clusters visible: 145
Average clusters visible: 11
Building PAS...
Average clusters audible: 11
visdatasize:162  compressed from 208
writing c:\program files (x86)\steam\steamapps\sourcemods\desertparablerus1\maps\atomicbomb.bsp
0 seconds elapsed



[Reading texlights from 'lights.rad']
[48 texlights parsed from 'lights.rad']

Loading c:\program files (x86)\steam\steamapps\sourcemods\desertparablerus1\maps\atomicbomb.bsp
105 faces
227171 square feet [32712704.00 square inches]
0 Displacements
0 Square Feet [0.00 Square Inches]
105 patches before subdivision
5865 patches after subdivision
2 direct lights
0...1...2...3...4...5...6...7...8...9...100...1...2...3...4...5...6...7...8...9...10transfers 1996, max 138
transfer lists:   0.0 megs
0...1...2...3...4...5...6...7...8...9...10	Bounce #1 added RGB(0, 0, 0)
Build Patch/Sample Hash Table(s).....Done<0.0048 sec>
0...1...2...3...4...5...6...7...8...9...10FinalLightFace Done
0 of 0 (0% of) surface lights went in leaf ambient cubes.
0...1...2...3...4...5...6...7...8...9...10Writing leaf ambient...done
Computing static prop lighting : 00...1...2...3...4...5...6...7...8...9...10
Ready to Finish

Object names       Objects/Maxobjs  Memory / Maxmem  Fullness 
------------       ---------------  ---------------  -------- 
models                   1/4096           48/196608   ( 0.0%) 
brushes                 12/32768         144/393216   ( 0.0%) 
brushsides              72/65536         576/524288   ( 0.1%) 
planes                  62/65536        1240/1310720  ( 0.1%) 
vertexes               158/65536        1896/786432   ( 0.2%) 
nodes                   67/65536        2144/2097152  ( 0.1%) 
texinfos                 3/12288         216/884736   ( 0.0%) 
texdata                  3/2048           96/65536    ( 0.1%) 
dispinfos                0/0               0/0        ( 0.0%) 
disp_verts               0/0               0/0        ( 0.0%) 
disp_tris                0/0               0/0        ( 0.0%) 
disp_lmsamples           0/0               0/0        ( 0.0%) 
faces                  105/65536        5880/3670016  ( 0.2%) 
hdr faces              105/65536        5880/3670016  ( 0.2%) 
origfaces               12/65536         672/3670016  ( 0.0%) 
leaves                  69/65536        2208/2097152  ( 0.1%) 
leaffaces              107/65536         214/131072   ( 0.2%) 
leafbrushes             45/65536          90/131072   ( 0.1%) 
areas                    3/1024           24/8192     ( 0.3%) 
surfedges              496/512000       1984/2048000  ( 0.1%) 
edges                  272/256000       1088/1024000  ( 0.1%) 
LDR worldlights          0/16384           0/1441792  ( 0.0%) 
HDR worldlights          2/16384         176/1441792  ( 0.0%) 
leafwaterdata            0/32768           0/393216   ( 0.0%) 
waterstrips              2/131072         20/1310720  ( 0.0%) 
waterverts               0/131072          0/1572864  ( 0.0%) 
waterindices            39/131072         78/262144   ( 0.0%) 
cubemapsamples           0/1024            0/16384    ( 0.0%) 
overlays                 0/1024            0/360448   ( 0.0%) 
LDR lightdata         [variable]           0/0        ( 0.0%) 
HDR lightdata         [variable]      652448/0        ( 0.0%) 
visdata               [variable]         162/16777216 ( 0.0%) 
entdata               [variable]        4791/393216   ( 1.2%) 
LDR ambient table       69/65536         276/262144   ( 0.1%) 
HDR ambient table       69/65536         276/262144   ( 0.1%) 
LDR leaf ambient        69/65536        1932/1835008  ( 0.1%) 
HDR leaf ambient       206/65536        5768/1835008  ( 0.3%) 
occluders                0/0               0/0        ( 0.0%) 
occluder polygons        0/0               0/0        ( 0.0%) 
occluder vert ind        0/0               0/0        ( 0.0%) 
detail props          [variable]           1/12       ( 8.3%) 
static props          [variable]           1/1390     ( 0.1%) 
pakfile               [variable]      218010/0        ( 0.0%) 
physics               [variable]        4463/4194304  ( 0.1%) 
physics terrain       [variable]           2/1048576  ( 0.0%) 

Level flags = 2

Total triangle count: 238
Writing c:\program files (x86)\steam\steamapps\sourcemods\desertparablerus1\maps\atomicbomb.bsp
10 seconds elapsed



materialPath: C:\Program Files (x86)\Steam\steamapps\sourcemods\desertparablerus1\materials
Loading c:\program files (x86)\steam\steamapps\sourcemods\desertparablerus1\maps\atomicbomb.vmf
Map revision 4
Could not locate 'GameData' key in c:\program files (x86)\steam\steamapps\sourcemods\desertparablerus1\gameinfo.txt
fixing up env_cubemap materials on brush sides...
0...1...2...3...4...5...6...7...8...9...100...1...2...3...4...5...6...7...8...9...10Processing areas...done (0)
Building Faces...done (0)
FixTjuncs...
PruneNodes...
WriteBSP...
done (0)
writing c:\program files (x86)\steam\steamapps\sourcemods\desertparablerus1\maps\atomicbomb.prt...Building visibility clusters...
done (0)
Finding displacement neighbors...
Finding lightmap sample positions...
Displacement Alpha : 0...1...2...3...4...5...6...7...8...9...10
Building Physics collision data...
done (0) (4463 bytes)
Placing detail props : 0...1...2...3...4...5...6...7...8...9...10
Compacting texture/material tables...
Reduced 5 texinfos to 3
Reduced 3 texdatas to 3 (72 bytes to 72)
Writing c:\program files (x86)\steam\steamapps\sourcemods\desertparablerus1\maps\atomicbomb.bsp
1 second elapsed



8 threads
reading c:\program files (x86)\steam\steamapps\sourcemods\desertparablerus1\maps\atomicbomb.bsp
reading c:\program files (x86)\steam\steamapps\sourcemods\desertparablerus1\maps\atomicbomb.prt
  13 portalclusters
  17 numportals
0...1...2...3...4...5...6...7...8...9...100...1...2...3...4...5...6...7...8...9...10Optimized: 0 visible clusters (0.00%)
Total clusters visible: 145
Average clusters visible: 11
Building PAS...
Average clusters audible: 11
visdatasize:162  compressed from 208
writing c:\program files (x86)\steam\steamapps\sourcemods\desertparablerus1\maps\atomicbomb.bsp
0 seconds elapsed



[Reading texlights from 'lights.rad']
[48 texlights parsed from 'lights.rad']

Loading c:\program files (x86)\steam\steamapps\sourcemods\desertparablerus1\maps\atomicbomb.bsp
105 faces
227171 square feet [32712704.00 square inches]
0 Displacements
0 Square Feet [0.00 Square Inches]
105 patches before subdivision
5865 patches after subdivision
2 direct lights
0...1...2...3...4...5...6...7...8...9...100...1...2...3...4...5...6...7...8...9...10transfers 1996, max 138
transfer lists:   0.0 megs
0...1...2...3...4...5...6...7...8...9...10	Bounce #1 added RGB(0, 0, 0)
Build Patch/Sample Hash Table(s).....Done<0.0033 sec>
0...1...2...3...4...5...6...7...8...9...10FinalLightFace Done
0 of 0 (0% of) surface lights went in leaf ambient cubes.
0...1...2...3...4...5...6...7...8...9...10Writing leaf ambient...done
Computing static prop lighting : 00...1...2...3...4...5...6...7...8...9...10
Ready to Finish

Object names       Objects/Maxobjs  Memory / Maxmem  Fullness 
------------       ---------------  ---------------  -------- 
models                   1/4096           48/196608   ( 0.0%) 
brushes                 12/32768         144/393216   ( 0.0%) 
brushsides              72/65536         576/524288   ( 0.1%) 
planes                  62/65536        1240/1310720  ( 0.1%) 
vertexes               158/65536        1896/786432   ( 0.2%) 
nodes                   67/65536        2144/2097152  ( 0.1%) 
texinfos                 3/12288         216/884736   ( 0.0%) 
texdata                  3/2048           96/65536    ( 0.1%) 
dispinfos                0/0               0/0        ( 0.0%) 
disp_verts               0/0               0/0        ( 0.0%) 
disp_tris                0/0               0/0        ( 0.0%) 
disp_lmsamples           0/0               0/0        ( 0.0%) 
faces                  105/65536        5880/3670016  ( 0.2%) 
hdr faces              105/65536        5880/3670016  ( 0.2%) 
origfaces               12/65536         672/3670016  ( 0.0%) 
leaves                  69/65536        2208/2097152  ( 0.1%) 
leaffaces              107/65536         214/131072   ( 0.2%) 
leafbrushes             45/65536          90/131072   ( 0.1%) 
areas                    3/1024           24/8192     ( 0.3%) 
surfedges              496/512000       1984/2048000  ( 0.1%) 
edges                  272/256000       1088/1024000  ( 0.1%) 
LDR worldlights          0/16384           0/1441792  ( 0.0%) 
HDR worldlights          2/16384         176/1441792  ( 0.0%) 
leafwaterdata            0/32768           0/393216   ( 0.0%) 
waterstrips              2/131072         20/1310720  ( 0.0%) 
waterverts               0/131072          0/1572864  ( 0.0%) 
waterindices            39/131072         78/262144   ( 0.0%) 
cubemapsamples           0/1024            0/16384    ( 0.0%) 
overlays                 0/1024            0/360448   ( 0.0%) 
LDR lightdata         [variable]           0/0        ( 0.0%) 
HDR lightdata         [variable]      652448/0        ( 0.0%) 
visdata               [variable]         162/16777216 ( 0.0%) 
entdata               [variable]        4784/393216   ( 1.2%) 
LDR ambient table       69/65536         276/262144   ( 0.1%) 
HDR ambient table       69/65536         276/262144   ( 0.1%) 
LDR leaf ambient        69/65536        1932/1835008  ( 0.1%) 
HDR leaf ambient       206/65536        5768/1835008  ( 0.3%) 
occluders                0/0               0/0        ( 0.0%) 
occluder polygons        0/0               0/0        ( 0.0%) 
occluder vert ind        0/0               0/0        ( 0.0%) 
detail props          [variable]           1/12       ( 8.3%) 
static props          [variable]           1/1390     ( 0.1%) 
pakfile               [variable]      218010/0        ( 0.0%) 
physics               [variable]        4463/4194304  ( 0.1%) 
physics terrain       [variable]           2/1048576  ( 0.0%) 

Level flags = 2

Total triangle count: 238
Writing c:\program files (x86)\steam\steamapps\sourcemods\desertparablerus1\maps\atomicbomb.bsp
8 seconds elapsed



materialPath: C:\Program Files (x86)\Steam\steamapps\sourcemods\desertparablerus1\materials
Loading c:\program files (x86)\steam\steamapps\sourcemods\desertparablerus1\maps\atomicbomb.vmf
Map revision 5
Could not locate 'GameData' key in c:\program files (x86)\steam\steamapps\sourcemods\desertparablerus1\gameinfo.txt
fixing up env_cubemap materials on brush sides...
0...1...2...3...4...5...6...7...8...9...100...1...2...3...4...5...6...7...8...9...10Processing areas...done (0)
Building Faces...done (0)
FixTjuncs...
PruneNodes...
WriteBSP...
done (0)
writing c:\program files (x86)\steam\steamapps\sourcemods\desertparablerus1\maps\atomicbomb.prt...Building visibility clusters...
done (0)
Finding displacement neighbors...
Finding lightmap sample positions...
Displacement Alpha : 0...1...2...3...4...5...6...7...8...9...10
Overlay touching too many faces (touching 72, max 64)
Overlay decals/{scorch3 at 1450.0 1536.3 0.0


materialPath: C:\Program Files (x86)\Steam\steamapps\sourcemods\desertparablerus1\materials
Loading c:\program files (x86)\steam\steamapps\sourcemods\desertparablerus1\maps\atomicbomb.vmf
Map revision 6
Could not locate 'GameData' key in c:\program files (x86)\steam\steamapps\sourcemods\desertparablerus1\gameinfo.txt
fixing up env_cubemap materials on brush sides...
0...1...2...3...4...5...6...7...8...9...100...1...2...3...4...5...6...7...8...9...10Processing areas...done (0)
Building Faces...done (0)
FixTjuncs...
PruneNodes...
WriteBSP...
done (0)
writing c:\program files (x86)\steam\steamapps\sourcemods\desertparablerus1\maps\atomicbomb.prt...Building visibility clusters...
done (0)
Finding displacement neighbors...
Finding lightmap sample positions...
Displacement Alpha : 0...1...2...3...4...5...6...7...8...9...10
Building Physics collision data...
done (0) (4463 bytes)
Placing detail props : 0...1...2...3...4...5...6...7...8...9...10
Compacting texture/material tables...
Reduced 5 texinfos to 3
Reduced 3 texdatas to 3 (72 bytes to 72)
Writing c:\program files (x86)\steam\steamapps\sourcemods\desertparablerus1\maps\atomicbomb.bsp
1 second elapsed



8 threads
reading c:\program files (x86)\steam\steamapps\sourcemods\desertparablerus1\maps\atomicbomb.bsp
reading c:\program files (x86)\steam\steamapps\sourcemods\desertparablerus1\maps\atomicbomb.prt
  13 portalclusters
  17 numportals
0...1...2...3...4...5...6...7...8...9...100...1...2...3...4...5...6...7...8...9...10Optimized: 0 visible clusters (0.00%)
Total clusters visible: 145
Average clusters visible: 11
Building PAS...
Average clusters audible: 11
visdatasize:162  compressed from 208
writing c:\program files (x86)\steam\steamapps\sourcemods\desertparablerus1\maps\atomicbomb.bsp
0 seconds elapsed



[Reading texlights from 'lights.rad']
[48 texlights parsed from 'lights.rad']

Loading c:\program files (x86)\steam\steamapps\sourcemods\desertparablerus1\maps\atomicbomb.bsp
105 faces
227171 square feet [32712704.00 square inches]
0 Displacements
0 Square Feet [0.00 Square Inches]
105 patches before subdivision
5865 patches after subdivision
2 direct lights
0...1...2...3...4...5...6...7...8...9...100...1...2...3...4...5...6...7...8...9...10transfers 2731, max 153
transfer lists:   0.0 megs
0...1...2...3...4...5...6...7...8...9...10	Bounce #1 added RGB(0, 0, 0)
Build Patch/Sample Hash Table(s).....Done<0.0060 sec>
0...1...2...3...4...5...6...7...8...9...10FinalLightFace Done
0 of 0 (0% of) surface lights went in leaf ambient cubes.
0...1...2...3...4...5...6...7...8...9...10Writing leaf ambient...done
Computing static prop lighting : 00...1...2...3...4...5...6...7...8...9...10
Ready to Finish

Object names       Objects/Maxobjs  Memory / Maxmem  Fullness 
------------       ---------------  ---------------  -------- 
models                   1/4096           48/196608   ( 0.0%) 
brushes                 12/32768         144/393216   ( 0.0%) 
brushsides              72/65536         576/524288   ( 0.1%) 
planes                  62/65536        1240/1310720  ( 0.1%) 
vertexes               158/65536        1896/786432   ( 0.2%) 
nodes                   67/65536        2144/2097152  ( 0.1%) 
texinfos                 3/12288         216/884736   ( 0.0%) 
texdata                  3/2048           96/65536    ( 0.1%) 
dispinfos                0/0               0/0        ( 0.0%) 
disp_verts               0/0               0/0        ( 0.0%) 
disp_tris                0/0               0/0        ( 0.0%) 
disp_lmsamples           0/0               0/0        ( 0.0%) 
faces                  105/65536        5880/3670016  ( 0.2%) 
hdr faces              105/65536        5880/3670016  ( 0.2%) 
origfaces               12/65536         672/3670016  ( 0.0%) 
leaves                  69/65536        2208/2097152  ( 0.1%) 
leaffaces              107/65536         214/131072   ( 0.2%) 
leafbrushes             45/65536          90/131072   ( 0.1%) 
areas                    3/1024           24/8192     ( 0.3%) 
surfedges              496/512000       1984/2048000  ( 0.1%) 
edges                  272/256000       1088/1024000  ( 0.1%) 
LDR worldlights          0/16384           0/1441792  ( 0.0%) 
HDR worldlights          2/16384         176/1441792  ( 0.0%) 
leafwaterdata            0/32768           0/393216   ( 0.0%) 
waterstrips              2/131072         20/1310720  ( 0.0%) 
waterverts               0/131072          0/1572864  ( 0.0%) 
waterindices            39/131072         78/262144   ( 0.0%) 
cubemapsamples           0/1024            0/16384    ( 0.0%) 
overlays                 0/1024            0/360448   ( 0.0%) 
LDR lightdata         [variable]           0/0        ( 0.0%) 
HDR lightdata         [variable]      652448/0        ( 0.0%) 
visdata               [variable]         162/16777216 ( 0.0%) 
entdata               [variable]        6536/393216   ( 1.7%) 
LDR ambient table       69/65536         276/262144   ( 0.1%) 
HDR ambient table       69/65536         276/262144   ( 0.1%) 
LDR leaf ambient        69/65536        1932/1835008  ( 0.1%) 
HDR leaf ambient       204/65536        5712/1835008  ( 0.3%) 
occluders                0/0               0/0        ( 0.0%) 
occluder polygons        0/0               0/0        ( 0.0%) 
occluder vert ind        0/0               0/0        ( 0.0%) 
detail props          [variable]           1/12       ( 8.3%) 
static props          [variable]           1/992      ( 0.1%) 
pakfile               [variable]      209618/0        ( 0.0%) 
physics               [variable]        4463/4194304  ( 0.1%) 
physics terrain       [variable]           2/1048576  ( 0.0%) 

Level flags = 2

Total triangle count: 238
Writing c:\program files (x86)\steam\steamapps\sourcemods\desertparablerus1\maps\atomicbomb.bsp
9 seconds elapsed



materialPath: C:\Program Files (x86)\Steam\steamapps\sourcemods\desertparablerus1\materials
Loading c:\program files (x86)\steam\steamapps\sourcemods\desertparablerus1\maps\atomicbomb.vmf
Map revision 7
Could not locate 'GameData' key in c:\program files (x86)\steam\steamapps\sourcemods\desertparablerus1\gameinfo.txt
fixing up env_cubemap materials on brush sides...
0...1...2...3...4...5...6...7...8...9...100...1...2...3...4...5...6...7...8...9...10Processing areas...done (0)
Building Faces...done (0)
FixTjuncs...
PruneNodes...
WriteBSP...
done (0)
writing c:\program files (x86)\steam\steamapps\sourcemods\desertparablerus1\maps\atomicbomb.prt...Building visibility clusters...
done (0)
Finding displacement neighbors...
Finding lightmap sample positions...
Displacement Alpha : 0...1...2...3...4...5...6...7...8...9...10
Building Physics collision data...
done (0) (4463 bytes)
Placing detail props : 0...1...2...3...4...5...6...7...8...9...10
Compacting texture/material tables...
Reduced 6 texinfos to 3
Reduced 4 texdatas to 3 (125 bytes to 98)
Writing c:\program files (x86)\steam\steamapps\sourcemods\desertparablerus1\maps\atomicbomb.bsp
1 second elapsed



8 threads
reading c:\program files (x86)\steam\steamapps\sourcemods\desertparablerus1\maps\atomicbomb.bsp
reading c:\program files (x86)\steam\steamapps\sourcemods\desertparablerus1\maps\atomicbomb.prt
  13 portalclusters
  17 numportals
0...1...2...3...4...5...6...7...8...9...100...1...2...3...4...5...6...7...8...9...10Optimized: 0 visible clusters (0.00%)
Total clusters visible: 145
Average clusters visible: 11
Building PAS...
Average clusters audible: 11
visdatasize:162  compressed from 208
writing c:\program files (x86)\steam\steamapps\sourcemods\desertparablerus1\maps\atomicbomb.bsp
0 seconds elapsed



[Reading texlights from 'lights.rad']
[48 texlights parsed from 'lights.rad']

Loading c:\program files (x86)\steam\steamapps\sourcemods\desertparablerus1\maps\atomicbomb.bsp
105 faces
227171 square feet [32712704.00 square inches]
0 Displacements
0 Square Feet [0.00 Square Inches]
105 patches before subdivision
5865 patches after subdivision
2 direct lights
0...1...2...3...4...5...6...7...8...9...100...1...2...3...4...5...6...7...8...9...10transfers 2735, max 153
transfer lists:   0.0 megs
0...1...2...3...4...5...6...7...8...9...10	Bounce #1 added RGB(0, 0, 0)
Build Patch/Sample Hash Table(s).....Done<0.0063 sec>
0...1...2...3...4...5...6...7...8...9...10FinalLightFace Done
0 of 0 (0% of) surface lights went in leaf ambient cubes.
0...1...2...3...4...5...6...7...8...9...10Writing leaf ambient...done
Computing static prop lighting : 00...1...2...3...4...5...6...7...8...9...10
Ready to Finish

Object names       Objects/Maxobjs  Memory / Maxmem  Fullness 
------------       ---------------  ---------------  -------- 
models                   1/4096           48/196608   ( 0.0%) 
brushes                 12/32768         144/393216   ( 0.0%) 
brushsides              72/65536         576/524288   ( 0.1%) 
planes                  62/65536        1240/1310720  ( 0.1%) 
vertexes               158/65536        1896/786432   ( 0.2%) 
nodes                   67/65536        2144/2097152  ( 0.1%) 
texinfos                 3/12288         216/884736   ( 0.0%) 
texdata                  3/2048           96/65536    ( 0.1%) 
dispinfos                0/0               0/0        ( 0.0%) 
disp_verts               0/0               0/0        ( 0.0%) 
disp_tris                0/0               0/0        ( 0.0%) 
disp_lmsamples           0/0               0/0        ( 0.0%) 
faces                  105/65536        5880/3670016  ( 0.2%) 
hdr faces              105/65536        5880/3670016  ( 0.2%) 
origfaces               12/65536         672/3670016  ( 0.0%) 
leaves                  69/65536        2208/2097152  ( 0.1%) 
leaffaces              107/65536         214/131072   ( 0.2%) 
leafbrushes             45/65536          90/131072   ( 0.1%) 
areas                    3/1024           24/8192     ( 0.3%) 
surfedges              496/512000       1984/2048000  ( 0.1%) 
edges                  272/256000       1088/1024000  ( 0.1%) 
LDR worldlights          0/16384           0/1441792  ( 0.0%) 
HDR worldlights          2/16384         176/1441792  ( 0.0%) 
leafwaterdata            0/32768           0/393216   ( 0.0%) 
waterstrips              2/131072         20/1310720  ( 0.0%) 
waterverts               0/131072          0/1572864  ( 0.0%) 
waterindices            39/131072         78/262144   ( 0.0%) 
cubemapsamples          15/1024          240/16384    ( 1.5%) 
overlays                 0/1024            0/360448   ( 0.0%) 
LDR lightdata         [variable]           0/0        ( 0.0%) 
HDR lightdata         [variable]      652448/0        ( 0.0%) 
visdata               [variable]         162/16777216 ( 0.0%) 
entdata               [variable]        6524/393216   ( 1.7%) 
LDR ambient table       69/65536         276/262144   ( 0.1%) 
HDR ambient table       69/65536         276/262144   ( 0.1%) 
LDR leaf ambient        69/65536        1932/1835008  ( 0.1%) 
HDR leaf ambient       204/65536        5712/1835008  ( 0.3%) 
occluders                0/0               0/0        ( 0.0%) 
occluder polygons        0/0               0/0        ( 0.0%) 
occluder vert ind        0/0               0/0        ( 0.0%) 
detail props          [variable]           1/12       ( 8.3%) 
static props          [variable]           1/604      ( 0.2%) 
pakfile               [variable]     1472740/0        ( 0.0%) 
physics               [variable]        4463/4194304  ( 0.1%) 
physics terrain       [variable]           2/1048576  ( 0.0%) 

Level flags = 2

Total triangle count: 238
Writing c:\program files (x86)\steam\steamapps\sourcemods\desertparablerus1\maps\atomicbomb.bsp
8 seconds elapsed



materialPath: C:\Program Files (x86)\Steam\steamapps\sourcemods\desertparablerus1\materials
Loading c:\program files (x86)\steam\steamapps\sourcemods\desertparablerus1\maps\atomicbomb.vmf
Map revision 8
Could not locate 'GameData' key in c:\program files (x86)\steam\steamapps\sourcemods\desertparablerus1\gameinfo.txt
fixing up env_cubemap materials on brush sides...
0...1...2...3...4...5...6...7...8...9...100...1...2...3...4...5...6...7...8...9...10Processing areas...done (0)
Building Faces...done (0)
FixTjuncs...
PruneNodes...
WriteBSP...
done (0)
writing c:\program files (x86)\steam\steamapps\sourcemods\desertparablerus1\maps\atomicbomb.prt...Building visibility clusters...
done (0)
Finding displacement neighbors...
Finding lightmap sample positions...
Displacement Alpha : 0...1...2...3...4...5...6...7...8...9...10
Building Physics collision data...
done (0) (4463 bytes)
Placing detail props : 0...1...2...3...4...5...6...7...8...9...10
Compacting texture/material tables...
Reduced 6 texinfos to 3
Reduced 4 texdatas to 3 (125 bytes to 98)
Writing c:\program files (x86)\steam\steamapps\sourcemods\desertparablerus1\maps\atomicbomb.bsp
1 second elapsed



8 threads
reading c:\program files (x86)\steam\steamapps\sourcemods\desertparablerus1\maps\atomicbomb.bsp
reading c:\program files (x86)\steam\steamapps\sourcemods\desertparablerus1\maps\atomicbomb.prt
  13 portalclusters
  17 numportals
0...1...2...3...4...5...6...7...8...9...100...1...2...3...4...5...6...7...8...9...10Optimized: 0 visible clusters (0.00%)
Total clusters visible: 145
Average clusters visible: 11
Building PAS...
Average clusters audible: 11
visdatasize:162  compressed from 208
writing c:\program files (x86)\steam\steamapps\sourcemods\desertparablerus1\maps\atomicbomb.bsp
0 seconds elapsed



[Reading texlights from 'lights.rad']
[48 texlights parsed from 'lights.rad']

Loading c:\program files (x86)\steam\steamapps\sourcemods\desertparablerus1\maps\atomicbomb.bsp
105 faces
227171 square feet [32712704.00 square inches]
0 Displacements
0 Square Feet [0.00 Square Inches]
105 patches before subdivision
5865 patches after subdivision
2 direct lights
0...1...2...3...4...5...6...7...8...9...100...1...2...3...4...5...6...7...8...9...10transfers 2735, max 153
transfer lists:   0.0 megs
0...1...2...3...4...5...6...7...8...9...10	Bounce #1 added RGB(0, 0, 0)
Build Patch/Sample Hash Table(s).....Done<0.0035 sec>
0...1...2...3...4...5...6...7...8...9...10FinalLightFace Done
0 of 0 (0% of) surface lights went in leaf ambient cubes.
0...1...2...3...4...5...6...7...8...9...10Writing leaf ambient...done
Computing static prop lighting : 00...1...2...3...4...5...6...7...8...9...10
Ready to Finish

Object names       Objects/Maxobjs  Memory / Maxmem  Fullness 
------------       ---------------  ---------------  -------- 
models                   1/4096           48/196608   ( 0.0%) 
brushes                 12/32768         144/393216   ( 0.0%) 
brushsides              72/65536         576/524288   ( 0.1%) 
planes                  62/65536        1240/1310720  ( 0.1%) 
vertexes               158/65536        1896/786432   ( 0.2%) 
nodes                   67/65536        2144/2097152  ( 0.1%) 
texinfos                 3/12288         216/884736   ( 0.0%) 
texdata                  3/2048           96/65536    ( 0.1%) 
dispinfos                0/0               0/0        ( 0.0%) 
disp_verts               0/0               0/0        ( 0.0%) 
disp_tris                0/0               0/0        ( 0.0%) 
disp_lmsamples           0/0               0/0        ( 0.0%) 
faces                  105/65536        5880/3670016  ( 0.2%) 
hdr faces              105/65536        5880/3670016  ( 0.2%) 
origfaces               12/65536         672/3670016  ( 0.0%) 
leaves                  69/65536        2208/2097152  ( 0.1%) 
leaffaces              107/65536         214/131072   ( 0.2%) 
leafbrushes             45/65536          90/131072   ( 0.1%) 
areas                    3/1024           24/8192     ( 0.3%) 
surfedges              496/512000       1984/2048000  ( 0.1%) 
edges                  272/256000       1088/1024000  ( 0.1%) 
LDR worldlights          0/16384           0/1441792  ( 0.0%) 
HDR worldlights          2/16384         176/1441792  ( 0.0%) 
leafwaterdata            0/32768           0/393216   ( 0.0%) 
waterstrips              2/131072         20/1310720  ( 0.0%) 
waterverts               0/131072          0/1572864  ( 0.0%) 
waterindices            39/131072         78/262144   ( 0.0%) 
cubemapsamples          15/1024          240/16384    ( 1.5%) 
overlays                 0/1024            0/360448   ( 0.0%) 
LDR lightdata         [variable]           0/0        ( 0.0%) 
HDR lightdata         [variable]      652448/0        ( 0.0%) 
visdata               [variable]         162/16777216 ( 0.0%) 
entdata               [variable]        7068/393216   ( 1.8%) 
LDR ambient table       69/65536         276/262144   ( 0.1%) 
HDR ambient table       69/65536         276/262144   ( 0.1%) 
LDR leaf ambient        69/65536        1932/1835008  ( 0.1%) 
HDR leaf ambient       204/65536        5712/1835008  ( 0.3%) 
occluders                0/0               0/0        ( 0.0%) 
occluder polygons        0/0               0/0        ( 0.0%) 
occluder vert ind        0/0               0/0        ( 0.0%) 
detail props          [variable]           1/12       ( 8.3%) 
static props          [variable]           1/604      ( 0.2%) 
pakfile               [variable]     1472740/0        ( 0.0%) 
physics               [variable]        4463/4194304  ( 0.1%) 
physics terrain       [variable]           2/1048576  ( 0.0%) 

Level flags = 2

Total triangle count: 238
Writing c:\program files (x86)\steam\steamapps\sourcemods\desertparablerus1\maps\atomicbomb.bsp
7 seconds elapsed



materialPath: C:\Program Files (x86)\Steam\steamapps\sourcemods\desertparablerus1\materials
Loading c:\program files (x86)\steam\steamapps\sourcemods\desertparablerus1\maps\atomicbomb.vmf
Map revision 9
Could not locate 'GameData' key in c:\program files (x86)\steam\steamapps\sourcemods\desertparablerus1\gameinfo.txt
fixing up env_cubemap materials on brush sides...
0...1...2...3...4...5...6...7...8...9...100...1...2...3...4...5...6...7...8...9...10Processing areas...done (0)
Building Faces...done (0)
FixTjuncs...
PruneNodes...
WriteBSP...
done (0)
writing c:\program files (x86)\steam\steamapps\sourcemods\desertparablerus1\maps\atomicbomb.prt...Building visibility clusters...
done (0)
Finding displacement neighbors...
Finding lightmap sample positions...
Displacement Alpha : 0...1...2...3...4...5...6...7...8...9...10
Building Physics collision data...
done (0) (4463 bytes)
Placing detail props : 0...1...2...3...4...5...6...7...8...9...10
Compacting texture/material tables...
Reduced 6 texinfos to 3
Reduced 4 texdatas to 3 (125 bytes to 98)
Writing c:\program files (x86)\steam\steamapps\sourcemods\desertparablerus1\maps\atomicbomb.bsp
1 second elapsed



8 threads
reading c:\program files (x86)\steam\steamapps\sourcemods\desertparablerus1\maps\atomicbomb.bsp
reading c:\program files (x86)\steam\steamapps\sourcemods\desertparablerus1\maps\atomicbomb.prt
  13 portalclusters
  17 numportals
0...1...2...3...4...5...6...7...8...9...100...1...2...3...4...5...6...7...8...9...10Optimized: 0 visible clusters (0.00%)
Total clusters visible: 145
Average clusters visible: 11
Building PAS...
Average clusters audible: 11
visdatasize:162  compressed from 208
writing c:\program files (x86)\steam\steamapps\sourcemods\desertparablerus1\maps\atomicbomb.bsp
0 seconds elapsed



[Reading texlights from 'lights.rad']
[48 texlights parsed from 'lights.rad']

Loading c:\program files (x86)\steam\steamapps\sourcemods\desertparablerus1\maps\atomicbomb.bsp
105 faces
227171 square feet [32712704.00 square inches]
0 Displacements
0 Square Feet [0.00 Square Inches]
105 patches before subdivision
5865 patches after subdivision
2 direct lights
0...1...2...3...4...5...6...7...8...9...100...1...2...3...4...5...6...7...8...9...10transfers 2735, max 153
transfer lists:   0.0 megs
0...1...2...3...4...5...6...7...8...9...10	Bounce #1 added RGB(0, 0, 0)
Build Patch/Sample Hash Table(s).....Done<0.0032 sec>
0...1...2...3...4...5...6...7...8...9...10FinalLightFace Done
0 of 0 (0% of) surface lights went in leaf ambient cubes.
0...1...2...3...4...5...6...7...8...9...10Writing leaf ambient...done
Computing static prop lighting : 00...1...2...3...4...5...6...7...8...9...10
Ready to Finish

Object names       Objects/Maxobjs  Memory / Maxmem  Fullness 
------------       ---------------  ---------------  -------- 
models                   1/4096           48/196608   ( 0.0%) 
brushes                 12/32768         144/393216   ( 0.0%) 
brushsides              72/65536         576/524288   ( 0.1%) 
planes                  62/65536        1240/1310720  ( 0.1%) 
vertexes               158/65536        1896/786432   ( 0.2%) 
nodes                   67/65536        2144/2097152  ( 0.1%) 
texinfos                 3/12288         216/884736   ( 0.0%) 
texdata                  3/2048           96/65536    ( 0.1%) 
dispinfos                0/0               0/0        ( 0.0%) 
disp_verts               0/0               0/0        ( 0.0%) 
disp_tris                0/0               0/0        ( 0.0%) 
disp_lmsamples           0/0               0/0        ( 0.0%) 
faces                  105/65536        5880/3670016  ( 0.2%) 
hdr faces              105/65536        5880/3670016  ( 0.2%) 
origfaces               12/65536         672/3670016  ( 0.0%) 
leaves                  69/65536        2208/2097152  ( 0.1%) 
leaffaces              107/65536         214/131072   ( 0.2%) 
leafbrushes             45/65536          90/131072   ( 0.1%) 
areas                    3/1024           24/8192     ( 0.3%) 
surfedges              496/512000       1984/2048000  ( 0.1%) 
edges                  272/256000       1088/1024000  ( 0.1%) 
LDR worldlights          0/16384           0/1441792  ( 0.0%) 
HDR worldlights          2/16384         176/1441792  ( 0.0%) 
leafwaterdata            0/32768           0/393216   ( 0.0%) 
waterstrips              2/131072         20/1310720  ( 0.0%) 
waterverts               0/131072          0/1572864  ( 0.0%) 
waterindices            39/131072         78/262144   ( 0.0%) 
cubemapsamples          15/1024          240/16384    ( 1.5%) 
overlays                 0/1024            0/360448   ( 0.0%) 
LDR lightdata         [variable]           0/0        ( 0.0%) 
HDR lightdata         [variable]      652448/0        ( 0.0%) 
visdata               [variable]         162/16777216 ( 0.0%) 
entdata               [variable]        7512/393216   ( 1.9%) 
LDR ambient table       69/65536         276/262144   ( 0.1%) 
HDR ambient table       69/65536         276/262144   ( 0.1%) 
LDR leaf ambient        69/65536        1932/1835008  ( 0.1%) 
HDR leaf ambient       204/65536        5712/1835008  ( 0.3%) 
occluders                0/0               0/0        ( 0.0%) 
occluder polygons        0/0               0/0        ( 0.0%) 
occluder vert ind        0/0               0/0        ( 0.0%) 
detail props          [variable]           1/12       ( 8.3%) 
static props          [variable]           1/604      ( 0.2%) 
pakfile               [variable]     1472740/0        ( 0.0%) 
physics               [variable]        4463/4194304  ( 0.1%) 
physics terrain       [variable]           2/1048576  ( 0.0%) 

Level flags = 2

Total triangle count: 238
Writing c:\program files (x86)\steam\steamapps\sourcemods\desertparablerus1\maps\atomicbomb.bsp
7 seconds elapsed



materialPath: C:\Program Files (x86)\Steam\steamapps\sourcemods\desertparablerus1\materials
Loading c:\program files (x86)\steam\steamapps\sourcemods\desertparablerus1\maps\atomicbomb.vmf
Map revision 11
Could not locate 'GameData' key in c:\program files (x86)\steam\steamapps\sourcemods\desertparablerus1\gameinfo.txt
fixing up env_cubemap materials on brush sides...
0...1...2...3...4...5...6...7...8...9...100...1...2...3...4...5...6...7...8...9...10Processing areas...done (0)
Building Faces...done (0)
FixTjuncs...
PruneNodes...
WriteBSP...
done (0)
writing c:\program files (x86)\steam\steamapps\sourcemods\desertparablerus1\maps\atomicbomb.prt...Building visibility clusters...
done (0)
Finding displacement neighbors...
Finding lightmap sample positions...
Displacement Alpha : 0...1...2...3...4...5...6...7...8...9...10
Building Physics collision data...
done (0) (4463 bytes)
Placing detail props : 0...1...2...3...4...5...6...7...8...9...10
Compacting texture/material tables...
Reduced 6 texinfos to 3
Reduced 4 texdatas to 3 (125 bytes to 98)
Writing c:\program files (x86)\steam\steamapps\sourcemods\desertparablerus1\maps\atomicbomb.bsp
1 second elapsed



8 threads
reading c:\program files (x86)\steam\steamapps\sourcemods\desertparablerus1\maps\atomicbomb.bsp
reading c:\program files (x86)\steam\steamapps\sourcemods\desertparablerus1\maps\atomicbomb.prt
  13 portalclusters
  17 numportals
0...1...2...3...4...5...6...7...8...9...100...1...2...3...4...5...6...7...8...9...10Optimized: 0 visible clusters (0.00%)
Total clusters visible: 145
Average clusters visible: 11
Building PAS...
Average clusters audible: 11
visdatasize:162  compressed from 208
writing c:\program files (x86)\steam\steamapps\sourcemods\desertparablerus1\maps\atomicbomb.bsp
0 seconds elapsed



[Reading texlights from 'lights.rad']
[48 texlights parsed from 'lights.rad']

Loading c:\program files (x86)\steam\steamapps\sourcemods\desertparablerus1\maps\atomicbomb.bsp
105 faces
227171 square feet [32712704.00 square inches]
0 Displacements
0 Square Feet [0.00 Square Inches]
105 patches before subdivision
5865 patches after subdivision
2 direct lights
0...1...2...3...4...5...6...7...8...9...100...1...2...3...4...5...6...7...8...9...10transfers 2735, max 153
transfer lists:   0.0 megs
0...1...2...3...4...5...6...7...8...9...10	Bounce #1 added RGB(0, 0, 0)
Build Patch/Sample Hash Table(s).....Done<0.0032 sec>
0...1...2...3...4...5...6...7...8...9...10FinalLightFace Done
0 of 0 (0% of) surface lights went in leaf ambient cubes.
0...1...2...3...4...5...6...7...8...9...10Writing leaf ambient...done
Computing static prop lighting : 00...1...2...3...4...5...6...7...8...9...10
Ready to Finish

Object names       Objects/Maxobjs  Memory / Maxmem  Fullness 
------------       ---------------  ---------------  -------- 
models                   1/4096           48/196608   ( 0.0%) 
brushes                 12/32768         144/393216   ( 0.0%) 
brushsides              72/65536         576/524288   ( 0.1%) 
planes                  62/65536        1240/1310720  ( 0.1%) 
vertexes               158/65536        1896/786432   ( 0.2%) 
nodes                   67/65536        2144/2097152  ( 0.1%) 
texinfos                 3/12288         216/884736   ( 0.0%) 
texdata                  3/2048           96/65536    ( 0.1%) 
dispinfos                0/0               0/0        ( 0.0%) 
disp_verts               0/0               0/0        ( 0.0%) 
disp_tris                0/0               0/0        ( 0.0%) 
disp_lmsamples           0/0               0/0        ( 0.0%) 
faces                  105/65536        5880/3670016  ( 0.2%) 
hdr faces              105/65536        5880/3670016  ( 0.2%) 
origfaces               12/65536         672/3670016  ( 0.0%) 
leaves                  69/65536        2208/2097152  ( 0.1%) 
leaffaces              107/65536         214/131072   ( 0.2%) 
leafbrushes             45/65536          90/131072   ( 0.1%) 
areas                    3/1024           24/8192     ( 0.3%) 
surfedges              496/512000       1984/2048000  ( 0.1%) 
edges                  272/256000       1088/1024000  ( 0.1%) 
LDR worldlights          0/16384           0/1441792  ( 0.0%) 
HDR worldlights          2/16384         176/1441792  ( 0.0%) 
leafwaterdata            0/32768           0/393216   ( 0.0%) 
waterstrips              2/131072         20/1310720  ( 0.0%) 
waterverts               0/131072          0/1572864  ( 0.0%) 
waterindices            39/131072         78/262144   ( 0.0%) 
cubemapsamples          15/1024          240/16384    ( 1.5%) 
overlays                 0/1024            0/360448   ( 0.0%) 
LDR lightdata         [variable]           0/0        ( 0.0%) 
HDR lightdata         [variable]      652448/0        ( 0.0%) 
visdata               [variable]         162/16777216 ( 0.0%) 
entdata               [variable]        7507/393216   ( 1.9%) 
LDR ambient table       69/65536         276/262144   ( 0.1%) 
HDR ambient table       69/65536         276/262144   ( 0.1%) 
LDR leaf ambient        69/65536        1932/1835008  ( 0.1%) 
HDR leaf ambient       204/65536        5712/1835008  ( 0.3%) 
occluders                0/0               0/0        ( 0.0%) 
occluder polygons        0/0               0/0        ( 0.0%) 
occluder vert ind        0/0               0/0        ( 0.0%) 
detail props          [variable]           1/12       ( 8.3%) 
static props          [variable]           1/604      ( 0.2%) 
pakfile               [variable]     1472740/0        ( 0.0%) 
physics               [variable]        4463/4194304  ( 0.1%) 
physics terrain       [variable]           2/1048576  ( 0.0%) 

Level flags = 2

Total triangle count: 238
Writing c:\program files (x86)\steam\steamapps\sourcemods\desertparablerus1\maps\atomicbomb.bsp
7 seconds elapsed
