PRT1
13
17
4 0 2 (2048 2048 0 ) (2048 2048 736 ) (1024 2048 736 ) (1024 2048 0 ) 
4 0 1 (1024 2240 0 ) (1024 2048 0 ) (1024 2048 736 ) (1024 2240 736 ) 
4 1 8 (0 2048 0 ) (0 2048 736 ) (0 2240 736 ) (0 2240 0 ) 
4 1 3 (0 2048 736 ) (0 2048 0 ) (1024 2048 0 ) (1024 2048 736 ) 
4 2 4 (2048 1024 0 ) (2048 1024 736 ) (1024 1024 736 ) (1024 1024 0 ) 
4 2 3 (1024 2048 736 ) (1024 2048 0 ) (1024 1024 0 ) (1024 1024 736 ) 
4 3 9 (0 1024 0 ) (0 1024 736 ) (0 2048 736 ) (0 2048 0 ) 
4 3 5 (1024 1024 0 ) (1024 1024 736 ) (0 1024 736 ) (0 1024 0 ) 
4 4 6 (2048 0 0 ) (2048 0 736 ) (1024 0 736 ) (1024 0 0 ) 
4 4 5 (1024 1024 736 ) (1024 1024 0 ) (1024 0 0 ) (1024 0 736 ) 
4 5 11 (0 0 0 ) (0 0 736 ) (0 1024 736 ) (0 1024 0 ) 
4 5 7 (1024 0 0 ) (1024 0 736 ) (0 0 736 ) (0 0 0 ) 
4 6 7 (1024 -832 736 ) (1024 0 736 ) (1024 0 0 ) (1024 -832 0 ) 
4 7 12 (0 -832 736 ) (0 0 736 ) (0 0 0 ) (0 -832 0 ) 
4 8 9 (0 2048 0 ) (0 2048 736 ) (-992 2048 736 ) (-992 2048 0 ) 
4 9 11 (0 1024 0 ) (0 1024 736 ) (-992 1024 736 ) (-992 1024 0 ) 
4 11 12 (0 0 0 ) (0 0 736 ) (-992 0 736 ) (-992 0 0 ) 
