PRT1
175
412
4 0 138 (1412 0 151 ) (1350 0 151 ) (1350 0 -9 ) (1412 0 -9 ) 
4 0 137 (1546 0 151 ) (1412 0 151 ) (1412 0 -9 ) (1546 0 -9 ) 
4 0 39 (1546 0 -9 ) (1350 0 -9 ) (1350 76 -9 ) (1546 76 -9 ) 
4 0 4 (1350 76 -9 ) (1350 0 -9 ) (1350 0 -1 ) (1350 76 -1 ) 
4 0 1 (1350 0 -1 ) (1350 0 151 ) (1350 76 151 ) (1350 76 -1 ) 
4 1 138 (1286 0 151 ) (1286 0 -1 ) (1350 0 -1 ) (1350 0 151 ) 
4 1 9 (1286 0 -1 ) (1286 0 23 ) (1286 76 23 ) (1286 76 -1 ) 
4 1 6 (1286 0 23 ) (1286 0 31 ) (1286 76 31 ) (1286 76 23 ) 
4 1 5 (1286 0 31 ) (1286 0 151 ) (1286 76 151 ) (1286 76 31 ) 
4 1 4 (1286 0 -1 ) (1286 76 -1 ) (1350 76 -1 ) (1350 0 -1 ) 
4 2 30 (1286 244 -9 ) (1286 300 -9 ) (1350 300 -9 ) (1350 244 -9 ) 
4 2 19 (1286 300 -9 ) (1286 308 -9 ) (1342 308 -9 ) (1342 300 -9 ) 
4 2 18 (1342 308 -9 ) (1350 308 -9 ) (1350 300 -9 ) (1342 300 -9 ) 
4 3 36 (1286 116 -9 ) (1286 180 -9 ) (1350 180 -9 ) (1350 116 -9 ) 
4 4 138 (1286 0 -1 ) (1286 0 -9 ) (1350 0 -9 ) (1350 0 -1 ) 
4 4 39 (1350 0 -9 ) (1286 0 -9 ) (1286 76 -9 ) (1350 76 -9 ) 
4 4 11 (1286 76 -9 ) (1286 0 -9 ) (1286 0 -1 ) (1286 76 -1 ) 
4 5 140 (1130 0 31 ) (1214 0 31 ) (1214 0 151 ) (1130 0 151 ) 
4 5 138 (1214 0 31 ) (1286 0 31 ) (1286 0 151 ) (1214 0 151 ) 
4 5 6 (1130 76 31 ) (1286 76 31 ) (1286 0 31 ) (1130 0 31 ) 
4 6 140 (1130 0 23 ) (1214 0 23 ) (1214 0 31 ) (1130 0 31 ) 
4 6 138 (1214 0 23 ) (1286 0 23 ) (1286 0 31 ) (1214 0 31 ) 
4 6 9 (1286 76 23 ) (1286 0 23 ) (1130 0 23 ) (1130 76 23 ) 
4 7 60 (1024 348 31 ) (1024 412 31 ) (1024 412 23 ) (1024 348 23 ) 
4 7 13 (1070 412 23 ) (1070 348 23 ) (1024 348 23 ) (1024 412 23 ) 
4 8 61 (1024 220 31 ) (1024 284 31 ) (1024 284 23 ) (1024 220 23 ) 
4 8 13 (1070 284 23 ) (1070 220 23 ) (1024 220 23 ) (1024 284 23 ) 
4 9 140 (1214 0 23 ) (1130 0 23 ) (1130 0 -1 ) (1214 0 -1 ) 
4 9 138 (1286 0 -1 ) (1286 0 23 ) (1214 0 23 ) (1214 0 -1 ) 
4 9 11 (1130 76 -1 ) (1286 76 -1 ) (1286 0 -1 ) (1130 0 -1 ) 
4 10 30 (1222 300 -9 ) (1222 244 -9 ) (1158 244 -9 ) (1158 300 -9 ) 
4 10 24 (1222 308 -9 ) (1222 300 -9 ) (1158 300 -9 ) (1158 308 -9 ) 
4 11 140 (1130 0 -9 ) (1214 0 -9 ) (1214 0 -1 ) (1130 0 -1 ) 
4 11 138 (1214 0 -9 ) (1286 0 -9 ) (1286 0 -1 ) (1214 0 -1 ) 
4 11 39 (1286 0 -9 ) (1130 0 -9 ) (1130 76 -9 ) (1286 76 -9 ) 
4 12 67 (1024 636 -5 ) (1024 636 -9 ) (1024 444 -9 ) (1024 444 -5 ) 
4 12 64 (1024 636 -3 ) (1024 636 -5 ) (1024 444 -5 ) (1024 444 -3 ) 
4 12 63 (1024 444 23 ) (1024 636 23 ) (1024 636 -3 ) (1024 444 -3 ) 
4 12 16 (1024 444 -9 ) (1024 636 -9 ) (1038 636 -9 ) (1038 444 -9 ) 
4 12 13 (1024 444 -9 ) (1038 444 -9 ) (1038 444 23 ) (1024 444 23 ) 
4 13 68 (1024 444 -5 ) (1024 444 -9 ) (1024 188 -9 ) (1024 188 -5 ) 
4 13 66 (1024 188 23 ) (1024 444 23 ) (1024 444 -5 ) (1024 188 -5 ) 
4 13 37 (1024 188 -9 ) (1024 204 -9 ) (1102 204 -9 ) (1102 188 -9 ) 
4 13 34 (1024 204 -9 ) (1024 236 -9 ) (1102 236 -9 ) (1102 204 -9 ) 
4 13 32 (1024 236 -9 ) (1024 300 -9 ) (1102 300 -9 ) (1102 236 -9 ) 
4 13 25 (1024 300 -9 ) (1024 356 -9 ) (1102 356 -9 ) (1102 300 -9 ) 
4 13 16 (1024 356 -9 ) (1024 444 -9 ) (1038 444 -9 ) (1038 356 -9 ) 
4 13 15 (1038 444 -9 ) (1102 444 -9 ) (1102 356 -9 ) (1038 356 -9 ) 
4 14 20 (1342 356 -101 ) (1342 356 -29 ) (1246 356 -29 ) (1246 356 -101 ) 
4 14 17 (1398 356 -137 ) (1550 356 -137 ) (1550 356 -9 ) (1398 356 -9 ) 
4 15 25 (1038 356 -137 ) (1102 356 -137 ) (1102 356 -9 ) (1038 356 -9 ) 
4 15 16 (1038 444 -137 ) (1038 356 -137 ) (1038 356 -9 ) (1038 444 -9 ) 
4 16 70 (1024 356 -9 ) (1024 444 -9 ) (1024 444 -137 ) (1024 356 -137 ) 
4 16 69 (1024 444 -9 ) (1024 636 -9 ) (1024 636 -137 ) (1024 444 -137 ) 
4 16 25 (1024 356 -137 ) (1038 356 -137 ) (1038 356 -9 ) (1024 356 -9 ) 
4 17 26 (1398 300 -137 ) (1550 300 -137 ) (1550 300 -9 ) (1398 300 -9 ) 
4 18 30 (1342 300 -137 ) (1382 300 -137 ) (1382 300 -9 ) (1342 300 -9 ) 
4 18 23 (1342 340 -137 ) (1342 300 -137 ) (1342 300 -101 ) (1342 340 -101 ) 
4 18 22 (1342 300 -101 ) (1342 300 -29 ) (1342 340 -29 ) (1342 340 -101 ) 
4 18 19 (1342 300 -29 ) (1342 300 -9 ) (1342 340 -9 ) (1342 340 -29 ) 
4 19 30 (1342 300 -29 ) (1342 300 -9 ) (1246 300 -9 ) (1246 300 -29 ) 
4 19 24 (1246 340 -29 ) (1246 300 -29 ) (1246 300 -9 ) (1246 340 -9 ) 
4 19 22 (1246 300 -29 ) (1246 340 -29 ) (1342 340 -29 ) (1342 300 -29 ) 
4 20 21 (1246 343 -101 ) (1342 343 -101 ) (1342 343 -29 ) (1246 343 -29 ) 
4 21 22 (1246 342 -101 ) (1342 342 -101 ) (1342 342 -29 ) (1246 342 -29 ) 
4 22 30 (1342 300 -101 ) (1342 300 -29 ) (1246 300 -29 ) (1246 300 -101 ) 
4 22 24 (1246 340 -101 ) (1246 300 -101 ) (1246 300 -29 ) (1246 340 -29 ) 
4 22 23 (1246 300 -101 ) (1246 340 -101 ) (1342 340 -101 ) (1342 300 -101 ) 
4 23 30 (1246 300 -137 ) (1342 300 -137 ) (1342 300 -101 ) (1246 300 -101 ) 
4 23 24 (1246 340 -137 ) (1246 300 -137 ) (1246 300 -101 ) (1246 340 -101 ) 
4 24 30 (1126 300 -137 ) (1246 300 -137 ) (1246 300 -9 ) (1126 300 -9 ) 
4 25 70 (1024 300 -9 ) (1024 356 -9 ) (1024 356 -137 ) (1024 300 -137 ) 
4 25 32 (1102 300 -21 ) (1102 300 -9 ) (1024 300 -9 ) (1024 300 -21 ) 
4 25 33 (1024 300 -137 ) (1102 300 -137 ) (1102 300 -21 ) (1024 300 -21 ) 
4 26 35 (1398 204 -137 ) (1550 204 -137 ) (1550 204 -9 ) (1398 204 -9 ) 
4 26 27 (1398 300 -29 ) (1398 300 -101 ) (1398 204 -101 ) (1398 204 -29 ) 
4 27 28 (1385 300 -101 ) (1385 204 -101 ) (1385 204 -29 ) (1385 300 -29 ) 
4 28 29 (1384 300 -101 ) (1384 204 -101 ) (1384 204 -29 ) (1384 300 -29 ) 
4 29 31 (1382 212 -101 ) (1382 204 -101 ) (1382 204 -29 ) (1382 212 -29 ) 
4 29 30 (1382 300 -29 ) (1382 300 -101 ) (1382 212 -101 ) (1382 212 -29 ) 
4 30 33 (1126 300 -21 ) (1126 300 -137 ) (1126 236 -137 ) (1126 236 -21 ) 
4 30 31 (1254 212 -137 ) (1382 212 -137 ) (1382 212 -9 ) (1254 212 -9 ) 
4 31 36 (1254 204 -137 ) (1382 204 -137 ) (1382 204 -9 ) (1254 204 -9 ) 
4 32 70 (1024 236 -9 ) (1024 300 -9 ) (1024 300 -21 ) (1024 236 -21 ) 
4 32 34 (1102 236 -9 ) (1024 236 -9 ) (1024 236 -21 ) (1102 236 -21 ) 
4 32 33 (1102 236 -21 ) (1024 236 -21 ) (1024 300 -21 ) (1102 300 -21 ) 
4 33 70 (1024 300 -21 ) (1024 300 -137 ) (1024 236 -137 ) (1024 236 -21 ) 
4 33 34 (1024 236 -137 ) (1102 236 -137 ) (1102 236 -21 ) (1024 236 -21 ) 
4 34 70 (1024 204 -9 ) (1024 236 -9 ) (1024 236 -137 ) (1024 204 -137 ) 
4 34 37 (1024 204 -137 ) (1102 204 -137 ) (1102 204 -9 ) (1024 204 -9 ) 
4 36 38 (1286 84 -137 ) (1350 84 -137 ) (1350 84 -21 ) (1286 84 -21 ) 
4 37 70 (1024 188 -9 ) (1024 204 -9 ) (1024 204 -137 ) (1024 188 -137 ) 
4 38 39 (1286 76 -137 ) (1350 76 -137 ) (1350 76 -21 ) (1286 76 -21 ) 
4 39 140 (1214 0 -9 ) (1130 0 -9 ) (1130 0 -137 ) (1214 0 -137 ) 
4 39 138 (1412 0 -9 ) (1214 0 -9 ) (1214 0 -137 ) (1412 0 -137 ) 
4 39 137 (1546 0 -9 ) (1412 0 -9 ) (1412 0 -137 ) (1546 0 -137 ) 
4 40 108 (0 1024 -3 ) (0 1024 55 ) (0 1124 55 ) (0 1124 -3 ) 
4 40 62 (0 1024 23 ) (0 1024 -3 ) (390 1024 -3 ) (390 1024 23 ) 
4 40 56 (0 1024 31 ) (0 1024 23 ) (390 1024 23 ) (390 1024 31 ) 
4 40 55 (0 1024 55 ) (0 1024 31 ) (390 1024 31 ) (390 1024 55 ) 
4 40 41 (390 1024 -3 ) (6 1024 -3 ) (6 1124 -3 ) (390 1124 -3 ) 
4 41 65 (390 1024 -3 ) (6 1024 -3 ) (6 1024 -5 ) (390 1024 -5 ) 
4 41 46 (134 1124 -5 ) (166 1124 -5 ) (166 1060 -5 ) (134 1060 -5 ) 
4 41 45 (166 1124 -5 ) (230 1124 -5 ) (230 1028 -5 ) (166 1028 -5 ) 
4 41 44 (230 1124 -5 ) (294 1124 -5 ) (294 1060 -5 ) (230 1060 -5 ) 
4 41 43 (358 1092 -5 ) (358 1028 -5 ) (294 1028 -5 ) (294 1092 -5 ) 
4 41 42 (294 1124 -5 ) (326 1124 -5 ) (326 1092 -5 ) (294 1092 -5 ) 
4 42 47 (294 1124 -9 ) (326 1124 -9 ) (326 1092 -9 ) (294 1092 -9 ) 
4 42 44 (294 1092 -5 ) (294 1124 -5 ) (294 1124 -9 ) (294 1092 -9 ) 
4 42 43 (294 1092 -5 ) (294 1092 -9 ) (326 1092 -9 ) (326 1092 -5 ) 
4 43 47 (358 1092 -9 ) (358 1028 -9 ) (294 1028 -9 ) (294 1092 -9 ) 
4 43 44 (294 1060 -5 ) (294 1092 -5 ) (294 1092 -9 ) (294 1060 -9 ) 
4 44 47 (230 1124 -9 ) (294 1124 -9 ) (294 1060 -9 ) (230 1060 -9 ) 
4 44 45 (230 1060 -5 ) (230 1124 -5 ) (230 1124 -9 ) (230 1060 -9 ) 
4 45 47 (166 1124 -9 ) (230 1124 -9 ) (230 1028 -9 ) (166 1028 -9 ) 
4 45 46 (166 1060 -5 ) (166 1124 -5 ) (166 1124 -9 ) (166 1060 -9 ) 
4 46 47 (134 1124 -9 ) (166 1124 -9 ) (166 1060 -9 ) (134 1060 -9 ) 
4 47 93 (126 1024 -9 ) (6 1024 -9 ) (6 1024 -133 ) (126 1024 -133 ) 
4 47 85 (390 1024 -9 ) (126 1024 -9 ) (126 1024 -133 ) (390 1024 -133 ) 
4 47 54 (6 1116 -133 ) (6 1024 -133 ) (6 1024 -9 ) (6 1116 -9 ) 
4 47 53 (390 1112.421387 -133 ) (390 1047.309570 -133 ) (322.380005 1034.770020 -133 ) (310.710022 1097.689575 -133 ) 
4 47 52 (240.746796 1124 -133 ) (390 1124 -133 ) (390 1112.421387 -133 ) (247.791077 1086 -133 ) 
3 47 51 (390 1047.309570 -133 ) (390 1024 -133 ) (264.302612 1024 -133 ) 
3 47 50 (215.749908 1035.539795 -133 ) (251.261856 1024 -133 ) (212.005615 1024 -133 ) 
4 47 49 (6 1024 -133 ) (6 1103.698730 -133 ) (154.879929 1055.319702 -133 ) (144.703278 1024 -133 ) 
5 47 48 (6 1103.698730 -133 ) (6 1124 -133 ) (240.746796 1124 -133 ) (259.284119 1024 -133 ) (251.261856 1024 -133 ) 
4 48 88 (251.262665 1024 -137 ) (259.284119 1024 -137 ) (259.284119 1024 -133 ) (251.261856 1024 -133 ) 
4 48 54 (6 1116 -137 ) (6 1103.698975 -137 ) (6 1103.698730 -133 ) (6 1116 -133 ) 
4 48 52 (240.747009 1124 -137 ) (240.747009 1124 -133 ) (247.791290 1086 -133 ) (247.791229 1086 -137 ) 
4 48 50 (251.262482 1024 -133 ) (215.749954 1035.539917 -133 ) (215.750046 1035.540161 -137 ) (251.263550 1024 -137 ) 
4 48 49 (154.879974 1055.319824 -133 ) (6 1103.698853 -133 ) (6 1103.699219 -137 ) (154.880096 1055.320068 -137 ) 
4 49 93 (6 1024 -133 ) (6 1024 -137 ) (126 1024 -137 ) (126 1024 -133 ) 
4 49 87 (126 1024 -137 ) (144.703278 1024 -137 ) (144.703278 1024 -133 ) (126 1024 -133 ) 
4 49 54 (6 1103.698975 -137 ) (6 1024 -137 ) (6 1024 -133 ) (6 1103.698730 -133 ) 
4 50 88 (212.005630 1024 -137 ) (251.262665 1024 -137 ) (251.261856 1024 -133 ) (212.005615 1024 -133 ) 
4 51 92 (341.536530 1024 -137 ) (390 1024 -137 ) (390 1024 -135 ) (341.536530 1024 -135 ) 
4 51 90 (390 1024 -135 ) (390 1024 -133 ) (341.536530 1024 -133 ) (341.536530 1024 -135 ) 
4 51 89 (264.302612 1024 -137 ) (341.536530 1024 -137 ) (341.536530 1024 -133 ) (264.302612 1024 -133 ) 
4 51 53 (322.380005 1034.770020 -133 ) (390 1047.309570 -133 ) (390 1047.309570 -137 ) (322.380005 1034.770020 -137 ) 
4 52 53 (310.710022 1097.689819 -137 ) (390 1112.421265 -137 ) (390 1112.420898 -133 ) (310.710083 1097.689453 -133 ) 
4 54 112 (0 1024 -137 ) (0 1024 -9 ) (0 1116 -9 ) (0 1116 -137 ) 
4 54 94 (6 1024 -9 ) (5 1024 -9 ) (5 1024 -137 ) (6 1024 -137 ) 
4 54 96 (5 1024 -9 ) (0 1024 -9 ) (0 1024 -137 ) (5 1024 -137 ) 
4 55 121 (0 988 55 ) (0 1024 55 ) (0 1024 31 ) (0 988 31 ) 
4 55 56 (0 988 31 ) (0 1024 31 ) (390 1024 31 ) (390 988 31 ) 
4 56 121 (0 988 31 ) (0 1024 31 ) (0 1024 23 ) (0 988 23 ) 
4 56 62 (0 988 23 ) (0 1024 23 ) (390 1024 23 ) (390 988 23 ) 
4 57 63 (942 604 23 ) (1006 604 23 ) (1006 540 23 ) (942 540 23 ) 
4 58 63 (814 604 23 ) (878 604 23 ) (878 540 23 ) (814 540 23 ) 
4 59 63 (686 604 23 ) (750 604 23 ) (750 540 23 ) (686 540 23 ) 
4 60 66 (1006 348 23 ) (1006 412 23 ) (1024 412 23 ) (1024 348 23 ) 
4 61 66 (1006 220 23 ) (1006 284 23 ) (1024 284 23 ) (1024 220 23 ) 
4 62 121 (0 988 23 ) (0 1024 23 ) (0 1024 -3 ) (0 988 -3 ) 
4 62 65 (6 1024 -3 ) (390 1024 -3 ) (390 988 -3 ) (6 988 -3 ) 
4 63 66 (1024 444 -3 ) (1024 444 23 ) (910 444 23 ) (910 444 -3 ) 
4 63 64 (1024 444 -3 ) (654 444 -3 ) (654 636 -3 ) (1024 636 -3 ) 
4 64 67 (1024 636 -5 ) (1024 444 -5 ) (654 444 -5 ) (654 636 -5 ) 
4 64 66 (910 444 -5 ) (1024 444 -5 ) (1024 444 -3 ) (910 444 -3 ) 
4 66 68 (1024 444 -5 ) (1024 188 -5 ) (910 188 -5 ) (910 444 -5 ) 
4 67 74 (654 636 -9 ) (686 636 -9 ) (686 444 -9 ) (654 444 -9 ) 
4 67 73 (686 636 -9 ) (878 636 -9 ) (878 444 -9 ) (686 444 -9 ) 
4 67 69 (878 636 -9 ) (1024 636 -9 ) (1024 444 -9 ) (878 444 -9 ) 
4 67 68 (910 444 -9 ) (1024 444 -9 ) (1024 444 -5 ) (910 444 -5 ) 
4 68 70 (910 188 -9 ) (910 444 -9 ) (1024 444 -9 ) (1024 188 -9 ) 
4 69 75 (878 444 -137 ) (878 444 -17 ) (878 636 -17 ) (878 636 -137 ) 
4 69 73 (878 444 -17 ) (878 444 -9 ) (878 636 -9 ) (878 636 -17 ) 
4 69 70 (910 444 -137 ) (1024 444 -137 ) (1024 444 -9 ) (910 444 -9 ) 
4 70 71 (910 412 -137 ) (910 220 -137 ) (910 220 -25 ) (910 412 -25 ) 
4 71 72 (894 412 -153 ) (894 220 -153 ) (894 220 -25 ) (894 412 -25 ) 
4 72 81 (878 428 -153 ) (878 188 -153 ) (878 188 -25 ) (878 428 -25 ) 
4 73 75 (878 636 -17 ) (878 444 -17 ) (686 444 -17 ) (686 636 -17 ) 
4 73 74 (686 636 -17 ) (686 444 -17 ) (686 444 -9 ) (686 636 -9 ) 
4 74 75 (654 444 -17 ) (654 636 -17 ) (686 636 -17 ) (686 444 -17 ) 
4 75 99 (654 572 -21 ) (654 572 -137 ) (654 508 -137 ) (654 508 -21 ) 
4 75 76 (878 444 -137 ) (878 444 -25 ) (686 444 -25 ) (686 444 -137 ) 
4 76 81 (878 428 -153 ) (878 428 -25 ) (686 428 -25 ) (686 428 -153 ) 
4 77 81 (878 412 -25 ) (878 348 -25 ) (814 348 -25 ) (814 412 -25 ) 
4 78 81 (878 284 -25 ) (878 220 -25 ) (814 220 -25 ) (814 284 -25 ) 
4 79 81 (750 412 -25 ) (750 348 -25 ) (686 348 -25 ) (686 412 -25 ) 
4 80 81 (750 284 -25 ) (750 220 -25 ) (686 220 -25 ) (686 284 -25 ) 
4 81 105 (654 412 -153 ) (654 220 -153 ) (654 220 -137 ) (654 412 -137 ) 
4 81 102 (654 220 -25 ) (654 412 -25 ) (654 412 -137 ) (654 220 -137 ) 
4 82 92 (390 905.492065 -135 ) (390 905.492065 -137 ) (380.390503 901.313965 -137 ) (380.390503 901.313965 -135 ) 
4 82 90 (390 905.492065 -133 ) (390 905.492065 -135 ) (318 874.187317 -135 ) (318 874.187317 -133 ) 
4 82 85 (390 905.492065 -9 ) (390 905.492065 -133 ) (318 874.187317 -133 ) (318 874.187317 -9 ) 
4 82 83 (318 874.189514 -9 ) (318 874.189514 -137 ) (318 868 -137 ) (318 868 -9 ) 
4 83 90 (285.369568 860 -135 ) (285.369568 860 -133 ) (318 874.187317 -133 ) (318 874.187317 -135 ) 
4 83 85 (285.369568 860 -133 ) (285.369568 860 -9 ) (318 874.187317 -9 ) (318 874.187317 -133 ) 
4 83 84 (285.367188 860 -9 ) (285.367188 860 -137 ) (318 860 -137 ) (318 860 -9 ) 
4 84 101 (254 732 -137 ) (382 732 -137 ) (382 732 -9 ) (254 732 -9 ) 
4 84 98 (126 790.707642 -137 ) (126 732 -137 ) (126 732 -9 ) (126 790.707642 -9 ) 
4 84 91 (263 850.274109 -137 ) (126 790.708008 -137 ) (126 790.708008 -135 ) (263 850.274109 -135 ) 
4 84 90 (126 790.708008 -135 ) (126 790.708008 -133 ) (285.369568 860 -133 ) (285.369568 860 -135 ) 
4 84 85 (126 790.708008 -133 ) (126 790.708008 -9 ) (285.369568 860 -9 ) (285.369568 860 -133 ) 
4 85 98 (126 790.707642 -133 ) (126 790.707642 -9 ) (126 860 -9 ) (126 860 -133 ) 
4 85 97 (126 861 -9 ) (126 924 -9 ) (126 924 -133 ) (126 861 -133 ) 
4 85 93 (126 924 -9 ) (126 1024 -9 ) (126 1024 -133 ) (126 924 -133 ) 
5 85 90 (390 905.492188 -133 ) (126 790.707031 -133 ) (126 930.253845 -133 ) (341.536530 1024 -133 ) (390 1024 -133 ) 
4 85 89 (264.302612 1024 -133 ) (341.536530 1024 -133 ) (265.421082 990.894104 -133 ) (259.450897 1023.100281 -133 ) 
5 85 88 (212.005630 1024 -133 ) (259.284119 1024 -133 ) (265.421082 990.894104 -133 ) (214.390854 968.698853 -133 ) (196 974.671021 -133 ) 
4 85 87 (126 997.402405 -133 ) (126 1024 -133 ) (144.703278 1024 -133 ) (135.100708 994.447083 -133 ) 
3 85 86 (126 930.253845 -133 ) (126 997.402405 -133 ) (214.390854 968.698853 -133 ) 
4 86 93 (126 997.402405 -137 ) (126 930.253845 -137 ) (126 930.253845 -133 ) (126 997.402405 -133 ) 
4 86 91 (126 930.255859 -135 ) (126 930.255859 -137 ) (211.998657 967.660156 -137 ) (211.998657 967.660156 -135 ) 
4 86 90 (214.388641 968.699646 -133 ) (126 930.255859 -133 ) (126 930.255859 -135 ) (214.388641 968.699646 -135 ) 
4 86 88 (214.390457 968.698914 -133 ) (214.390457 968.698914 -137 ) (196 974.670959 -137 ) (196 974.670959 -133 ) 
4 86 87 (135.100677 994.447021 -137 ) (126 997.402344 -137 ) (126 997.402344 -133 ) (135.100677 994.447021 -133 ) 
4 87 93 (126 1024 -137 ) (126 997.402405 -137 ) (126 997.402405 -133 ) (126 1024 -133 ) 
4 88 90 (265.420776 990.895569 -133 ) (214.388641 968.699646 -133 ) (214.388641 968.699646 -135 ) (265.420776 990.895569 -135 ) 
4 88 89 (265.421387 990.892578 -133 ) (265.421387 990.892578 -137 ) (259.450958 1023.100281 -137 ) (259.450958 1023.100281 -133 ) 
4 89 92 (329.349670 1018.700806 -137 ) (341.533386 1024 -137 ) (341.533386 1024 -135 ) (329.349670 1018.700806 -135 ) 
4 89 90 (341.533386 1024 -133 ) (265.420776 990.895569 -133 ) (265.420776 990.895569 -135 ) (341.533386 1024 -135 ) 
4 90 98 (126 790.707642 -135 ) (126 790.707642 -133 ) (126 860 -133 ) (126 860 -135 ) 
4 90 97 (126 861 -133 ) (126 924 -133 ) (126 924 -135 ) (126 861 -135 ) 
4 90 93 (126 924 -133 ) (126 930.253845 -133 ) (126 930.253845 -135 ) (126 924 -135 ) 
5 90 92 (390 905.492188 -135 ) (380.390503 901.314026 -135 ) (329.349457 1018.701294 -135 ) (341.532043 1024 -135 ) (390 1024 -135 ) 
4 90 91 (263 850.273804 -135 ) (126 790.707031 -135 ) (126 930.255859 -135 ) (211.998566 967.660339 -135 ) 
4 91 98 (126 860 -137 ) (126 790.707642 -137 ) (126 790.707642 -135 ) (126 860 -135 ) 
4 91 97 (126 924 -137 ) (126 861 -137 ) (126 861 -135 ) (126 924 -135 ) 
4 91 93 (126 930.253845 -137 ) (126 924 -137 ) (126 924 -135 ) (126 930.253845 -135 ) 
4 93 97 (6 924 -137 ) (126 924 -137 ) (126 924 -9 ) (6 924 -9 ) 
4 93 95 (6 924 -73 ) (6 924 -9 ) (6 988 -9 ) (6 988 -73 ) 
4 93 94 (6 1024 -137 ) (6 988 -137 ) (6 988 -9 ) (6 1024 -9 ) 
4 94 95 (5 988 -9 ) (5 988 -73 ) (6 988 -73 ) (6 988 -9 ) 
4 94 96 (5 1024 -137 ) (5 988 -137 ) (5 988 -9 ) (5 1024 -9 ) 
4 95 96 (5 924 -73 ) (5 924 -9 ) (5 988 -9 ) (5 988 -73 ) 
4 96 124 (0 924 -9 ) (0 1024 -9 ) (0 1024 -137 ) (0 924 -137 ) 
4 98 130 (0 732 -9 ) (0 860 -9 ) (0 860 -137 ) (0 732 -137 ) 
4 98 107 (126 732 -137 ) (0 732 -137 ) (0 860 -137 ) (126 860 -137 ) 
4 99 100 (638 572 -137 ) (638 508 -137 ) (638 508 -21 ) (638 572 -21 ) 
4 100 101 (382 604 -137 ) (382 476 -137 ) (382 476 -9 ) (382 604 -9 ) 
4 102 105 (654 412 -137 ) (654 220 -137 ) (590 220 -137 ) (590 412 -137 ) 
4 102 103 (590 380 -30 ) (590 380 -137 ) (590 252 -137 ) (590 252 -30 ) 
4 103 106 (589 380 -137 ) (590 380 -137 ) (590 252 -137 ) (589 252 -137 ) 
4 103 104 (589 380 -30 ) (589 380 -137 ) (589 252 -137 ) (589 252 -30 ) 
4 104 106 (586 252 -137 ) (586 380 -137 ) (589 380 -137 ) (589 252 -137 ) 
4 105 106 (590 380 -153 ) (590 252 -153 ) (590 252 -137 ) (590 380 -137 ) 
4 107 135 (0 732 -137 ) (0 860 -137 ) (0 860 -138 ) (0 732 -138 ) 
4 108 121 (0 1024 -3 ) (0 1024 55 ) (-2 1024 55 ) (-2 1024 -3 ) 
4 108 109 (-2 1116 -3 ) (-2 1024 -3 ) (-2 1024 55 ) (-2 1116 55 ) 
4 109 121 (-2 1024 55 ) (-258 1024 55 ) (-258 1024 -3 ) (-2 1024 -3 ) 
4 109 110 (-2 1024 -3 ) (-258 1024 -3 ) (-258 1116 -3 ) (-2 1116 -3 ) 
4 110 122 (-2 1024 -3 ) (-258 1024 -3 ) (-258 1024 -5 ) (-2 1024 -5 ) 
4 110 111 (-134 1116 -5 ) (-2 1116 -5 ) (-2 1024 -5 ) (-134 1024 -5 ) 
4 111 123 (-134 1024 -9 ) (-2 1024 -9 ) (-2 1024 -5 ) (-134 1024 -5 ) 
4 111 115 (-2 1024 -9 ) (-134 1024 -9 ) (-134 1116 -9 ) (-2 1116 -9 ) 
4 112 124 (0 1024 -137 ) (0 1024 -9 ) (-1 1024 -9 ) (-1 1024 -137 ) 
4 112 114 (-1 1024 -73 ) (-1 1024 -9 ) (-1 1052 -9 ) (-1 1052 -73 ) 
4 112 113 (-1 1116 -9 ) (-1 1116 -137 ) (-1 1052 -137 ) (-1 1052 -9 ) 
4 113 119 (-2 1103.751587 -137 ) (-2 1052 -137 ) (-2 1052 -133 ) (-2 1103.751953 -133 ) 
4 113 117 (-2 1116 -133 ) (-2 1116 -137 ) (-2 1103.751587 -137 ) (-2 1103.751953 -133 ) 
4 113 115 (-2 1116 -9 ) (-2 1116 -133 ) (-2 1052 -133 ) (-2 1052 -9 ) 
4 113 114 (-2 1052 -9 ) (-2 1052 -73 ) (-1 1052 -73 ) (-1 1052 -9 ) 
4 114 125 (-1 1024 -9 ) (-2 1024 -9 ) (-2 1024 -73 ) (-1 1024 -73 ) 
4 114 115 (-2 1024 -73 ) (-2 1024 -9 ) (-2 1052 -9 ) (-2 1052 -73 ) 
4 115 132 (-130 1024 -9 ) (-258 1024 -9 ) (-258 1024 -133 ) (-130 1024 -133 ) 
4 115 126 (-2 1024 -9 ) (-130 1024 -9 ) (-130 1024 -133 ) (-2 1024 -133 ) 
4 115 120 (-258 1024 -133 ) (-258 1024 -21 ) (-258 1084 -21 ) (-258 1084 -133 ) 
4 115 119 (-2 1103.751953 -133 ) (-2 1035.855713 -133 ) (-6.563344 1034.239258 -133 ) (-27.926361 1094.568115 -133 ) 
3 115 118 (-70.827843 1024 -133 ) (-227.143982 1024 -133 ) (-88.249100 1073.200195 -133 ) 
5 115 117 (-258 1024 -133 ) (-258 1116 -133 ) (-2 1116 -133 ) (-2 1103.751953 -133 ) (-227.143982 1024 -133 ) 
3 115 116 (-2 1035.855713 -133 ) (-2 1024 -133 ) (-35.468937 1024 -133 ) 
4 116 127 (-35.468933 1024 -137 ) (-2 1024 -137 ) (-2 1024 -133 ) (-35.468937 1024 -133 ) 
4 116 119 (-6.563253 1034.239014 -133 ) (-2 1035.855469 -133 ) (-2 1035.855469 -137 ) (-6.560751 1034.239868 -137 ) 
4 117 132 (-258 1024 -133 ) (-258 1024 -137 ) (-227.143234 1024 -137 ) (-227.143982 1024 -133 ) 
4 117 120 (-258 1084 -137 ) (-258 1024 -137 ) (-258 1024 -133 ) (-258 1084 -133 ) 
4 117 119 (-2 1103.749634 -137 ) (-2 1103.750000 -133 ) (-27.925766 1094.566406 -133 ) (-27.923149 1094.567017 -137 ) 
4 117 118 (-88.248474 1073.198486 -133 ) (-227.138687 1024 -133 ) (-227.137802 1024 -137 ) (-88.248367 1073.198242 -137 ) 
4 118 132 (-227.143234 1024 -137 ) (-130 1024 -137 ) (-130 1024 -133 ) (-227.143982 1024 -133 ) 
4 118 128 (-130 1024 -137 ) (-70.827850 1024 -137 ) (-70.827843 1024 -133 ) (-130 1024 -133 ) 
4 120 133 (-266 1024 -21 ) (-266 1024 -137 ) (-258 1024 -137 ) (-258 1024 -21 ) 
4 121 122 (-258 1024 -3 ) (-2 1024 -3 ) (-2 988 -3 ) (-258 988 -3 ) 
4 122 123 (-134 1024 -5 ) (-2 1024 -5 ) (-2 988 -5 ) (-134 988 -5 ) 
4 123 134 (-130 1020 -9 ) (-130 988 -9 ) (-134 988 -9 ) (-134 1020 -9 ) 
4 123 132 (-134 1024 -9 ) (-130 1024 -9 ) (-130 1020 -9 ) (-134 1020 -9 ) 
4 123 126 (-130 1024 -9 ) (-2 1024 -9 ) (-2 988 -9 ) (-130 988 -9 ) 
4 124 125 (-1 924 -73 ) (-1 924 -9 ) (-1 1024 -9 ) (-1 1024 -73 ) 
4 125 126 (-2 924 -73 ) (-2 924 -9 ) (-2 1024 -9 ) (-2 1024 -73 ) 
4 126 134 (-130 988 -9 ) (-130 1020 -9 ) (-130 1020 -133 ) (-130 988 -133 ) 
4 126 132 (-130 1020 -9 ) (-130 1024 -9 ) (-130 1024 -133 ) (-130 1020 -133 ) 
4 126 129 (-130 924 -9 ) (-130 924 -133 ) (-2 924 -133 ) (-2 924 -9 ) 
4 126 128 (-130 990.514221 -133 ) (-130 1024 -133 ) (-70.827843 1024 -133 ) (-66.887093 1012.870728 -133 ) 
5 126 127 (-2 1024 -133 ) (-2 924 -133 ) (-130 924 -133 ) (-130 990.514221 -133 ) (-35.468933 1024 -133 ) 
4 127 134 (-130 990.514221 -137 ) (-130 988 -137 ) (-130 988 -133 ) (-130 990.514221 -133 ) 
4 127 129 (-130 924 -133 ) (-130 924 -137 ) (-2 924 -137 ) (-2 924 -133 ) 
4 127 128 (-130 990.513855 -137 ) (-130 990.513855 -133 ) (-66.886993 1012.870483 -133 ) (-66.887009 1012.870483 -137 ) 
4 128 134 (-130 1020 -137 ) (-130 990.514221 -137 ) (-130 990.514221 -133 ) (-130 1020 -133 ) 
4 128 132 (-130 1024 -137 ) (-130 1020 -137 ) (-130 1020 -133 ) (-130 1024 -133 ) 
4 129 131 (-130 861 -9 ) (-130 861 -137 ) (-2 861 -137 ) (-2 861 -9 ) 
4 130 135 (0 860 -137 ) (0 732 -137 ) (-2 732 -137 ) (-2 860 -137 ) 
4 130 131 (-2 860 -137 ) (-2 732 -137 ) (-2 732 -9 ) (-2 860 -9 ) 
4 132 134 (-258 1020 -137 ) (-130 1020 -137 ) (-130 1020 -9 ) (-258 1020 -9 ) 
4 132 133 (-258 1024 -137 ) (-258 1020 -137 ) (-258 1020 -21 ) (-258 1024 -21 ) 
4 136 148 (2306 -1024 -393 ) (2306 -1024 407 ) (2048 -1024 407 ) (2048 -1024 -393 ) 
4 136 147 (2048 -1024 -393 ) (2048 -1024 -137 ) (2048 -280 -137 ) (2048 -280 -393 ) 
4 136 142 (2048 -280 167 ) (2048 -280 -137 ) (2048 -282 -137 ) (2048 -282 167 ) 
4 136 141 (2048 -282 407 ) (2048 -280 407 ) (2048 -280 167 ) (2048 -282 167 ) 
4 136 146 (2048 -1024 -137 ) (2048 -1024 407 ) (2048 -282 407 ) (2048 -282 -137 ) 
4 137 139 (1412 -274 -73 ) (1412 -274 151 ) (1412 -228 151 ) (1412 -228 -73 ) 
4 137 138 (1412 0 -137 ) (1412 -228 -137 ) (1412 -228 151 ) (1412 0 151 ) 
4 138 140 (1214 0 -137 ) (1214 -228 -137 ) (1214 -228 151 ) (1214 0 151 ) 
4 138 139 (1214 -228 151 ) (1214 -228 -73 ) (1412 -228 -73 ) (1412 -228 151 ) 
4 139 143 (1256 -274 87 ) (1256 -274 -73 ) (1384 -274 -73 ) (1384 -274 87 ) 
4 139 140 (1214 -274 -73 ) (1214 -274 151 ) (1214 -228 151 ) (1214 -228 -73 ) 
4 141 145 (1114 -282 167 ) (1114 -282 407 ) (1114 -280 407 ) (1114 -280 167 ) 
4 141 142 (2048 -282 167 ) (1564 -282 167 ) (1564 -280 167 ) (2048 -280 167 ) 
4 141 146 (2048 -282 167 ) (2048 -282 407 ) (1114 -282 407 ) (1114 -282 167 ) 
4 142 147 (2048 -280 -137 ) (2048 -282 -137 ) (1564 -282 -137 ) (1564 -280 -137 ) 
4 142 146 (1564 -282 -137 ) (2048 -282 -137 ) (2048 -282 167 ) (1564 -282 167 ) 
4 143 144 (1382 -274 -75 ) (1384 -274 -75 ) (1384 -282 -75 ) (1382 -282 -75 ) 
4 143 146 (1384 -282 -75 ) (1384 -282 87 ) (1256 -282 87 ) (1256 -282 -75 ) 
4 144 147 (1384 -282 -137 ) (1382 -282 -137 ) (1382 -280 -137 ) (1384 -280 -137 ) 
4 144 146 (1382 -282 -137 ) (1384 -282 -137 ) (1384 -282 -75 ) (1382 -282 -75 ) 
4 145 172 (1024 -280 -137 ) (1024 -282 -137 ) (1024 -282 407 ) (1024 -280 407 ) 
4 145 147 (1114 -282 -137 ) (1024 -282 -137 ) (1024 -280 -137 ) (1114 -280 -137 ) 
4 145 146 (1024 -282 -137 ) (1114 -282 -137 ) (1114 -282 407 ) (1024 -282 407 ) 
4 146 172 (1024 -282 -137 ) (1024 -1024 -137 ) (1024 -1024 407 ) (1024 -282 407 ) 
4 146 169 (2048 -1024 -137 ) (2048 -1024 -73 ) (1024 -1024 -73 ) (1024 -1024 -137 ) 
4 146 165 (1114 -1024 -17 ) (1098 -1024 -17 ) (1098 -1024 -73 ) (1114 -1024 -73 ) 
4 146 168 (1098 -1024 -17 ) (1024 -1024 -17 ) (1024 -1024 -73 ) (1098 -1024 -73 ) 
4 146 161 (1546 -1024 -17 ) (1530 -1024 -17 ) (1530 -1024 -73 ) (1546 -1024 -73 ) 
4 146 160 (2048 -1024 -73 ) (2048 -1024 -17 ) (1546 -1024 -17 ) (1546 -1024 -73 ) 
4 146 164 (1530 -1024 -17 ) (1114 -1024 -17 ) (1114 -1024 -73 ) (1530 -1024 -73 ) 
4 146 157 (1578 -1024 -9 ) (1066 -1024 -9 ) (1066 -1024 -17 ) (1578 -1024 -17 ) 
4 146 156 (2048 -1024 -17 ) (2048 -1024 -9 ) (1578 -1024 -9 ) (1578 -1024 -17 ) 
4 146 159 (1066 -1024 -9 ) (1024 -1024 -9 ) (1024 -1024 -17 ) (1066 -1024 -17 ) 
4 146 149 (2048 -1024 -9 ) (2048 -1024 407 ) (1024 -1024 407 ) (1024 -1024 -9 ) 
4 146 147 (2048 -282 -137 ) (2048 -1024 -137 ) (1024 -1024 -137 ) (1024 -282 -137 ) 
4 147 172 (1024 -1024 -393 ) (1024 -1024 -137 ) (1024 -280 -137 ) (1024 -280 -393 ) 
4 147 169 (2048 -1024 -393 ) (2048 -1024 -137 ) (1024 -1024 -137 ) (1024 -1024 -393 ) 
4 148 170 (2306 -2048 -393 ) (2306 -2048 407 ) (2048 -2048 407 ) (2048 -2048 -393 ) 
4 148 169 (2048 -1024 -73 ) (2048 -1024 -393 ) (2048 -2048 -393 ) (2048 -2048 -73 ) 
4 148 160 (2048 -1024 -17 ) (2048 -1024 -73 ) (2048 -2048 -73 ) (2048 -2048 -17 ) 
4 148 156 (2048 -1024 -9 ) (2048 -1024 -17 ) (2048 -2048 -17 ) (2048 -2048 -9 ) 
4 148 152 (2048 -1240 -9 ) (2048 -1816 -9 ) (2048 -1816 407 ) (2048 -1240 407 ) 
4 148 149 (2048 -1024 407 ) (2048 -1024 -9 ) (2048 -1240 -9 ) (2048 -1240 407 ) 
4 148 155 (2048 -1816 -9 ) (2048 -2048 -9 ) (2048 -2048 407 ) (2048 -1816 407 ) 
4 149 173 (1024 -1240 407 ) (1024 -1024 407 ) (1024 -1024 -9 ) (1024 -1240 -9 ) 
4 149 157 (1066 -1024 -9 ) (1578 -1024 -9 ) (1578 -1240 -9 ) (1066 -1240 -9 ) 
4 149 156 (1578 -1024 -9 ) (2048 -1024 -9 ) (2048 -1240 -9 ) (1578 -1240 -9 ) 
4 149 159 (1024 -1240 -9 ) (1024 -1024 -9 ) (1066 -1024 -9 ) (1066 -1240 -9 ) 
3 149 153 (1066 -1240 -9 ) (1578 -1240 -9 ) (1322 -1240 375 ) 
5 149 152 (1586 -1240 -9 ) (2048 -1240 -9 ) (2048 -1240 407 ) (1343.333252 -1240 407 ) (1324.680176 -1240 379.020325 ) 
5 149 151 (1024 -1240 -9 ) (1058 -1240 -9 ) (1322 -1240 383 ) (1305.836792 -1240 407 ) (1024 -1240 407 ) 
3 149 150 (1324.680176 -1240 379.020386 ) (1343.333252 -1240 407 ) (1305.836792 -1240 407 ) 
4 150 152 (1343.332031 -1816 407 ) (1324.679688 -1816 379.021393 ) (1324.679688 -1240 379.021301 ) (1343.332031 -1240 407 ) 
4 150 151 (1305.843750 -1240 407 ) (1322.001465 -1240 383.002197 ) (1322.001099 -1816 383.001709 ) (1305.838989 -1816 407 ) 
3 150 155 (1324.680176 -1816 379.020386 ) (1343.333252 -1816 407 ) (1305.836792 -1816 407 ) 
4 151 173 (1024 -1816 407 ) (1024 -1240 407 ) (1024 -1240 -9 ) (1024 -1816 -9 ) 
4 151 159 (1024 -1816 -9 ) (1024 -1240 -9 ) (1058 -1240 -9 ) (1058 -1816 -9 ) 
5 151 155 (1024 -1816 -9 ) (1058 -1816 -9 ) (1322 -1816 383 ) (1305.836792 -1816 407 ) (1024 -1816 407 ) 
4 152 156 (1586 -1240 -9 ) (2048 -1240 -9 ) (2048 -1816 -9 ) (1586 -1816 -9 ) 
5 152 155 (1586 -1816 -9 ) (2048 -1816 -9 ) (2048 -1816 407 ) (1343.333252 -1816 407 ) (1324.680176 -1816 379.020325 ) 
3 154 155 (1066 -1816 -9 ) (1578 -1816 -9 ) (1322 -1816 375 ) 
4 155 173 (1024 -2048 -9 ) (1024 -2048 407 ) (1024 -1816 407 ) (1024 -1816 -9 ) 
4 155 171 (2048 -2048 -9 ) (2048 -2048 407 ) (1024 -2048 407 ) (1024 -2048 -9 ) 
4 155 158 (1578 -2048 -9 ) (1066 -2048 -9 ) (1066 -1816 -9 ) (1578 -1816 -9 ) 
4 155 156 (2048 -2048 -9 ) (1578 -2048 -9 ) (1578 -1816 -9 ) (2048 -1816 -9 ) 
4 155 159 (1066 -2048 -9 ) (1024 -2048 -9 ) (1024 -1816 -9 ) (1066 -1816 -9 ) 
4 156 171 (2048 -2048 -17 ) (2048 -2048 -9 ) (1578 -2048 -9 ) (1578 -2048 -17 ) 
4 156 160 (2048 -1024 -17 ) (2048 -2048 -17 ) (1578 -2048 -17 ) (1578 -1024 -17 ) 
4 156 157 (1578 -1024 -17 ) (1578 -1240 -17 ) (1578 -1240 -9 ) (1578 -1024 -9 ) 
4 156 158 (1578 -1816 -17 ) (1578 -2048 -17 ) (1578 -2048 -9 ) (1578 -1816 -9 ) 
4 157 165 (1098 -1024 -17 ) (1114 -1024 -17 ) (1114 -1240 -17 ) (1098 -1240 -17 ) 
4 157 168 (1066 -1240 -17 ) (1066 -1024 -17 ) (1098 -1024 -17 ) (1098 -1240 -17 ) 
4 157 161 (1530 -1024 -17 ) (1546 -1024 -17 ) (1546 -1240 -17 ) (1530 -1240 -17 ) 
4 157 160 (1546 -1024 -17 ) (1578 -1024 -17 ) (1578 -1240 -17 ) (1546 -1240 -17 ) 
4 157 164 (1114 -1024 -17 ) (1530 -1024 -17 ) (1530 -1240 -17 ) (1114 -1240 -17 ) 
4 157 159 (1066 -1024 -17 ) (1066 -1240 -17 ) (1066 -1240 -9 ) (1066 -1024 -9 ) 
4 158 171 (1578 -2048 -9 ) (1066 -2048 -9 ) (1066 -2048 -17 ) (1578 -2048 -17 ) 
4 158 167 (1114 -2048 -17 ) (1098 -2048 -17 ) (1098 -1816 -17 ) (1114 -1816 -17 ) 
4 158 168 (1098 -2048 -17 ) (1066 -2048 -17 ) (1066 -1816 -17 ) (1098 -1816 -17 ) 
4 158 163 (1546 -2048 -17 ) (1530 -2048 -17 ) (1530 -1816 -17 ) (1546 -1816 -17 ) 
4 158 160 (1578 -2048 -17 ) (1546 -2048 -17 ) (1546 -1816 -17 ) (1578 -1816 -17 ) 
4 158 164 (1530 -2048 -17 ) (1114 -2048 -17 ) (1114 -1816 -17 ) (1530 -1816 -17 ) 
4 158 159 (1066 -1816 -17 ) (1066 -2048 -17 ) (1066 -2048 -9 ) (1066 -1816 -9 ) 
4 159 173 (1024 -2048 -17 ) (1024 -2048 -9 ) (1024 -1024 -9 ) (1024 -1024 -17 ) 
4 159 171 (1066 -2048 -9 ) (1024 -2048 -9 ) (1024 -2048 -17 ) (1066 -2048 -17 ) 
4 159 168 (1066 -2048 -17 ) (1024 -2048 -17 ) (1024 -1024 -17 ) (1066 -1024 -17 ) 
4 160 171 (2048 -2048 -73 ) (2048 -2048 -17 ) (1546 -2048 -17 ) (1546 -2048 -73 ) 
4 160 169 (2048 -2048 -73 ) (1546 -2048 -73 ) (1546 -1024 -73 ) (2048 -1024 -73 ) 
4 160 163 (1546 -1784 -73 ) (1546 -2048 -73 ) (1546 -2048 -17 ) (1546 -1784 -17 ) 
4 160 161 (1546 -1024 -73 ) (1546 -1272 -73 ) (1546 -1272 -17 ) (1546 -1024 -17 ) 
4 160 162 (1546 -1288 -73 ) (1546 -1768 -73 ) (1546 -1768 -17 ) (1546 -1288 -17 ) 
4 161 169 (1530 -1272 -73 ) (1530 -1024 -73 ) (1546 -1024 -73 ) (1546 -1272 -73 ) 
4 161 164 (1530 -1024 -73 ) (1530 -1272 -73 ) (1530 -1272 -17 ) (1530 -1024 -17 ) 
4 162 169 (1530 -1768 -73 ) (1530 -1288 -73 ) (1546 -1288 -73 ) (1546 -1768 -73 ) 
4 162 164 (1530 -1288 -73 ) (1530 -1768 -73 ) (1530 -1768 -17 ) (1530 -1288 -17 ) 
4 163 171 (1546 -2048 -17 ) (1530 -2048 -17 ) (1530 -2048 -73 ) (1546 -2048 -73 ) 
4 163 169 (1546 -2048 -73 ) (1530 -2048 -73 ) (1530 -1784 -73 ) (1546 -1784 -73 ) 
4 163 164 (1530 -1784 -73 ) (1530 -2048 -73 ) (1530 -2048 -17 ) (1530 -1784 -17 ) 
4 164 171 (1530 -2048 -17 ) (1114 -2048 -17 ) (1114 -2048 -73 ) (1530 -2048 -73 ) 
4 164 169 (1530 -2048 -73 ) (1114 -2048 -73 ) (1114 -1024 -73 ) (1530 -1024 -73 ) 
4 164 166 (1114 -1288 -73 ) (1114 -1768 -73 ) (1114 -1768 -17 ) (1114 -1288 -17 ) 
4 164 167 (1114 -1784 -73 ) (1114 -2048 -73 ) (1114 -2048 -17 ) (1114 -1784 -17 ) 
4 164 165 (1114 -1024 -73 ) (1114 -1272 -73 ) (1114 -1272 -17 ) (1114 -1024 -17 ) 
4 165 169 (1098 -1272 -73 ) (1098 -1024 -73 ) (1114 -1024 -73 ) (1114 -1272 -73 ) 
4 165 168 (1098 -1024 -73 ) (1098 -1272 -73 ) (1098 -1272 -17 ) (1098 -1024 -17 ) 
4 166 169 (1098 -1768 -73 ) (1098 -1288 -73 ) (1114 -1288 -73 ) (1114 -1768 -73 ) 
4 166 168 (1098 -1288 -73 ) (1098 -1768 -73 ) (1098 -1768 -17 ) (1098 -1288 -17 ) 
4 167 171 (1114 -2048 -17 ) (1098 -2048 -17 ) (1098 -2048 -73 ) (1114 -2048 -73 ) 
4 167 169 (1114 -2048 -73 ) (1098 -2048 -73 ) (1098 -1784 -73 ) (1114 -1784 -73 ) 
4 167 168 (1098 -1784 -73 ) (1098 -2048 -73 ) (1098 -2048 -17 ) (1098 -1784 -17 ) 
4 168 173 (1024 -2048 -73 ) (1024 -2048 -17 ) (1024 -1024 -17 ) (1024 -1024 -73 ) 
4 168 171 (1098 -2048 -17 ) (1024 -2048 -17 ) (1024 -2048 -73 ) (1098 -2048 -73 ) 
4 168 169 (1098 -2048 -73 ) (1024 -2048 -73 ) (1024 -1024 -73 ) (1098 -1024 -73 ) 
4 169 173 (1024 -2048 -393 ) (1024 -2048 -73 ) (1024 -1024 -73 ) (1024 -1024 -393 ) 
4 169 171 (2048 -2048 -393 ) (2048 -2048 -73 ) (1024 -2048 -73 ) (1024 -2048 -393 ) 
4 170 171 (2048 -2048 407 ) (2048 -2048 -393 ) (2048 -2328 -393 ) (2048 -2328 407 ) 
4 171 174 (1024 -2328 -393 ) (1024 -2328 407 ) (1024 -2048 407 ) (1024 -2048 -393 ) 
4 172 173 (1024 -1024 -393 ) (1024 -1024 407 ) (258 -1024 407 ) (258 -1024 -393 ) 
4 173 174 (1024 -2048 -393 ) (1024 -2048 407 ) (258 -2048 407 ) (258 -2048 -393 ) 
