PRT1
37
83
4 0 2 (2208 4208 880 ) (2208 4208 944 ) (2208 4240 944 ) (2208 4240 880 ) 
4 0 1 (2208 4320 944 ) (2208 4320 832 ) (2208 4240 832 ) (2208 4240 944 ) 
4 0 3 (2208 4208 832 ) (2208 4128 832 ) (2208 4128 944 ) (2208 4208 944 ) 
4 1 4 (2197.629883 4320 944 ) (2197.629883 4320 832 ) (2197.629883 4240 832 ) (2197.629883 4240 944 ) 
4 1 2 (2197.629883 4240 944 ) (2197.629883 4240 880 ) (2208 4240 880 ) (2208 4240 944 ) 
4 2 4 (2197.629883 4208 880 ) (2197.629883 4208 944 ) (2197.629883 4240 944 ) (2197.629883 4240 880 ) 
4 2 3 (2197.629883 4208 944 ) (2197.629883 4208 880 ) (2208 4208 880 ) (2208 4208 944 ) 
4 3 4 (2197.629883 4208 832 ) (2197.629883 4128 832 ) (2197.629883 4128 944 ) (2197.629883 4208 944 ) 
4 5 7 (2224 4512 -303.739014 ) (2224 4512 -239.738998 ) (2224 4544 -239.738998 ) (2224 4544 -303.739014 ) 
4 5 6 (2224 4624 -239.738998 ) (2224 4624 -351.739014 ) (2224 4544 -351.739014 ) (2224 4544 -239.738998 ) 
4 5 8 (2224 4512 -351.739014 ) (2224 4432 -351.739014 ) (2224 4432 -239.738998 ) (2224 4512 -239.738998 ) 
4 6 7 (2213.629883 4544 -239.738998 ) (2213.629883 4544 -303.739014 ) (2224 4544 -303.739014 ) (2224 4544 -239.738998 ) 
4 6 9 (2213.629883 4624 -239.738998 ) (2213.629883 4624 -351.739014 ) (2213.629883 4544 -351.739014 ) (2213.629883 4544 -239.738998 ) 
4 7 9 (2213.629883 4512 -303.739014 ) (2213.629883 4512 -239.738998 ) (2213.629883 4544 -239.738998 ) (2213.629883 4544 -303.739014 ) 
4 7 8 (2213.629883 4512 -239.738998 ) (2213.629883 4512 -303.739014 ) (2224 4512 -303.739014 ) (2224 4512 -239.738998 ) 
4 8 9 (2213.629883 4512 -351.739014 ) (2213.629883 4432 -351.739014 ) (2213.629883 4432 -239.738998 ) (2213.629883 4512 -239.738998 ) 
4 10 12 (2208 4208 -272 ) (2208 4240 -272 ) (2208 4240 -336 ) (2208 4208 -336 ) 
4 10 11 (2208 4240 -272 ) (2208 4320 -272 ) (2208 4320 -384 ) (2208 4240 -384 ) 
4 10 13 (2208 4128 -384 ) (2208 4128 -272 ) (2208 4208 -272 ) (2208 4208 -384 ) 
4 11 14 (2197.629883 4240 -272 ) (2197.629883 4320 -272 ) (2197.629883 4320 -384 ) (2197.629883 4240 -384 ) 
4 11 12 (2197.629883 4240 -272 ) (2197.629883 4240 -336 ) (2208 4240 -336 ) (2208 4240 -272 ) 
4 12 14 (2197.629883 4208 -272 ) (2197.629883 4240 -272 ) (2197.629883 4240 -336 ) (2197.629883 4208 -336 ) 
4 12 13 (2197.629883 4208 -272 ) (2197.629883 4208 -336 ) (2208 4208 -336 ) (2208 4208 -272 ) 
4 13 14 (2197.629883 4128 -384 ) (2197.629883 4128 -272 ) (2197.629883 4208 -272 ) (2197.629883 4208 -384 ) 
4 15 31 (1024 1984 -256 ) (1024 1024 -256 ) (1024 1024 0 ) (1024 1984 0 ) 
4 15 30 (1024 1024 0 ) (1024 1024 1024 ) (1024 1184 1024 ) (1024 1184 0 ) 
4 15 19 (1024 1184 1024 ) (1024 1440 1024 ) (1024 1440 0 ) (1024 1184 0 ) 
4 15 18 (1024 1440 1024 ) (1024 1984 1024 ) (1024 1984 0 ) (1024 1440 0 ) 
4 15 16 (1792 1024 1024 ) (1024 1024 1024 ) (1024 1024 -256 ) (1792 1024 -256 ) 
4 16 32 (1024 0 -256 ) (1024 0 1024 ) (1024 1024 1024 ) (1024 1024 -256 ) 
4 16 17 (1792 0 -256 ) (1792 0 1024 ) (1024 0 1024 ) (1024 0 -256 ) 
4 17 35 (1024 -384 1024 ) (1024 0 1024 ) (1024 0 -256 ) (1024 -384 -256 ) 
4 18 33 (0 1984 0 ) (0 1440 0 ) (0 1440 1024 ) (0 1984 1024 ) 
4 18 31 (0 1440 0 ) (0 1984 0 ) (1024 1984 0 ) (1024 1440 0 ) 
4 18 28 (132.117004 1440 148 ) (128 1440 148 ) (128 1440 144 ) (132.117004 1440 144 ) 
4 18 21 (332 1440 144 ) (332 1440 148 ) (328 1440 148 ) (328 1440 144 ) 
4 18 20 (332 1440 148 ) (332 1440 1024 ) (128 1440 1024 ) (128 1440 148 ) 
4 18 29 (0 1440 0 ) (128 1440 0 ) (128 1440 1024 ) (0 1440 1024 ) 
4 18 19 (332 1440 0 ) (1024 1440 0 ) (1024 1440 1024 ) (332 1440 1024 ) 
4 19 31 (332 1440 0 ) (1024 1440 0 ) (1024 1184 0 ) (332 1184 0 ) 
4 19 30 (332 1184 0 ) (1024 1184 0 ) (1024 1184 1024 ) (332 1184 1024 ) 
4 19 21 (332 1184 144 ) (332 1184 148 ) (332 1440 148 ) (332 1440 144 ) 
4 19 20 (332 1184 148 ) (332 1184 1024 ) (332 1440 1024 ) (332 1440 148 ) 
4 20 30 (332 1184 148 ) (332 1184 1024 ) (128 1184 1024 ) (128 1184 148 ) 
4 20 28 (128 1184 148 ) (128 1440 148 ) (132.117004 1440 148 ) (132.117004 1184 148 ) 
4 20 22 (328 1433.689941 148 ) (328 1184 148 ) (132.117004 1184 148 ) (132.117004 1433.689941 148 ) 
4 20 21 (328 1440 148 ) (332 1440 148 ) (332 1184 148 ) (328 1184 148 ) 
4 20 29 (128 1184 148 ) (128 1184 1024 ) (128 1440 1024 ) (128 1440 148 ) 
4 21 30 (332 1184 144 ) (332 1184 148 ) (328 1184 148 ) (328 1184 144 ) 
4 21 22 (328 1184 144 ) (328 1184 148 ) (328 1433.689941 148 ) (328 1433.689941 144 ) 
4 22 30 (328 1184 148 ) (132.117004 1184 148 ) (132.117004 1184 144 ) (328 1184 144 ) 
4 22 28 (132.117004 1184 144 ) (132.117004 1184 148 ) (132.117004 1433.689941 148 ) (132.117004 1433.689941 144 ) 
4 22 25 (160 1432.500000 144 ) (300 1432.500000 144 ) (300 1426.209961 144 ) (160 1426.209961 144 ) 
4 22 26 (300 1426.209961 144 ) (300 1184 144 ) (160 1184 144 ) (160 1426.209961 144 ) 
4 22 24 (300 1432.500000 144 ) (325.709045 1432.500000 144 ) (325.709045 1184 144 ) (300 1184 144 ) 
4 22 27 (144 1432.500000 144 ) (160 1432.500000 144 ) (160 1184 144 ) (144 1184 144 ) 
4 22 23 (144 1433.689941 144 ) (325.709045 1433.689941 144 ) (325.709045 1432.500000 144 ) (144 1432.500000 144 ) 
4 23 25 (300 1432.500000 144 ) (160 1432.500000 144 ) (160 1432.500000 96 ) (300 1432.500000 96 ) 
4 23 24 (325.709045 1432.500000 144 ) (300 1432.500000 144 ) (300 1432.500000 4 ) (325.709045 1432.500000 4 ) 
4 23 27 (160 1432.500000 144 ) (144 1432.500000 144 ) (144 1432.500000 4 ) (160 1432.500000 4 ) 
4 24 30 (300 1184 4 ) (325.709045 1184 4 ) (325.709045 1184 144 ) (300 1184 144 ) 
4 24 25 (300 1432.500000 144 ) (300 1432.500000 96 ) (300 1426.209961 96 ) (300 1426.209961 144 ) 
4 24 26 (300 1426.209961 4 ) (300 1184 4 ) (300 1184 144 ) (300 1426.209961 144 ) 
4 25 26 (160 1426.209961 144 ) (160 1426.209961 96 ) (300 1426.209961 96 ) (300 1426.209961 144 ) 
4 25 27 (160 1432.500000 144 ) (160 1432.500000 96 ) (160 1426.209961 96 ) (160 1426.209961 144 ) 
4 26 30 (160 1184 4 ) (300 1184 4 ) (300 1184 144 ) (160 1184 144 ) 
4 26 27 (160 1426.209961 4 ) (160 1184 4 ) (160 1184 144 ) (160 1426.209961 144 ) 
4 27 30 (144 1184 4 ) (160 1184 4 ) (160 1184 144 ) (144 1184 144 ) 
4 28 30 (132.117004 1184 148 ) (128 1184 148 ) (128 1184 144 ) (132.117004 1184 144 ) 
4 28 29 (128 1184 144 ) (128 1184 148 ) (128 1440 148 ) (128 1440 144 ) 
4 29 33 (0 1440 0 ) (0 1184 0 ) (0 1184 1024 ) (0 1440 1024 ) 
4 29 31 (0 1184 0 ) (0 1440 0 ) (128 1440 0 ) (128 1184 0 ) 
4 29 30 (0 1184 1024 ) (0 1184 0 ) (128 1184 0 ) (128 1184 1024 ) 
4 30 33 (0 1184 0 ) (0 1024 0 ) (0 1024 1024 ) (0 1184 1024 ) 
4 30 32 (1024 1024 0 ) (1024 1024 1024 ) (0 1024 1024 ) (0 1024 0 ) 
4 30 31 (0 1024 0 ) (0 1184 0 ) (1024 1184 0 ) (1024 1024 0 ) 
4 31 33 (0 1024 -256 ) (0 1024 0 ) (0 1984 0 ) (0 1984 -256 ) 
4 31 32 (1024 1024 -256 ) (1024 1024 0 ) (0 1024 0 ) (0 1024 -256 ) 
4 32 35 (1024 0 -256 ) (1024 0 1024 ) (0 0 1024 ) (0 0 -256 ) 
4 32 34 (0 0 -256 ) (0 0 1024 ) (0 1024 1024 ) (0 1024 -256 ) 
4 33 34 (0 1024 -256 ) (0 1024 1024 ) (-496 1024 1024 ) (-496 1024 -256 ) 
4 34 36 (0 0 -256 ) (0 0 1024 ) (-496 0 1024 ) (-496 0 -256 ) 
4 35 36 (0 0 1024 ) (0 0 -256 ) (0 -384 -256 ) (0 -384 1024 ) 
